
******************************************************************************
This program contains Ipopt, a library for large-scale nonlinear optimization.
 Ipopt is released as open source code under the Eclipse Public License (EPL).
         For more information visit http://projects.coin-or.org/Ipopt
******************************************************************************

This is Ipopt version 3.12.3, running with linear solver mumps.
NOTE: Other linear solvers might be more efficient (see Ipopt documentation).

Number of nonzeros in equality constraint Jacobian...:     9210
Number of nonzeros in inequality constraint Jacobian.:        0
Number of nonzeros in Lagrangian Hessian.............:    12611

Total number of variables............................:     1808
                     variables with only lower bounds:        2
                variables with lower and upper bounds:        0
                     variables with only upper bounds:        0
Total number of equality constraints.................:     1807
Total number of inequality constraints...............:        0
        inequality constraints with only lower bounds:        0
   inequality constraints with lower and upper bounds:        0
        inequality constraints with only upper bounds:        0

iter    objective    inf_pr   inf_du lg(mu)  ||d||  lg(rg) alpha_du alpha_pr  ls
   0 -9.0000000e-01 1.00e-01 7.76e-03   0.0 0.00e+00    -  0.00e+00 0.00e+00   0
   1 -9.7298281e-01 1.89e-02 1.32e-01  -7.3 1.00e-01    -  1.00e+00 1.00e+00h  1
   2 -9.7637548e-01 2.07e-03 1.24e-01  -7.9 3.45e-02    -  6.43e-01 1.00e+00h  1
   3 -9.7509069e-01 2.23e-04 6.83e-03  -3.8 5.67e-03    -  9.67e-01 1.00e+00h  1
   4 -9.7501100e-01 1.58e-05 4.22e-05  -6.1 2.69e-03    -  1.00e+00 1.00e+00h  1
   5 -9.7500066e-01 2.93e-09 3.83e-08 -11.0 2.84e-05    -  1.00e+00 1.00e+00h  1
   6 -9.7500066e-01 3.22e-15 3.04e-15 -11.0 4.71e-09    -  1.00e+00 1.00e+00h  1

Number of Iterations....: 6

                                   (scaled)                 (unscaled)
Objective...............:  -9.7500065923579449e-01   -9.7500065923579449e-01
Dual infeasibility......:   3.0409702533873428e-15    3.0409702533873428e-15
Constraint violation....:   3.2196467714129540e-15    3.2196467714129540e-15
Complementarity.........:   1.0000014958467402e-11    1.0000014958467402e-11
Overall NLP error.......:   1.0000014958467402e-11    1.0000014958467402e-11


Number of objective function evaluations             = 7
Number of objective gradient evaluations             = 7
Number of equality constraint evaluations            = 7
Number of inequality constraint evaluations          = 0
Number of equality constraint Jacobian evaluations   = 7
Number of inequality constraint Jacobian evaluations = 0
Number of Lagrangian Hessian evaluations             = 6
Total CPU secs in IPOPT (w/o function evaluations)   =      0.147
Total CPU secs in NLP function evaluations           =      0.114

EXIT: Optimal Solution Found.
