\BOOKMARK [0][-]{chapter.1}{Sujet M\351thode de tir simple}{}% 1
\BOOKMARK [1][-]{section.1.1}{Introduction}{chapter.1}% 2
\BOOKMARK [1][-]{section.1.2}{Pr\351sentation de la m\351thode de tir simple sur un exemple}{chapter.1}% 3
\BOOKMARK [2][-]{subsection.1.2.1}{Le probl\350me de contr\364le optimal}{section.1.2}% 4
\BOOKMARK [2][-]{subsection.1.2.2}{Application du principe du maximum de Pontryagin}{section.1.2}% 5
\BOOKMARK [2][-]{subsection.1.2.3}{Probl\350me aux deux bouts}{section.1.2}% 6
\BOOKMARK [2][-]{subsection.1.2.4}{Fonction de tir et m\351thode de tir \(simple\)}{section.1.2}% 7
\BOOKMARK [2][-]{subsection.1.2.5}{Calcul du z\351ro de la fonction de tir}{section.1.2}% 8
\BOOKMARK [1][-]{section.1.3}{Pr\351sentation rapide de HamPath}{chapter.1}% 9
\BOOKMARK [2][-]{subsection.1.3.1}{Introduction}{section.1.3}% 10
\BOOKMARK [2][-]{subsection.1.3.2}{Sch\351ma g\351n\351ral de HamPath}{section.1.3}% 11
\BOOKMARK [1][-]{section.1.4}{R\351solution num\351rique}{chapter.1}% 12
\BOOKMARK [2][-]{subsection.1.4.1}{Probl\350me \(P1\)}{section.1.4}% 13
\BOOKMARK [2][-]{subsection.1.4.2}{Ajout de contraintes sur le contr\364le}{section.1.4}% 14
\BOOKMARK [0][-]{chapter.2}{Sujet Tir simple versus tir multiple}{}% 15
\BOOKMARK [1][-]{section.2.1}{Double int\351grateur : \351nergie min}{chapter.2}% 16
\BOOKMARK [1][-]{section.2.2}{Double int\351grateur : temps min}{chapter.2}% 17
\BOOKMARK [2][-]{subsection.2.2.1}{Tir simple}{section.2.2}% 18
\BOOKMARK [2][-]{subsection.2.2.2}{Tir multiple}{section.2.2}% 19
\BOOKMARK [0][-]{chapter.3}{Sujet M\351thode homotopique, r\351gularisation et tir multiple}{}% 20
\BOOKMARK [1][-]{section.3.1}{R\351solution du probl\350me r\351gularis\351}{chapter.3}% 21
\BOOKMARK [1][-]{section.3.2}{R\351solution du probl\350me de minimisation L1}{chapter.3}% 22
\BOOKMARK [0][-]{chapter.4}{Sujet Transfert orbital}{}% 23
\BOOKMARK [1][-]{section.4.1}{Introduction}{chapter.4}% 24
\BOOKMARK [1][-]{section.4.2}{R\351solution du probl\350me en temps minimal}{chapter.4}% 25
\BOOKMARK [0][-]{appendix.A}{Annexe \(Annexe\) Principe du Maximum de Pontryagin \(PMP\)}{}% 26
\BOOKMARK [1][-]{section.A.1}{Formulation du probl\350me de contr\364le optimal}{appendix.A}% 27
\BOOKMARK [1][-]{section.A.2}{Principe du Maximum de Pontryagin}{appendix.A}% 28
\BOOKMARK [1][-]{section.A.3}{D\351finitions et propri\351t\351s importantes}{appendix.A}% 29
