
******************************************************************************
This program contains Ipopt, a library for large-scale nonlinear optimization.
 Ipopt is released as open source code under the Eclipse Public License (EPL).
         For more information visit http://projects.coin-or.org/Ipopt
******************************************************************************

NOTE: You are using Ipopt by default with the MUMPS linear solver.
      Other linear solvers might be more efficient (see Ipopt documentation).


Total number of variables............................:    19003
                     variables with only lower bounds:        0
                variables with lower and upper bounds:     4000
                     variables with only upper bounds:        0
Total number of equality constraints.................:    15003
Total number of inequality constraints...............:        0
        inequality constraints with only lower bounds:        0
   inequality constraints with lower and upper bounds:        0
        inequality constraints with only upper bounds:        0


Number of Iterations....: 21

                                   (scaled)                 (unscaled)
Objective...............:  -1.9181435633319086e-01   -1.9181435633319086e-01
Dual infeasibility......:   5.3396956994911093e-17    5.3396956994911093e-17
Constraint violation....:   6.8278716014447127e-15    6.8278716014447127e-15
Complementarity.........:   5.0005907024240348e-15    5.0005907024240348e-15
Overall NLP error.......:   6.8278716014447127e-15    6.8278716014447127e-15


Number of objective function evaluations             = 22
Number of objective gradient evaluations             = 22
Number of equality constraint evaluations            = 22
Number of inequality constraint evaluations          = 0
Number of equality constraint Jacobian evaluations   = 22
Number of inequality constraint Jacobian evaluations = 0
Number of Lagrangian Hessian evaluations             = 21
Total CPU secs in IPOPT (w/o function evaluations)   =      1.918
Total CPU secs in NLP function evaluations           =      6.845

EXIT: Optimal Solution Found.
