
******************************************************************************
This program contains Ipopt, a library for large-scale nonlinear optimization.
 Ipopt is released as open source code under the Eclipse Public License (EPL).
         For more information visit http://projects.coin-or.org/Ipopt
******************************************************************************

Total number of variables............................:     1220
                     variables with only lower bounds:        2
                variables with lower and upper bounds:        0
                     variables with only upper bounds:        0
Total number of equality constraints.................:     1218
Total number of inequality constraints...............:        0
        inequality constraints with only lower bounds:        0
   inequality constraints with lower and upper bounds:        0
        inequality constraints with only upper bounds:        0


Number of Iterations....: 19

                                   (scaled)                 (unscaled)
Objective...............:   3.7098817078607995e+00    3.7098817078607995e+00
Dual infeasibility......:   2.1209170388540378e-16    2.1209170388540378e-16
Constraint violation....:   1.7763568394002505e-15    1.7763568394002505e-15
Complementarity.........:   5.0000000655722397e-15    5.0000000655722397e-15
Overall NLP error.......:   5.0000000655722397e-15    5.0000000655722397e-15


Number of objective function evaluations             = 48
Number of objective gradient evaluations             = 20
Number of equality constraint evaluations            = 48
Number of inequality constraint evaluations          = 0
Number of equality constraint Jacobian evaluations   = 20
Number of inequality constraint Jacobian evaluations = 0
Number of Lagrangian Hessian evaluations             = 19
Total CPU secs in IPOPT (w/o function evaluations)   =      3.722
Total CPU secs in NLP function evaluations           =      0.373

EXIT: Optimal Solution Found.
