# ** Batch optimization parameters **
# Index of the varying constant : 0
# Starting value of this constant : 11
# Ending value of this constant : 13
# Number of steps in this interval (number of optimizations) : 201

# ** Optimization results **
#  n   | constant value  |  final objective  |  constraint viol. |  nb iter. | status |
1        11                 -25.8953            2.13163e-14         31         1        
2        11.01              -25.8994            3.37508e-14         31         1        
3        11.02              -25.9034            2.84217e-14         31         1        
4        11.03              -25.9074            2.93099e-14         31         1        
5        11.04              -25.9114            3.10862e-14         31         1        
6        11.05              -25.9153            1.77636e-14         31         1        
7        11.06              -25.9192            1.73195e-14         31         1        
8        11.07              -25.923             2.84217e-14         31         1        
9        11.08              -25.9268            1.52656e-14         31         1        
10       11.09              -25.9306            1.68754e-14         31         1        
11       11.1               -25.9344            1.42109e-14         31         1        
12       11.11              -25.9381            1.46549e-14         31         1        
13       11.12              -25.9418            1.42109e-14         31         1        
14       11.13              -25.9455            2.13163e-14         31         1        
15       11.14              -25.9491            1.59872e-14         31         1        
16       11.15              -25.9527            1.77636e-14         31         1        
17       11.16              -25.9563            1.77636e-14         31         1        
18       11.17              -25.9598            1.64313e-14         31         1        
19       11.18              -25.9633            2.4869e-14          31         1        
20       11.19              -25.9668            2.02061e-14         31         1        
21       11.2               -25.9702            2.66454e-14         31         1        
22       11.21              -25.9736            2.5091e-14          31         1        
23       11.22              -25.977             2.73115e-14         31         1        
24       11.23              -25.9803            1.59872e-14         31         1        
25       11.24              -25.9836            2.59792e-14         31         1        
26       11.25              -25.9869            2.4869e-14          31         1        
27       11.26              -25.9901            2.35853e-14         31         1        
28       11.27              -25.9933            1.5099e-14          31         1        
29       11.28              -25.9965            1.68754e-14         31         1        
30       11.29              -25.9996            3.4639e-14          31         1        
31       11.3               -26.0027            1.90958e-14         31         1        
32       11.31              -26.0058            2.13163e-14         31         1        
33       11.32              -26.0088            2.4869e-14          31         1        
34       11.33              -26.0118            2.68674e-14         31         1        
35       11.34              -26.0148            2.94209e-14         31         1        
36       11.35              -26.0177            2.28706e-14         31         1        
37       11.36              -26.0206            1.95399e-14         31         1        
38       11.37              -26.0235            2.75335e-14         31         1        
39       11.38              -26.0263            3.73035e-14         31         1        
40       11.39              -26.0291            2.75335e-14         31         1        
41       11.4               -26.0319            2.4869e-14          31         1        
42       11.41              -26.0347            2.4869e-14          31         1        
43       11.42              -26.0374            2.39808e-14         31         1        
44       11.43              -26.04              2.66454e-14         31         1        
45       11.44              -26.0427            1.86517e-14         31         1        
46       11.45              -26.0453            1.82077e-14         31         1        
47       11.46              -26.0479            2.13163e-14         31         1        
48       11.47              -26.0504            2.63956e-14         31         1        
49       11.48              -26.0529            2.84217e-14         31         1        
50       11.49              -26.0554            2.70894e-14         31         1        
51       11.5               -26.0578            2.63123e-14         31         1        
52       11.51              -26.0602            3.01981e-14         31         1        
53       11.52              -26.0626            2.75335e-14         31         1        
54       11.53              -26.0649            2.17604e-14         31         1        
55       11.54              -26.0673            2.84217e-14         31         1        
56       11.55              -26.0695            3.68594e-14         31         1        
57       11.56              -26.0718            2.43694e-14         31         1        
58       11.57              -26.074             2.4869e-14          31         1        
59       11.58              -26.0762            2.78666e-14         31         1        
60       11.59              -26.0783            2.42029e-14         31         1        
61       11.6               -26.0804            2.84217e-14         31         1        
62       11.61              -26.0825            3.55271e-14         31         1        
63       11.62              -26.0845            2.94209e-14         31         1        
64       11.63              -26.0865            2.84217e-14         31         1        
65       11.64              -26.0885            3.55271e-14         31         1        
66       11.65              -26.0905            3.10862e-14         31         1        
67       11.66              -26.0924            2.13163e-14         31         1        
68       11.67              -26.0943            2.4869e-14          31         1        
69       11.68              -26.0961            2.4869e-14          31         1        
70       11.69              -26.0979            2.66454e-14         31         1        
71       11.7               -26.0997            2.75335e-14         34         1        
72       11.71              -26.1015            3.01981e-14         40         1        
73       11.72              -26.1032            1.86517e-14         33         1        
74       11.73              -26.1049            2.6118e-14          33         1        
75       11.74              -26.1065            2.5091e-14          392        1        
76       11.75              -26.1081            3.55271e-14         32         1        
77       11.76              -26.1097            3.90799e-14         32         1        
78       11.77              -26.1113            2.17604e-14         32         1        
79       11.78              -26.1128            3.73035e-14         32         1        
80       11.79              -26.1143            2.93099e-14         32         1        
81       11.8               -26.1157            2.39808e-14         33         1        
82       11.81              -26.1171            3.37508e-14         33         1        
83       11.82              -26.1185            2.54241e-14         33         1        
84       11.83              -26.1199            2.39808e-14         33         1        
85       11.84              -26.1212            2.55351e-14         33         1        
86       11.85              -26.1225            3.04201e-14         33         1        
87       11.86              -26.1238            2.39808e-14         51         1        
88       11.87              -26.125             2.64233e-14         51         1        
89       11.88              -26.1262            2.4869e-14          52         1        
90       11.89              -26.1273            2.70894e-14         47         1        
91       11.9               -26.1285            2.22045e-14         33         1        
92       11.91              -26.1295            3.24185e-14         38         1        
93       11.92              -26.1306            3.55271e-14         36         1        
94       11.93              -26.1316            3.19744e-14         40         1        
95       11.94              -26.1326            2.66454e-14         41         1        
96       11.95              -26.1336            2.53131e-14         40         1        
97       11.96              -26.1345            3.19744e-14         43         1        
98       11.97              -26.1354            2.58682e-14         36         1        
99       11.98              -26.1363            2.33147e-14         39         1        
100      11.99              -26.1371            2.88658e-14         34         1        
101      12                 -26.1379            3.10862e-14         33         1        
102      12.01              -26.1387            2.9976e-14          35         1        
103      12.02              -26.1394            2.68674e-14         40         1        
104      12.03              -26.1401            3.01981e-14         43         1        
105      12.04              -26.1408            2.35367e-14         38         1        
106      12.05              -26.1414            2.84217e-14         36         1        
107      12.06              -26.142             2.84217e-14         42         1        
108      12.07              -26.1426            2.96776e-14         34         1        
109      12.08              -26.1431            3.77476e-14         43         1        
110      12.09              -26.1436            2.33147e-14         37         1        
111      12.1               -26.1441            2.62013e-14         46         1        
112      12.11              -26.1446            2.4869e-14          47         1        
113      12.12              -26.145             2.84217e-14         48         1        
114      12.13              -26.1453            2.84217e-14         47         1        
115      12.14              -26.1457            2.53131e-14         38         1        
116      12.15              -26.146             2.75335e-14         40         1        
117      12.16              -26.1463            3.04201e-14         44         1        
118      12.17              -26.1465            2.66454e-14         32         1        
119      12.18              -26.1467            2.70894e-14         32         1        
120      12.19              -26.1469            3.13083e-14         31         1        
121      12.2               -26.1471            2.31482e-14         38         1        
122      12.21              -26.1472            2.43312e-14         43         1        
123      12.22              -26.1473            2.30926e-14         32         1        
124      12.23              -26.1473            2.17604e-14         32         1        
125      12.24              -26.1474            2.88658e-14         32         1        
126      12.25              -26.1473            2.64233e-14         32         1        
127      12.26              -26.1473            5.32907e-14         32         1        
128      12.27              -26.1472            3.07532e-14         32         1        
129      12.28              -26.1471            2.13163e-14         32         1        
130      12.29              -26.147             2.74225e-14         33         1        
131      12.3               -26.1468            2.93099e-14         35         1        
132      12.31              -26.1466            3.01981e-14         36         1        
133      12.32              -26.1464            3.19744e-14         36         1        
134      12.33              -26.1461            1.93179e-14         34         1        
135      12.34              -26.1458            2.4869e-14          32         1        
136      12.35              -26.1455            3.14748e-14         32         1        
137      12.36              -26.1451            2.57572e-14         32         1        
138      12.37              -26.1447            2.03171e-14         32         1        
139      12.38              -26.1443            2.5091e-14          32         1        
140      12.39              -26.1438            2.4647e-14          32         1        
141      12.4               -26.1433            3.90799e-14         36         1        
142      12.41              -26.1428            2.84217e-14         37         1        
143      12.42              -26.1422            2.84217e-14         36         1        
144      12.43              -26.1416            3.55271e-14         37         1        
145      12.44              -26.141             2.84217e-14         35         1        
146      12.45              -26.1403            2.9865e-14          35         1        
147      12.46              -26.1397            2.28706e-14         35         1        
148      12.47              -26.1389            2.84217e-14         33         1        
149      12.48              -26.1382            2.5091e-14          35         1        
150      12.49              -26.1374            1.9762e-14          35         1        
151      12.5               -26.1366            3.19744e-14         35         1        
152      12.51              -26.1357            3.19744e-14         35         1        
153      12.52              -26.1349            3.90799e-14         35         1        
154      12.53              -26.1339            2.81997e-14         36         1        
155      12.54              -26.133             3.49165e-14         35         1        
156      12.55              -26.132             2.4869e-14          33         1        
157      12.56              -26.131             2.4869e-14          36         1        
158      12.57              -26.13              2.66454e-14         33         1        
159      12.58              -26.1289            2.66454e-14         33         1        
160      12.59              -26.1278            2.04281e-14         33         1        
161      12.6               -26.1267            4.08562e-14         32         1        
162      12.61              -26.1255            3.55271e-14         34         1        
163      12.62              -26.1243            2.15383e-14         34         1        
164      12.63              -26.1231            2.93099e-14         33         1        
165      12.64              -26.1218            2.16493e-14         35         1        
166      12.65              -26.1205            2.4869e-14          35         1        
167      12.66              -26.1192            2.31204e-14         37         1        
168      12.67              -26.1178            2.96707e-14         36         1        
169      12.68              -26.1164            1.95399e-14         38         1        
170      12.69              -26.115             3.33067e-14         37         1        
171      12.7               -26.1136            3.55271e-14         38         1        
172      12.71              -26.1121            2.53131e-14         35         1        
173      12.72              -26.1105            2.84217e-14         40         1        
174      12.73              -26.109             2.37588e-14         31         1        
175      12.74              -26.1074            2.67564e-14         40         1        
176      12.75              -26.1058            3.19744e-14         41         1        
177      12.76              -26.1042            2.75335e-14         32         1        
178      12.77              -26.1025            3.01981e-14         32         1        
179      12.78              -26.1008            3.55271e-14         38         1        
180      12.79              -26.099             2.72005e-14         39         1        
181      12.8               -26.0973            3.01981e-14         38         1        
182      12.81              -26.0955            2.4869e-14          40         1        
183      12.82              -26.0936            3.10862e-14         35         1        
184      12.83              -26.0917            2.93099e-14         46         1        
185      12.84              -26.0898            3.0087e-14          37         1        
186      12.85              -26.0879            3.68594e-14         33         1        
187      12.86              -26.086             3.78586e-14         32         1        
188      12.87              -26.084             2.62013e-14         31         1        
189      12.88              -26.0819            2.26485e-14         33         1        
190      12.89              -26.0799            2.4647e-14          32         1        
191      12.9               -26.0778            2.84217e-14         31         1        
192      12.91              -26.0757            3.93019e-14         34         1        
193      12.92              -26.0735            3.26267e-14         38         1        
194      12.93              -26.0713            3.35287e-14         38         1        
195      12.94              -26.0691            2.75335e-14         39         1        
196      12.95              -26.0669            2.90878e-14         41         1        
197      12.96              -26.0646            2.94209e-14         36         1        
198      12.97              -26.0623            3.19744e-14         36         1        
199      12.98              -26.0599            3.19744e-14         36         1        
200      12.99              -26.0575            3.73035e-14         36         1        
201      13                 -26.0551            2.30926e-14         36         1        

# Successful optimizations : 201/201
