
******************************************************************************
This program contains Ipopt, a library for large-scale nonlinear optimization.
 Ipopt is released as open source code under the Eclipse Public License (EPL).
         For more information visit http://projects.coin-or.org/Ipopt
******************************************************************************

This is Ipopt version 3.12.8, running with linear solver mumps.
NOTE: Other linear solvers might be more efficient (see Ipopt documentation).

Number of nonzeros in equality constraint Jacobian...:     5980
Number of nonzeros in inequality constraint Jacobian.:        0
Number of nonzeros in Lagrangian Hessian.............:     3621

Total number of variables............................:     1220
                     variables with only lower bounds:        2
                variables with lower and upper bounds:        0
                     variables with only upper bounds:        0
Total number of equality constraints.................:     1218
Total number of inequality constraints...............:        0
        inequality constraints with only lower bounds:        0
   inequality constraints with lower and upper bounds:        0
        inequality constraints with only upper bounds:        0

iter    objective    inf_pr   inf_du lg(mu)  ||d||  lg(rg) alpha_du alpha_pr  ls
   0  5.1961524e-01 5.05e+00 1.85e-02   0.0 0.00e+00    -  0.00e+00 0.00e+00   0
   1  5.3961511e-01 5.04e+00 8.00e+00  -0.0 9.14e+01  -2.0 6.61e-01 3.03e-04h 11
   2  7.0745160e-01 5.04e+00 1.89e+02  -1.3 4.30e+02    -  1.00e+00 3.68e-04h  8
   3  8.0805476e-01 5.04e+00 8.19e-01  -0.9 7.30e+02    -  7.87e-01 1.22e-04h 14
   4r 8.0805476e-01 5.04e+00 9.99e+02   0.7 0.00e+00    -  0.00e+00 4.77e-07R 22
   5r 5.6950918e+00 3.07e+00 9.83e+02   1.3 4.17e+02    -  6.84e-01 1.20e-02f  1
   6  5.8179922e+00 3.07e+00 9.98e-01  -8.3 3.64e+02    -  2.41e-02 2.44e-04h 13
   7  5.8792363e+00 3.07e+00 9.98e-01  -2.4 3.72e+02    -  9.67e-01 1.22e-04h 14
   8  5.9402034e+00 3.07e+00 9.98e-01  -2.3 3.76e+02    -  3.20e-02 1.22e-04h 14
   9  5.9705447e+00 3.07e+00 9.98e-01  -2.4 3.79e+02    -  1.13e-01 6.10e-05h 15
iter    objective    inf_pr   inf_du lg(mu)  ||d||  lg(rg) alpha_du alpha_pr  ls
  10  6.0008006e+00 3.07e+00 9.98e-01  -2.2 3.81e+02    -  3.66e-02 6.10e-05h 15
  11  6.0309764e+00 3.07e+00 9.98e-01  -2.3 3.83e+02    -  8.59e-02 6.10e-05h 15
  12  6.0610628e+00 3.07e+00 9.98e-01  -2.2 3.84e+02    -  4.37e-02 6.10e-05h 15
  13  6.0760627e+00 3.07e+00 9.98e-01  -2.3 3.86e+02    -  6.75e-02 3.05e-05h 16
  14  6.0910386e+00 3.07e+00 9.98e-01  -2.2 3.87e+02    -  5.29e-02 3.05e-05h 16
  15  6.1059917e+00 3.07e+00 9.98e-01  -2.3 3.87e+02    -  5.63e-02 3.05e-05h 16
  16  6.1209209e+00 3.07e+00 9.98e-01  -2.2 3.88e+02    -  6.71e-02 3.05e-05h 16
  17  6.1358260e+00 3.07e+00 9.98e-01  -2.3 3.89e+02    -  4.88e-02 3.05e-05h 16
  18  6.1507072e+00 3.07e+00 9.97e-01  -2.2 3.90e+02    -  8.48e-02 3.05e-05h 16
  19  6.1655633e+00 3.07e+00 9.97e-01  -2.3 3.90e+02    -  4.48e-02 3.05e-05h 16
iter    objective    inf_pr   inf_du lg(mu)  ||d||  lg(rg) alpha_du alpha_pr  ls
  20  6.1803951e+00 3.07e+00 9.97e-01  -2.2 3.91e+02    -  1.06e-01 3.05e-05h 16
  21  6.1952010e+00 3.07e+00 9.97e-01  -2.4 3.92e+02    -  4.15e-02 3.05e-05h 16
  22  6.2099825e+00 3.07e+00 9.97e-01  -2.3 3.92e+02    -  1.42e-01 3.05e-05h 16
  23  6.2247370e+00 3.07e+00 9.97e-01  -2.4 3.93e+02    -  3.98e-02 3.05e-05h 16
  24  6.2394670e+00 3.07e+00 9.97e-01  -2.3 3.94e+02    -  1.74e-01 3.05e-05h 16
  25  6.2541691e+00 3.07e+00 9.97e-01  -2.4 3.94e+02    -  3.87e-02 3.05e-05h 16
  26  6.2688466e+00 3.07e+00 9.97e-01  -2.3 3.95e+02    -  2.08e-01 3.05e-05h 16
  27  6.2834954e+00 3.07e+00 9.97e-01  -2.5 3.96e+02    -  3.86e-02 3.05e-05h 16
  28  6.2981194e+00 3.07e+00 9.97e-01  -2.4 3.96e+02    -  2.31e-01 3.05e-05h 16
  29  6.3127138e+00 3.07e+00 9.97e-01  -2.5 3.97e+02    -  3.81e-02 3.05e-05h 16
iter    objective    inf_pr   inf_du lg(mu)  ||d||  lg(rg) alpha_du alpha_pr  ls
  30  6.3272832e+00 3.07e+00 9.97e-01  -2.4 3.98e+02    -  2.78e-01 3.05e-05h 16
  31  6.3418222e+00 3.07e+00 9.97e-01  -2.5 3.98e+02    -  3.80e-02 3.05e-05h 16
  32  6.3563360e+00 3.07e+00 9.97e-01  -2.4 3.99e+02    -  3.09e-01 3.05e-05h 16
  33  6.3708189e+00 3.07e+00 9.97e-01  -2.5 3.99e+02    -  3.85e-02 3.05e-05h 16
  34  6.3852761e+00 3.07e+00 9.97e-01  -2.4 4.00e+02    -  2.90e-01 3.05e-05h 16
  35  6.3997020e+00 3.07e+00 9.97e-01  -2.5 4.00e+02    -  3.90e-02 3.05e-05h 16
  36  6.4141017e+00 3.07e+00 9.97e-01  -2.4 4.01e+02    -  3.12e-01 3.05e-05h 16
  37  6.4284695e+00 3.07e+00 9.97e-01  -2.5 4.01e+02    -  3.94e-02 3.05e-05h 16
  38  6.4428107e+00 3.07e+00 9.97e-01  -2.4 4.02e+02    -  2.93e-01 3.05e-05h 16
  39  6.4571195e+00 3.07e+00 9.97e-01  -2.5 4.02e+02    -  3.99e-02 3.05e-05h 16
iter    objective    inf_pr   inf_du lg(mu)  ||d||  lg(rg) alpha_du alpha_pr  ls
  40  6.4714012e+00 3.07e+00 9.97e-01  -2.4 4.03e+02    -  2.89e-01 3.05e-05h 16
  41  6.4856502e+00 3.07e+00 9.97e-01  -2.5 4.03e+02    -  4.04e-02 3.05e-05h 16
  42  6.4998716e+00 3.07e+00 9.97e-01  -2.4 4.04e+02    -  3.10e-01 3.05e-05h 16
  43  6.5140596e+00 3.07e+00 9.97e-01  -2.5 4.05e+02    -  4.05e-02 3.05e-05h 16
  44  6.5282196e+00 3.07e+00 9.97e-01  -2.4 4.06e+02    -  3.16e-01 3.05e-05h 16
  45r 6.5282196e+00 3.07e+00 9.99e+02   0.5 0.00e+00    -  0.00e+00 4.77e-07R 22
  46r 6.9278872e+00 3.07e+00 9.61e+02   1.4 7.07e+00    -  9.98e-01 3.15e-02f  1
  47r 1.0414336e+01 3.71e+00 2.32e+03   0.1 2.07e+00    -  1.00e+00 9.34e-01f  1
  48r 1.0394982e+01 3.35e+00 2.29e+03   1.4 1.90e+00   2.0 2.42e-01 3.59e-01f  1
  49r 1.0265082e+01 1.19e+01 1.53e+05   0.9 1.94e+00   2.4 6.40e-02 4.97e-01h  1
iter    objective    inf_pr   inf_du lg(mu)  ||d||  lg(rg) alpha_du alpha_pr  ls
  50r 1.0192934e+01 7.72e+00 9.71e+04   0.9 6.12e-01   2.9 2.86e-01 4.49e-01f  1
  51r 1.0013735e+01 4.88e+00 6.46e+04   0.9 2.05e+00   2.4 7.24e-01 4.44e-01f  1
  52r 9.9866113e+00 4.09e+00 5.47e+04   0.9 7.19e-01   2.8 5.12e-01 1.69e-01f  1
  53r 9.4592430e+00 3.23e+00 3.15e+04   0.9 4.16e+00   2.3 4.55e-01 6.61e-01h  1
  54r 9.4591939e+00 2.84e+00 1.61e+04   0.9 4.36e-01   3.7 1.12e-01 5.69e-01h  1
  55r 9.4694849e+00 2.82e+00 1.50e+04   0.9 6.80e-01   4.1 2.05e-01 1.36e-01h  1
  56r 9.4907362e+00 2.81e+00 1.42e+04   0.9 2.49e+00   3.6 3.27e-02 5.58e-02h  1
  57r 9.4977121e+00 2.80e+00 1.37e+04   0.9 8.25e-01   4.0 8.26e-02 9.79e-02h  1
  58r 9.5334812e+00 2.76e+00 1.32e+04   0.9 1.56e+00   3.6 8.57e-02 2.00e-01h  1
  59r 9.5333437e+00 2.77e+00 1.24e+04   0.9 1.01e+00   4.0 7.77e-02 1.03e-01h  1
iter    objective    inf_pr   inf_du lg(mu)  ||d||  lg(rg) alpha_du alpha_pr  ls
  60r 9.5343792e+00 2.78e+00 1.10e+04   0.9 8.80e-01   3.5 1.02e-01 1.46e-01f  1
  61r 9.5311027e+00 2.79e+00 1.04e+04   0.9 7.35e-01   3.9 1.57e-01 5.76e-02h  1
  62r 9.5208716e+00 2.77e+00 8.92e+03   0.9 6.91e-01   3.4 4.04e-01 1.76e-01h  1
  63r 9.5038753e+00 2.78e+00 7.52e+03   0.9 4.78e-01   3.9 1.38e-01 3.94e-01h  1
  64r 9.4930072e+00 2.63e+00 3.83e+03   0.9 4.09e-01   3.4 1.00e+00 4.86e-01f  1
  65  6.5720323e+00 5.50e+00 9.05e-01  -1.3 6.37e+01    -  1.00e+00 8.18e-02F  1
  66  7.0235826e+00 5.45e+00 1.39e+02  -1.8 1.03e+02    -  1.74e-03 7.51e-03h  8
  67  1.5941558e+01 5.11e+00 5.79e+02  -1.8 1.13e+02    -  4.55e-01 6.25e-02h  5
  68  2.9548668e+01 3.80e+00 2.52e+01  -1.8 2.74e+01    -  2.66e-01 2.50e-01h  3
  69  2.8185036e+01 3.40e+00 4.08e+01  -1.8 1.59e+01  -2.5 1.00e+00 1.15e-01F  1
iter    objective    inf_pr   inf_du lg(mu)  ||d||  lg(rg) alpha_du alpha_pr  ls
  70  9.7981611e+00 3.04e+00 2.94e+01  -1.8 3.44e+01    -  1.72e-02 2.50e-01f  3
  71  9.7267212e+00 2.94e+00 2.82e+01  -1.8 2.74e+00  -1.1 5.84e-01 3.54e-02h  1

Number of Iterations....: 72

Number of objective function evaluations             = 826
Number of objective gradient evaluations             = 55
Number of equality constraint evaluations            = 831
Number of inequality constraint evaluations          = 0
Number of equality constraint Jacobian evaluations   = 74
Number of inequality constraint Jacobian evaluations = 0
Number of Lagrangian Hessian evaluations             = 72
Total CPU secs in IPOPT (w/o function evaluations)   =      0.683
Total CPU secs in NLP function evaluations           =      3.933

EXIT: Invalid number in NLP function or derivative detected.
