
******************************************************************************
This program contains Ipopt, a library for large-scale nonlinear optimization.
 Ipopt is released as open source code under the Eclipse Public License (EPL).
         For more information visit http://projects.coin-or.org/Ipopt
******************************************************************************

This is Ipopt version 3.12.8, running with linear solver mumps.
NOTE: Other linear solvers might be more efficient (see Ipopt documentation).

Number of nonzeros in equality constraint Jacobian...:     5817
Number of nonzeros in inequality constraint Jacobian.:        0
Number of nonzeros in Lagrangian Hessian.............:     3310

Total number of variables............................:     1213
                     variables with only lower bounds:        1
                variables with lower and upper bounds:        0
                     variables with only upper bounds:        0
Total number of equality constraints.................:     1212
Total number of inequality constraints...............:        0
        inequality constraints with only lower bounds:        0
   inequality constraints with lower and upper bounds:        0
        inequality constraints with only upper bounds:        0

iter    objective    inf_pr   inf_du lg(mu)  ||d||  lg(rg) alpha_du alpha_pr  ls
   0  1.5731322e+00 6.75e+00 1.00e+00   0.0 0.00e+00    -  0.00e+00 0.00e+00   0
   1  1.6021006e+01 5.36e+01 2.05e+03   1.0 4.00e+01  -4.0 9.54e-01 2.50e-01f  3
   2  7.6142151e+00 1.82e+02 7.07e+06  -1.5 7.48e+01  -4.5 5.89e-01 1.00e+00h  1
   3  1.7399875e+01 5.40e+02 7.64e+07  -1.5 7.46e+02  -5.0 1.00e+00 1.00e+00h  1
   4  5.8428977e+00 6.95e+02 1.71e+10  -1.5 7.13e+02  -5.4 1.00e+00 1.00e+00h  1
   5  3.3570303e+00 2.57e+02 9.39e+09  -1.5 4.07e+02  -5.9 1.00e+00 1.00e+00h  1
   6  3.0505315e+00 6.83e+01 2.16e+11  -1.5 1.66e+02  -6.4 1.00e+00 1.00e+00h  1
   7  3.1383717e+00 6.74e+01 1.09e+13  -1.5 4.06e+05  -6.9 1.00e+00 2.38e-04h  8
MUMPS returned INFO(1) = -9 and requires more memory, reallocating.  Attempt 1
  Increasing icntl[13] from 1000 to 2000.
   8  3.1608495e+00 6.73e+01 1.21e+13  -1.5 1.51e+04  -6.4 1.00e+00 1.40e-03h  9
   9  2.8798041e+00 1.88e+03 2.86e+15  -1.5 7.86e+03  -6.9 5.24e-01 2.50e-01h  3
MUMPS returned INFO(1) = -9 and requires more memory, reallocating.  Attempt 1
  Increasing icntl[13] from 2000 to 4000.
MUMPS returned INFO(1) = -9 and requires more memory, reallocating.  Attempt 2
  Increasing icntl[13] from 4000 to 8000.
MUMPS returned INFO(1) = -9 and requires more memory, reallocating.  Attempt 3
  Increasing icntl[13] from 8000 to 16000.
iter    objective    inf_pr   inf_du lg(mu)  ||d||  lg(rg) alpha_du alpha_pr  ls
  10  3.0486575e+00 1.85e+03 2.81e+15  -1.5 1.98e+03  -7.4 1.00e+00 1.56e-02h  7
  11r 3.0486575e+00 1.85e+03 9.99e+02   3.3 0.00e+00  16.5 0.00e+00 4.77e-07R 22
  12r 2.8780849e+00 1.37e+03 9.86e+02  -2.7 5.27e+04    -  2.64e-02 1.22e-02f  1
  13r 2.8780849e+00 1.37e+03 9.99e+02   3.1 0.00e+00  15.5 0.00e+00 4.77e-07R 22
  14r 2.5586899e+00 6.00e+02 3.70e+03  -2.9 3.34e+04    -  3.14e-02 2.40e-02f  1
  15  2.5586899e+00 5.92e+02 2.08e+13  -1.5 6.32e-02  14.5 1.00e+00 1.00e+00h  1
  16  1.9866276e+00 1.54e+02 3.19e+22  -1.5 7.12e+02  14.1 1.00e+00 1.00e+00h  1
  17  2.0120809e+00 1.65e+02 1.93e+22  -1.5 1.48e+02  13.6 1.00e+00 1.00e+00h  1
  18  2.3669617e+00 3.36e+01 2.45e+22  -1.5 1.45e+02  13.1 1.00e+00 1.00e+00h  1
  19  1.8129551e+00 1.02e+03 5.19e+24  -1.5 9.91e+02  12.6 1.00e+00 1.00e+00h  1
iter    objective    inf_pr   inf_du lg(mu)  ||d||  lg(rg) alpha_du alpha_pr  ls
  20  1.7137144e+00 4.67e+03 5.59e+27  -1.5 1.04e+03  12.2 1.00e+00 1.00e+00h  1
  21  1.4590898e+00 2.15e+03 2.63e+27  -1.5 2.40e+02  11.7 1.00e+00 1.00e+00h  1
WARNING: Problem in step computation; switching to emergency mode.
  22r 1.4590898e+00 2.15e+03 9.99e+02   3.3 0.00e+00  19.5 0.00e+00 0.00e+00R  1
  23r 1.4592975e+00 9.47e+02 9.77e+02  -2.7 2.15e+06    -  7.48e-02 9.90e-04f  1
  24  1.4592975e+00 9.47e+02 3.00e+15  -3.6 2.68e-06  21.0 9.98e-01 1.00e+00h  1
  25  1.4592975e+00 9.47e+02 1.30e+16  -5.4 3.48e-05  20.6 1.00e+00 1.00e+00h  1
  26  1.4592975e+00 9.42e+02 4.06e+16  -7.3 3.28e-04  20.1 1.00e+00 1.00e+00h  1
  27  1.4592975e+00 9.05e+02 1.12e+17  -9.2 2.81e-03  19.6 1.00e+00 1.00e+00h  1
  28  1.4592975e+00 7.19e+02 1.93e+17 -11.0 1.68e-02  19.1 1.00e+00 1.00e+00h  1
  29  1.4592975e+00 4.48e+02 1.65e+17 -11.0 4.02e-02  18.7 1.00e+00 1.00e+00h  1
iter    objective    inf_pr   inf_du lg(mu)  ||d||  lg(rg) alpha_du alpha_pr  ls
  30  1.5306499e+00 4.02e+02 2.65e+26 -11.0 9.06e+02  18.2 1.00e+00 1.25e-01h  4
WARNING: Problem in step computation; switching to emergency mode.
  31r 1.5306499e+00 4.02e+02 9.99e+02   2.6 0.00e+00  19.5 0.00e+00 0.00e+00R  1
  32r 1.5307962e+00 1.90e+02 9.95e+02  -3.4 3.29e+05    -  4.89e-03 1.21e-03f  1
  33  1.5307962e+00 1.90e+02 2.99e+15 -11.0 1.03e-04  19.5 1.00e+00 1.00e+00h  1
  34  1.5307962e+00 1.89e+02 5.94e+15 -11.0 6.13e-04  19.0 1.00e+00 1.00e+00h  1
  35  2.0253641e+00 1.11e+02 7.70e+25 -11.0 2.97e+02  18.5 1.00e+00 5.00e-01h  2
WARNING: Problem in step computation; switching to emergency mode.
  36r 2.0253641e+00 1.11e+02 9.99e+02   2.0 0.00e+00  19.8 0.00e+00 0.00e+00R  1
  37r 2.0367993e+00 8.37e+01 9.97e+02  -4.0 6.67e+04    -  2.31e-03 1.64e-03f  1
  38r 2.0367993e+00 8.37e+01 9.99e+02   1.9 0.00e+00  20.3 0.00e+00 4.77e-07R 22
  39r 2.0460862e+00 2.03e+01 1.20e+03  -4.1 2.81e+04    -  4.01e-03 2.95e-03f  1
iter    objective    inf_pr   inf_du lg(mu)  ||d||  lg(rg) alpha_du alpha_pr  ls
  40  2.0460862e+00 2.03e+01 6.67e+14 -11.0 1.09e-05  19.8 1.00e+00 1.00e+00h  1
  41  2.0460862e+00 2.03e+01 1.33e+15 -11.0 6.51e-05  19.3 1.00e+00 1.00e+00h  1
  42  2.0460862e+00 2.02e+01 1.99e+15 -11.0 2.92e-04  18.8 1.00e+00 1.00e+00h  1
  43  1.6223369e+00 5.58e+01 1.14e+26 -11.0 2.96e+02  18.4 1.00e+00 2.50e-01h  3
  44  1.8605469e+00 8.52e+01 5.92e+26 -11.0 9.06e+01  17.9 1.00e+00 5.00e-01h  2
WARNING: Problem in step computation; switching to emergency mode.
  45r 1.8605469e+00 8.52e+01 9.99e+02   1.9 0.00e+00  19.2 0.00e+00 0.00e+00R  1
  46r 1.8584298e+00 2.35e+01 9.95e+02  -4.1 5.72e+04    -  4.60e-03 1.47e-03f  1
  47  1.8584298e+00 2.32e+01 1.92e+15 -11.0 1.34e-04  19.2 1.00e+00 1.00e+00h  1
  48  1.8584298e+00 2.17e+01 3.65e+15 -11.0 7.66e-04  18.7 1.00e+00 1.00e+00h  1
  49  9.0613974e-01 3.20e+02 1.06e+27 -11.0 3.84e+02  18.2 1.00e+00 1.00e+00h  1
WARNING: Problem in step computation; switching to emergency mode.
iter    objective    inf_pr   inf_du lg(mu)  ||d||  lg(rg) alpha_du alpha_pr  ls
  50r 9.0613974e-01 3.20e+02 9.99e+02   2.5 0.00e+00  19.5 0.00e+00 0.00e+00R  1
  51r 9.3363010e-01 7.25e+02 1.60e+04  -3.5 5.16e+04    -  6.51e-03 4.19e-03f  1
  52r 1.0237808e+00 6.77e+02 1.54e+04   3.3 9.57e+02   0.0 1.30e-01 3.13e-02f  1
  53r 1.0253064e+00 6.00e+02 1.51e+04  -3.4 1.36e+04    -  1.18e-01 5.71e-03f  1
  54r 1.0540509e+00 5.19e+02 1.28e+04   2.1 6.70e+01  -0.5 1.00e+00 1.57e-01f  1
  55r 1.0515349e+00 3.40e+02 4.80e+03   2.1 1.36e+02  -1.0 1.00e+00 1.00e+00f  1
  56r 1.0420437e+00 3.48e+02 7.41e+03  -3.9 1.45e+03   0.4 1.14e-02 1.41e-02f  1
  57r 1.0419534e+00 3.44e+02 7.70e+03  -3.9 6.28e+01   1.7 4.75e-02 1.78e-02f  1
  58r 1.0425649e+00 3.39e+02 7.61e+03  -3.9 2.02e+01   2.1 1.15e-02 2.71e-02f  1
  59r 1.0439016e+00 6.72e+02 5.29e+06  -3.9 1.43e+01   2.6 4.12e-02 9.33e-02f  1
iter    objective    inf_pr   inf_du lg(mu)  ||d||  lg(rg) alpha_du alpha_pr  ls
  60r 1.0280325e+00 6.02e+02 4.62e+06  -4.0 1.36e+01   2.1 3.37e-01 1.29e-01f  1
  61r 1.0116822e+00 5.61e+02 4.16e+06   1.5 6.31e+01   1.6 1.49e-01 8.60e-02f  1
  62r 9.9099553e-01 4.92e+02 3.05e+06   1.5 3.37e+01   2.0 4.47e-02 2.16e-01f  1
  63r 4.1575513e+00 1.12e+04 1.26e+08   3.7 6.93e+01   2.5 3.85e-02 1.00e+00f  1
  64r 3.7857558e+00 7.17e+03 8.07e+07   3.6 7.55e+00   4.7 5.14e-01 4.83e-01h  1
  65r 3.7372932e+00 6.50e+03 7.31e+07   3.6 4.12e+01   6.0 1.34e-01 1.01e-01h  1
  66r 3.7353845e+00 6.47e+03 7.27e+07   3.6 9.70e+00   6.4 9.09e-02 4.43e-03h  1
  67r 3.7347875e+00 6.46e+03 7.26e+07   3.6 9.25e+00   6.9 1.00e+00 1.43e-03h  1
  68r 3.6774968e+00 5.67e+03 6.38e+07   3.6 9.61e+00   6.4 1.43e-01 1.34e-01h  1
  69r 3.6768719e+00 5.66e+03 3.99e+08   3.6 7.88e+00   7.7 9.80e-01 1.75e-03h  1
iter    objective    inf_pr   inf_du lg(mu)  ||d||  lg(rg) alpha_du alpha_pr  ls
  70r 3.5308259e+00 3.91e+03 1.72e+09   3.6 9.06e+00   7.2 1.64e-01 4.15e-01h  1
  71r 3.4769830e+00 2.91e+03 5.87e+10   3.6 1.19e+01   8.6 2.97e-01 3.26e-01h  1
  72r 3.4571367e+00 2.57e+03 9.88e+10   3.6 3.23e+01   9.0 7.05e-02 1.29e-01h  1
  73r 3.4509024e+00 2.43e+03 9.32e+10   3.6 9.95e+00   8.5 2.35e-01 5.60e-02h  1
  74r 3.4507310e+00 2.42e+03 9.30e+10   3.6 5.31e+00   8.9 1.00e+00 1.62e-03h  1
  75r 3.4486024e+00 2.38e+03 9.12e+10   3.6 6.57e+00   8.5 3.93e-01 1.92e-02h  1
  76r 3.3652001e+00 1.23e+03 8.88e+10   3.6 5.52e+00   8.9 1.00e+00 7.97e-01h  1
  77r 3.3678930e+00 1.13e+03 8.07e+10   3.6 4.73e+00   9.3 4.41e-01 8.83e-02h  1
  78r 3.3678849e+00 1.13e+03 8.06e+10   3.6 3.26e+00   9.7 8.97e-01 1.58e-03h  1
  79r 3.3705276e+00 1.04e+03 7.32e+10   3.6 4.52e+00   9.3 1.32e-01 8.92e-02h  1
iter    objective    inf_pr   inf_du lg(mu)  ||d||  lg(rg) alpha_du alpha_pr  ls
  80r 3.3677415e+00 7.45e+02 1.83e+12   3.6 8.53e+00  10.6 8.07e-01 3.67e-01f  1
  81r 3.3676297e+00 7.36e+02 1.81e+12   3.6 5.10e+00  11.9 3.98e-01 1.12e-02h  1
  82r 3.3657278e+00 6.27e+02 2.79e+13   3.6 6.81e+00  12.4 1.00e+00 1.68e-01h  1
  83r 3.3592374e+00 4.02e+02 7.01e+13   3.6 8.94e+00  11.9 6.08e-01 5.11e-01h  1
  84r 3.3592008e+00 3.96e+02 6.90e+13   3.6 3.62e+00  12.3 3.83e-01 1.50e-02h  1
  85r 3.3592010e+00 3.96e+02 6.90e+13   3.6 6.55e+00  11.8 1.56e-02 2.66e-04h  1
  86r 3.3592010e+00 3.96e+02 6.90e+13   3.6 4.13e+00  12.3 0.00e+00 2.83e-07R  4
  87r 3.3592010e+00 3.96e+02 2.38e+09   3.6 1.69e-09  11.8 9.90e-01 1.00e+00f  1
  88r 3.3592010e+00 3.96e+02 2.38e+07   3.6 5.04e-09  11.3 9.90e-01 1.00e+00f  1
  89r 3.3592010e+00 3.96e+02 2.37e+05   3.6 1.51e-08  10.8 9.90e-01 1.00e+00f  1
iter    objective    inf_pr   inf_du lg(mu)  ||d||  lg(rg) alpha_du alpha_pr  ls
  90r 3.3592010e+00 3.96e+02 9.98e+02   3.6 4.54e-08  10.3 9.97e-01 1.00e+00f  1
  91r 3.3592009e+00 3.96e+02 1.02e+03   2.9 1.39e-07   9.9 1.00e+00 1.00e+00f  1
  92r 3.3592009e+00 3.96e+02 1.01e+03   2.2 4.14e-07   9.4 1.00e+00 1.00e+00f  1
  93r 3.3592009e+00 3.96e+02 1.01e+03   1.5 1.24e-06   8.9 1.00e+00 1.00e+00f  1
  94r 3.3592008e+00 3.96e+02 1.00e+03   1.5 3.69e-06   8.4 1.00e+00 1.00e+00f  1
  95r 3.3592007e+00 3.96e+02 1.00e+03   1.5 1.11e-05   8.0 1.00e+00 1.00e+00f  1
  96r 3.3592002e+00 3.96e+02 1.00e+03   1.5 3.32e-05   7.5 1.00e+00 1.00e+00f  1
  97r 3.3591988e+00 3.96e+02 1.00e+03   1.5 9.97e-05   7.0 1.00e+00 1.00e+00f  1
  98r 3.3591945e+00 3.96e+02 1.00e+03   1.5 2.99e-04   6.5 1.00e+00 1.00e+00f  1
  99r 3.3591816e+00 3.96e+02 1.00e+03   1.5 8.97e-04   6.0 1.00e+00 1.00e+00f  1
iter    objective    inf_pr   inf_du lg(mu)  ||d||  lg(rg) alpha_du alpha_pr  ls
 100r 3.3591431e+00 3.96e+02 1.00e+03   1.5 2.69e-03   5.6 1.00e+00 1.00e+00f  1
 101r 3.3590274e+00 3.96e+02 1.00e+03   1.5 8.07e-03   5.1 1.00e+00 1.00e+00f  1
 102r 3.3586802e+00 3.96e+02 1.00e+03   1.5 2.42e-02   4.6 1.00e+00 1.00e+00f  1
 103r 3.3576369e+00 3.96e+02 1.00e+03   1.5 7.27e-02   4.1 1.00e+00 1.00e+00f  1
 104r 3.3544897e+00 3.96e+02 1.00e+03   1.5 2.18e-01   3.7 1.00e+00 1.00e+00f  1
 105r 3.3448565e+00 3.96e+02 1.00e+03   1.5 6.54e-01   3.2 1.00e+00 1.00e+00f  1
 106r 3.3268734e+00 3.96e+02 1.00e+03   1.5 1.96e+00   2.7 1.00e+00 5.59e-01f  1
 107r 3.3229701e+00 3.96e+02 1.00e+03   1.5 7.50e-01   3.1 1.00e+00 2.79e-01f  1
 108r 3.3126315e+00 3.95e+02 1.01e+03  -0.1 2.30e+00   2.7 9.99e-01 1.87e-01f  1
 109r 3.2203240e+00 3.94e+02 1.02e+03  -0.5 7.05e+00   2.2 1.00e+00 1.26e-01f  1
iter    objective    inf_pr   inf_du lg(mu)  ||d||  lg(rg) alpha_du alpha_pr  ls
 110r 2.4776158e+00 3.92e+02 1.08e+03   2.7 2.14e+01   1.7 8.08e-01 1.45e-01f  1
 111r 2.3344514e+00 3.90e+02 1.24e+03  -3.5 8.24e+00   2.1 3.74e-01 2.16e-01f  1
 112r 2.2772546e+00 3.89e+02 8.88e+03   0.3 3.08e+00   2.6 7.29e-01 2.99e-01f  1
 113r 2.2586192e+00 3.87e+02 5.83e+03   1.2 9.25e+00   2.1 9.21e-01 2.37e-01f  1
 114r 2.2479143e+00 3.86e+02 9.93e+03   0.7 3.49e+00   2.5 9.13e-01 3.48e-01f  1
 115r 2.2473839e+00 3.86e+02 1.28e+04   1.7 1.31e+00   3.8 3.31e-01 2.79e-01f  1
 116r 2.2437916e+00 3.86e+02 1.11e+03   1.7 4.90e-01   3.4 1.00e+00 9.02e-01f  1
 117r 2.2438886e+00 3.86e+02 7.44e+04   2.1 3.86e-01   4.7 1.42e-01 1.57e-01f  1
 118r 2.2440174e+00 3.86e+02 4.76e+04   1.7 1.64e-01   4.2 1.00e+00 1.00e+00f  1
 119r 2.2461020e+00 3.85e+02 8.64e+03   1.6 5.33e-01   3.7 9.97e-01 1.00e+00f  1
iter    objective    inf_pr   inf_du lg(mu)  ||d||  lg(rg) alpha_du alpha_pr  ls
 120r 2.2487326e+00 3.85e+02 2.22e+03  -0.5 6.17e-01   3.3 9.96e-01 5.89e-01f  1
 121r 2.2493322e+00 3.85e+02 1.34e+03  -0.8 2.31e-01   3.7 9.96e-01 3.80e-01f  1
 122r 2.2494493e+00 3.85e+02 1.10e+03  -0.6 6.95e-01   3.2 1.00e+00 2.66e-01f  1
 123r 2.2496508e+00 3.85e+02 1.11e+03  -0.2 2.60e-01   3.6 1.00e+00 9.71e-01f  1
 124r 2.2496137e+00 3.85e+02 1.11e+03  -0.7 7.81e-01   3.2 1.00e+00 8.43e-02f  1
 125r 2.2495304e+00 3.84e+02 1.11e+03  -1.4 2.34e+00   2.7 1.00e+00 9.89e-02f  1
 126r 2.2493761e+00 3.84e+02 1.34e+03  -0.3 7.03e+00   2.2 1.00e+00 4.85e-02f  1
 127r 2.2489595e+00 3.84e+02 1.11e+03   0.1 2.64e+00   2.6 1.00e+00 1.30e-01f  1
 128r 2.2481111e+00 3.83e+02 1.11e+03   0.8 7.91e+00   2.1 6.43e-01 1.47e-01f  1
 129r 2.2480100e+00 3.83e+02 1.11e+03   0.3 2.97e+00   2.6 1.00e+00 3.05e-02f  1
iter    objective    inf_pr   inf_du lg(mu)  ||d||  lg(rg) alpha_du alpha_pr  ls
 130r 2.2477380e+00 3.82e+02 1.36e+03   1.5 8.89e+00   2.1 4.57e-01 1.16e-01f  1
 131r 2.2472919e+00 3.81e+02 1.11e+03   0.9 3.35e+00   2.5 6.53e-01 1.37e-01f  1
 132r 2.2472602e+00 3.80e+02 2.07e+03   1.8 9.98e+00   2.0 4.68e-01 1.30e-01f  1
 133r 2.2467302e+00 3.79e+02 1.24e+03   1.2 3.76e+00   2.5 7.94e-01 1.93e-01f  1
 134r 2.2471335e+00 3.78e+02 1.10e+03   2.0 1.12e+01   2.0 6.20e-01 1.66e-01f  1
 135r 2.2478457e+00 3.74e+02 1.10e+03   2.1 3.36e+01   1.5 3.22e-01 1.13e-01f  1
 136r 2.2478188e+00 3.72e+02 1.10e+03   1.9 1.26e+01   1.9 8.21e-01 1.57e-01f  1
 137r 2.2460283e+00 3.67e+02 3.54e+03  -4.3 4.49e+01   1.5 1.90e-01 1.46e-01f  1
 138r 2.2456276e+00 3.65e+02 3.55e+03   2.0 1.44e+01   1.9 7.12e-01 1.91e-01f  1
 139r 2.2447784e+00 3.64e+02 2.77e+03   0.3 5.35e+00   2.3 9.64e-01 2.30e-01f  1
iter    objective    inf_pr   inf_du lg(mu)  ||d||  lg(rg) alpha_du alpha_pr  ls
 140r 2.2432962e+00 3.60e+02 4.56e+03   1.4 1.72e+01   1.8 9.62e-01 2.46e-01f  1
 141r 2.2425707e+00 3.58e+02 2.50e+03   1.4 6.00e+00   2.3 9.76e-01 4.53e-01f  1
 142r 2.2420674e+00 3.56e+02 1.10e+03   1.3 2.25e+00   2.7 1.00e+00 8.44e-01f  1
 143r 2.2413083e+00 3.56e+02 7.09e+03   1.2 8.46e-01   3.1 1.00e+00 7.32e-01f  1
 144r 2.2446075e+00 4.41e+03 5.67e+08   3.2 8.01e+00   3.5 2.95e-03 5.45e-02f  1
 145r 2.3280507e+00 2.77e+03 3.56e+08   1.9 7.06e+00   3.1 4.28e-01 5.42e-01f  1
 146r 2.3323349e+00 1.85e+03 2.38e+08   1.9 9.43e-01   4.4 1.97e-01 4.47e-01f  1
 147r 2.3561128e+00 8.27e+02 1.07e+08   1.9 1.36e+00   3.9 1.00e+00 1.00e+00f  1
 148r 2.3562951e+00 4.69e+02 6.04e+07   1.9 1.31e-01   5.2 8.30e-01 6.56e-01h  1
 149r 2.3587227e+00 3.55e+02 2.69e+07   1.9 1.12e-01   4.8 1.00e+00 1.00e+00f  1
iter    objective    inf_pr   inf_du lg(mu)  ||d||  lg(rg) alpha_du alpha_pr  ls
 150r 2.3655082e+00 3.55e+02 1.20e+07   1.9 4.59e-01   4.3 1.00e+00 1.00e+00f  1
 151r 2.3701115e+00 3.55e+02 9.24e+06   1.9 1.56e+00   3.8 3.12e-01 2.86e-01h  1
 152r 2.3733777e+00 3.55e+02 5.07e+06   1.9 4.72e-01   4.2 1.00e+00 7.77e-01h  1
 153r 2.3636602e+00 3.55e+02 4.51e+06   1.9 6.27e+00   3.8 2.42e-01 1.21e-01f  2
 154r 2.3547797e+00 3.55e+02 3.50e+06   1.9 8.01e+00   3.3 1.22e-01 3.10e-01h  2
 155r 2.3596719e+00 3.54e+02 1.87e+06   1.9 2.66e+00   3.7 7.42e-01 1.00e+00f  1
 156r 2.3624584e+00 3.54e+02 3.17e+05   1.9 7.99e-01   4.1 3.15e-01 1.00e+00f  1
 157r 2.3597258e+00 3.54e+02 6.69e+05   2.6 2.61e+00   3.7 5.19e-01 6.67e-01f  1
 158r 2.3603696e+00 3.54e+02 7.36e+05   2.5 2.76e-01   5.0 1.00e+00 1.00e+00f  1
 159r 2.3599927e+00 3.54e+02 2.06e+06   2.5 5.12e-01   5.4 4.63e-01 2.59e-01h  2
iter    objective    inf_pr   inf_du lg(mu)  ||d||  lg(rg) alpha_du alpha_pr  ls
 160r 2.3602143e+00 3.54e+02 3.16e+06   2.5 6.72e-02   5.8 9.38e-01 1.00e+00f  1
 161r 2.3604118e+00 3.54e+02 7.14e+05   2.5 6.19e-02   5.4 1.00e+00 1.00e+00f  1
 162r 2.3601829e+00 3.54e+02 3.31e+04   0.6 1.60e-02   4.9 1.00e+00 1.00e+00f  1
 163r 2.3601121e+00 3.54e+02 1.00e+03  -0.9 3.89e-02   4.4 1.00e+00 1.00e+00f  1
 164r 2.3601151e+00 3.54e+02 1.00e+03  -1.7 1.17e-01   3.9 1.00e+00 7.97e-01f  1
 165r 2.3601534e+00 3.54e+02 1.01e+03  -1.2 3.78e-01   3.5 1.00e+00 4.33e-02f  1
 166r 2.3625105e+00 3.54e+02 1.02e+03  -1.8 1.15e+00   3.0 1.00e+00 8.88e-02f  1
 167r 2.3660003e+00 3.54e+02 1.02e+03   0.9 3.45e+00   2.5 1.00e+00 8.20e-02f  1
 168r 2.3628743e+00 3.53e+02 1.02e+03   1.5 1.03e+01   2.0 3.41e-01 6.93e-02f  1
 169r 2.3556953e+00 3.52e+02 1.02e+03   1.9 2.99e+01   1.5 3.11e-01 5.15e-02f  1
iter    objective    inf_pr   inf_du lg(mu)  ||d||  lg(rg) alpha_du alpha_pr  ls
 170r 2.3501634e+00 3.48e+02 1.00e+03   1.7 8.48e+01   1.1 1.29e-01 4.70e-02f  1
 171r 2.3479743e+00 3.46e+02 1.00e+03   1.3 3.18e+01   1.5 7.06e-01 6.20e-02f  1
 172r 2.3439938e+00 3.43e+02 3.48e+03   1.8 9.54e+01   1.0 5.94e-02 2.77e-02f  1
 173r 2.3423036e+00 3.38e+02 3.01e+03   2.0 3.58e+01   1.4 3.13e-01 1.41e-01f  1
 174r 2.3417085e+00 3.35e+02 2.28e+03   1.1 1.34e+01   1.9 9.92e-01 2.40e-01f  1
 175r 2.3392080e+00 3.30e+02 2.02e+03   0.9 4.03e+01   1.4 1.00e+00 1.15e-01f  1
 176r 2.3358707e+00 3.24e+02 1.33e+03  -0.2 1.51e+01   1.8 1.00e+00 4.07e-01f  1
 177r 2.3313727e+00 3.10e+02 1.00e+03   1.4 4.53e+01   1.3 9.64e-01 3.06e-01f  1
 178r 2.3305777e+00 3.08e+02 1.00e+03   1.1 1.70e+01   1.8 1.00e+00 1.01e-01f  1
 179r 2.3262986e+00 3.02e+02 1.00e+03   0.7 6.37e+00   2.2 1.00e+00 9.59e-01f  1
iter    objective    inf_pr   inf_du lg(mu)  ||d||  lg(rg) alpha_du alpha_pr  ls
 180r 2.3156146e+00 2.82e+02 1.00e+03   0.7 1.91e+01   1.7 9.55e-01 1.00e+00f  1
 181  2.3156146e+00 2.82e+02 1.70e+16 -11.0 1.88e-04  20.0 1.00e+00 1.00e+00h  1
 182  2.3156146e+00 2.81e+02 3.38e+16 -11.0 1.12e-03  19.5 1.00e+00 1.00e+00h  1
 183  2.3156146e+00 2.76e+02 4.89e+16 -11.0 4.88e-03  19.0 1.00e+00 1.00e+00h  1
 184  2.3156146e+00 2.58e+02 5.77e+16 -11.0 1.75e-02  18.5 1.00e+00 1.00e+00h  1
 185  2.0519747e+00 5.49e+02 2.31e+28 -11.0 1.88e+03  18.1 1.00e+00 2.50e-01h  3
WARNING: Problem in step computation; switching to emergency mode.
 186r 2.0519747e+00 5.49e+02 9.99e+02   2.7 0.00e+00  19.4 0.00e+00 0.00e+00R  1
 187r 2.0269779e+00 4.15e+02 9.97e+02  -3.3 5.29e+05    -  8.35e-03 1.03e-03f  1
 188  2.0269779e+00 4.15e+02 1.34e+16 -11.0 2.11e-04  19.8 1.00e+00 1.00e+00h  1
 189  2.0269779e+00 4.15e+02 2.65e+16 -11.0 1.25e-03  19.3 1.00e+00 1.00e+00h  1
iter    objective    inf_pr   inf_du lg(mu)  ||d||  lg(rg) alpha_du alpha_pr  ls
 190  2.0269779e+00 4.15e+02 3.75e+16 -11.0 5.35e-03  18.9 1.00e+00 1.00e+00h  1
 191  2.0269779e+00 4.13e+02 4.20e+16 -11.0 1.81e-02  18.4 1.00e+00 1.00e+00h  1
 192  2.0269779e+00 4.09e+02 4.20e+16 -11.0 5.94e-02  17.9 1.00e+00 1.00e+00h  1
 193  2.0269779e+00 4.06e+02 4.42e+16 -11.0 2.17e-02  18.3 1.00e+00 1.00e+00h  1
 194  2.0269779e+00 3.99e+02 1.09e+17 -11.0 1.33e-01  17.8 1.00e+00 1.00e+00h  1
 195  2.0269778e+00 3.95e+02 2.00e+17 -11.0 9.64e-02  18.3 1.00e+00 1.00e+00h  1
 196r 2.0269778e+00 3.95e+02 9.99e+02   2.6 0.00e+00  18.7 0.00e+00 4.77e-07R 22
 197r 1.9947907e+00 2.15e+02 9.96e+02  -3.4 6.14e+04    -  7.02e-03 2.54e-03f  1
 198  1.9947907e+00 2.13e+02 2.57e+15 -11.0 4.55e-03  17.7 1.00e+00 1.00e+00h  1
 199  2.1318282e+00 2.13e+02 9.51e+23 -11.0 3.81e+03  17.3 1.00e+00 7.81e-03h  8
iter    objective    inf_pr   inf_du lg(mu)  ||d||  lg(rg) alpha_du alpha_pr  ls
 200  2.1502619e+00 2.13e+02 5.57e+23 -11.0 1.06e+04  16.8 1.00e+00 9.77e-04h 11
WARNING: Problem in step computation; switching to emergency mode.
 201r 2.1502619e+00 2.13e+02 9.99e+02   2.3 0.00e+00  19.9 0.00e+00 0.00e+00R  1
 202r 2.1300789e+00 8.96e+01 1.77e+03  -3.7 9.62e+04    -  6.00e-03 2.20e-03f  1
 203  2.1300789e+00 8.96e+01 3.67e+15 -11.0 1.64e-05  20.4 1.00e+00 1.00e+00h  1
 204  2.1300789e+00 8.95e+01 7.33e+15 -11.0 9.82e-05  19.9 1.00e+00 1.00e+00h  1
 205  2.1300789e+00 8.91e+01 1.10e+16 -11.0 4.42e-04  19.4 1.00e+00 1.00e+00h  1
 206  2.1300789e+00 8.74e+01 1.47e+16 -11.0 1.77e-03  18.9 1.00e+00 1.00e+00h  1
 207  2.1300789e+00 8.21e+01 1.89e+16 -11.0 6.76e-03  18.4 1.00e+00 1.00e+00h  1
 208  2.1300788e+00 8.15e+01 2.51e+16 -11.0 2.63e-02  18.0 1.00e+00 1.00e+00h  1
 209  2.1300788e+00 7.91e+01 1.39e+16 -11.0 1.35e-01  17.5 1.00e+00 1.00e+00H  1
iter    objective    inf_pr   inf_du lg(mu)  ||d||  lg(rg) alpha_du alpha_pr  ls
 210  2.2730873e+00 7.85e+01 5.51e+22 -11.0 1.70e+03  17.0 1.00e+00 7.81e-03h  8
 211  2.3089639e+00 7.83e+01 5.66e+22 -11.0 1.71e+03  16.5 1.00e+00 1.95e-03h 10
 212  2.3134608e+00 7.83e+01 5.66e+22 -11.0 1.70e+03  16.1 1.00e+00 2.44e-04h 13
 213  2.3145855e+00 7.83e+01 5.66e+22 -11.0 1.70e+03  15.6 1.00e+00 6.10e-05h 15
 214  2.3151479e+00 7.83e+01 5.66e+22 -11.0 1.70e+03  15.1 1.00e+00 3.05e-05h 16
 215  2.8941876e+00 7.61e+01 1.97e+23 -11.0 1.70e+03  14.6 1.00e+00 3.12e-02h  6
 216  3.0501921e+00 7.51e+01 3.72e+23 -11.0 1.84e+03  14.1 1.00e+00 7.81e-03h  8
 217  3.1673317e+00 7.40e+01 6.17e+23 -11.0 2.17e+03  13.7 1.00e+00 7.81e-03h  8
 218  3.5223983e+00 7.26e+01 8.40e+23 -11.0 2.04e+03  13.2 1.00e+00 1.56e-02h  7
WARNING: Problem in step computation; switching to emergency mode.
 219r 3.5223983e+00 7.26e+01 9.99e+02   1.9 0.00e+00  19.0 0.00e+00 0.00e+00R  1
iter    objective    inf_pr   inf_du lg(mu)  ||d||  lg(rg) alpha_du alpha_pr  ls
 220r 3.5136494e+00 4.80e+01 9.96e+02  -4.1 2.34e+04    -  5.68e-03 1.74e-03f  1
 221  3.5136494e+00 4.80e+01 1.76e+15 -11.0 4.85e-06  20.6 1.00e+00 1.00e+00h  1
 222  3.5136494e+00 4.80e+01 3.51e+15 -11.0 2.89e-05  20.1 1.00e+00 1.00e+00h  1
 223  3.5136494e+00 4.79e+01 5.17e+15 -11.0 1.28e-04  19.6 1.00e+00 1.00e+00h  1
 224  3.5136494e+00 4.79e+01 6.50e+15 -11.0 4.83e-04  19.1 1.00e+00 1.00e+00h  1
 225  3.5136494e+00 4.79e+01 6.81e+15 -11.0 1.52e-03  18.7 1.00e+00 1.00e+00h  1
 226  3.5136494e+00 4.77e+01 5.02e+15 -11.0 3.32e-03  18.2 1.00e+00 1.00e+00h  1
 227  3.5136493e+00 4.69e+01 7.23e+15 -11.0 1.34e-02  17.7 1.00e+00 1.00e+00h  1
 228  3.7991609e+00 4.59e+01 5.96e+24 -11.0 2.12e+03  17.2 1.00e+00 1.56e-02h  7
 229  3.8058411e+00 4.58e+01 6.60e+24 -11.0 1.52e+04  16.7 8.67e-01 9.77e-04h 11
iter    objective    inf_pr   inf_du lg(mu)  ||d||  lg(rg) alpha_du alpha_pr  ls
 230  4.3099721e+00 4.42e+01 5.41e+24 -11.0 2.13e+03  16.3 1.00e+00 3.12e-02h  6
 231  4.3788133e+00 4.40e+01 5.44e+24 -11.0 3.97e+03  15.8 1.00e+00 3.91e-03h  9
WARNING: Problem in step computation; switching to emergency mode.
 232r 4.3788133e+00 4.40e+01 9.99e+02   1.6 0.00e+00  19.8 0.00e+00 0.00e+00R  1
 233r 4.3552292e+00 1.96e+01 9.96e+02  -4.4 1.61e+04    -  4.51e-03 1.70e-03f  1
 234  4.3552292e+00 1.96e+01 1.56e+15 -11.0 8.67e-06  20.3 1.00e+00 1.00e+00h  1
 235  4.3552292e+00 1.96e+01 3.07e+15 -11.0 5.13e-05  19.8 1.00e+00 1.00e+00h  1
 236  4.3552292e+00 1.96e+01 4.40e+15 -11.0 2.20e-04  19.3 1.00e+00 1.00e+00h  1
 237  4.3552292e+00 1.95e+01 5.09e+15 -11.0 7.65e-04  18.8 1.00e+00 1.00e+00h  1
 238  4.3552292e+00 1.95e+01 4.18e+15 -11.0 1.89e-03  18.3 1.00e+00 1.00e+00h  1
 239  4.3552291e+00 1.93e+01 1.53e+15 -11.0 2.07e-03  17.9 1.00e+00 1.00e+00h  1
iter    objective    inf_pr   inf_du lg(mu)  ||d||  lg(rg) alpha_du alpha_pr  ls
 240  4.3552291e+00 1.87e+01 1.56e+15 -11.0 6.34e-03  17.4 1.00e+00 1.00e+00h  1
 241  4.3552288e+00 1.67e+01 1.34e+15 -11.0 1.65e-02  16.9 1.00e+00 1.00e+00h  1
 242  4.8695250e+00 1.81e+01 8.07e+21 -11.0 2.04e+03  16.4 1.00e+00 3.12e-02h  6
 243  5.9372421e+00 1.85e+01 1.58e+22 -11.0 1.93e+03  16.0 1.00e+00 6.25e-02h  5
 244  6.8685598e+00 2.32e+01 2.91e+23 -11.0 1.74e+03  15.5 1.00e+00 6.25e-02h  5
 245  6.8891741e+00 2.32e+01 3.19e+23 -11.0 1.15e+04  15.0 1.00e+00 9.77e-04h 11
 246  7.0092511e+00 2.32e+01 3.17e+23 -11.0 4.50e+03  14.5 1.00e+00 7.81e-03h  8
 247  7.0112833e+00 2.32e+01 3.17e+23 -11.0 2.42e+04  14.1 1.00e+00 1.22e-04h 14
 248  7.0133516e+00 2.32e+01 3.17e+23 -11.0 2.89e+04  13.6 1.00e+00 1.22e-04h 14
 249  7.0144215e+00 2.32e+01 3.17e+23 -11.0 4.16e+04  13.1 1.00e+00 6.10e-05h 15
iter    objective    inf_pr   inf_du lg(mu)  ||d||  lg(rg) alpha_du alpha_pr  ls
 250  7.0142581e+00 2.32e+01 3.17e+23 -11.0 2.81e+06  13.5 6.39e-03 2.38e-07h 23
 251r 7.0142581e+00 2.32e+01 9.99e+02   1.4 0.00e+00  13.0 0.00e+00 4.77e-07R 22
 252r 7.0328320e+00 9.90e+00 9.90e+02   3.4 2.09e+04    -  1.86e-02 1.10e-03f  1
 253  7.0275513e+00 3.84e+01 1.72e+13 -11.0 6.69e-01  12.1 1.00e+00 1.00e+00h  1
 254  7.1433177e+00 3.81e+01 1.11e+16 -11.0 1.65e+03  11.6 1.00e+00 7.81e-03h  8
 255  7.2005722e+00 3.80e+01 1.23e+16 -11.0 1.76e+03  11.1 1.00e+00 3.91e-03h  9
 256  7.2575742e+00 3.78e+01 1.28e+16 -11.0 1.86e+03  10.7 1.00e+00 3.91e-03h  9
 257  7.3143580e+00 3.77e+01 1.32e+16 -11.0 1.98e+03  10.2 1.00e+00 3.91e-03h  9
 258  7.3709543e+00 3.75e+01 1.36e+16 -11.0 2.12e+03   9.7 1.00e+00 3.91e-03h  9
 259  7.3991705e+00 3.74e+01 1.38e+16 -11.0 2.28e+03   9.2 1.00e+00 1.95e-03h 10
iter    objective    inf_pr   inf_du lg(mu)  ||d||  lg(rg) alpha_du alpha_pr  ls
 260  7.4273482e+00 3.74e+01 1.39e+16 -11.0 2.37e+03   8.8 1.00e+00 1.95e-03h 10
 261  7.4554872e+00 3.73e+01 1.42e+16 -11.0 2.47e+03   8.3 1.00e+00 1.95e-03h 10
 262  7.4835856e+00 3.72e+01 1.45e+16 -11.0 2.59e+03   7.8 1.00e+00 1.95e-03h 10
 263  7.5116388e+00 3.72e+01 1.49e+16 -11.0 2.73e+03   7.3 1.00e+00 1.95e-03h 10
 264  2.1849920e+01 4.94e+03 2.87e+20 -11.0 2.91e+03   6.8 1.00e+00 1.00e+00w  1
 265  2.3672330e+01 1.07e+04 2.09e+22 -11.0 9.61e+03   6.4 1.00e+00 1.00e+00w  1
MUMPS returned INFO(1) = -9 and requires more memory, reallocating.  Attempt 1
  Increasing icntl[13] from 16000 to 32000.
 266  2.9001827e+01 1.10e+03 2.09e+23 -11.0 1.00e+04   8.6 1.00e+00 1.00e+00w  1
WARNING: Problem in step computation; switching to emergency mode.
 267  7.5396374e+00 3.71e+01 1.55e+16 -11.0 1.00e+04  20.0 1.00e+00 1.95e-03h 10
 268  7.5396374e+00 3.71e+01 1.57e+16 -11.0 6.35e-05  20.4 1.00e+00 1.00e+00h  1
 269  7.5396374e+00 3.71e+01 1.57e+16 -11.0 1.91e-04  19.9 1.00e+00 1.00e+00h  1
iter    objective    inf_pr   inf_du lg(mu)  ||d||  lg(rg) alpha_du alpha_pr  ls
 270  7.5396374e+00 3.71e+01 1.56e+16 -11.0 5.71e-04  19.4 1.00e+00 1.00e+00h  1
 271  7.5396374e+00 3.70e+01 1.54e+16 -11.0 1.67e-03  19.0 1.00e+00 5.00e-01h  2
 272  7.5396374e+00 3.70e+01 1.54e+16 -11.0 6.61e-03  18.5 1.00e+00 7.81e-03h  8
 273  7.5396374e+00 3.70e+01 1.54e+16 -11.0 1.86e-03  18.9 1.00e+00 7.81e-03h  8
 274r 7.5396374e+00 3.70e+01 9.99e+02   1.6 0.00e+00  18.4 0.00e+00 4.77e-07R 22
 275r 7.5650668e+00 1.06e+01 9.94e+02   3.4 2.12e+04    -  6.92e-03 1.49e-03f  1
 276  7.5650668e+00 1.05e+01 2.20e+14 -11.0 7.22e-04  17.5 1.00e+00 1.00e+00h  1
 277  7.5898141e+00 1.04e+01 6.44e+20 -11.0 2.69e+03  17.0 1.00e+00 1.95e-03h 10
 278  7.6020156e+00 1.04e+01 7.11e+20 -11.0 2.81e+03  16.5 1.00e+00 9.77e-04h 11
 279  7.6141244e+00 1.04e+01 7.42e+20 -11.0 2.88e+03  16.0 1.00e+00 9.77e-04h 11
iter    objective    inf_pr   inf_du lg(mu)  ||d||  lg(rg) alpha_du alpha_pr  ls
 280  7.6261335e+00 1.04e+01 7.60e+20 -11.0 2.96e+03  15.6 1.00e+00 9.77e-04h 11
 281  7.6380340e+00 1.04e+01 7.76e+20 -11.0 3.06e+03  15.1 1.00e+00 9.77e-04h 11
 282  7.6498136e+00 1.04e+01 7.93e+20 -11.0 3.18e+03  14.6 1.00e+00 9.77e-04h 11
 283  7.6614554e+00 1.04e+01 8.27e+20 -11.0 3.32e+03  14.1 1.00e+00 9.77e-04h 11
 284  7.6671949e+00 1.04e+01 8.39e+20 -11.0 3.52e+03  13.7 1.00e+00 4.88e-04h 12
 285  7.6728881e+00 1.04e+01 8.53e+20 -11.0 3.63e+03  13.2 1.00e+00 4.88e-04h 12
 286  7.6785294e+00 1.04e+01 8.70e+20 -11.0 3.77e+03  12.7 1.00e+00 4.88e-04h 12
 287  1.9284493e+01 1.34e+04 1.02e+28 -11.0 3.92e+03  12.2 1.00e+00 1.00e+00w  1
WARNING: Problem in step computation; switching to emergency mode.
 288  7.6841024e+00 1.03e+01 8.91e+20 -11.0 3.92e+03  19.6 1.00e+00 4.88e-04h 12
WARNING: Problem in step computation; switching to emergency mode.
 289r 7.6841024e+00 1.03e+01 9.99e+02   1.0 0.00e+00  20.0 0.00e+00 0.00e+00R  1
iter    objective    inf_pr   inf_du lg(mu)  ||d||  lg(rg) alpha_du alpha_pr  ls
 290r 7.7049054e+00 6.37e+00 9.92e+02   3.0 8.49e+03    -  3.91e-02 1.21e-03f  1
 291r 7.7049054e+00 6.37e+00 9.99e+02   0.8 0.00e+00  21.5 0.00e+00 4.77e-07R 22
 292r 7.7442736e+00 6.17e+00 9.92e+02   2.8 2.57e+03    -  4.57e-02 2.47e-03f  1
 293r 7.6773627e+00 1.18e+01 9.49e+02   1.7 3.23e+02    -  2.67e-01 4.52e-02f  1
 294r 7.6773900e+00 2.11e+01 9.56e+02   1.7 7.28e+02    -  5.90e-01 8.51e-02f  1
 295r 7.7241899e+00 5.62e+01 1.33e+03   1.7 3.08e+02    -  4.45e-01 4.29e-01f  1
 296r 7.6848258e+00 5.27e+01 2.10e+03   1.8 2.09e+01   0.0 7.76e-01 6.13e-01f  1
 297r 7.6934017e+00 3.26e+01 1.34e+03   1.6 3.76e+00   1.3 5.40e-01 3.61e-01f  1
 298r 7.7246309e+00 2.69e+01 8.90e+02   0.9 3.42e+00   0.9 7.24e-01 4.12e-01f  1
 299r 7.7164624e+00 1.73e+01 1.41e+03   0.5 2.18e+00   1.3 8.50e-01 4.85e-01f  1
iter    objective    inf_pr   inf_du lg(mu)  ||d||  lg(rg) alpha_du alpha_pr  ls
 300r 7.7113641e+00 2.53e+00 1.11e+03   0.4 2.74e-01   2.6 9.93e-01 7.51e-01f  1
 301r 7.7113641e+00 2.53e+00 9.99e+02   0.4 0.00e+00  21.1 0.00e+00 4.77e-07R 22
 302r 7.7113384e+00 2.54e+00 9.98e+02  -5.6 1.23e+03    -  6.99e-02 1.42e-03f  1
 303r 7.6983324e+00 3.19e+01 9.70e+02   1.7 1.28e+03  -2.0 2.83e-01 2.31e-02f  1
 304r 7.8527866e+00 3.40e+01 8.33e+02   2.1 8.54e+01    -  1.46e-01 1.41e-01f  1
 305r 7.8400086e+00 5.34e+01 8.79e+02   1.3 2.67e+02  -1.6 1.09e-01 5.37e-02f  1
 306r 7.8230545e+00 5.08e+01 8.35e+02   0.6 2.69e+02  -1.1 1.59e-01 4.76e-02f  1
 307r 7.8092891e+00 6.02e+01 7.01e+02   0.6 1.82e+02  -1.6 1.99e-01 1.58e-01f  1
 308r 7.7909323e+00 7.39e+01 8.24e+02   0.6 8.16e+01  -0.3 1.51e-01 1.03e-01f  1
 309r 7.7823230e+00 4.72e+01 5.63e+02   0.6 4.43e+00   1.0 2.35e-01 3.36e-01f  1
iter    objective    inf_pr   inf_du lg(mu)  ||d||  lg(rg) alpha_du alpha_pr  ls
 310r 7.7511763e+00 1.51e+01 5.00e+02   1.1 4.79e+00   0.6 8.69e-01 7.04e-01f  1
 311r 7.7112934e+00 5.98e+00 2.83e+02   1.1 1.71e+01   0.1 9.38e-01 6.13e-01f  1
 312r 7.6933304e+00 3.11e+00 2.02e+02   0.4 6.94e+00   0.5 9.52e-01 5.98e-01f  1
 313r 7.6718113e+00 2.71e+00 8.60e+02   1.4 1.17e+01   0.0 1.00e+00 2.07e-01f  1
 314r 7.6535067e+00 2.46e+00 4.57e+01   0.9 2.57e+00   0.5 9.41e-01 1.00e+00f  1
 315r 7.6105715e+00 3.41e+00 2.23e+02  -5.1 1.08e+01  -0.0 2.88e-01 4.04e-01f  1
 316r 7.6055102e+00 2.44e+00 3.71e+02   0.7 7.11e+00   0.4 6.78e-01 4.17e-01f  1
 317r 7.5879670e+00 2.43e+00 2.58e+02   0.5 1.15e+01  -0.1 9.92e-01 6.70e-01f  1
 318r 7.5768928e+00 2.42e+00 2.55e+02   0.8 4.40e+00   0.4 1.00e+00 7.80e-01f  1
 319r 7.5610158e+00 2.41e+00 4.78e+01   0.5 1.67e+00   0.8 9.34e-01 1.00e+00f  1
iter    objective    inf_pr   inf_du lg(mu)  ||d||  lg(rg) alpha_du alpha_pr  ls
 320r 7.5315741e+00 2.40e+00 9.09e+01  -5.5 2.46e+02   0.3 7.53e-03 8.59e-03f  1
 321r 7.5293114e+00 2.39e+00 2.66e+02   0.8 1.98e+01  -0.2 2.36e-01 1.53e-01f  1
 322r 7.5337921e+00 2.39e+00 4.41e+02   0.5 5.94e+00   0.2 8.42e-01 2.54e-01f  1
 323r 7.5341754e+00 3.84e+00 1.89e+02   0.8 2.20e+01  -0.2 6.11e-01 5.87e-01f  1
 324r 7.5365083e+00 2.37e+00 2.40e+02   0.6 5.46e+00   0.2 1.00e+00 5.16e-01f  1
 325r 7.5391231e+00 2.59e+00 2.93e+02   0.3 1.65e+01  -0.3 9.93e-01 2.78e-01f  1
 326r 7.5382274e+00 2.36e+00 2.12e+02  -0.1 5.27e+00   0.1 9.98e-01 7.55e-01f  1
 327r 7.5387741e+00 2.35e+00 2.51e+02  -0.1 2.22e+00   0.6 9.98e-01 6.86e-01f  1
 328r 7.5307412e+00 2.35e+00 4.47e+02   0.3 7.58e+00   0.1 3.17e-01 1.91e-01f  1
 329r 7.5228469e+00 2.34e+00 1.08e+02  -0.0 2.47e+00   0.5 8.19e-01 6.39e-01f  1
iter    objective    inf_pr   inf_du lg(mu)  ||d||  lg(rg) alpha_du alpha_pr  ls
 330r 7.4969575e+00 2.33e+00 1.45e+02  -6.0 1.65e+01   0.0 7.13e-02 1.25e-01f  1
 331r 7.4946684e+00 2.33e+00 6.73e+02   0.8 2.91e+00   0.5 7.08e-01 4.21e-01f  1
 332r 7.4928406e+00 2.32e+00 1.73e+02   0.4 7.64e+00  -0.0 7.04e-01 5.51e-01f  1
 333r 7.4797633e+00 3.15e+00 2.09e+02   0.4 3.96e+01  -0.5 1.61e-01 1.07e-01f  1
 334r 7.4814707e+00 2.31e+00 1.48e+02   0.4 1.08e+00   0.8 7.06e-01 9.06e-01f  1
 335r 7.4789847e+00 2.31e+00 3.22e+02   0.1 2.96e+00   0.4 9.90e-01 3.75e-01f  1
 336r 7.4660313e+00 2.30e+00 3.14e+02  -5.7 1.93e+01  -0.1 8.63e-02 8.40e-02f  1
 337r 7.4651555e+00 2.30e+00 5.69e+02   0.2 3.87e+00   0.3 6.42e-01 2.32e-01f  1
 338r 7.4465768e+00 2.29e+00 5.32e+02   0.2 1.58e+01  -0.2 1.19e-01 1.05e-01f  1
 339r 7.4491151e+00 2.29e+00 1.73e+02   0.2 2.44e+00   0.3 9.69e-01 7.36e-01f  1
iter    objective    inf_pr   inf_du lg(mu)  ||d||  lg(rg) alpha_du alpha_pr  ls
 340r 7.4529314e+00 2.28e+00 4.02e+02   0.2 6.10e+00  -0.2 9.88e-01 2.69e-01f  1
 341r 7.4770363e+00 3.10e+00 4.31e+02   0.4 1.59e+01  -0.7 1.00e+00 4.25e-01f  1
 342r 7.4843349e+00 5.28e+00 4.14e+02   0.2 7.97e+01  -1.2 1.80e-01 6.66e-02f  1
 343r 7.5369413e+00 1.24e+01 2.00e+02   0.2 1.66e+01  -0.7 6.52e-01 8.26e-01f  1
 344r 7.5575747e+00 1.06e+01 9.16e+02   0.5 3.97e+01  -1.2 8.98e-01 1.44e-01f  1
 345r 7.5797178e+00 6.22e+00 5.20e+02  -1.4 1.52e+01  -0.8 5.07e-01 4.13e-01f  1
 346r 7.5882467e+00 4.98e+00 9.59e+02   0.6 9.47e+00  -0.4 1.00e+00 1.96e-01f  1
 347r 7.6277756e+00 4.96e+00 7.65e+01   0.5 1.48e+01  -0.8 9.80e-01 9.02e-01f  1
 348r 7.6593773e+00 5.72e+00 5.27e+02   0.4 4.88e+01  -1.3 1.00e+00 2.84e-01f  1
 349r 7.7068504e+00 2.17e+00 1.08e+02   0.4 1.21e+01  -0.9 1.00e+00 1.00e+00f  1
iter    objective    inf_pr   inf_du lg(mu)  ||d||  lg(rg) alpha_du alpha_pr  ls
 350  7.7068504e+00 2.17e+00 4.76e+13 -11.0 1.22e-07  20.6 1.00e+00 1.00e+00h  1
 351  7.7068504e+00 2.17e+00 9.51e+13 -11.0 7.31e-07  20.1 1.00e+00 1.00e+00h  1
 352  7.7068504e+00 2.17e+00 1.42e+14 -11.0 3.27e-06  19.6 1.00e+00 1.00e+00h  1
 353  7.7068504e+00 2.17e+00 1.86e+14 -11.0 1.29e-05  19.2 1.00e+00 1.00e+00h  1
 354  7.7068504e+00 2.17e+00 2.21e+14 -11.0 4.60e-05  18.7 1.00e+00 1.00e+00h  1
 355  7.7068504e+00 2.17e+00 2.30e+14 -11.0 1.43e-04  18.2 1.00e+00 1.00e+00h  1
 356  7.7113582e+00 2.17e+00 1.06e+21 -11.0 1.14e+03  17.7 1.00e+00 4.88e-04h 12
 357  7.7158581e+00 2.17e+00 1.39e+21 -11.0 1.15e+03  17.3 1.00e+00 4.88e-04h 12
 358  7.7203512e+00 2.17e+00 1.49e+21 -11.0 1.14e+03  16.8 1.00e+00 4.88e-04h 12
 359  7.7248389e+00 2.17e+00 1.51e+21 -11.0 1.14e+03  16.3 1.00e+00 4.88e-04h 12
iter    objective    inf_pr   inf_du lg(mu)  ||d||  lg(rg) alpha_du alpha_pr  ls
 360  7.7293228e+00 2.17e+00 1.50e+21 -11.0 1.13e+03  15.8 1.00e+00 4.88e-04h 12
 361  7.7338049e+00 2.17e+00 1.48e+21 -11.0 1.13e+03  15.3 1.00e+00 4.88e-04h 12
 362  7.7382874e+00 2.16e+00 1.45e+21 -11.0 1.11e+03  14.9 1.00e+00 4.88e-04h 12
 363  7.7427726e+00 2.16e+00 1.42e+21 -11.0 1.09e+03  14.4 1.00e+00 4.88e-04h 12
 364  7.7472628e+00 2.16e+00 1.39e+21 -11.0 1.06e+03  13.9 1.00e+00 4.88e-04h 12
 365  7.7562581e+00 2.16e+00 1.27e+21 -11.0 1.02e+03  13.4 1.00e+00 9.77e-04h 11
 366  1.7734483e+01 2.54e+03 3.01e+25 -11.0 9.93e+02  13.9 1.00e+00 1.00e+00w  1
WARNING: Problem in step computation; switching to emergency mode.
 367  7.7652900e+00 2.16e+00 1.16e+21 -11.0 9.93e+02  21.2 1.00e+00 9.77e-04h 11
WARNING: Problem in step computation; switching to emergency mode.
 368r 7.7652900e+00 2.16e+00 9.99e+02   0.3 0.00e+00  22.8 0.00e+00 0.00e+00R  1
 369r 7.7786939e+00 2.16e+00 9.92e+02   1.9 3.65e+02    -  1.18e-01 3.23e-03f  1
iter    objective    inf_pr   inf_du lg(mu)  ||d||  lg(rg) alpha_du alpha_pr  ls
 370r 7.8344791e+00 2.14e+00 8.74e+02   0.5 7.94e+01    -  6.10e-01 1.20e-01f  1
 371r 8.7330358e+00 1.49e+01 5.29e+02   0.9 3.41e+02    -  8.86e-01 4.00e-01f  1
 372r 8.6967191e+00 5.55e+00 2.86e+02   0.6 3.85e+00   0.0 4.65e-01 6.32e-01f  1
 373r 8.6882920e+00 1.93e+00 2.10e+02   0.6 1.56e+00   0.4 6.20e-01 8.10e-01f  1
 374r 8.6882920e+00 1.93e+00 9.99e+02   0.3 0.00e+00  24.3 0.00e+00 4.77e-07R 22
 375r 8.6931691e+00 1.93e+00 9.92e+02   1.5 5.70e+02    -  3.73e-01 1.85e-03f  1
 376r 8.7723205e+00 1.91e+00 8.38e+02   0.6 8.45e+01    -  6.28e-01 1.57e-01f  1
 377r 9.0454501e+00 3.51e+00 4.64e+02   0.7 1.07e+02    -  1.00e+00 4.48e-01f  1
 378r 9.1645363e+00 4.90e+00 1.73e+02   0.7 2.84e+01    -  9.51e-01 7.03e-01f  1
 379r 9.1540372e+00 1.81e+00 8.67e+01   0.4 1.26e+00   0.0 9.92e-01 8.65e-01f  1
iter    objective    inf_pr   inf_du lg(mu)  ||d||  lg(rg) alpha_du alpha_pr  ls
 380r 9.1537702e+00 1.81e+00 1.15e+01  -0.2 6.82e-01   0.4 9.79e-01 1.00e+00f  1
 381r 9.1275404e+00 1.80e+00 1.29e+02  -6.2 4.98e+02  -0.1 1.52e-03 2.36e-03f  1
 382r 9.1062095e+00 1.80e+00 5.31e+02   0.2 1.98e+00   0.4 7.72e-01 4.80e-01f  1
 383r 9.0969001e+00 1.80e+00 8.58e+00  -0.0 5.26e-01   0.8 1.00e+00 1.00e+00f  1
 384r 9.0846228e+00 1.80e+00 2.60e+02  -0.7 2.08e+00   0.3 4.45e-01 2.75e-01f  1
 385r 9.0796242e+00 1.79e+00 3.34e+02  -0.4 6.01e-01   0.7 1.00e+00 6.33e-01f  1
 386r 9.0720438e+00 1.79e+00 5.79e+02   0.2 1.56e+00   0.3 8.30e-01 3.55e-01f  1
 387r 9.0653868e+00 1.79e+00 5.09e+02  -0.2 2.75e+00  -0.2 4.95e-01 2.54e-01f  1
 388r 9.0538268e+00 1.79e+00 4.73e+02  -0.2 2.93e+01  -0.7 7.68e-02 7.52e-02f  1
 389r 9.0487915e+00 1.78e+00 2.79e+02  -0.2 4.54e+00  -0.3 1.55e-01 3.59e-01f  1
iter    objective    inf_pr   inf_du lg(mu)  ||d||  lg(rg) alpha_du alpha_pr  ls
 390r 9.0493353e+00 1.78e+00 1.38e+02  -0.2 1.24e+00   0.2 6.61e-01 4.12e-01f  1
 391r 9.0469200e+00 1.78e+00 2.48e+02  -0.2 4.21e+00  -0.3 4.54e-01 3.03e-01f  1
 392r 9.0477939e+00 1.78e+00 1.74e+02  -0.2 1.24e+00   0.1 1.00e+00 6.55e-01f  1
 393r 9.0487852e+00 1.78e+00 2.93e+02  -0.2 2.12e+00  -0.4 1.00e+00 4.18e-01f  1
 394r 9.0484754e+00 1.77e+00 1.91e+02  -0.2 5.90e+00  -0.8 6.64e-01 5.53e-01f  1
 395r 9.0419906e+00 1.77e+00 2.99e+02  -0.2 2.52e+00  -0.4 1.00e+00 4.41e-01f  1
 396r 9.0457367e+00 1.77e+00 4.32e+01  -0.8 9.09e-01   0.0 1.00e+00 8.38e-01f  1
 397r 9.0394689e+00 1.77e+00 2.80e+02  -0.3 3.69e+00  -0.5 1.00e+00 5.29e-01f  1
 398r 9.0383363e+00 1.76e+00 5.41e+00  -0.5 8.30e-01  -0.0 1.00e+00 1.00e+00f  1
 399r 9.0265533e+00 1.76e+00 2.45e+01  -6.5 4.81e+00  -0.5 4.50e-01 4.07e-01f  1
iter    objective    inf_pr   inf_du lg(mu)  ||d||  lg(rg) alpha_du alpha_pr  ls
 400r 9.0185174e+00 1.76e+00 2.47e+02  -0.3 2.27e+00  -0.1 8.95e-01 6.02e-01f  1
 401r 9.0156501e+00 1.76e+00 1.53e+00  -0.6 6.71e-01   0.3 1.00e+00 1.00e+00f  1
 402r 9.0063372e+00 1.76e+00 1.15e+01  -6.6 3.00e+00  -0.1 4.32e-01 4.16e-01f  1
 403r 9.0015796e+00 1.75e+00 9.45e+01  -1.0 1.02e+00   0.3 6.01e-01 6.72e-01f  1
 404r 8.9996907e+00 1.75e+00 2.05e+00  -0.9 3.92e-01   0.7 1.00e+00 1.00e+00f  1
 405r 8.9969378e+00 1.75e+00 6.64e+01  -2.4 1.41e+00   0.2 3.92e-01 2.54e-01f  1
 406r 8.9955735e+00 1.75e+00 2.27e+02  -1.8 4.75e-01   0.7 1.00e+00 5.39e-01f  1
 407r 8.9939292e+00 1.75e+00 7.52e+02  -1.0 1.82e+00   0.2 1.00e+00 1.48e-01f  1
 408r 8.9922166e+00 1.75e+00 7.77e+02  -1.3 8.84e+00  -0.3 1.26e-01 3.38e-02f  1
 409r 8.9918693e+00 1.75e+00 9.81e+02  -1.3 1.38e+00   0.1 1.00e+00 1.48e-01f  1
iter    objective    inf_pr   inf_du lg(mu)  ||d||  lg(rg) alpha_du alpha_pr  ls
 410r 8.9928616e+00 1.75e+00 6.55e+02  -7.2 2.85e+00  -0.3 1.94e-01 2.56e-01f  1
 411r 8.9921168e+00 1.75e+00 1.46e+03  -0.3 2.41e+00   0.1 7.17e-01 1.32e-01f  1
 412r 8.9916354e+00 1.75e+00 1.38e+03  -1.0 3.61e+00  -0.4 8.97e-02 7.59e-01f  1
 413r 8.9935194e+00 1.74e+00 1.17e+03  -1.0 1.09e+01  -0.9 1.53e-01 1.63e-01f  1
 414r 8.9972489e+00 1.74e+00 5.53e+02  -1.0 2.69e+00  -0.4 5.60e-01 3.08e-01f  1
 415r 8.9998391e+00 1.74e+00 3.08e+02  -1.0 9.28e-01  -0.0 4.15e-01 5.31e-01f  1
 416r 9.0061674e+00 1.74e+00 1.87e+02  -1.0 2.78e+00  -0.5 3.46e-01 5.89e-01f  1
 417r 9.0015072e+00 1.74e+00 1.17e+03   0.9 5.84e+01  -1.0 7.55e-02 2.03e-02f  1
 418r 8.9271028e+00 1.75e+00 9.20e+02  -0.7 8.54e+01    -  2.27e-01 9.12e-02h  2
 419r 8.9272786e+00 1.75e+00 3.04e+02  -0.7 2.88e+00  -0.5 6.70e-01 5.83e-01f  1
iter    objective    inf_pr   inf_du lg(mu)  ||d||  lg(rg) alpha_du alpha_pr  ls
 420r 8.9155408e+00 1.75e+00 2.91e+02  -0.7 1.99e+01  -1.0 6.91e-02 1.28e-01f  1
 421r 8.9149941e+00 1.74e+00 1.49e+02  -0.7 4.01e+00  -0.6 4.25e-01 2.47e-01f  1
 422r 8.9053418e+00 1.74e+00 1.27e+02  -0.7 1.81e+01  -1.1 1.43e-01 1.25e-01f  1
 423r 8.9081831e+00 1.74e+00 2.86e+02  -0.7 3.09e+00  -0.6 1.00e+00 4.19e-01f  1
 424r 8.9193576e+00 1.74e+00 3.26e+02  -0.7 7.70e+00  -1.1 8.24e-01 2.86e-01f  1
 425r 8.9713686e+00 1.73e+00 3.17e+02  -0.7 1.81e+01  -1.6 6.30e-01 3.14e-01f  1
 426r 8.9713686e+00 1.73e+00 9.99e+02   0.2 0.00e+00  23.8 0.00e+00 4.77e-07R 22
 427r 8.9970123e+00 1.73e+00 9.86e+02   1.0 2.90e+02    -  5.97e-01 9.94e-03f  1
 428r 9.5931112e+00 2.46e+00 3.80e+02   0.4 1.06e+02    -  1.00e+00 6.16e-01f  1
 429r 1.0849095e+01 9.57e+00 1.41e+02  -0.2 1.41e+02    -  1.00e+00 9.63e-01f  1
iter    objective    inf_pr   inf_du lg(mu)  ||d||  lg(rg) alpha_du alpha_pr  ls
 430r 1.0968656e+01 7.31e+00 5.80e+02   0.9 6.30e+01  -2.0 5.53e-01 2.44e-01f  1
 431r 1.0108981e+01 4.45e+00 6.73e+02   0.3 9.29e+01    -  2.33e-01 1.00e+00h  1
 432r 1.0223564e+01 1.42e+00 9.39e+01  -0.1 1.39e+01  -1.6 1.00e+00 8.36e-01f  1
 433r 1.0223564e+01 1.42e+00 9.99e+02   0.2 0.00e+00  23.3 0.00e+00 4.77e-07R 22
 434r 1.0229707e+01 1.42e+00 9.94e+02   1.5 5.40e+02    -  1.66e-01 1.68e-03f  1
 435r 1.0334462e+01 1.40e+00 8.29e+02   0.3 6.74e+01    -  8.75e-01 1.67e-01f  1
 436r 1.1491356e+01 7.97e+00 4.20e+02   0.1 2.49e+02    -  1.00e+00 5.01e-01f  1
 437r 1.2292007e+01 9.43e+00 7.63e+02   0.9 2.96e+02    -  1.00e+00 2.95e-01f  1
 438r 1.1623233e+01 2.89e+00 3.82e+01   0.4 7.22e+01    -  1.00e+00 1.00e+00f  1
 439r 1.2319139e+01 2.10e+00 1.03e+02  -0.3 7.62e+01    -  6.92e-01 9.79e-01f  1
iter    objective    inf_pr   inf_du lg(mu)  ||d||  lg(rg) alpha_du alpha_pr  ls
 440r 1.3886905e+01 1.33e+01 2.57e+02   0.5 3.07e+02    -  1.00e+00 5.49e-01f  1
 441r 1.2199581e+01 1.29e+01 2.59e+02   0.2 1.81e+02    -  3.94e-01 1.00e+00h  1
 442r 1.3024046e+01 2.40e+00 1.87e+01   0.2 8.80e+01    -  1.00e+00 1.00e+00f  1
 443r 1.2928283e+01 7.55e-01 4.70e+01  -0.6 1.04e+01    -  7.83e-01 9.93e-01f  1
 444r 1.2928283e+01 7.55e-01 9.99e+02  -0.1 0.00e+00  22.8 0.00e+00 4.77e-07R 22
 445r 1.2957949e+01 7.47e-01 9.92e+02   0.6 7.44e+02    -  1.00e+00 4.27e-03f  1
 446r 1.3435957e+01 1.02e+00 8.22e+02   0.3 3.00e+02    -  8.20e-01 1.71e-01f  1
 447r 1.5958606e+01 2.87e+01 2.47e+02   0.0 3.68e+02    -  1.00e+00 7.32e-01f  1
 448r 1.5984300e+01 2.39e+01 2.45e+02   0.0 2.31e+01    -  1.00e+00 1.68e-01f  1
 449r 1.5966797e+01 5.14e+00 1.28e+02  -0.3 1.85e+01    -  1.00e+00 7.99e-01f  1
iter    objective    inf_pr   inf_du lg(mu)  ||d||  lg(rg) alpha_du alpha_pr  ls
 450r 1.5968186e+01 5.46e+00 2.81e+02   0.7 2.41e+02  -2.0 7.90e-02 3.33e-02f  1
 451r 1.5977354e+01 1.59e+00 9.35e+01  -0.2 4.71e+00  -0.7 8.55e-01 1.00e+00f  1
 452r 1.5941038e+01 1.52e+00 1.15e+03   1.2 5.65e+01  -1.1 2.86e-01 6.53e-02f  1
 453r 1.5941109e+01 1.39e+00 7.41e+02   0.1 1.85e+01    -  3.55e-01 6.66e-02h  1
 454r 1.5941364e+01 2.03e+00 1.08e+02   0.1 5.59e+00  -0.7 1.00e+00 1.00e+00f  1
 455r 1.5943756e+01 2.12e+00 3.62e+02   0.1 1.43e+01  -1.2 1.00e+00 3.66e-01f  1
 456r 1.5958166e+01 3.28e+00 1.68e+02   0.1 2.17e+01    -  1.00e+00 5.59e-01f  1
 457r 1.5964996e+01 4.72e-01 4.77e+01   0.1 2.84e+00    -  1.00e+00 1.00e+00f  1
 458r 1.5964996e+01 4.72e-01 9.99e+02  -0.3 0.00e+00  22.4 0.00e+00 4.77e-07R 22
 459r 1.5964468e+01 4.71e-01 9.89e+02   0.7 9.12e+01    -  7.30e-01 2.29e-03f  1
iter    objective    inf_pr   inf_du lg(mu)  ||d||  lg(rg) alpha_du alpha_pr  ls
 460r 1.5962754e+01 4.57e-01 8.79e+02  -0.2 2.44e+01    -  7.62e-01 1.17e-01f  1
 461r 1.5886677e+01 3.79e+00 1.72e+02  -0.3 6.47e+01    -  1.00e+00 8.05e-01f  1
 462r 1.5853976e+01 2.40e+00 2.44e+02  -0.0 3.36e+01    -  1.00e+00 3.73e-01f  1
 463r 1.5854397e+01 5.42e-01 6.37e+00  -0.5 3.34e+00    -  1.00e+00 1.00e+00f  1
 464r 1.5809045e+01 5.41e-01 1.39e+02  -0.8 5.74e+01    -  8.06e-01 3.10e-01f  1
 465r 1.5766782e+01 5.34e-01 2.13e+02  -1.1 2.94e+01  -2.0 1.00e+00 2.57e-01f  1
 466r 1.5661251e+01 9.55e-01 2.37e+02  -1.0 2.01e+01  -1.6 1.00e+00 6.56e-01f  1
 467r 1.5658646e+01 1.44e+00 1.97e+02  -1.1 2.60e+01  -2.1 1.00e+00 4.33e-01f  1
 468r 1.5617103e+01 3.89e+00 2.23e+02  -1.0 4.38e+01    -  8.19e-01 5.08e-01f  1
 469r 1.5582544e+01 2.33e+00 2.26e+02  -0.5 2.97e+01    -  1.00e+00 4.38e-01f  1
iter    objective    inf_pr   inf_du lg(mu)  ||d||  lg(rg) alpha_du alpha_pr  ls
 470r 1.5596270e+01 3.47e+00 7.87e+02   0.4 4.59e+01    -  1.00e+00 4.81e-01f  1
 471r 1.5645537e+01 4.94e+00 9.12e+02   0.0 5.95e+01    -  1.88e-01 5.00e-01H  1
 472r 1.5707773e+01 5.16e-01 1.08e+02   0.0 3.27e+01    -  9.23e-01 1.00e+00h  1
 473r 1.5722358e+01 5.09e-01 5.85e+02   0.0 1.18e+01    -  6.77e-01 1.17e-01h  3
 474r 1.5757685e+01 5.13e-01 3.96e+02   0.0 6.63e+00  -1.6 1.00e+00 5.00e-01h  2
 475r 1.5771746e+01 5.11e-01 1.92e+00   0.0 1.48e+00  -1.2 1.00e+00 1.00e+00f  1
 476r 1.5825927e+01 5.40e-01 5.71e+01  -0.7 4.22e+00  -1.7 7.49e-01 1.00e+00f  1
 477r 1.5807327e+01 5.46e-01 1.32e+02  -0.7 9.14e+00  -1.3 9.71e-01 4.88e-01f  1
 478r 1.5752208e+01 5.35e-01 1.18e+02  -1.0 2.19e+01  -1.7 1.00e+00 5.47e-01f  1
 479r 1.5721134e+01 5.16e-01 1.40e+01  -0.6 1.22e+01  -1.3 1.00e+00 1.00e+00f  1
iter    objective    inf_pr   inf_du lg(mu)  ||d||  lg(rg) alpha_du alpha_pr  ls
 480r 1.5715576e+01 5.15e-01 2.29e+02  -1.0 2.99e+01    -  9.76e-01 1.16e-01f  1
 481r 1.5547911e+01 5.55e+00 3.21e+02  -1.0 5.38e+01    -  3.82e-01 3.83e-01f  1
 482r 1.5558300e+01 5.18e+00 4.15e+02  -0.8 1.42e+01  -1.8 1.00e+00 6.77e-02f  1
 483r 1.5614774e+01 3.24e+00 2.25e+02  -0.8 1.21e+01    -  3.24e-01 4.72e-01f  1
 484r 1.5640582e+01 1.94e+00 1.19e+02  -0.8 1.04e+01    -  9.06e-01 5.05e-01f  1
 485r 1.5656095e+01 4.93e-01 9.36e+00  -0.8 3.69e+00    -  1.00e+00 1.00e+00f  1
 486r 1.5658166e+01 4.96e-01 1.13e+00  -1.7 1.40e+00    -  9.91e-01 9.97e-01f  1
 487r 1.5641930e+01 2.32e+00 5.13e+01  -7.7 1.54e+02    -  1.90e-01 1.26e-01f  1
 488r 1.5628482e+01 1.94e+00 7.92e+02  -0.4 2.60e+01  -1.4 6.88e-01 2.06e-01f  1
 489r 1.5637079e+01 1.89e+00 7.93e+02  -1.1 5.78e+01    -  6.00e-02 1.27e-01H  1
iter    objective    inf_pr   inf_du lg(mu)  ||d||  lg(rg) alpha_du alpha_pr  ls
 490r 1.5616201e+01 1.02e+00 4.44e+02  -1.1 1.68e+01    -  4.63e-01 8.96e-01f  1
 491r 1.5609177e+01 4.73e-01 1.45e+02  -0.7 4.45e+00    -  9.67e-01 7.90e-01f  1
 492r 1.5611292e+01 4.74e-01 5.93e+01  -0.9 4.55e+01    -  2.22e-01 3.48e-02h  5
 493r 1.5646184e+01 4.89e-01 1.81e+01  -0.9 2.95e+01    -  1.00e+00 1.00e+00H  1
 494r 1.5644983e+01 4.90e-01 6.24e-01  -0.9 2.06e+00    -  1.00e+00 1.00e+00h  1
 495r 1.5651208e+01 4.93e-01 4.32e+00  -1.7 1.58e+00    -  9.65e-01 9.97e-01f  1
 496r 1.5633243e+01 2.60e+00 2.29e+01  -1.1 1.71e+02    -  1.53e-01 1.24e-01f  1
 497r 1.5616580e+01 4.78e-01 2.29e+00  -1.7 6.21e+00    -  1.00e+00 1.00e+00f  1
 498r 1.5603487e+01 5.41e-01 5.06e+01  -1.7 1.84e+02    -  1.68e-01 6.82e-02f  1
 499r 1.5603291e+01 5.38e-01 3.48e+02  -2.1 1.75e+01  -1.8 1.00e+00 6.80e-03f  1
iter    objective    inf_pr   inf_du lg(mu)  ||d||  lg(rg) alpha_du alpha_pr  ls
 500r 1.5601371e+01 4.68e-01 7.69e+02  -0.7 4.70e+01  -2.3 4.88e-01 1.38e-01f  1
 501r 1.5601715e+01 4.68e-01 6.53e+02  -1.4 8.29e+01    -  1.41e-01 4.93e-02h  1
 502r 1.5602725e+01 1.24e+00 6.72e+02  -1.4 5.46e+01    -  1.70e-02 2.99e-01f  1
 503r 1.5601677e+01 1.83e+00 4.64e+02  -1.4 1.91e+02  -2.8 2.72e-01 7.20e-02f  1
 504r 1.5597567e+01 5.81e-01 2.94e+02  -1.4 6.51e+00    -  5.21e-01 1.00e+00f  1
 505r 1.5598594e+01 4.59e-01 6.52e+01  -2.2 3.55e+00    -  1.00e+00 5.59e-01f  1
 506r 1.5594138e+01 2.14e+00 8.11e+02  -0.9 6.53e+01  -2.4 1.00e+00 1.89e-01f  1
 507r 1.5597185e+01 2.01e+00 7.22e+02  -1.5 2.81e+01    -  1.07e-01 1.24e-01H  1
 508r 1.5595904e+01 1.51e+00 1.47e+02  -1.5 5.93e+00    -  9.88e-01 2.69e-01f  1
 509r 1.5596380e+01 4.50e-01 2.48e+00  -1.5 4.21e+00    -  1.00e+00 1.00e+00f  1
iter    objective    inf_pr   inf_du lg(mu)  ||d||  lg(rg) alpha_du alpha_pr  ls
 510r 1.5597985e+01 4.52e-01 1.43e+00  -2.5 5.09e-01    -  1.00e+00 9.87e-01f  1
 511r 1.5593009e+01 8.57e-01 7.62e+02  -1.3 3.16e+01  -1.9 6.40e-01 2.45e-01f  1
 512r 1.5594785e+01 8.26e-01 6.70e+02  -1.9 1.82e+01    -  1.31e-01 1.51e-01h  1
 513r 1.5594686e+01 2.26e+00 4.86e+02  -1.9 1.81e+02    -  1.81e-01 6.09e-02f  1
 514r 1.5594780e+01 3.00e+00 3.19e+02  -1.9 2.50e+02    -  1.62e-01 3.40e-02f  1
 515r 1.5594215e+01 2.57e+00 8.50e+02  -1.5 2.31e+01    -  1.00e+00 1.43e-01f  1
 516r 1.5595630e+01 6.51e-01 4.21e+02  -1.9 6.99e+00    -  3.38e-01 7.44e-01h  1
 517r 1.5595468e+01 6.17e-01 7.51e+02  -1.5 2.08e+01    -  1.00e+00 5.24e-02f  1
 518r 1.5596368e+01 4.55e-01 4.44e+02  -1.9 3.70e+00    -  3.54e-01 1.00e+00h  1
 519r 1.5596319e+01 4.54e-01 6.53e+02  -1.5 2.83e+01    -  1.00e+00 1.13e-02f  1
iter    objective    inf_pr   inf_du lg(mu)  ||d||  lg(rg) alpha_du alpha_pr  ls
 520r 1.5596295e+01 4.49e-01 3.33e+02  -2.0 2.45e+00    -  4.60e-01 6.05e-01f  1
 521r 1.5594612e+01 1.23e+00 7.19e+02  -1.4 2.94e+01    -  1.00e+00 3.69e-01f  1
 522r 1.5595682e+01 1.07e+00 4.84e+02  -1.8 1.31e+01    -  3.33e-01 3.61e-01h  1
 523r 1.5592872e+01 1.13e+00 1.44e+01  -1.8 9.58e+00    -  1.00e+00 1.00e+00f  1
 524r 1.5594844e+01 4.08e-01 1.34e+00  -2.5 4.40e-01    -  1.00e+00 9.94e-01f  1
 525r 1.5594844e+01 4.08e-01 9.99e+02  -0.4 0.00e+00  21.9 0.00e+00 4.77e-07R 22
 526r 1.5590334e+01 4.01e-01 7.79e+02   0.5 8.49e+00    -  1.00e+00 2.14e-01f  1
 527r 1.5569753e+01 4.48e-01 6.74e+01  -0.1 5.66e+00    -  1.00e+00 1.00e+00f  1
 528r 1.5573261e+01 3.68e-01 8.37e+00  -0.1 2.93e+00    -  1.00e+00 1.00e+00f  1
 529r 1.5583472e+01 3.85e-01 4.27e+01  -0.8 2.16e+00    -  8.14e-01 1.00e+00f  1
iter    objective    inf_pr   inf_du lg(mu)  ||d||  lg(rg) alpha_du alpha_pr  ls
 530r 1.5587904e+01 3.73e-01 8.68e+00  -0.8 7.27e+00    -  9.97e-01 1.00e+00f  1
 531r 1.5589844e+01 3.76e-01 1.61e+00  -1.5 1.17e+00    -  9.77e-01 1.00e+00f  1
 532r 1.5587928e+01 3.70e-01 3.93e+02  -1.5 2.06e+01    -  9.97e-01 1.70e-01f  1
 533r 1.5585684e+01 1.59e+00 1.01e+02  -1.2 1.41e+01    -  1.00e+00 8.15e-01f  1
 534r 1.5586994e+01 5.81e-01 1.68e+02  -1.4 6.97e+00    -  3.94e-01 1.00e+00h  1
 535r 1.5586202e+01 3.48e-01 1.67e+00  -1.4 4.19e+00    -  1.00e+00 1.00e+00f  1
 536r 1.5586202e+01 3.48e-01 9.99e+02  -0.5 0.00e+00  21.4 0.00e+00 4.77e-07R 22
 537r 1.5586335e+01 3.48e-01 9.98e+02  -1.1 1.68e+02    -  5.67e-01 1.43e-03f  1
 538r 1.5583163e+01 3.87e+00 4.32e+02  -0.4 3.39e+01    -  9.24e-01 5.67e-01f  1
 539r 1.5586536e+01 2.99e-01 2.46e+01  -1.3 4.54e+00    -  1.00e+00 9.98e-01f  1
iter    objective    inf_pr   inf_du lg(mu)  ||d||  lg(rg) alpha_du alpha_pr  ls
 540r 1.5594047e+01 2.32e+00 3.97e+02   0.0 3.62e+01    -  6.96e-01 4.21e-01f  1
 541r 1.5585628e+01 2.34e+00 3.35e+02  -0.4 2.14e+01    -  1.48e-01 5.87e-01h  1
 542r 1.5585000e+01 1.11e+00 6.14e+01  -0.4 7.28e+00    -  1.00e+00 5.83e-01f  1
 543r 1.5584705e+01 2.88e-01 1.34e+00  -0.4 1.35e+00    -  1.00e+00 1.00e+00f  1
 544r 1.5584705e+01 2.88e-01 9.99e+02  -0.5 0.00e+00  20.9 0.00e+00 4.77e-07R 22
 545r 1.5584561e+01 2.88e-01 9.92e+02  -0.3 1.84e+01    -  1.00e+00 5.88e-03f  1
 546r 1.5594356e+01 2.11e+00 2.69e+02  -0.6 1.42e+01    -  1.00e+00 1.00e+00f  1
 547r 1.5597205e+01 1.74e+00 1.56e+02  -0.4 1.40e+01    -  1.00e+00 4.14e-01f  1
 548r 1.5595576e+01 2.33e-01 2.91e+00  -1.0 2.37e+00    -  1.00e+00 1.00e+00f  1
 549r 1.5598975e+01 2.17e-01 7.72e+01  -6.9 2.17e+01    -  3.88e-01 2.09e-01f  1
iter    objective    inf_pr   inf_du lg(mu)  ||d||  lg(rg) alpha_du alpha_pr  ls
 550r 1.5608980e+01 6.16e-01 1.93e+02  -0.8 4.27e+01  -2.0 6.75e-01 3.49e-01f  1
 551r 1.5607578e+01 5.31e-01 3.93e+02  -1.0 9.72e+00  -1.6 1.00e+00 1.38e-01f  1
 552r 1.5613330e+01 1.89e+00 3.22e+02  -1.0 1.21e+01    -  2.31e-01 9.16e-01f  1
 553r 1.5612074e+01 1.02e+00 1.59e+02  -1.4 3.99e+00    -  1.00e+00 5.12e-01f  1
 554r 1.5610405e+01 1.39e+00 1.20e+02  -0.9 3.45e+01    -  1.00e+00 4.11e-01f  1
 555r 1.5606324e+01 1.16e+00 1.20e+02  -1.1 2.04e+01    -  4.36e-01 1.00e+00H  1
 556r 1.5608244e+01 6.43e-01 1.68e+01  -1.4 1.08e+01    -  1.00e+00 1.00e+00f  1
 557r 1.5610032e+01 1.12e+00 3.26e+01  -1.5 2.13e+01    -  9.91e-01 6.32e-01f  1
 558r 1.5611236e+01 1.08e+00 1.76e+02  -2.0 3.00e+01    -  1.00e+00 1.28e-01f  1
 559r 1.5613907e+01 1.06e+00 5.44e+02  -2.7 4.32e+01    -  6.58e-01 6.66e-02f  1
iter    objective    inf_pr   inf_du lg(mu)  ||d||  lg(rg) alpha_du alpha_pr  ls
 560r 1.5646826e+01 1.05e+01 2.02e+02  -7.5 1.99e+02    -  2.29e-03 2.29e-01f  1
 561r 1.5651726e+01 9.48e+00 5.40e+02  -1.4 3.13e+01  -2.1 1.00e+00 1.02e-01h  1
 562r 1.5642356e+01 8.95e+00 2.09e+02  -1.7 7.04e+01    -  5.27e-01 2.72e-01h  2
 563r 1.5639724e+01 1.18e+00 1.65e+01  -1.3 1.52e+01    -  1.00e+00 9.88e-01f  1
 564r 1.5635699e+01 1.05e+00 2.97e+02  -1.4 3.27e+01    -  8.52e-01 1.13e-01h  1
 565r 1.5619094e+01 1.02e+00 8.89e+01  -1.4 1.61e+01    -  1.00e+00 7.58e-01h  1
 566r 1.5614807e+01 5.52e-01 3.37e+00  -1.4 7.59e+00    -  1.00e+00 1.00e+00h  1
 567r 1.5614535e+01 1.48e-01 1.56e+00  -2.4 2.21e+00    -  9.83e-01 1.00e+00f  1
 568  1.5614535e+01 1.48e-01 1.74e+12 -11.0 6.08e-09  20.5 1.00e+00 1.00e+00h  1
 569  1.5614535e+01 1.48e-01 3.48e+12 -11.0 3.65e-08  20.0 1.00e+00 1.00e+00h  1
iter    objective    inf_pr   inf_du lg(mu)  ||d||  lg(rg) alpha_du alpha_pr  ls
 570  1.5614535e+01 1.48e-01 5.22e+12 -11.0 1.64e-07  19.5 1.00e+00 1.00e+00h  1
 571  1.5614535e+01 1.48e-01 6.94e+12 -11.0 6.54e-07  19.0 1.00e+00 1.00e+00h  1
 572  1.5614535e+01 1.48e-01 8.49e+12 -11.0 7.21e-06  18.1 1.00e+00 1.00e+00h  1
 573  7.2957983e+00 3.02e+03 4.16e+29 -11.0 1.66e+03  17.6 1.00e+00 1.00e+00f  1
WARNING: Problem in step computation; switching to emergency mode.
 574r 7.2957983e+00 3.02e+03 9.99e+02   3.5 0.00e+00  19.8 0.00e+00 0.00e+00R  1
 575r 7.7492174e+00 6.53e+04 2.31e+06  -2.5 5.89e+05    -  4.90e-03 3.04e-03f  1
 576r 7.7898929e+00 3.14e+04 1.12e+06   2.4 1.04e+01   2.0 1.00e+00 8.79e-01f  1
 577r 7.8170256e+00 2.72e+04 9.66e+05   1.7 3.28e+01   1.5 1.00e+00 1.49e-01f  1
 578r 7.9784606e+00 2.13e+04 7.59e+05   3.2 9.49e+01   1.0 9.70e-01 2.56e-01f  1
 579r 8.1020755e+00 1.36e+04 4.87e+05   3.4 3.76e+01   1.5 8.49e-01 4.96e-01f  1
iter    objective    inf_pr   inf_du lg(mu)  ||d||  lg(rg) alpha_du alpha_pr  ls
 580r 8.1153132e+00 5.98e+03 2.23e+05   3.1 3.00e+00   2.8 9.47e-01 9.58e-01f  1
 581r 8.1227011e+00 2.70e+03 7.95e+05   3.4 4.19e+00   3.2 1.00e+00 8.73e-01f  1
 582  8.1227011e+00 1.89e+03 2.84e+18 -11.0 2.42e-02  20.3 1.00e+00 1.00e+00h  1
 583  8.1227011e+00 1.79e+03 2.39e+18 -11.0 4.12e-02  19.8 1.00e+00 1.00e+00h  1
 584  8.1227011e+00 1.78e+03 1.51e+18 -11.0 6.07e-02  19.3 1.00e+00 1.00e+00h  1
 585  8.1227011e+00 1.78e+03 1.35e+18 -11.0 2.53e-02  19.7 1.00e+00 1.00e+00h  1
 586  8.1227011e+00 1.78e+03 1.02e+18 -11.0 5.47e-02  19.2 1.00e+00 1.00e+00h  1
 587  8.1227011e+00 1.76e+03 6.70e+17 -11.0 9.12e-02  18.8 1.00e+00 1.00e+00h  1
 588  8.1227011e+00 1.76e+03 5.97e+17 -11.0 3.74e-02  19.2 1.00e+00 1.00e+00h  1
 589  8.1227011e+00 1.75e+03 6.15e+17 -11.0 1.41e-02  19.6 1.00e+00 1.00e+00H  1
iter    objective    inf_pr   inf_du lg(mu)  ||d||  lg(rg) alpha_du alpha_pr  ls
 590  8.1227011e+00 1.75e+03 6.11e+17 -11.0 5.81e-02  19.1 1.00e+00 6.25e-02h  5
 591  8.1227011e+00 1.75e+03 6.07e+17 -11.0 1.60e-02  19.6 1.00e+00 2.50e-01h  3
 592  8.1227011e+00 1.74e+03 5.33e+17 -11.0 1.00e-01  19.1 1.00e+00 1.00e+00h  1
 593  8.1227011e+00 1.70e+03 4.21e+17 -11.0 4.55e-01  18.6 1.00e+00 1.00e+00H  1
 594  8.1227011e+00 1.68e+03 4.37e+17 -11.0 3.96e-02  19.0 1.00e+00 1.00e+00h  1
 595  8.1227011e+00 1.62e+03 7.93e+17 -11.0 2.09e-01  18.6 1.00e+00 1.00e+00H  1
 596  8.1227011e+00 1.62e+03 1.07e+18 -11.0 1.27e-02  19.9 1.00e+00 1.00e+00h  1
WARNING: Problem in step computation; switching to emergency mode.
 597r 8.1227011e+00 1.62e+03 9.99e+02   3.2 0.00e+00  19.4 0.00e+00 0.00e+00R  1
 598r 8.5430078e+00 9.79e+02 1.07e+03  -2.8 1.48e+05    -  6.91e-03 4.70e-03f  1
 599  8.5430078e+00 9.79e+02 2.14e+16 -11.0 9.30e-04  19.4 1.00e+00 1.00e+00h  1
iter    objective    inf_pr   inf_du lg(mu)  ||d||  lg(rg) alpha_du alpha_pr  ls
 600  8.5430078e+00 9.77e+02 3.69e+16 -11.0 4.85e-03  18.9 1.00e+00 1.00e+00h  1
 601  8.5430078e+00 9.69e+02 5.19e+16 -11.0 2.01e-02  18.4 1.00e+00 1.00e+00h  1
 602  8.5430078e+00 9.36e+02 6.84e+16 -11.0 7.95e-02  17.9 1.00e+00 1.00e+00h  1
 603  9.3245344e+00 6.89e+02 9.90e+26 -11.0 1.99e+03  17.5 1.00e+00 5.00e-01h  2
WARNING: Problem in step computation; switching to emergency mode.
 604r 9.3245344e+00 6.89e+02 9.99e+02   2.8 0.00e+00  19.7 0.00e+00 0.00e+00R  1
 605r 9.3867297e+00 4.81e+02 9.96e+02  -3.2 1.43e+05    -  7.71e-03 2.27e-03f  1
 606  9.3867297e+00 4.81e+02 4.06e+16 -11.0 3.12e-04  20.1 1.00e+00 1.00e+00h  1
 607  9.3867297e+00 4.81e+02 7.77e+16 -11.0 1.80e-03  19.6 1.00e+00 1.00e+00h  1
 608  9.3867297e+00 4.80e+02 1.00e+17 -11.0 7.05e-03  19.2 1.00e+00 1.00e+00h  1
 609  9.3867297e+00 4.77e+02 8.92e+16 -11.0 1.85e-02  18.7 1.00e+00 1.00e+00h  1
iter    objective    inf_pr   inf_du lg(mu)  ||d||  lg(rg) alpha_du alpha_pr  ls
 610  9.3867297e+00 4.63e+02 5.88e+16 -11.0 3.95e-02  18.2 1.00e+00 1.00e+00h  1
 611  9.3867297e+00 4.12e+02 5.20e+16 -11.0 1.16e-01  17.7 1.00e+00 1.00e+00h  1
 612  9.5201463e+00 4.07e+02 3.73e+25 -11.0 1.63e+04  17.3 1.00e+00 1.56e-02h  7
WARNING: Problem in step computation; switching to emergency mode.
 613r 9.5201463e+00 4.07e+02 9.99e+02   2.6 0.00e+00  19.5 0.00e+00 0.00e+00R  1
 614r 9.5907000e+00 3.05e+02 9.96e+02  -3.4 8.55e+04    -  6.44e-03 2.70e-03f  1
 615  9.5907000e+00 3.05e+02 5.47e+15 -11.0 6.72e-05  19.9 1.00e+00 1.00e+00h  1
 616  9.5907000e+00 3.05e+02 1.09e+16 -11.0 4.03e-04  19.4 1.00e+00 1.00e+00h  1
 617  9.5907000e+00 3.04e+02 1.64e+16 -11.0 1.81e-03  19.0 1.00e+00 1.00e+00h  1
 618  9.5907000e+00 2.98e+02 2.17e+16 -11.0 7.19e-03  18.5 1.00e+00 1.00e+00h  1
 619  9.5907000e+00 2.76e+02 2.67e+16 -11.0 2.64e-02  18.0 1.00e+00 1.00e+00h  1
iter    objective    inf_pr   inf_du lg(mu)  ||d||  lg(rg) alpha_du alpha_pr  ls
 620  9.0671934e+00 6.20e+02 1.18e+26 -11.0 2.09e+04  17.5 1.00e+00 6.25e-02h  5
WARNING: Problem in step computation; switching to emergency mode.
 621r 9.0671934e+00 6.20e+02 9.99e+02   2.8 0.00e+00  19.8 0.00e+00 0.00e+00R  1
 622r 9.0950473e+00 2.29e+02 1.08e+03  -3.2 1.54e+05    -  5.63e-03 2.54e-03f  1
 623  9.0950473e+00 2.29e+02 4.67e+15 -11.0 3.06e-05  20.2 1.00e+00 1.00e+00h  1
 624  9.0950473e+00 2.28e+02 9.34e+15 -11.0 1.84e-04  19.7 1.00e+00 1.00e+00h  1
 625  9.0950473e+00 2.28e+02 1.40e+16 -11.0 8.27e-04  19.2 1.00e+00 1.00e+00h  1
 626  9.0950473e+00 2.27e+02 1.88e+16 -11.0 3.32e-03  18.8 1.00e+00 1.00e+00h  1
 627  9.0950473e+00 2.22e+02 2.44e+16 -11.0 1.28e-02  18.3 1.00e+00 1.00e+00h  1
 628  9.0950473e+00 2.06e+02 3.42e+16 -11.0 5.16e-02  17.8 1.00e+00 1.00e+00h  1
 629  9.1433843e+00 2.00e+02 4.92e+23 -11.0 4.34e+03  17.3 1.00e+00 3.12e-02h  6
iter    objective    inf_pr   inf_du lg(mu)  ||d||  lg(rg) alpha_du alpha_pr  ls
 630  9.3954279e+00 2.08e+02 1.66e+25 -11.0 4.88e+03  16.8 1.00e+00 1.25e-01h  4
 631  9.3825953e+00 1.95e+02 1.41e+25 -11.0 2.42e+03  16.4 1.00e+00 1.25e-01h  4
 632  9.5387083e+00 1.95e+02 4.60e+25 -11.0 4.44e+04  15.9 1.00e+00 7.81e-03h  8
WARNING: Problem in step computation; switching to emergency mode.
 633r 9.5387083e+00 1.95e+02 9.99e+02   2.3 0.00e+00  19.9 0.00e+00 0.00e+00R  1
 634r 9.5654653e+00 8.09e+01 9.96e+02  -3.7 1.61e+05    -  4.64e-03 1.20e-03f  1
 635  9.5654653e+00 8.09e+01 4.70e+15 -11.0 2.08e-05  20.4 1.00e+00 1.00e+00h  1
 636  9.5654653e+00 8.07e+01 9.29e+15 -11.0 1.23e-04  19.9 1.00e+00 1.00e+00h  1
 637  9.5654653e+00 7.99e+01 1.38e+16 -11.0 5.51e-04  19.4 1.00e+00 1.00e+00h  1
 638  9.5654653e+00 7.69e+01 1.84e+16 -11.0 2.20e-03  18.9 1.00e+00 1.00e+00h  1
 639  9.5654653e+00 6.50e+01 2.32e+16 -11.0 8.26e-03  18.4 1.00e+00 1.00e+00h  1
iter    objective    inf_pr   inf_du lg(mu)  ||d||  lg(rg) alpha_du alpha_pr  ls
 640  9.5654653e+00 6.13e+01 2.91e+16 -11.0 3.05e-02  18.0 1.00e+00 1.00e+00h  1
 641  9.5654654e+00 5.03e+01 1.53e+16 -11.0 1.15e-01  17.5 1.00e+00 1.00e+00H  1
 642  9.4871932e+00 1.70e+02 1.63e+24 -11.0 8.27e+03  17.0 1.00e+00 3.12e-02h  6
WARNING: Problem in step computation; switching to emergency mode.
 643r 9.4871932e+00 1.70e+02 9.99e+02   2.2 0.00e+00  19.2 0.00e+00 0.00e+00R  1
 644r 9.5294723e+00 1.08e+02 9.96e+02  -3.8 6.10e+04    -  6.55e-03 2.07e-03f  1
 645  9.5294723e+00 1.08e+02 2.78e+15 -11.0 1.77e-04  19.2 1.00e+00 1.00e+00h  1
 646  9.5294723e+00 1.08e+02 5.03e+15 -11.0 9.59e-04  18.7 1.00e+00 1.00e+00h  1
 647  9.5294723e+00 1.06e+02 5.85e+15 -11.0 3.38e-03  18.2 1.00e+00 1.00e+00h  1
 648  9.5294723e+00 9.86e+01 7.50e+15 -11.0 1.29e-02  17.8 1.00e+00 1.00e+00h  1
 649  9.6075099e+00 9.75e+01 2.68e+24 -11.0 2.65e+04  17.3 1.00e+00 6.81e-03h  8
iter    objective    inf_pr   inf_du lg(mu)  ||d||  lg(rg) alpha_du alpha_pr  ls
 650  9.6480464e+00 9.68e+01 2.63e+24 -11.0 5.65e+03  16.8 1.00e+00 7.81e-03h  8
WARNING: Problem in step computation; switching to emergency mode.
 651r 9.6480464e+00 9.68e+01 9.99e+02   2.0 0.00e+00  19.9 0.00e+00 0.00e+00R  1
 652r 9.6797938e+00 3.19e+01 9.95e+02  -4.0 3.01e+04    -  5.43e-03 2.90e-03f  1
 653  9.6797938e+00 3.19e+01 1.82e+15 -11.0 7.75e-06  20.4 1.00e+00 1.00e+00h  1
 654  9.6797938e+00 3.19e+01 3.61e+15 -11.0 4.62e-05  19.9 1.00e+00 1.00e+00h  1
 655  9.6797938e+00 3.19e+01 5.27e+15 -11.0 2.02e-04  19.4 1.00e+00 1.00e+00h  1
 656  9.6797938e+00 3.19e+01 6.47e+15 -11.0 7.46e-04  18.9 1.00e+00 1.00e+00h  1
 657  9.6797938e+00 3.19e+01 6.35e+15 -11.0 2.19e-03  18.5 1.00e+00 1.00e+00h  1
 658  9.6797939e+00 3.19e+01 4.48e+15 -11.0 4.65e-03  18.0 1.00e+00 1.00e+00h  1
 659  9.6854468e+00 3.19e+01 1.30e+22 -11.0 2.03e+04  17.5 1.00e+00 3.75e-04h 12
WARNING: Problem in step computation; switching to emergency mode.
iter    objective    inf_pr   inf_du lg(mu)  ||d||  lg(rg) alpha_du alpha_pr  ls
 660r 9.6854468e+00 3.19e+01 9.99e+02   1.5 0.00e+00  19.7 0.00e+00 0.00e+00R  1
 661r 9.6467869e+00 2.73e+01 9.96e+02   3.5 1.15e+04    -  9.76e-03 1.82e-03f  1
 662  9.6467869e+00 2.73e+01 1.26e+15 -11.0 8.63e-06  20.2 1.00e+00 1.00e+00h  1
 663  9.6467869e+00 2.73e+01 2.49e+15 -11.0 5.10e-05  19.7 1.00e+00 1.00e+00h  1
 664  9.6467869e+00 2.73e+01 3.54e+15 -11.0 2.18e-04  19.2 1.00e+00 1.00e+00h  1
 665  9.6467869e+00 2.73e+01 4.17e+15 -11.0 7.70e-04  18.7 1.00e+00 1.00e+00h  1
 666  9.6467869e+00 2.73e+01 3.74e+15 -11.0 2.07e-03  18.3 1.00e+00 1.00e+00h  1
 667  9.6467869e+00 2.73e+01 1.88e+15 -11.0 3.07e-03  17.8 1.00e+00 1.00e+00h  1
 668  9.6483761e+00 2.73e+01 1.98e+21 -11.0 5.73e+04  17.3 1.00e+00 3.26e-05h 14
 669r 9.6483761e+00 2.73e+01 9.99e+02   1.4 0.00e+00  16.8 0.00e+00 4.06e-07R 20
iter    objective    inf_pr   inf_du lg(mu)  ||d||  lg(rg) alpha_du alpha_pr  ls
 670r 9.5664515e+00 2.01e+01 9.94e+02   3.4 4.42e+03    -  1.47e-02 3.27e-03f  1
 671  9.5664520e+00 2.02e+01 1.02e+14 -11.0 1.33e-02  15.9 1.00e+00 1.00e+00h  1
 672  8.9543385e+00 1.06e+03 7.54e+24 -11.0 1.14e+04  15.4 1.00e+00 6.25e-02h  5
 673  9.0327227e+00 9.93e+02 7.52e+24 -11.0 4.78e+03  14.9 1.00e+00 6.25e-02h  5
WARNING: Problem in step computation; switching to emergency mode.
 674r 9.0327227e+00 9.93e+02 9.99e+02   3.0 0.00e+00  19.9 0.00e+00 0.00e+00R  1
 675r 9.0386923e+00 1.10e+03 9.97e+02  -3.0 6.56e+05    -  5.73e-03 1.50e-03f  1
 676r 9.0120386e+00 1.04e+03 9.95e+02  -3.0 6.59e+04  -2.0 4.71e-03 5.55e-03f  1
 677r 9.0743229e+00 1.03e+03 9.93e+02   1.8 4.75e+03  -0.7 5.22e-02 2.09e-02f  1
 678r 9.0760782e+00 1.02e+03 9.11e+02  -3.0 1.85e+04    -  9.11e-02 6.57e-03f  1
 679r 9.1533756e+00 8.98e+02 8.18e+02   2.3 2.80e+02  -1.1 7.27e-01 1.07e-01f  1
iter    objective    inf_pr   inf_du lg(mu)  ||d||  lg(rg) alpha_du alpha_pr  ls
 680r 9.2628607e+00 6.13e+02 2.29e+03   3.0 2.60e+02    -  1.00e+00 6.96e-01f  1
 681  9.2628607e+00 6.13e+02 1.14e+16 -11.0 5.90e-05  20.3 1.00e+00 1.00e+00h  1
 682  9.2628607e+00 6.13e+02 2.27e+16 -11.0 3.54e-04  19.8 1.00e+00 1.00e+00h  1
 683  9.2628607e+00 6.12e+02 3.41e+16 -11.0 1.59e-03  19.3 1.00e+00 1.00e+00h  1
 684  9.2628607e+00 6.10e+02 4.54e+16 -11.0 6.36e-03  18.9 1.00e+00 1.00e+00h  1
 685  9.2628607e+00 5.99e+02 5.64e+16 -11.0 2.37e-02  18.4 1.00e+00 1.00e+00h  1
 686  9.2628607e+00 5.60e+02 6.66e+16 -11.0 8.40e-02  17.9 1.00e+00 1.00e+00h  1
 687  9.2628608e+00 4.23e+02 7.39e+16 -11.0 2.80e-01  17.4 1.00e+00 1.00e+00h  1
 688  9.0033825e+00 4.21e+02 6.17e+25 -11.0 1.43e+05  16.9 1.00e+00 3.91e-03h  9
WARNING: Problem in step computation; switching to emergency mode.
 689r 9.0033825e+00 4.21e+02 9.99e+02   2.6 0.00e+00  19.2 0.00e+00 0.00e+00R  1
iter    objective    inf_pr   inf_du lg(mu)  ||d||  lg(rg) alpha_du alpha_pr  ls
 690r 9.0161035e+00 2.54e+02 9.95e+02  -3.4 6.48e+04    -  5.93e-03 3.22e-03f  1
 691  9.0161035e+00 2.54e+02 3.97e+15 -11.0 2.97e-04  19.1 1.00e+00 1.00e+00h  1
 692  9.0161035e+00 2.53e+02 7.93e+15 -11.0 1.78e-03  18.6 1.00e+00 1.00e+00h  1
 693  9.0161035e+00 2.49e+02 1.18e+16 -11.0 7.94e-03  18.2 1.00e+00 1.00e+00h  1
 694  9.0161035e+00 2.32e+02 1.53e+16 -11.0 3.09e-02  17.7 1.00e+00 1.00e+00h  1
 695  9.0161036e+00 1.35e+02 4.15e+16 -11.0 1.85e-01  17.2 1.00e+00 1.00e+00h  1
 696  9.0309176e+00 1.34e+02 7.58e+21 -11.0 5.74e+03  16.7 1.00e+00 7.81e-03h  8
 697  9.0315602e+00 1.34e+02 7.58e+21 -11.0 1.60e+04  16.3 1.00e+00 4.88e-04h 12
 698  9.0317793e+00 1.34e+02 7.58e+21 -11.0 2.15e+04  15.8 1.00e+00 2.44e-04h 13
 699  9.0318971e+00 1.34e+02 7.58e+21 -11.0 2.79e+04  15.3 1.00e+00 2.44e-04h 13
iter    objective    inf_pr   inf_du lg(mu)  ||d||  lg(rg) alpha_du alpha_pr  ls
 700  9.0318315e+00 1.34e+02 7.59e+21 -11.0 4.58e+04  14.8 1.00e+00 1.22e-04h 14
 701  9.0316526e+00 1.34e+02 7.64e+21 -11.0 9.66e+04  14.4 1.00e+00 6.10e-05h 15
WARNING: Problem in step computation; switching to emergency mode.
 702r 9.0316526e+00 1.34e+02 9.99e+02   2.1 0.00e+00  19.3 0.00e+00 0.00e+00R  1
 703r 9.0342225e+00 1.06e+02 9.97e+02  -3.9 7.24e+04    -  3.98e-03 1.83e-03f  1
 704  9.0342225e+00 1.06e+02 2.93e+15 -11.0 1.67e-04  19.2 1.00e+00 1.00e+00h  1
 705  9.0342225e+00 1.06e+02 5.86e+15 -11.0 9.98e-04  18.8 1.00e+00 1.00e+00h  1
 706  9.0342225e+00 1.06e+02 8.82e+15 -11.0 4.48e-03  18.3 1.00e+00 1.00e+00h  1
 707  9.0342225e+00 1.07e+02 1.21e+16 -11.0 1.81e-02  17.8 1.00e+00 1.00e+00h  1
 708  9.0337663e+00 1.07e+02 4.58e+23 -11.0 4.14e+04  17.3 1.00e+00 9.77e-04h 11
WARNING: Problem in step computation; switching to emergency mode.
 709r 9.0337663e+00 1.07e+02 9.99e+02   2.0 0.00e+00  19.6 0.00e+00 0.00e+00R  1
iter    objective    inf_pr   inf_du lg(mu)  ||d||  lg(rg) alpha_du alpha_pr  ls
 710r 9.0346494e+00 6.80e+01 9.96e+02  -4.0 2.22e+04    -  6.55e-03 2.53e-03f  1
 711  9.0346494e+00 6.80e+01 7.97e+14 -11.0 8.07e-06  20.0 1.00e+00 1.00e+00h  1
 712  9.0346494e+00 6.80e+01 1.59e+15 -11.0 4.84e-05  19.5 1.00e+00 1.00e+00h  1
 713  9.0346494e+00 6.79e+01 2.39e+15 -11.0 2.18e-04  19.0 1.00e+00 1.00e+00h  1
 714  9.0346494e+00 6.78e+01 3.18e+15 -11.0 8.68e-04  18.6 1.00e+00 1.00e+00h  1
 715  9.0346494e+00 6.72e+01 3.94e+15 -11.0 3.23e-03  18.1 1.00e+00 1.00e+00h  1
 716  9.0346494e+00 6.54e+01 4.64e+15 -11.0 1.14e-02  17.6 1.00e+00 1.00e+00h  1
 717  9.0346495e+00 5.91e+01 5.13e+15 -11.0 3.78e-02  17.1 1.00e+00 1.00e+00h  1
 718  9.0346497e+00 4.09e+01 5.01e+15 -11.0 1.12e-01  16.7 1.00e+00 1.00e+00H  1
 719  9.0356409e+00 4.09e+01 2.41e+22 -11.0 3.18e+04  16.2 1.00e+00 9.77e-04h 11
WARNING: Problem in step computation; switching to emergency mode.
iter    objective    inf_pr   inf_du lg(mu)  ||d||  lg(rg) alpha_du alpha_pr  ls
 720r 9.0356409e+00 4.09e+01 9.99e+02   1.6 0.00e+00  19.3 0.00e+00 0.00e+00R  1
 721r 8.9891990e+00 1.44e+01 9.93e+02   3.6 2.22e+04    -  7.93e-03 1.82e-03f  1
 722  8.9891990e+00 1.42e+01 1.78e+15 -11.0 9.73e-05  19.3 1.00e+00 1.00e+00h  1
 723  8.9891990e+00 1.37e+01 3.46e+15 -11.0 5.68e-04  18.8 1.00e+00 1.00e+00h  1
 724  8.9891990e+00 1.20e+01 4.76e+15 -11.0 2.34e-03  18.3 1.00e+00 1.00e+00h  1
 725  8.9891990e+00 9.04e+00 4.85e+15 -11.0 7.16e-03  17.8 1.00e+00 1.00e+00h  1
 726  8.9929234e+00 9.03e+00 6.22e+22 -11.0 1.45e+04  17.4 1.00e+00 1.95e-03h 10
WARNING: Problem in step computation; switching to emergency mode.
 727r 8.9929234e+00 9.03e+00 9.99e+02   1.0 0.00e+00  19.6 0.00e+00 0.00e+00R  1
 728r 8.9709051e+00 3.67e+00 9.91e+02   3.0 5.23e+03    -  1.52e-02 1.44e-03f  1
 729  8.9709051e+00 3.67e+00 1.37e+14 -11.0 1.33e-06  20.0 1.00e+00 1.00e+00h  1
iter    objective    inf_pr   inf_du lg(mu)  ||d||  lg(rg) alpha_du alpha_pr  ls
 730  8.9709051e+00 3.67e+00 2.71e+14 -11.0 7.93e-06  19.5 1.00e+00 1.00e+00h  1
 731  8.9709051e+00 3.67e+00 3.98e+14 -11.0 3.49e-05  19.1 1.00e+00 1.00e+00h  1
 732  8.9709051e+00 3.67e+00 4.93e+14 -11.0 1.30e-04  18.6 1.00e+00 1.00e+00h  1
 733  8.9709051e+00 3.67e+00 5.74e+14 -11.0 4.53e-04  18.1 1.00e+00 1.00e+00h  1
 734  8.9712572e+00 3.67e+00 1.44e+21 -11.0 2.94e+04  17.6 1.00e+00 6.10e-05h 15
WARNING: Problem in step computation; switching to emergency mode.
 735r 8.9712572e+00 3.67e+00 9.99e+02   0.6 0.00e+00  19.9 0.00e+00 0.00e+00R  1
 736r 8.9604094e+00 1.41e+00 9.86e+02   2.6 2.80e+03    -  3.65e-02 1.48e-03f  1
 737  8.9604094e+00 1.41e+00 1.17e+14 -11.0 6.06e-07  20.3 1.00e+00 1.00e+00h  1
 738  8.9604094e+00 1.41e+00 2.30e+14 -11.0 3.59e-06  19.8 1.00e+00 1.00e+00h  1
 739  8.9604094e+00 1.41e+00 3.31e+14 -11.0 1.55e-05  19.3 1.00e+00 1.00e+00h  1
iter    objective    inf_pr   inf_du lg(mu)  ||d||  lg(rg) alpha_du alpha_pr  ls
 740  8.9604094e+00 1.41e+00 3.87e+14 -11.0 5.44e-05  18.9 1.00e+00 1.00e+00h  1
 741  8.9604094e+00 1.41e+00 3.31e+14 -11.0 1.39e-04  18.4 1.00e+00 1.00e+00h  1
 742  8.9604094e+00 1.41e+00 2.81e+14 -11.0 3.55e-04  17.9 1.00e+00 1.00e+00h  1
 743  8.9640584e+00 1.41e+00 3.39e+22 -11.0 1.64e+04  17.4 1.00e+00 9.77e-04h 11
WARNING: Problem in step computation; switching to emergency mode.
 744r 8.9640584e+00 1.41e+00 9.99e+02   0.1 0.00e+00  19.7 0.00e+00 0.00e+00R  1
 745r 8.9655131e+00 1.39e+00 9.96e+02   2.1 3.81e+03    -  1.66e-02 1.84e-03f  1
 746r 8.9776728e+00 1.40e+00 9.82e+02   1.3 6.72e+02    -  7.63e-02 1.26e-02f  1
 747r 9.0430583e+00 9.47e+00 9.41e+02   1.4 1.02e+03    -  1.86e-01 4.43e-02f  1
 748r 9.1167822e+00 7.20e+01 2.41e+03   1.4 3.88e+02    -  2.84e-01 6.67e-02f  1
 749r 9.1457558e+00 5.67e+01 1.90e+03   1.0 1.15e+01   0.0 9.96e-01 2.28e-01f  1
iter    objective    inf_pr   inf_du lg(mu)  ||d||  lg(rg) alpha_du alpha_pr  ls
 750r 9.1937356e+00 3.27e+01 1.39e+03   1.0 2.76e+01  -0.5 9.97e-01 4.62e-01f  1
 751r 9.1959828e+00 2.98e+01 1.27e+03   2.2 1.54e+02  -1.0 2.05e-01 7.62e-02f  1
 752r 9.1892642e+00 2.60e+01 4.58e+03   1.3 4.74e+00   1.3 2.05e-01 3.16e-01f  1
 753r 9.1998995e+00 3.69e+01 9.32e+03   1.3 9.83e+00   1.7 7.57e-02 1.56e-01f  1
 754r 9.2026706e+00 3.65e+01 8.64e+03   1.3 1.98e+01   2.1 1.23e-02 1.59e-02h  1
 755r 9.2000070e+00 3.61e+01 7.04e+03   1.3 1.22e+01   2.6 5.66e-03 2.40e-02f  1
 756r 9.2049271e+00 3.57e+01 5.85e+03   1.3 1.91e+01   2.1 5.93e-02 2.56e-02f  1
 757r 9.2044770e+00 3.57e+01 5.84e+03   1.3 1.37e+02   1.6 1.20e-04 1.10e-03f  2
 758r 9.2050858e+00 3.46e+01 5.57e+03   1.3 5.89e-01   2.9 1.34e-01 3.37e-02h  1
 759r 9.2054240e+00 3.39e+01 5.25e+03   0.5 7.29e-01   3.4 2.25e-01 2.14e-02f  1
iter    objective    inf_pr   inf_du lg(mu)  ||d||  lg(rg) alpha_du alpha_pr  ls
 760r 9.2078140e+00 5.00e+01 4.86e+04   1.6 2.50e+00   3.8 1.01e-01 7.50e-02f  1
 761r 9.2070422e+00 4.89e+01 4.68e+04   1.3 2.10e+00   3.3 4.07e-01 2.31e-02f  1
 762r 9.1921261e+00 3.99e+01 2.58e+04   1.3 4.25e+00   2.8 2.26e-02 3.38e-01f  1
 763r 9.1934234e+00 3.87e+01 2.42e+04  -4.7 2.45e+00   3.3 5.17e-02 3.12e-02f  1
 764r 9.1983657e+00 3.68e+01 2.11e+04   0.8 7.17e+00   2.8 1.16e-01 5.61e-02f  1
 765r 9.1985192e+00 3.60e+01 2.07e+04   0.9 1.52e+00   2.3 9.99e-01 2.17e-02f  1
 766r 9.2009749e+00 3.45e+01 1.97e+04   2.1 7.59e+00   1.8 4.31e-01 4.41e-02f  1
 767r 9.2308679e+00 2.03e+01 1.51e+04   2.0 8.17e+00   1.3 2.67e-01 1.00e+00f  1
 768r 9.2091594e+00 1.23e+01 4.20e+03   1.9 8.78e+00   0.9 1.00e+00 7.48e-01f  1
 769r 9.2023631e+00 2.35e+01 1.08e+04   1.2 9.82e+00   1.3 1.00e+00 7.39e-01f  1
iter    objective    inf_pr   inf_du lg(mu)  ||d||  lg(rg) alpha_du alpha_pr  ls
 770r 9.1616746e+00 5.95e+00 5.96e+02   1.2 7.93e+00   0.8 1.00e+00 8.22e-01f  1
 771r 9.1929941e+00 1.88e+01 6.93e+03   0.6 9.19e+00   0.3 6.42e-01 8.99e-01f  1
 772r 9.1929222e+00 1.84e+01 6.78e+03  -5.3 4.46e-01   2.6 3.84e-01 2.33e-02f  1
 773r 9.1822267e+00 2.59e+01 3.85e+04   0.5 1.94e+00   2.1 1.00e+00 6.81e-01f  1
 774r 9.1861488e+00 4.98e+00 4.43e+04   0.9 9.73e-01   2.5 9.97e-01 1.00e+00f  1
 775r 9.1862250e+00 3.65e+00 3.49e+04   0.6 4.01e-01   2.9 1.00e+00 6.52e-01f  1
 776r 9.1852531e+00 1.17e+00 1.05e+04  -0.9 8.92e-02   2.5 1.00e+00 6.71e-01f  1
 777  9.1852531e+00 1.17e+00 5.44e+13 -11.0 4.53e-07  20.1 1.00e+00 1.00e+00h  1
 778  9.1852531e+00 1.16e+00 1.09e+14 -11.0 2.72e-06  19.6 1.00e+00 1.00e+00h  1
 779  9.1852531e+00 1.15e+00 1.62e+14 -11.0 1.22e-05  19.1 1.00e+00 1.00e+00h  1
iter    objective    inf_pr   inf_du lg(mu)  ||d||  lg(rg) alpha_du alpha_pr  ls
 780r 9.1852531e+00 1.15e+00 9.99e+02   0.1 0.00e+00  18.6 0.00e+00 4.77e-07R 22
 781r 9.1889628e+00 1.00e+00 9.98e+02   1.5 1.41e+03    -  2.44e-01 1.03e-03f  1
 782  9.1889628e+00 1.00e+00 3.62e+12 -11.0 7.32e-06  17.7 1.00e+00 1.00e+00h  1
 783  6.3805739e+00 4.73e+03 1.99e+27 -11.0 7.12e+04  17.2 1.00e+00 6.25e-02f  5
WARNING: Problem in step computation; switching to emergency mode.
 784r 6.3805739e+00 4.73e+03 9.99e+02   3.7 0.00e+00  19.4 0.00e+00 0.00e+00R  1
 785r 6.4190098e+00 3.36e+03 1.04e+03  -2.3 2.11e+05    -  1.04e-02 6.54e-03f  1
 786  6.4190098e+00 3.36e+03 6.15e+16 -11.0 2.46e-03  19.4 1.00e+00 1.00e+00h  1
 787  6.4190098e+00 3.36e+03 1.23e+17 -11.0 1.47e-02  18.9 1.00e+00 1.00e+00h  1
 788  6.4190098e+00 3.33e+03 1.84e+17 -11.0 6.61e-02  18.4 1.00e+00 1.00e+00h  1
 789  6.4190098e+00 3.22e+03 2.42e+17 -11.0 2.61e-01  18.0 1.00e+00 1.00e+00h  1
iter    objective    inf_pr   inf_du lg(mu)  ||d||  lg(rg) alpha_du alpha_pr  ls
 790  6.4190098e+00 2.84e+03 2.92e+17 -11.0 9.47e-01  17.5 1.00e+00 1.00e+00h  1
 791  6.4190101e+00 1.58e+03 3.15e+17 -11.0 3.06e+00  17.0 1.00e+00 1.00e+00h  1
 792  6.5294307e+00 1.57e+03 4.64e+23 -11.0 1.77e+04  16.5 1.00e+00 7.81e-03h  8
 793  6.1124254e+00 1.54e+03 8.90e+23 -11.0 1.84e+04  16.1 1.00e+00 1.56e-02h  7
 794  6.0233542e+00 1.50e+03 1.20e+26 -11.0 1.07e+04  15.6 1.00e+00 3.12e-02h  6
 795  5.6990308e+00 1.40e+03 1.55e+26 -11.0 2.14e+04  15.1 1.00e+00 6.25e-02h  5
WARNING: Problem in step computation; switching to emergency mode.
 796r 5.6990308e+00 1.40e+03 9.99e+02   3.1 0.00e+00  19.1 0.00e+00 0.00e+00R  1
 797r 5.6248618e+00 7.60e+02 9.96e+02  -2.9 4.46e+05    -  3.93e-03 2.59e-03f  1
 798  5.6248618e+00 7.60e+02 6.55e+16 -11.0 7.33e-03  19.1 1.00e+00 1.00e+00h  1
 799  5.6248619e+00 7.60e+02 5.60e+16 -11.0 1.39e-02  18.6 1.00e+00 1.00e+00h  1
iter    objective    inf_pr   inf_du lg(mu)  ||d||  lg(rg) alpha_du alpha_pr  ls
 800  5.6248619e+00 7.59e+02 6.26e+16 -11.0 4.51e-02  18.1 1.00e+00 1.00e+00h  1
 801  5.6248620e+00 7.57e+02 1.64e+16 -11.0 3.53e-02  17.7 1.00e+00 1.00e+00h  1
 802  5.6248620e+00 7.55e+02 1.82e+16 -11.0 1.73e-02  18.1 1.00e+00 1.00e+00h  1
 803  5.6248622e+00 7.51e+02 2.21e+16 -11.0 5.22e-02  17.6 1.00e+00 1.00e+00h  1
 804  5.6248626e+00 7.35e+02 3.94e+16 -11.0 3.33e-01  17.1 1.00e+00 1.00e+00H  1
 805  5.9059115e+00 7.12e+02 4.22e+24 -11.0 1.33e+04  16.7 1.00e+00 3.12e-02h  6
 806  6.4925198e+00 6.68e+02 1.41e+25 -11.0 9.65e+03  16.2 1.00e+00 6.25e-02h  5
WARNING: Problem in step computation; switching to emergency mode.
 807r 6.4925198e+00 6.68e+02 9.99e+02   2.8 0.00e+00  19.3 0.00e+00 0.00e+00R  1
 808r 6.4797215e+00 3.11e+02 9.95e+02  -3.2 1.31e+05    -  4.85e-03 3.43e-03f  1
 809  6.4797215e+00 3.11e+02 3.17e+15 -11.0 1.74e-04  19.3 1.00e+00 1.00e+00h  1
iter    objective    inf_pr   inf_du lg(mu)  ||d||  lg(rg) alpha_du alpha_pr  ls
 810  6.4797215e+00 3.11e+02 6.29e+15 -11.0 1.03e-03  18.8 1.00e+00 1.00e+00h  1
 811  6.4797215e+00 3.11e+02 9.28e+15 -11.0 4.55e-03  18.3 1.00e+00 1.00e+00h  1
 812  6.4797215e+00 3.11e+02 1.18e+16 -11.0 1.72e-02  17.8 1.00e+00 1.00e+00h  1
 813  6.4797215e+00 3.11e+02 1.30e+16 -11.0 5.78e-02  17.4 1.00e+00 1.00e+00h  1
 814  6.0782049e+00 3.06e+02 5.43e+25 -11.0 2.46e+04  16.9 1.00e+00 1.56e-02h  7
 815  6.1032849e+00 3.01e+02 4.90e+25 -11.0 1.79e+04  16.4 1.00e+00 1.56e-02h  7
WARNING: Problem in step computation; switching to emergency mode.
 816r 6.1032849e+00 3.01e+02 9.99e+02   2.5 0.00e+00  19.5 0.00e+00 0.00e+00R  1
 817r 6.1053846e+00 2.86e+02 9.98e+02  -3.5 2.27e+05    -  3.52e-03 1.16e-03f  1
 818r 6.0362082e+00 7.27e+01 9.88e+02  -3.5 1.61e+05    -  1.36e-02 1.76e-03f  1
 819  6.0362082e+00 6.93e+01 1.60e+16 -11.0 5.31e-04  19.5 1.00e+00 1.00e+00h  1
iter    objective    inf_pr   inf_du lg(mu)  ||d||  lg(rg) alpha_du alpha_pr  ls
 820  6.0362082e+00 5.33e+01 2.62e+16 -11.0 2.63e-03  19.0 1.00e+00 1.00e+00h  1
 821  6.0362082e+00 5.32e+01 2.71e+16 -11.0 8.16e-03  18.5 1.00e+00 1.00e+00h  1
 822  6.0362083e+00 5.28e+01 2.22e+16 -11.0 2.04e-02  18.1 1.00e+00 1.00e+00h  1
 823  6.0362083e+00 5.20e+01 7.51e+15 -11.0 3.45e-02  17.6 1.00e+00 1.00e+00H  1
 824  6.0251896e+00 1.86e+02 6.37e+26 -11.0 1.69e+04  17.1 1.00e+00 6.25e-02h  5
WARNING: Problem in step computation; switching to emergency mode.
 825r 6.0251896e+00 1.86e+02 9.99e+02   2.3 0.00e+00  19.3 0.00e+00 0.00e+00R  1
 826r 6.0161182e+00 1.24e+02 9.97e+02  -3.7 1.71e+05    -  3.99e-03 1.08e-03f  1
 827  6.0161182e+00 1.24e+02 6.11e+15 -11.0 3.21e-04  19.3 1.00e+00 1.00e+00h  1
 828  6.0161182e+00 1.24e+02 1.13e+16 -11.0 1.77e-03  18.8 1.00e+00 1.00e+00h  1
 829  6.0161182e+00 1.23e+02 1.49e+16 -11.0 6.97e-03  18.3 1.00e+00 1.00e+00h  1
iter    objective    inf_pr   inf_du lg(mu)  ||d||  lg(rg) alpha_du alpha_pr  ls
 830  6.0161182e+00 1.18e+02 2.08e+16 -11.0 3.05e-02  17.8 1.00e+00 1.00e+00h  1
 831  6.0161183e+00 9.72e+01 1.17e+16 -11.0 5.83e-02  17.4 1.00e+00 1.00e+00H  1
 832  6.0311682e+00 9.70e+01 1.13e+22 -11.0 7.62e+03  16.9 1.00e+00 1.95e-03h 10
 833  6.0348703e+00 9.69e+01 1.15e+22 -11.0 7.59e+03  16.4 1.00e+00 4.88e-04h 12
 834  6.0357921e+00 9.69e+01 1.15e+22 -11.0 7.59e+03  15.9 1.00e+00 1.22e-04h 14
 835  6.0360224e+00 9.69e+01 1.15e+22 -11.0 7.59e+03  15.5 1.00e+00 3.05e-05h 16
WARNING: Problem in step computation; switching to emergency mode.
 836r 6.0360224e+00 9.69e+01 9.99e+02   2.0 0.00e+00  19.5 0.00e+00 0.00e+00R  1
 837r 6.0153202e+00 3.26e+01 9.96e+02  -4.0 5.34e+04    -  3.55e-03 1.80e-03f  1
 838  6.0153202e+00 3.26e+01 2.88e+15 -11.0 1.02e-04  19.4 1.00e+00 1.00e+00h  1
 839  6.0153202e+00 3.26e+01 5.33e+15 -11.0 5.66e-04  19.0 1.00e+00 1.00e+00h  1
iter    objective    inf_pr   inf_du lg(mu)  ||d||  lg(rg) alpha_du alpha_pr  ls
 840  6.0153202e+00 3.26e+01 6.23e+15 -11.0 1.98e-03  18.5 1.00e+00 1.00e+00h  1
 841  6.0153202e+00 3.26e+01 4.53e+15 -11.0 4.35e-03  18.0 1.00e+00 1.00e+00h  1
 842  6.0153202e+00 3.26e+01 2.64e+15 -11.0 9.84e-03  17.5 1.00e+00 1.00e+00H  1
 843  6.2806998e+00 3.15e+01 1.35e+24 -11.0 6.33e+03  17.1 1.00e+00 3.12e-02h  6
 844  6.4844347e+00 3.08e+01 1.86e+24 -11.0 6.73e+03  16.6 1.00e+00 3.12e-02h  6
 845  6.4874738e+00 3.08e+01 1.85e+24 -11.0 1.16e+04  16.1 1.00e+00 1.95e-03h 10
 846  6.5278942e+00 3.06e+01 1.87e+24 -11.0 7.98e+03  15.6 1.00e+00 7.81e-03h  8
WARNING: Problem in step computation; switching to emergency mode.
 847r 6.5278942e+00 3.06e+01 9.99e+02   1.5 0.00e+00  19.7 0.00e+00 0.00e+00R  1
 848r 6.4856931e+00 2.12e+01 9.95e+02   3.5 8.75e+03    -  7.89e-03 2.30e-03f  1
 849  6.4856931e+00 2.12e+01 1.04e+15 -11.0 8.32e-06  20.1 1.00e+00 1.00e+00h  1
iter    objective    inf_pr   inf_du lg(mu)  ||d||  lg(rg) alpha_du alpha_pr  ls
 850  6.4856931e+00 2.12e+01 2.04e+15 -11.0 4.92e-05  19.6 1.00e+00 1.00e+00h  1
 851  6.4856931e+00 2.12e+01 2.92e+15 -11.0 2.11e-04  19.1 1.00e+00 1.00e+00h  1
 852  6.4856931e+00 2.12e+01 3.40e+15 -11.0 7.37e-04  18.7 1.00e+00 1.00e+00h  1
 853  6.4856931e+00 2.12e+01 2.99e+15 -11.0 1.94e-03  18.2 1.00e+00 1.00e+00h  1
 854  6.4856931e+00 2.12e+01 1.55e+15 -11.0 3.67e-03  17.7 1.00e+00 1.00e+00H  1
 855  6.4936804e+00 2.13e+01 7.38e+22 -11.0 7.10e+03  17.2 1.00e+00 3.91e-03h  9
 856  6.5695043e+00 2.11e+01 2.86e+23 -11.0 7.07e+03  16.8 1.00e+00 1.56e-02h  7
WARNING: Problem in step computation; switching to emergency mode.
 857r 6.5695043e+00 2.11e+01 9.99e+02   1.3 0.00e+00  19.9 0.00e+00 0.00e+00R  1
 858r 6.5620831e+00 1.81e+01 9.94e+02   3.3 4.95e+03    -  1.76e-02 3.07e-03f  1
 859  6.5620831e+00 1.81e+01 4.90e+14 -11.0 2.37e-06  20.3 1.00e+00 1.00e+00h  1
iter    objective    inf_pr   inf_du lg(mu)  ||d||  lg(rg) alpha_du alpha_pr  ls
 860  6.5620831e+00 1.81e+01 9.72e+14 -11.0 1.41e-05  19.8 1.00e+00 1.00e+00h  1
 861  6.5620831e+00 1.81e+01 1.41e+15 -11.0 6.13e-05  19.4 1.00e+00 1.00e+00h  1
 862  6.5620831e+00 1.81e+01 1.70e+15 -11.0 2.22e-04  18.9 1.00e+00 1.00e+00h  1
 863  6.5620831e+00 1.81e+01 1.72e+15 -11.0 6.73e-04  18.4 1.00e+00 1.00e+00h  1
 864  6.5620831e+00 1.81e+01 1.31e+15 -11.0 1.54e-03  17.9 1.00e+00 1.00e+00h  1
 865  6.5620831e+00 1.81e+01 6.21e+14 -11.0 2.16e-03  17.5 1.00e+00 1.00e+00h  1
 866  6.5526531e+00 3.30e+01 1.27e+24 -11.0 1.58e+04  17.0 1.00e+00 7.81e-03h  8
WARNING: Problem in step computation; switching to emergency mode.
 867r 6.5526531e+00 3.30e+01 9.99e+02   1.5 0.00e+00  19.2 0.00e+00 0.00e+00R  1
 868r 6.5533882e+00 1.79e+01 9.94e+02   3.3 2.39e+04    -  2.83e-02 1.37e-03f  1
 869  6.5533882e+00 1.79e+01 7.50e+14 -11.0 5.22e-05  19.2 1.00e+00 1.00e+00h  1
iter    objective    inf_pr   inf_du lg(mu)  ||d||  lg(rg) alpha_du alpha_pr  ls
 870  6.5533882e+00 1.79e+01 1.39e+15 -11.0 2.90e-04  18.7 1.00e+00 1.00e+00h  1
 871  6.5533882e+00 1.79e+01 1.64e+15 -11.0 1.03e-03  18.2 1.00e+00 1.00e+00h  1
 872  6.5533882e+00 1.79e+01 1.19e+15 -11.0 2.25e-03  17.7 1.00e+00 1.00e+00h  1
 873  6.6085484e+00 1.76e+01 7.06e+23 -11.0 4.31e+03  17.2 1.00e+00 1.56e-02h  7
WARNING: Problem in step computation; switching to emergency mode.
 874r 6.6085484e+00 1.76e+01 9.99e+02   1.2 0.00e+00  19.5 0.00e+00 0.00e+00R  1
 875r 6.6010491e+00 1.71e+01 9.93e+02   3.1 5.76e+03    -  3.45e-02 3.22e-03f  1
 876r 6.6338410e+00 1.65e+01 9.53e+02   2.6 7.15e+02    -  1.75e-01 3.67e-02f  1
 877r 7.4882819e+00 1.10e+02 1.66e+04   3.8 2.57e+03    -  8.82e-03 8.15e-02f  1
 878r 7.4871116e+00 1.07e+02 1.63e+04   2.6 1.56e+01   4.0 1.42e-01 3.07e-02f  1
 879r 7.4705468e+00 7.34e+01 8.89e+04   1.9 1.90e+01   3.5 2.01e-01 2.84e-01f  1
iter    objective    inf_pr   inf_du lg(mu)  ||d||  lg(rg) alpha_du alpha_pr  ls
 880r 7.4689515e+00 6.15e+01 5.83e+04   1.9 1.13e+01   3.9 1.16e-01 1.53e-01f  1
 881r 7.4689693e+00 5.14e+01 4.91e+04   1.9 1.41e+01   3.5 2.86e-01 1.57e-01f  1
 882r 7.4661609e+00 4.64e+01 4.39e+04   1.9 1.17e+01   3.9 2.41e-01 9.39e-02f  1
 883r 7.4181442e+00 5.75e+01 4.07e+04   1.9 3.98e+01   3.4 1.19e-01 1.01e-01f  1
 884r 7.3751294e+00 7.89e+01 4.70e+04   1.9 1.49e+01   3.8 5.38e-01 2.86e-01f  1
 885r 7.3479601e+00 1.08e+02 6.03e+04   1.9 1.50e+01   4.3 1.03e-01 2.03e-01f  1
 886r 7.3450128e+00 8.94e+01 9.17e+04   1.9 4.92e+00   4.7 2.82e-01 1.71e-01f  1
 887r 7.3379932e+00 6.56e+01 2.22e+05   1.9 4.02e+00   5.1 7.37e-01 2.94e-01h  1
 888r 7.3365915e+00 6.18e+01 5.16e+05   1.9 2.69e+00   5.6 6.75e-01 6.55e-02h  1
 889r 7.3310809e+00 5.18e+01 1.03e+06   1.9 2.77e+00   5.1 1.00e+00 2.48e-01h  1
iter    objective    inf_pr   inf_du lg(mu)  ||d||  lg(rg) alpha_du alpha_pr  ls
 890r 7.3287976e+00 4.98e+01 9.63e+05   1.9 1.34e+01   4.6 1.37e-02 4.80e-02f  1
 891r 7.3276521e+00 3.44e+01 4.85e+05   1.9 1.99e+00   4.1 1.00e+00 3.24e-01f  1
 892r 7.3266044e+00 2.52e+01 1.39e+05   1.9 1.33e+00   4.5 1.00e+00 2.85e-01f  1
 893r 7.3238277e+00 2.75e+01 1.70e+05   1.9 9.83e-01   4.1 7.84e-01 5.91e-01f  1
 894r 7.3100156e+00 2.21e+01 2.30e+05   1.9 1.19e+00   3.6 1.00e+00 1.00e+00f  1
 895r 7.2577267e+00 2.19e+01 9.25e+04   1.9 1.11e+00   3.1 1.00e+00 5.85e-01f  1
 896r 7.0711202e+00 2.15e+01 7.13e+04   1.9 2.47e+00   2.6 7.30e-01 3.16e-01f  1
 897r 6.8175982e+00 2.08e+01 6.57e+04   1.9 8.15e+00   2.2 5.28e-01 1.70e-01f  1
 898r 6.6141413e+00 2.03e+01 4.36e+04   1.9 1.95e+00   2.6 1.00e+00 3.72e-01f  1
 899r 6.4231565e+00 1.90e+01 3.77e+04   1.9 5.98e+00   2.1 8.81e-01 3.13e-01f  1
iter    objective    inf_pr   inf_du lg(mu)  ||d||  lg(rg) alpha_du alpha_pr  ls
 900r 6.3743996e+00 1.62e+01 2.75e+04   1.9 1.39e+01   1.6 1.00e+00 2.31e-01f  1
 901r 6.3439696e+00 1.53e+01 1.92e+04   0.8 4.70e+00   2.1 9.94e-01 3.05e-01f  1
 902  6.3439696e+00 1.53e+01 5.62e+13 -11.0 2.09e-06  19.4 1.00e+00 1.00e+00h  1
 903  6.3439696e+00 1.53e+01 1.12e+14 -11.0 1.25e-05  19.0 1.00e+00 1.00e+00h  1
 904  6.3618713e+00 1.51e+01 1.75e+22 -11.0 2.02e+03  18.5 1.00e+00 7.81e-03h  8
WARNING: Problem in step computation; switching to emergency mode.
 905r 6.3618713e+00 1.51e+01 9.99e+02   1.2 0.00e+00  19.8 0.00e+00 0.00e+00R  1
 906r 6.3713284e+00 1.47e+01 9.95e+02   2.6 6.51e+03    -  8.09e-02 2.99e-03f  1
 907r 6.3623069e+00 1.52e+01 9.62e+02   1.8 1.36e+03    -  2.74e-01 2.95e-02f  1
 908r 6.3637900e+00 1.84e+02 8.35e+02   2.3 2.82e+03    -  4.23e-01 1.27e-01f  1
 909r 6.3425504e+00 1.46e+02 8.79e+02   2.0 1.06e+03    -  6.95e-01 1.86e-01f  1
iter    objective    inf_pr   inf_du lg(mu)  ||d||  lg(rg) alpha_du alpha_pr  ls
 910r 6.3023842e+00 1.32e+02 5.34e+02   2.2 6.08e+02    -  2.99e-01 2.16e-01f  1
 911r 6.2804274e+00 1.21e+02 8.78e+02   1.9 3.50e+01   0.0 7.76e-01 1.91e-01f  1
 912r 6.2747370e+00 1.20e+02 6.74e+02   1.2 4.04e+02    -  1.49e-01 1.43e-02f  1
 913r 6.2372519e+00 9.41e+01 2.07e+03   0.1 5.75e+01  -0.5 2.48e-01 2.50e-01f  1
 914r 6.2645876e+00 6.33e+01 1.37e+03   0.4 3.41e+01  -0.1 6.55e-01 3.51e-01f  1
 915r 6.2942589e+00 5.20e+01 1.09e+03   0.8 4.30e+01  -0.5 5.60e-01 1.90e-01f  1
 916r 6.2895125e+00 4.57e+01 9.56e+02   1.3 7.59e+01  -1.0 4.76e-01 1.24e-01f  1
 917r 6.2714293e+00 1.90e+01 5.12e+02   1.1 2.87e+01  -0.6 7.14e-01 6.04e-01f  1
 918r 6.2882025e+00 1.63e+01 4.41e+02  -4.7 7.58e+01  -1.1 1.12e-01 1.40e-01f  1
 919r 6.2862737e+00 2.28e+01 5.29e+02  -4.8 1.28e+02  -0.6 1.19e-01 1.43e-01f  1
iter    objective    inf_pr   inf_du lg(mu)  ||d||  lg(rg) alpha_du alpha_pr  ls
 920r 6.2904101e+00 1.72e+01 3.84e+02   1.2 1.61e+01  -0.2 6.32e-01 3.55e-01f  1
 921r 6.3018355e+00 1.49e+01 4.72e+02   0.7 2.27e+01  -0.7 7.87e-01 2.40e-01f  1
 922r 6.3027253e+00 1.48e+01 4.68e+02  -4.9 1.78e+03  -1.2 5.19e-03 6.37e-03f  1
 923r 6.3065077e+00 1.07e+01 8.13e+02   1.4 7.12e+00   0.2 1.00e+00 3.81e-01f  1
 924  6.3065077e+00 1.07e+01 2.65e+14 -11.0 1.56e-06  20.2 1.00e+00 1.00e+00h  1
 925  6.3065077e+00 1.07e+01 5.30e+14 -11.0 9.35e-06  19.8 1.00e+00 1.00e+00h  1
 926  6.3065077e+00 1.07e+01 7.94e+14 -11.0 4.20e-05  19.3 1.00e+00 1.00e+00h  1
 927  6.3065077e+00 1.06e+01 1.05e+15 -11.0 1.67e-04  18.8 1.00e+00 1.00e+00h  1
 928  6.3082704e+00 1.06e+01 1.51e+22 -11.0 6.29e+03  18.3 1.00e+00 2.44e-04h 13
WARNING: Problem in step computation; switching to emergency mode.
 929r 6.3082704e+00 1.06e+01 9.99e+02   1.0 0.00e+00  19.7 0.00e+00 0.00e+00R  1
iter    objective    inf_pr   inf_du lg(mu)  ||d||  lg(rg) alpha_du alpha_pr  ls
 930r 6.3087833e+00 6.43e+00 9.92e+02   3.0 7.60e+03    -  2.97e-02 1.38e-03f  1
 931  6.3087833e+00 6.43e+00 1.29e+14 -11.0 1.08e-06  20.1 1.00e+00 1.00e+00h  1
 932  6.3087833e+00 6.43e+00 2.58e+14 -11.0 6.46e-06  19.6 1.00e+00 1.00e+00h  1
 933  6.3087833e+00 6.43e+00 3.85e+14 -11.0 2.90e-05  19.1 1.00e+00 1.00e+00h  1
 934  6.3087833e+00 6.43e+00 5.08e+14 -11.0 1.15e-04  18.6 1.00e+00 1.00e+00h  1
 935  6.3105264e+00 6.43e+00 1.17e+22 -11.0 6.34e+03  18.2 1.00e+00 2.44e-04h 13
WARNING: Problem in step computation; switching to emergency mode.
 936r 6.3105264e+00 6.43e+00 9.99e+02   0.8 0.00e+00  19.5 0.00e+00 0.00e+00R  1
 937r 6.3105820e+00 6.41e+00 9.90e+02   2.7 1.66e+03    -  7.17e-02 3.17e-03f  1
 938r 6.3111636e+00 6.36e+00 9.18e+02   1.4 2.60e+02    -  4.41e-01 7.35e-02f  1
 939r 6.3775117e+00 5.11e+01 6.29e+02   1.6 1.01e+03    -  4.75e-01 3.14e-01f  1
iter    objective    inf_pr   inf_du lg(mu)  ||d||  lg(rg) alpha_du alpha_pr  ls
 940r 6.3906816e+00 5.25e+01 5.53e+02   1.2 3.96e+02    -  2.00e-01 1.22e-01f  1
 941r 6.4119410e+00 4.83e+01 5.07e+02   0.6 5.65e+02    -  2.48e-01 8.28e-02f  1
 942r 6.5178710e+00 2.69e+02 7.93e+02   0.6 1.58e+03    -  1.03e-01 1.58e-01f  1
 943r 6.1354184e+00 3.28e+02 1.22e+03   2.0 1.58e+03    -  4.15e-01 1.51e-01f  1
 944r 5.9727738e+00 3.49e+02 2.15e+03   1.4 3.66e+02    -  1.24e-01 9.09e-01h  1
 945r 5.9698433e+00 2.80e+02 1.78e+03   1.4 5.93e+00   0.0 1.00e+00 2.22e-01f  1
 946r 5.9322501e+00 4.83e+01 5.53e+02   1.4 3.11e+02    -  2.72e-01 5.28e-01f  1
 947r 6.2031780e+00 1.79e+01 3.88e+02   0.7 1.43e+02    -  6.66e-01 5.85e-01f  1
 948r 6.2136251e+00 4.86e+00 1.01e+02   0.7 1.13e+01  -0.5 7.32e-01 7.14e-01f  1
 949  6.2136251e+00 4.84e+00 8.83e+14 -11.0 3.16e-05  19.4 1.00e+00 1.00e+00h  1
iter    objective    inf_pr   inf_du lg(mu)  ||d||  lg(rg) alpha_du alpha_pr  ls
 950  6.2136251e+00 4.68e+00 1.69e+15 -11.0 1.81e-04  19.0 1.00e+00 1.00e+00h  1
 951  6.2136251e+00 4.03e+00 2.19e+15 -11.0 7.05e-04  18.5 1.00e+00 1.00e+00h  1
 952  6.2136251e+00 3.84e+00 1.92e+15 -11.0 1.85e-03  18.0 1.00e+00 1.00e+00h  1
 953  6.2136251e+00 3.84e+00 8.49e+14 -11.0 2.48e-03  17.5 1.00e+00 1.00e+00H  1
 954  6.2211877e+00 3.83e+00 1.52e+21 -11.0 1.75e+03  17.1 1.00e+00 1.95e-03h 10
 955  6.2230914e+00 3.83e+00 1.54e+21 -11.0 1.62e+03  16.6 1.00e+00 4.88e-04h 12
 956  6.2249983e+00 3.83e+00 1.55e+21 -11.0 1.59e+03  16.1 1.00e+00 4.88e-04h 12
 957  6.2269083e+00 3.82e+00 1.54e+21 -11.0 1.56e+03  15.6 1.00e+00 4.88e-04h 12
 958  6.2288213e+00 3.82e+00 1.54e+21 -11.0 1.53e+03  15.2 1.00e+00 4.88e-04h 12
 959  6.2307370e+00 3.82e+00 1.53e+21 -11.0 1.51e+03  14.7 1.00e+00 4.88e-04h 12
iter    objective    inf_pr   inf_du lg(mu)  ||d||  lg(rg) alpha_du alpha_pr  ls
 960  6.2326553e+00 3.82e+00 1.53e+21 -11.0 1.48e+03  14.2 1.00e+00 4.88e-04h 12
 961  6.2345760e+00 3.82e+00 1.52e+21 -11.0 1.45e+03  13.7 1.00e+00 4.88e-04h 12
 962  6.2364986e+00 3.81e+00 1.51e+21 -11.0 1.42e+03  13.2 1.00e+00 4.88e-04h 12
 963  6.2384230e+00 3.81e+00 1.51e+21 -11.0 1.40e+03  12.8 1.00e+00 4.88e-04h 12
 964  1.1078153e+01 1.55e+03 1.08e+25 -11.0 1.39e+03  12.3 1.00e+00 1.00e+00w  1
 965  9.6064848e+00 1.82e+03 9.96e+27 -11.0 4.26e+03  11.8 1.00e+00 1.00e+00w  1
WARNING: Problem in step computation; switching to emergency mode.
 966  6.2403605e+00 3.81e+00 1.50e+21 -11.0 4.26e+03  21.2 1.00e+00 4.88e-04h 12
WARNING: Problem in step computation; switching to emergency mode.
 967r 6.2403605e+00 3.81e+00 9.99e+02   0.6 0.00e+00  22.7 0.00e+00 0.00e+00R  1
 968r 6.2444111e+00 3.81e+00 9.92e+02   1.9 2.03e+03    -  2.54e-01 1.38e-03f  1
 969r 6.3329546e+00 3.82e+00 7.51e+02   0.8 2.16e+02    -  6.86e-01 2.45e-01f  1
iter    objective    inf_pr   inf_du lg(mu)  ||d||  lg(rg) alpha_du alpha_pr  ls
 970r 6.5649126e+00 3.68e+01 5.50e+02   1.0 7.00e+02    -  1.00e+00 2.68e-01f  1
 971r 6.7745085e+00 1.84e+01 4.00e+02   1.6 3.64e+02    -  8.28e-01 4.59e-01f  1
 972r 6.6583948e+00 3.31e+00 9.87e+01   1.2 7.84e+01    -  1.00e+00 1.00e+00h  1
 973r 6.6583948e+00 3.31e+00 9.99e+02   0.5 0.00e+00  24.2 0.00e+00 4.77e-07R 22
 974r 6.6606800e+00 3.31e+00 9.96e+02   1.2 1.39e+03    -  9.62e-01 1.53e-03f  1
 975r 6.8120579e+00 4.16e+00 6.88e+02   0.9 3.35e+02    -  7.32e-01 3.07e-01f  1
 976r 6.9945767e+00 1.10e+01 4.39e+02   0.8 3.85e+02    -  9.99e-01 4.45e-01f  1
 977r 7.1231851e+00 6.53e+00 2.64e+02   0.7 2.56e+02    -  1.00e+00 5.98e-01f  1
 978r 7.1858738e+00 6.43e+00 9.48e+02   1.3 4.16e+02    -  1.00e+00 1.66e-01f  1
 979r 7.1844462e+00 3.97e+00 8.61e+02   1.4 8.70e+01    -  6.28e-01 1.00e+00f  1
iter    objective    inf_pr   inf_du lg(mu)  ||d||  lg(rg) alpha_du alpha_pr  ls
 980r 7.0555348e+00 8.46e+00 2.52e+02   1.3 1.71e+02    -  7.73e-01 7.31e-01f  1
 981r 7.0176698e+00 1.78e+00 8.37e+01   0.6 2.86e+01    -  6.54e-01 9.41e-01f  1
 982r 7.0176698e+00 1.78e+00 9.99e+02   0.3 0.00e+00  23.7 0.00e+00 4.77e-07R 22
 983r 7.0218816e+00 1.41e+00 9.92e+02   2.1 1.58e+03    -  8.30e-02 1.12e-03f  1
 984r 7.0218816e+00 1.41e+00 9.99e+02   0.1 0.00e+00  23.3 0.00e+00 4.77e-07R 22
 985r 7.0294133e+00 1.39e+00 9.89e+02   1.2 8.26e+02    -  5.43e-01 3.16e-03f  1
 986r 7.3856716e+00 1.23e+01 4.73e+02   0.5 2.38e+02    -  6.59e-01 5.45e-01f  1
 987r 7.6621661e+00 1.04e+01 1.54e+03   1.2 4.37e+02    -  5.65e-01 1.48e-01f  1
 988r 7.8318407e+00 2.50e+00 1.92e+02   0.6 4.13e+01    -  9.93e-01 7.84e-01f  1
 989r 8.0041579e+00 4.14e+00 7.41e+02   1.5 1.50e+02    -  6.67e-01 2.10e-01f  1
iter    objective    inf_pr   inf_du lg(mu)  ||d||  lg(rg) alpha_du alpha_pr  ls
 990r 7.8322387e+00 3.29e+00 4.82e+02   0.9 6.58e+01    -  4.62e-01 1.00e+00h  1
 991r 7.9872809e+00 3.48e+00 3.85e+02   0.2 1.03e+02    -  6.38e-01 3.97e-01f  1
 992r 7.9915225e+00 9.39e-01 7.01e+01  -0.1 2.36e+00   0.0 9.97e-01 8.10e-01f  1
 993r 7.9915225e+00 9.39e-01 9.99e+02  -0.0 0.00e+00  22.8 0.00e+00 4.77e-07R 22
 994r 7.9983361e+00 9.37e-01 9.94e+02   0.6 9.48e+02    -  7.26e-01 1.45e-03f  1
 995r 8.2992080e+00 1.43e+01 7.01e+02   0.6 3.97e+02    -  9.14e-01 2.96e-01f  1
 996r 8.7444734e+00 3.91e+01 1.58e+03   0.5 2.68e+02    -  9.00e-01 5.90e-01f  1
 997r 8.9182832e+00 3.43e+01 1.18e+03   1.6 2.92e+02    -  4.02e-01 1.27e-01f  1
 998r 8.9127560e+00 3.39e+01 1.17e+03   0.8 2.19e+02    -  6.50e-02 1.11e-02h  1
 999r 8.9372847e+00 2.75e+01 7.98e+02   0.8 1.98e+02    -  6.86e-01 1.89e-01f  1
iter    objective    inf_pr   inf_du lg(mu)  ||d||  lg(rg) alpha_du alpha_pr  ls
1000r 9.0131160e+00 2.45e+01 1.03e+03   0.8 1.58e+01    -  1.00e+00 1.00e+00f  1

Number of Iterations....: 1000

                                   (scaled)                 (unscaled)
Objective...............:   9.0131159682863533e+00    9.0131159682863533e+00
Dual infeasibility......:   1.0293240800897688e+03    1.0293240800897688e+03
Constraint violation....:   2.4473752910080464e+01    2.4473752910080464e+01
Complementarity.........:   6.1865181278219534e+00    6.1865181278219534e+00
Overall NLP error.......:   5.2611377882835973e+02    1.0293240800897688e+03


Number of objective function evaluations             = 2650
Number of objective gradient evaluations             = 472
Number of equality constraint evaluations            = 2789
Number of inequality constraint evaluations          = 0
Number of equality constraint Jacobian evaluations   = 1028
Number of inequality constraint Jacobian evaluations = 0
Number of Lagrangian Hessian evaluations             = 1000
Total CPU secs in IPOPT (w/o function evaluations)   =   1682.390
Total CPU secs in NLP function evaluations           =     61.935

EXIT: Maximum Number of Iterations Exceeded.
