
******************************************************************************
This program contains Ipopt, a library for large-scale nonlinear optimization.
 Ipopt is released as open source code under the Eclipse Public License (EPL).
         For more information visit http://projects.coin-or.org/Ipopt
******************************************************************************

This is Ipopt version 3.12.8, running with linear solver mumps.
NOTE: Other linear solvers might be more efficient (see Ipopt documentation).

Number of nonzeros in equality constraint Jacobian...:    11933
Number of nonzeros in inequality constraint Jacobian.:        0
Number of nonzeros in Lagrangian Hessian.............:     7221

Total number of variables............................:     2423
                     variables with only lower bounds:        2
                variables with lower and upper bounds:        0
                     variables with only upper bounds:        0
Total number of equality constraints.................:     2418
Total number of inequality constraints...............:        0
        inequality constraints with only lower bounds:        0
   inequality constraints with lower and upper bounds:        0
        inequality constraints with only upper bounds:        0

iter    objective    inf_pr   inf_du lg(mu)  ||d||  lg(rg) alpha_du alpha_pr  ls
   0  5.1961524e-01 1.95e+00 6.27e-03   0.0 0.00e+00    -  0.00e+00 0.00e+00   0
   1  5.4188273e-01 1.92e+00 4.03e+00  -1.1 6.38e+00  -4.0 5.02e-01 1.38e-02h  7
   2  2.4775685e+00 1.91e+00 1.26e+00  -7.5 1.92e+02    -  3.49e-02 3.91e-03h  9
   3  2.4221461e+00 1.61e+00 9.52e+00  -0.6 6.69e+00  -2.7 1.00e+00 1.55e-01f  2
   4  4.9026926e+00 5.26e+00 7.17e+00   0.3 6.11e+00    -  6.38e-01 5.00e-01h  2
   5  3.0689635e+00 7.63e-01 5.35e+00  -0.4 1.78e+00  -2.2 1.00e+00 1.00e+00h  1
   6  2.8119282e+00 6.33e-01 4.66e+00  -0.4 1.22e+01    -  5.93e-01 1.25e-01h  4
   7  1.9625456e+00 6.55e-01 4.55e+00  -0.4 8.35e+00    -  9.20e-01 1.25e-01h  4
   8  1.5916042e+00 9.62e-01 1.75e+00  -0.4 1.55e+00    -  1.00e+00 1.00e+00h  1
   9  2.9676096e+00 2.83e-01 1.98e+00  -1.1 2.04e+00  -2.7 5.37e-01 1.00e+00H  1
iter    objective    inf_pr   inf_du lg(mu)  ||d||  lg(rg) alpha_du alpha_pr  ls
  10  1.6442305e+00 1.42e+00 1.48e+00  -1.1 9.50e+00  -2.3 4.90e-01 2.50e-01h  3
  11  1.4854954e+00 2.99e-01 1.66e+00  -1.1 1.36e+00  -2.8 1.00e+00 1.00e+00h  1
  12  1.2346968e+00 5.75e-01 7.57e-01  -1.1 2.16e+00  -3.3 1.00e+00 5.00e-01h  2
  13  1.1166217e+00 7.56e-01 7.03e-01  -1.8 6.29e+00  -3.7 1.00e+00 2.27e-01h  3
  14  1.9432016e+00 2.77e-01 1.37e+00  -1.8 1.44e+00  -2.4 1.00e+00 1.00e+00h  1
  15  9.8165133e-01 5.39e-01 5.93e-01  -1.8 5.56e+00  -2.9 1.00e+00 2.50e-01h  3
  16  1.6824932e+00 2.12e-01 1.96e+00  -1.8 1.01e+00  -3.4 1.00e+00 1.00e+00h  1
  17  1.1464306e+00 2.19e-01 1.81e+00  -1.8 9.84e-01  -2.0 1.00e+00 1.00e+00H  1
  18  7.8798770e-01 3.09e-01 1.36e+00  -1.8 3.33e+00    -  1.00e+00 5.00e-01h  2
  19  1.0752324e+00 8.76e-02 1.69e+00  -1.8 1.00e+00    -  1.00e+00 1.00e+00h  1
iter    objective    inf_pr   inf_du lg(mu)  ||d||  lg(rg) alpha_du alpha_pr  ls
  20  1.2455757e+00 3.93e-02 1.72e+00  -2.5 1.45e+00  -2.5 9.02e-01 1.00e+00H  1
  21  1.1505620e+00 4.37e-01 1.21e+00  -9.0 4.51e+00    -  1.00e+00 5.00e-01h  2
  22  8.9660154e-01 5.16e-01 9.07e-01  -3.8 4.35e+00    -  7.93e-01 2.50e-01h  3
  23  8.9524498e-01 5.47e-01 1.37e+00  -3.8 2.23e+02    -  7.41e-02 2.76e-03h  5
  24  9.6781237e-01 5.10e-01 1.48e+00  -3.8 4.58e+00  -3.0 1.00e+00 1.25e-01h  4
  25  8.7378820e-01 5.32e-01 9.38e-01  -3.8 1.51e+01  -3.5 1.00e+00 3.49e-02h  5
  26  1.0297058e+00 4.81e-01 1.74e+00  -3.8 3.16e+00  -3.9 1.00e+00 1.25e-01h  4
  27  9.5693869e-01 4.81e-01 9.12e-01  -3.8 7.69e+00  -3.5 9.63e-01 1.25e-01h  4
  28  8.4885124e-01 4.66e-01 6.78e-01  -3.8 3.52e+00  -4.0 1.00e+00 2.50e-01h  3
  29  9.7281995e-01 4.47e-01 1.64e+00  -3.8 4.10e+00  -3.6 1.00e+00 6.25e-02h  5
iter    objective    inf_pr   inf_du lg(mu)  ||d||  lg(rg) alpha_du alpha_pr  ls
  30  2.4030786e+00 4.40e-01 2.93e+00  -3.8 1.84e+00  -2.2 8.49e-01 1.00e+00H  1
  31  1.8128088e+00 7.34e-01 2.57e+00  -3.8 7.14e+00  -2.7 1.00e+00 1.25e-01h  4
  32  8.0739198e-01 6.63e-01 2.03e+00  -3.8 5.16e+00  -3.2 1.00e+00 2.50e-01h  3
  33  7.2197520e-01 4.58e-01 1.07e+00  -3.8 2.61e+00    -  1.00e+00 5.00e-01h  2
  34  1.1671100e+00 5.78e-02 2.08e+00  -3.8 6.63e-01    -  1.00e+00 1.00e+00h  1
  35  1.1403551e+00 1.28e-01 1.60e+00  -4.2 4.11e+00  -3.7 1.00e+00 2.50e-01h  3
  36  9.3108774e-01 2.61e-01 1.00e+00  -4.7 4.55e+00  -3.2 1.00e+00 2.50e-01h  3
  37  8.1697559e-01 2.41e-01 6.07e-01  -4.7 1.86e+00  -3.7 9.64e-01 5.00e-01h  2
  38  8.1326550e-01 2.34e-01 1.87e+00  -4.7 9.78e+00  -3.3 1.00e+00 3.12e-02h  6
  39  1.0698660e+00 2.28e-01 1.68e+00  -4.7 1.65e+00  -2.9 1.00e+00 2.50e-01h  3
iter    objective    inf_pr   inf_du lg(mu)  ||d||  lg(rg) alpha_du alpha_pr  ls
  40  9.4269596e-01 2.30e-01 1.54e+00  -4.7 4.34e+00  -3.3 7.52e-01 6.25e-02h  5
  41  8.5123648e-01 2.05e-01 1.66e+00  -4.7 1.47e+00  -2.9 1.00e+00 2.50e-01h  3
  42  8.1114543e-01 2.15e-01 1.28e+00  -4.7 1.25e+01  -3.4 1.00e+00 2.31e-02h  5
  43  9.1888132e-01 2.02e-01 1.83e+00  -4.7 1.76e+00  -3.0 8.24e-01 1.25e-01h  4
  44  8.1813494e-01 1.92e-01 9.11e-01  -4.7 1.42e+00  -2.5 1.00e+00 1.25e-01h  4
  45  8.7496876e-01 1.96e-01 1.90e+00  -4.7 2.72e+00  -3.0 1.00e+00 6.25e-02h  5
  46  4.7445836e+00 5.71e+00 2.91e+00  -4.7 5.25e+00  -2.6 1.00e+00 5.51e-01w  1
  47  1.6799428e+01 2.19e+01 4.51e+01  -4.7 1.86e+01  -3.1 2.70e-05 7.90e-01w  1
  48  1.0584828e+01 9.39e+00 3.29e+00  -4.7 8.31e+00  -2.6 1.00e+00 1.00e+00w  1
  49  8.0011863e-01 1.98e-01 7.27e-01  -4.7 1.05e+01  -1.3 1.00e+00 1.72e-02h  5
iter    objective    inf_pr   inf_du lg(mu)  ||d||  lg(rg) alpha_du alpha_pr  ls
  50  9.3457127e-01 2.65e-02 2.00e+00  -4.7 3.96e-01  -1.8 1.00e+00 1.00e+00h  1
  51  8.0885841e-01 4.91e-02 4.15e-01 -10.7 8.48e+00    -  1.00e+00 6.25e-02f  5
  52  7.4240895e-01 1.16e-02 1.12e+00  -6.7 4.71e-01    -  1.00e+00 1.00e+00h  1
  53  7.7858866e-01 3.15e-04 1.69e+00 -11.0 2.16e-01  -2.3 1.00e+00 1.00e+00H  1
  54  7.5471125e-01 1.14e-02 1.34e+00  -8.9 7.37e-01  -2.7 1.00e+00 2.50e-01f  3
  55  7.2638976e-01 1.82e-02 1.37e+00  -9.3 2.81e+00  -3.2 1.00e+00 6.25e-02h  5
  56  1.3985910e+00 3.34e-03 1.82e+00  -9.9 7.96e-01  -2.8 9.73e-01 1.00e+00H  1
  57  8.9757557e-01 4.73e-01 1.23e+00 -10.3 2.25e+01  -3.3 1.00e+00 6.51e-02f  3
  58  2.1738668e+00 1.67e-01 1.72e+00 -10.3 1.14e+00  -3.7 1.00e+00 1.00e+00h  1
  59  1.1455335e+00 3.15e-01 1.04e+00 -10.3 2.94e+00  -2.4 1.00e+00 2.50e-01h  3
iter    objective    inf_pr   inf_du lg(mu)  ||d||  lg(rg) alpha_du alpha_pr  ls
  60  8.3144641e-01 3.27e-01 5.83e-01 -10.3 3.91e+02    -  4.67e-02 1.57e-03f  5
  61  1.1770566e+00 2.98e-01 1.14e+00 -10.3 4.80e+00    -  9.08e-01 1.25e-01h  4
  62  8.0808606e-01 2.89e-01 3.96e-01 -10.3 6.24e+00  -2.9 1.00e+00 6.25e-02h  5
  63  1.7089191e+00 9.79e-02 1.61e+00 -10.3 8.72e-01  -3.4 1.00e+00 1.00e+00h  1
  64  9.7847969e-01 1.41e-01 1.30e+00 -10.3 1.00e+01  -2.9 1.00e+00 6.72e-02h  4
  65  7.8128696e-01 1.52e-01 5.53e-01 -10.3 9.72e+00  -3.4 1.00e+00 6.25e-02h  5
  66  7.5592194e-01 4.97e-01 8.21e-01 -10.3 3.85e+00    -  1.00e+00 1.00e+00H  1
  67  7.1293886e-01 1.30e-02 4.94e-01 -10.3 9.80e-01  -3.9 1.00e+00 1.00e+00h  1
  68  7.1020703e-01 1.42e-01 2.73e-01  -8.3 6.65e+00    -  1.00e+00 3.64e-01h  1
  69  7.0973208e-01 1.38e-01 2.67e-01  -8.7 1.20e+00  -4.4 1.00e+00 2.46e-02h  1
iter    objective    inf_pr   inf_du lg(mu)  ||d||  lg(rg) alpha_du alpha_pr  ls
  70  7.7726808e-01 6.42e-04 1.65e+00  -8.7 2.83e-01    -  1.00e+00 1.00e+00h  1
  71  1.0319679e+01 9.25e-05 2.43e+01 -10.6 3.70e+00    -  5.25e-02 1.00e+00H  1
  72  9.8399347e+00 7.44e-03 2.34e+01  -7.4 6.62e+00  -2.1 1.00e+00 3.53e-02f  1
  73  9.8292844e+00 7.41e-03 2.68e+01  -5.9 9.90e-01  -1.7 1.00e+00 4.46e-03h  1
  74  8.4999603e+00 7.41e-03 3.06e+05  -5.9 4.28e+04    -  1.00e+00 1.17e-05f  1
  75  1.3239908e+02 7.39e-03 1.92e+05  -5.9 2.70e+04    -  1.00e+00 1.95e-03h 10
  76  7.1516645e+01 7.39e-03 1.96e+02  -5.9 1.21e+08    -  2.14e-04 6.29e-07f 18
  77  8.8146110e+02 7.39e-03 1.40e+08  -5.9 1.90e+07    -  1.00e+00 1.89e-05h 14
  78  7.4614669e+06 7.40e-03 2.40e+07  -5.9 3.62e+10    -  5.22e-04 7.76e-05h  8
MUMPS returned INFO(1) = -9 and requires more memory, reallocating.  Attempt 1
  Increasing icntl[13] from 1000 to 2000.
  79  7.4614121e+06 7.40e-03 2.89e+12  -5.9 3.77e+11    -  1.00e+00 5.47e-11f  1
iter    objective    inf_pr   inf_du lg(mu)  ||d||  lg(rg) alpha_du alpha_pr  ls
  80  7.4614060e+06 2.54e-03 3.54e+10  -5.9 2.29e+00  -2.2 9.88e-01 1.00e+00f  1
  81  1.0058715e+07 2.41e-03 3.33e+10  -5.9 9.07e+17    -  2.76e-09 7.28e-12h 38
  82  3.5710801e+06 2.34e-03 8.55e+17  -5.9 1.05e+18    -  1.00e+00 4.89e-12f 10
  83  9.5638369e+05 2.34e-03 8.55e+17  -5.9 9.37e+17    -  2.70e-09 1.82e-12f 40
  84  9.5636543e+05 5.03e-03 9.64e+11  -5.9 6.87e+00  -2.7 1.00e+00 1.00e+00f  1
  85  7.4080573e+06 5.00e-03 1.83e+06  -5.9 1.22e+13    -  2.30e-01 2.57e-07h 11
In iteration 85, 1 Slack too small, adjusting variable bound
  86  3.2999534e+06 4.97e-03 8.41e+08  -5.9 2.76e+17    -  1.13e-08 1.46e-11f  1
  87  5.1500424e+06 4.94e-03 5.17e+05  -5.9 2.79e+17    -  1.15e-08 1.14e-11h 11
  88  5.1500422e+06 4.93e-03 1.95e+06  -5.9 2.06e+01  -3.1 1.00e+00 2.73e-03f  1
  89  2.0265124e+06 4.91e-03 8.33e+08  -5.9 2.77e+17    -  1.13e-08 9.75e-12f  2
iter    objective    inf_pr   inf_du lg(mu)  ||d||  lg(rg) alpha_du alpha_pr  ls
  90  6.3571801e+06 4.89e-03 6.33e+05  -5.9 1.23e+16    -  2.60e-07 2.57e-10h 11
  91  5.1314231e+06 4.85e-03 1.21e+12  -5.9 4.54e+12    -  1.00e+00 9.54e-07f 21
  92  5.1312589e+06 2.81e-03 8.32e+05  -5.9 6.18e+01  -3.6 1.00e+00 1.00e+00F  1
  93  8.9809794e+05 2.79e-03 9.37e+04  -5.9 2.61e+17    -  1.91e-11 8.69e-12f 11
  94  2.2078854e+05 2.79e-03 4.78e+08  -5.9 1.73e+09    -  1.00e+00 2.44e-04f 13
  95  5.7876429e+06 2.77e-03 6.07e+05  -5.9 1.67e+17    -  1.04e-08 1.35e-11h 11
  96  5.7876427e+06 2.77e-03 1.70e+06  -5.9 1.86e+02  -4.1 1.00e+00 4.97e-04f  1
  97  3.1987428e+06 2.77e-03 6.31e+08  -5.9 2.58e+17    -  8.72e-09 3.78e-12f  3
  98  2.4633408e+06 2.77e-03 1.27e+09  -5.9 2.58e+17    -  8.83e-09 1.07e-12f 14
  99  1.7241611e+06 2.77e-03 7.18e+16  -5.9 2.58e+17    -  1.00e+00 1.08e-12f 15
iter    objective    inf_pr   inf_du lg(mu)  ||d||  lg(rg) alpha_du alpha_pr  ls
 100  1.7226835e+06 2.78e-03 8.10e+10  -5.9 5.56e+02  -4.6 1.00e+00 1.00e+00F  1
 101  1.2218409e+06 2.76e-03 8.00e+10  -5.9 5.95e+14    -  2.46e-06 1.86e-09f 30
 102  6.8597220e+05 2.76e-03 1.17e+15  -5.9 1.70e+15    -  1.00e+00 4.23e-10f 12
 103  8.3189430e+04 2.75e-03 1.17e+15  -5.9 1.27e+18    -  1.15e-09 2.27e-13f 43
 104  3.5665420e+04 2.75e-03 1.21e+16  -5.9 1.76e+16    -  1.00e+00 2.55e-12f 16
 105  1.8464669e+04 2.75e-03 1.21e+16  -5.9 1.40e+15    -  1.06e-06 1.46e-11f 37
 106  1.0347306e+04 2.75e-03 1.34e+14  -5.9 1.94e+14    -  1.00e+00 5.58e-11f 18
 107  2.3692978e+02 2.75e-03 1.34e+14  -5.9 3.42e+13    -  4.79e-05 1.16e-10f 34
 108  5.9198091e+01 2.75e-03 2.82e+08  -5.9 4.08e+08    -  1.00e+00 2.72e-07f 17
 109  1.4938202e+01 2.75e-03 3.21e+02  -5.9 6.26e+06    -  9.85e-01 4.40e-06f 15
iter    objective    inf_pr   inf_du lg(mu)  ||d||  lg(rg) alpha_du alpha_pr  ls
 110  3.7361881e+00 2.75e-03 6.54e+04  -5.9 9.40e+04    -  1.00e+00 7.11e-05f 13
 111  2.8900327e+03 1.11e+01 4.39e+04  -5.9 1.08e+03    -  9.88e-01 1.00e+00w  1
 112  2.8844964e+03 1.28e+01 6.63e+03  -5.9 6.84e+00  -2.3 2.80e-01 1.00e+00w  1
 113  2.8551402e+03 1.57e+01 4.44e+03  -5.9 2.06e+01  -2.8 3.57e-01 1.00e+00w  1
 114  2.8038746e+00 2.76e-03 1.49e+00  -5.9 1.57e+01  -2.4 9.88e-01 1.95e-03f  9
 115  2.0484653e+00 2.76e-03 2.37e+02  -5.9 3.73e+02    -  1.00e+00 3.91e-03f  9
 116  1.0915810e+00 2.78e-03 1.45e+00  -5.9 1.02e+02    -  8.27e-01 7.81e-03f  8
 117  1.1415673e+01 6.31e-04 2.37e+01  -5.9 4.85e+00    -  1.00e+00 1.00e+00H  1
 118  1.1254338e+01 6.29e-04 1.19e+02  -5.9 1.97e+01  -2.9 1.00e+00 3.41e-03f  3
 119  9.8138571e+00 6.36e-04 2.06e+02  -5.9 3.75e+01  -3.4 1.00e+00 1.62e-02f  6
iter    objective    inf_pr   inf_du lg(mu)  ||d||  lg(rg) alpha_du alpha_pr  ls
 120  9.4590233e+00 6.35e-04 5.66e+02  -5.9 1.13e+02  -3.8 1.00e+00 1.33e-03f  9
 121  9.1981990e+00 6.35e-04 4.34e+05  -5.9 8.94e+04    -  1.00e+00 1.24e-06f 11
 122  2.0368027e+01 6.66e-04 7.12e+04  -5.9 1.47e+04    -  1.00e+00 8.23e-04h  9
 123  5.9933434e+00 7.65e-04 5.14e+04  -5.9 1.76e+05    -  2.12e-02 6.10e-05f 15
 124  8.1970836e-01 7.88e-04 1.81e+04  -5.9 3.70e+03    -  1.00e+00 6.55e-04f 11
 125  9.2684066e-01 3.71e-04 1.61e+00  -5.9 8.43e-01    -  1.00e+00 1.00e+00H  1
 126  8.7031934e-01 3.50e-04 1.53e+00  -6.4 1.01e+00    -  1.00e+00 4.09e-02f  1
 127  1.2117156e+00 1.17e-04 1.83e+00  -5.2 4.56e-01    -  1.00e+00 1.00e+00H  1
 128  6.4420778e+00 1.16e-05 9.11e+00 -11.0 3.14e+00    -  5.57e-02 1.00e+00H  1
 129  6.4311511e+00 1.14e-05 1.69e+01 -11.0 1.73e+01  -2.5 1.00e+00 3.92e-04f  1
iter    objective    inf_pr   inf_du lg(mu)  ||d||  lg(rg) alpha_du alpha_pr  ls
 130  1.3978031e+00 2.34e-05 5.75e+03 -10.8 1.76e+03    -  1.00e+00 1.35e-03f  1
 131  1.2869350e+01 2.28e-05 3.34e+01  -2.6 6.22e+00    -  9.93e-01 1.00e+00H  1
 132  4.3547474e+00 3.88e-05 7.34e+00  -3.0 1.70e+04    -  8.25e-04 4.48e-04f 11
 133  4.2781837e+00 3.89e-05 2.13e+03  -3.0 5.22e+02    -  1.00e+00 6.91e-05f  1
 134  8.4894670e-01 1.21e-04 1.96e+03  -3.0 4.82e+02    -  1.00e+00 3.91e-03f  9
 135  8.3103503e-01 1.98e-01 1.98e+01  -2.2 1.70e+00    -  9.90e-01 1.00e+00f  1
 136  7.8459110e-01 2.23e-02 8.38e-01  -2.6 5.44e-01    -  1.00e+00 1.00e+00h  1
 137  7.4947035e-01 4.61e-03 6.55e-01  -2.6 2.04e-01    -  7.37e-01 1.00e+00h  1
 138  7.0892307e-01 9.77e-04 3.04e-01  -4.4 1.15e-01  -3.0 1.00e+00 1.00e+00h  1
 139  7.0030729e-01 6.15e-04 3.33e-02  -4.0 1.54e-01    -  1.00e+00 9.76e-01h  1
iter    objective    inf_pr   inf_du lg(mu)  ||d||  lg(rg) alpha_du alpha_pr  ls
 140  7.0051215e-01 1.03e-05 4.40e-05  -5.9 1.40e-02    -  1.00e+00 1.00e+00h  1
 141  7.0051019e-01 8.79e-09 2.25e-07 -11.0 6.42e-04  -3.5 1.00e+00 1.00e+00h  1
 142  7.0051018e-01 8.16e-11 2.13e-06 -11.0 5.81e-06  -3.9 1.00e+00 9.91e-01h  1
 143  7.0051018e-01 1.07e-14 1.58e-11 -11.0 4.05e-07  -4.4 1.00e+00 1.00e+00h  1

Number of Iterations....: 143

                                   (scaled)                 (unscaled)
Objective...............:   7.0051017767752599e-01    7.0051017767752599e-01
Dual infeasibility......:   1.5769385797170798e-11    1.5769385797170798e-11
Constraint violation....:   1.0658141036401503e-14    1.0658141036401503e-14
Complementarity.........:   1.0000398244244211e-11    1.0000398244244211e-11
Overall NLP error.......:   1.5769385797170798e-11    1.5769385797170798e-11


Number of objective function evaluations             = 857
Number of objective gradient evaluations             = 144
Number of equality constraint evaluations            = 1009
Number of inequality constraint evaluations          = 0
Number of equality constraint Jacobian evaluations   = 144
Number of inequality constraint Jacobian evaluations = 0
Number of Lagrangian Hessian evaluations             = 143
Total CPU secs in IPOPT (w/o function evaluations)   =     10.563
Total CPU secs in NLP function evaluations           =     27.116

EXIT: Optimal Solution Found.
