This is Ipopt version 3.12.8, running with linear solver mumps.
NOTE: Other linear solvers might be more efficient (see Ipopt documentation).

Number of nonzeros in equality constraint Jacobian...:     5103
Number of nonzeros in inequality constraint Jacobian.:     1401
Number of nonzeros in Lagrangian Hessian.............:     6201

Total number of variables............................:     1104
                     variables with only lower bounds:      304
                variables with lower and upper bounds:      200
                     variables with only upper bounds:        0
Total number of equality constraints.................:      903
Total number of inequality constraints...............:      201
        inequality constraints with only lower bounds:        1
   inequality constraints with lower and upper bounds:        0
        inequality constraints with only upper bounds:      200

iter    objective    inf_pr   inf_du lg(mu)  ||d||  lg(rg) alpha_du alpha_pr  ls
   0 -1.0000000e-01 3.09e+01 4.85e-01   0.0 0.00e+00    -  0.00e+00 0.00e+00   0
   1 -9.9999010e-04 1.61e+03 1.22e+04   0.5 1.62e+02    -  2.77e-02 1.27e-01f  1
   2 -1.2140848e-03 1.43e+03 9.82e+03  -0.6 4.24e+02  -4.0 1.19e-01 1.26e-01h  2
   3r-1.2140848e-03 1.43e+03 9.99e+02   1.2 0.00e+00  -4.5 0.00e+00 2.58e-07R 12
   4r-2.6671444e-03 7.14e+02 9.90e+02   1.6 1.52e+04    -  9.12e-03 1.04e-03f  1
   5 -2.7737624e-03 4.99e+02 3.79e+02  -0.6 3.82e+02    -  3.75e-01 3.15e-01h  1
   6 -2.1555879e-03 2.24e+02 3.24e+02  -0.8 4.25e+02    -  1.00e+00 4.95e-01h  1
   7 -5.7768825e-03 2.46e+02 1.43e+03  -0.4 1.11e+02    -  7.27e-01 9.90e-01f  1
   8 -5.2968116e-03 5.35e+01 2.82e+04   0.2 3.03e+02  -5.0 1.00e+00 4.85e-01f  1
   9 -7.3715509e-03 5.59e+01 2.02e+04   0.2 1.82e+02    -  7.86e-01 9.90e-01f  1
iter    objective    inf_pr   inf_du lg(mu)  ||d||  lg(rg) alpha_du alpha_pr  ls
  10 -6.0751930e-03 2.90e+00 1.07e+04  -0.2 7.54e+01    -  1.00e+00 9.97e-01h  1
  11 -5.9892513e-03 5.16e-01 6.32e+01  -1.1 5.99e+00    -  1.00e+00 1.00e+00f  1
  12 -6.3679497e-03 3.92e-01 2.17e+00  -2.2 1.12e+01    -  1.00e+00 1.00e+00h  1
  13 -3.9339771e-02 3.06e+02 2.25e+04  -1.9 7.90e+02    -  4.74e-01 5.11e-01F  1
  14 -3.9338781e-04 6.50e+02 5.54e+07  -0.2 3.12e+03    -  1.00e+00 5.95e-03f  1
  15 -3.2164989e-03 2.71e+02 3.95e+02  -0.4 2.36e+02    -  1.00e+00 1.00e+00f  1
  16 -3.6408415e-03 6.98e-01 8.15e+06  -1.1 2.62e+02    -  7.61e-01 1.00e+00h  1
  17 -3.7758977e-03 2.38e+00 8.71e-01  -1.1 2.51e+01    -  1.00e+00 1.00e+00h  1
  18 -4.0830062e-03 6.04e-01 1.95e+00  -1.8 7.89e+00    -  1.00e+00 1.00e+00h  1
  19 -5.7421269e-03 8.11e+00 3.59e-01  -2.3 3.21e+01    -  1.00e+00 1.00e+00h  1
iter    objective    inf_pr   inf_du lg(mu)  ||d||  lg(rg) alpha_du alpha_pr  ls
  20 -7.8790224e-03 3.89e+00 1.42e-01  -2.4 8.83e+00  -5.4 1.00e+00 1.00e+00h  1
  21 -2.0670581e-02 7.10e+01 4.67e+01  -2.4 3.31e+02    -  2.06e-01 3.57e-01h  2
  22 -4.2022059e-02 1.58e+01 8.40e-02  -2.5 3.86e+01    -  1.00e+00 1.00e+00h  1
  23 -6.1413361e-02 9.87e-01 4.51e+03  -2.6 1.28e+01    -  9.37e-01 1.00e+00h  1
  24 -1.0892602e-01 5.27e-01 3.05e+03  -2.6 4.51e+00    -  9.33e-01 1.00e+00H  1
  25 -1.3898879e-01 4.75e-01 1.00e+04  -2.7 1.55e+00    -  1.00e+00 5.00e-01h  2
  26 -1.8646470e-01 5.07e-01 1.92e+04  -2.8 1.74e+00    -  1.00e+00 5.00e-01h  2
  27 -2.4833436e-01 4.31e-01 1.90e+04  -2.8 1.03e+00    -  1.00e+00 5.00e-01h  2
  28 -3.2578949e-01 3.47e-01 2.50e+04  -2.9 7.58e-01    -  1.00e+00 5.00e-01h  2
  29 -4.5749099e-01 2.40e-01 1.69e+04  -3.0 8.76e-01    -  1.00e+00 6.81e-01h  1
iter    objective    inf_pr   inf_du lg(mu)  ||d||  lg(rg) alpha_du alpha_pr  ls
  30 -5.4900045e-01 4.66e-02 7.25e+02  -3.1 5.87e-01    -  1.00e+00 9.77e-01h  1
  31 -5.9249773e-01 3.63e-02 8.21e-02  -3.9 5.49e-01    -  1.00e+00 1.00e+00h  1
  32 -6.2208726e-01 4.70e-02 9.15e+02  -4.4 1.71e+00    -  1.00e+00 9.05e-01h  1
  33 -6.2523332e-01 2.10e-02 7.90e+01  -4.4 2.14e+00    -  1.00e+00 9.01e-01h  1
  34 -6.2981103e-01 1.48e-02 1.02e-02  -4.8 1.58e+00    -  1.00e+00 1.00e+00h  1
  35 -6.3176142e-01 2.15e-02 7.44e+01  -5.4 2.24e+00    -  1.00e+00 9.25e-01h  1
  36 -6.3228557e-01 1.27e-02 6.50e+00  -5.6 2.33e+00    -  1.00e+00 9.74e-01h  1
  37 -6.3262490e-01 5.21e-03 4.80e-04  -6.1 1.75e+00    -  1.00e+00 1.00e+00h  1
  38 -6.3276150e-01 4.83e-03 1.12e+00  -6.8 2.16e+00    -  1.00e+00 9.84e-01h  1
  39 -6.3279015e-01 1.88e-03 5.90e-02  -7.4 1.39e+00    -  1.00e+00 9.96e-01h  1
iter    objective    inf_pr   inf_du lg(mu)  ||d||  lg(rg) alpha_du alpha_pr  ls
  40 -6.3279444e-01 6.96e-05 4.98e-03  -7.6 7.27e-01    -  1.00e+00 9.98e-01h  1
  41 -6.3279703e-01 2.55e-05 6.25e-06  -8.0 3.45e-01    -  1.00e+00 1.00e+00h  1
  42 -6.3279880e-01 5.01e-05 6.61e-07  -8.8 5.72e-01    -  1.00e+00 1.00e+00h  1
  43 -6.3279908e-01 5.50e-06 1.16e-05  -9.5 1.46e-01    -  1.00e+00 1.00e+00h  1
  44 -6.3279913e-01 4.90e-07 2.39e-08 -10.2 3.71e-02    -  1.00e+00 1.00e+00h  1
  45 -6.3279914e-01 1.42e-08 1.39e-05 -12.3 2.98e-03    -  1.00e+00 9.98e-01h  1
  46 -6.3279914e-01 4.61e-10 2.54e-11 -14.3 8.75e-04    -  1.00e+00 1.00e+00h  1
  47 -6.3279914e-01 3.20e-13 8.55e-14 -14.3 2.45e-05    -  1.00e+00 1.00e+00h  1
  48 -6.3279914e-01 6.71e-14 8.10e-14 -14.3 1.83e-08    -  1.00e+00 1.00e+00H  1
  49 -6.3279914e-01 3.75e-14 5.38e-14 -14.3 3.37e-11    -  1.00e+00 1.00e+00h  1
iter    objective    inf_pr   inf_du lg(mu)  ||d||  lg(rg) alpha_du alpha_pr  ls
  50 -6.3279914e-01 4.17e-14 5.21e-14 -14.3 1.45e-11    -  1.00e+00 1.00e+00h  1
  51 -6.3279914e-01 4.00e-14 4.82e-14 -14.3 1.32e-11    -  1.00e+00 1.00e+00h  1
  52 -6.3279914e-01 6.57e-14 4.79e-14 -14.3 1.18e-11    -  1.00e+00 1.00e+00H  1
  53 -6.3279914e-01 1.47e-14 2.01e-14 -14.3 1.34e-11    -  1.00e+00 1.00e+00h  1
  54 -6.3279914e-01 4.04e-14 5.16e-14 -14.3 1.34e-11    -  1.00e+00 1.00e+00h  1
  55 -6.3279914e-01 4.13e-14 5.52e-14 -14.3 1.26e-11    -  1.00e+00 1.00e+00h  1
  56 -6.3279914e-01 4.17e-14 5.13e-14 -14.3 1.29e-11    -  1.00e+00 1.00e+00h  1
  57 -6.3279914e-01 5.11e-14 1.65e-13 -14.3 1.21e-11    -  1.00e+00 5.00e-01h  2
  58 -6.3279914e-01 5.77e-14 5.29e-14 -14.3 5.03e-12    -  1.00e+00 1.00e+00h  1
  59 -6.3279914e-01 4.35e-14 5.55e-14 -14.3 1.39e-11    -  1.00e+00 1.00e+00h  1
iter    objective    inf_pr   inf_du lg(mu)  ||d||  lg(rg) alpha_du alpha_pr  ls
  60 -6.3279914e-01 4.22e-14 5.47e-14 -14.3 1.28e-11    -  1.00e+00 1.00e+00h  1

Number of Iterations....: 60

                                   (scaled)                 (unscaled)
Objective...............:  -6.3279913762165430e-01   -6.3279913762165430e-01
Dual infeasibility......:   5.4657824303062012e-14    5.4657824303062012e-14
Constraint violation....:   8.8817841970012523e-16    4.2188474935755955e-14
Complementarity.........:   6.0733262708325160e-15    6.0733262708325160e-15
Overall NLP error.......:   5.4657824303062012e-14    5.4657824303062012e-14


Number of objective function evaluations             = 95
Number of objective gradient evaluations             = 61
Number of equality constraint evaluations            = 95
Number of inequality constraint evaluations          = 95
Number of equality constraint Jacobian evaluations   = 62
Number of inequality constraint Jacobian evaluations = 62
Number of Lagrangian Hessian evaluations             = 60
Total CPU secs in IPOPT (w/o function evaluations)   =      0.415
Total CPU secs in NLP function evaluations           =      0.680

EXIT: Solved To Acceptable Level.
