
******************************************************************************
This program contains Ipopt, a library for large-scale nonlinear optimization.
 Ipopt is released as open source code under the Eclipse Public License (EPL).
         For more information visit http://projects.coin-or.org/Ipopt
******************************************************************************

This is Ipopt version 3.12.8, running with linear solver mumps.
NOTE: Other linear solvers might be more efficient (see Ipopt documentation).

Number of nonzeros in equality constraint Jacobian...:    33860
Number of nonzeros in inequality constraint Jacobian.:        0
Number of nonzeros in Lagrangian Hessian.............:    24315

Total number of variables............................:     6935
                     variables with only lower bounds:        5
                variables with lower and upper bounds:      900
                     variables with only upper bounds:        0
Total number of equality constraints.................:     6336
Total number of inequality constraints...............:        0
        inequality constraints with only lower bounds:        0
   inequality constraints with lower and upper bounds:        0
        inequality constraints with only upper bounds:        0


Number of Iterations....: 0

Number of objective function evaluations             = 0
Number of objective gradient evaluations             = 1
Number of equality constraint evaluations            = 1
Number of inequality constraint evaluations          = 0
Number of equality constraint Jacobian evaluations   = 1
Number of inequality constraint Jacobian evaluations = 0
Number of Lagrangian Hessian evaluations             = 0
Total CPU secs in IPOPT (w/o function evaluations)   =      2.883
Total CPU secs in NLP function evaluations           =      1.020

EXIT: Invalid number in NLP function or derivative detected.
Exception of type: Eval_Error in file "/home/controleapo/Bureau/logiciels/Bocop-2.1.0-linux-src/ThirdParty/Ipopt-3.12.8/Ipopt/src/Algorithm/IpOrigIpoptNLP.cpp" at line 568:
 Exception message: Error evaluating the equality constraints

EXIT: Some uncaught Ipopt exception encountered.
