
******************************************************************************
This program contains Ipopt, a library for large-scale nonlinear optimization.
 Ipopt is released as open source code under the Eclipse Public License (EPL).
         For more information visit http://projects.coin-or.org/Ipopt
******************************************************************************

This is Ipopt version 3.12.8, running with linear solver mumps.
NOTE: Other linear solvers might be more efficient (see Ipopt documentation).

Number of nonzeros in equality constraint Jacobian...:    11263
Number of nonzeros in inequality constraint Jacobian.:      450
Number of nonzeros in Lagrangian Hessian.............:     7950

Total number of variables............................:     2558
                     variables with only lower bounds:        0
                variables with lower and upper bounds:      450
                     variables with only upper bounds:        0
Total number of equality constraints.................:     2113
Total number of inequality constraints...............:      150
        inequality constraints with only lower bounds:        0
   inequality constraints with lower and upper bounds:        0
        inequality constraints with only upper bounds:      150

iter    objective    inf_pr   inf_du lg(mu)  ||d||  lg(rg) alpha_du alpha_pr  ls
   0  5.8499310e-01 7.16e+02 5.50e+01   0.0 0.00e+00    -  0.00e+00 0.00e+00   0
   1  5.8209730e-01 7.16e+02 1.26e+02  -0.1 1.31e+05  -4.0 6.23e-01 1.73e-05h  1
   2  5.8201753e-01 7.16e+02 1.27e+02   0.9 1.41e+05  -3.6 1.61e-04 1.62e-04h  1
   3  5.8194670e-01 8.22e+02 1.26e+02   0.9 1.79e+05  -3.1 1.80e-04 2.25e-04f  1
   4  5.8193948e-01 1.16e+03 4.97e+02   0.9 1.65e+05  -1.8 1.09e-04 6.56e-05f  1
   5  5.8160243e-01 1.02e+06 1.53e+06   0.9 1.55e+05  -1.4 4.88e-05 5.36e-03f  1
   6  5.8160104e-01 1.02e+06 1.53e+06   0.9 1.17e+05   0.8 1.17e-05 4.33e-06f  2
   7  5.8158939e-01 1.02e+06 1.53e+06   0.9 1.16e+05   0.4 4.08e-06 4.49e-05f  1
   8  3.3490680e-01 2.74e+05 5.26e+08   0.9 1.18e+05   0.8 4.27e-05 1.00e+00f  1
   9  5.5086933e-01 9.61e+05 1.95e+11   0.9 2.93e+04   3.9 3.34e-05 1.54e-01f  1
MUMPS returned INFO(1) = -9 and requires more memory, reallocating.  Attempt 1
  Increasing icntl[13] from 1000 to 2000.
MUMPS returned INFO(1) = -9 and requires more memory, reallocating.  Attempt 2
  Increasing icntl[13] from 2000 to 4000.
iter    objective    inf_pr   inf_du lg(mu)  ||d||  lg(rg) alpha_du alpha_pr  ls
  10  6.5964045e-01 1.52e+06 2.63e+10   0.9 1.31e+04   5.3 3.38e-03 3.46e-02f  1
  11  6.5822512e-01 1.52e+06 2.63e+10   0.9 1.80e+04   5.7 5.88e-02 1.95e-03h  1
  12  6.5819146e-01 1.52e+06 2.63e+10   0.8 1.78e+04   5.2 1.00e+00 1.25e-05h  1
  13r 6.5819146e-01 1.52e+06 1.00e+03   4.4 0.00e+00   5.6 0.00e+00 2.98e-07R  5
  14r 6.6677095e-01 1.64e+06 8.80e+03  -1.7 1.02e+06    -  7.44e-03 3.31e-03f  1
  15r 7.4962569e-01 1.57e+06 3.81e+05   3.5 1.42e+03   0.0 1.36e-02 2.33e-01f  1
  16r 8.2665409e-01 1.55e+06 4.99e+05   3.6 3.37e+02   1.3 1.87e-01 1.33e-01f  1
  17r 8.6464738e-01 1.55e+06 4.21e+05  -1.9 1.37e+02   1.8 1.29e-01 1.46e-01f  1
  18r 8.9675948e-01 1.56e+06 9.84e+06  -1.9 2.72e+01   4.0 3.58e-01 2.81e-01f  1
  19r 8.9724362e-01 1.56e+06 9.79e+06   4.3 2.98e+01   5.3 1.00e+00 5.08e-03h  1
iter    objective    inf_pr   inf_du lg(mu)  ||d||  lg(rg) alpha_du alpha_pr  ls
  20r 9.1211341e-01 1.56e+06 1.70e+08   4.1 2.95e+01   5.7 9.97e-01 1.57e-01h  1
  21r 9.1303405e-01 1.56e+06 1.66e+08   4.3 1.93e+01   6.2 1.00e+00 1.08e-02h  1
  22r 9.2876173e-01 1.57e+06 8.91e+08   4.2 2.20e+01   6.6 1.00e+00 1.88e-01h  1
  23r 9.3752463e-01 1.57e+06 4.09e+08   4.0 2.23e+01   6.1 1.00e+00 1.20e-01h  1
  24r 9.4242660e-01 1.57e+06 3.82e+08   3.5 1.29e+01   6.5 1.00e+00 7.78e-02h  1
  25r 9.6874070e-01 1.58e+06 1.69e+09   3.0 1.63e+01   6.1 1.00e+00 4.26e-01h  1
  26r 9.7794172e-01 1.58e+06 1.22e+09   2.8 6.68e+00   6.5 1.00e+00 2.63e-01h  1
  27r 9.8458385e-01 1.58e+06 9.06e+08   2.4 4.93e+00   6.0 1.00e+00 2.49e-01h  1
  28r 9.8993153e-01 1.58e+06 6.28e+08   2.2 4.55e+00   6.4 1.00e+00 2.78e-01h  1
  29r 9.9723467e-01 1.59e+06 2.85e+08   2.0 4.70e+00   6.0 1.00e+00 5.06e-01h  1
iter    objective    inf_pr   inf_du lg(mu)  ||d||  lg(rg) alpha_du alpha_pr  ls
  30r 9.9755947e-01 1.59e+06 2.73e+08   1.2 4.34e+00   5.5 1.00e+00 4.24e-02f  1
  31r 1.0000510e+00 1.59e+06 1.69e+08   1.7 2.83e+00   5.9 1.00e+00 3.75e-01h  1
  32r 1.0024164e+00 1.59e+06 7.51e+07   1.1 2.93e+00   5.4 1.00e+00 5.51e-01f  1
  33r 1.0044895e+00 1.59e+06 2.83e+07   3.1 5.66e+00   5.0 6.00e-01 1.00e+00f  1
  34r 1.0044470e+00 1.59e+06 3.61e+07   3.1 3.38e+00   4.5 1.00e+00 1.00e+00f  1
  35r 1.0051614e+00 1.59e+06 4.65e+06   3.4 1.02e+01   4.0 1.00e+00 1.00e+00f  1
  36r 1.0063051e+00 1.59e+06 6.56e+05   1.5 5.49e-01   3.5 1.00e+00 1.00e+00f  1
  37r 1.0070930e+00 1.59e+06 1.36e+04  -0.3 1.02e+00   3.0 1.00e+00 9.87e-01f  1
  38r 1.0080583e+00 1.59e+06 8.79e+03  -1.4 3.08e+00   2.6 1.00e+00 3.43e-01f  1
  39r 1.0092644e+00 1.59e+06 7.90e+03  -2.0 9.24e+00   2.1 1.00e+00 9.87e-02f  1
iter    objective    inf_pr   inf_du lg(mu)  ||d||  lg(rg) alpha_du alpha_pr  ls
  40r 1.0129366e+00 1.59e+06 7.23e+03  -2.1 2.77e+01   1.6 1.00e+00 7.92e-02f  1
  41r 1.0151811e+00 1.59e+06 6.42e+03  -1.9 1.04e+01   2.0 1.00e+00 1.08e-01f  1
  42r 1.0203234e+00 1.59e+06 5.97e+03  -1.8 3.13e+01   1.6 1.00e+00 6.46e-02f  1
  43r 1.0249262e+00 1.58e+06 5.10e+03  -1.4 1.22e+01   2.0 1.00e+00 1.37e-01f  1
  44r 1.0337589e+00 1.58e+06 4.77e+03  -1.3 3.93e+01   1.5 1.00e+00 5.85e-02f  1
  45r 1.0419205e+00 1.58e+06 4.20e+03  -0.9 1.55e+01   1.9 1.00e+00 1.10e-01f  1
  46r 1.0534245e+00 1.58e+06 4.64e+03  -0.7 4.67e+01   1.5 1.00e+00 4.88e-02f  1
  47r 1.0579600e+00 1.57e+06 3.92e+03   3.3 8.32e+02   1.0 1.20e-01 1.42e-02f  1
  48r 1.1265978e+00 1.55e+06 6.38e+03   0.3 4.84e+02   0.5 1.74e-01 3.07e-02f  1
  49r 1.2248232e+00 1.52e+06 2.04e+04   1.0 1.29e+02   0.9 1.73e-01 9.13e-02f  1
iter    objective    inf_pr   inf_du lg(mu)  ||d||  lg(rg) alpha_du alpha_pr  ls
  50r 1.5543321e+00 1.36e+06 8.43e+05   0.8 4.46e+02   0.5 1.62e-02 5.13e-02f  1
  51r 1.5130194e+00 1.35e+06 8.19e+05   3.9 2.01e+02   0.9 1.77e-01 1.84e-01f  1
  52r 1.5323755e+00 1.38e+06 6.59e+05   3.2 7.00e+00   3.1 6.92e-01 2.75e-01f  1
  53r 1.5772000e+00 1.46e+06 2.09e+06   3.2 4.57e+00   3.5 9.89e-01 1.00e+00f  1
  54r 1.5781133e+00 1.46e+06 7.09e+06   3.2 6.06e+00   4.0 1.00e+00 5.76e-01f  1
  55r 1.5821043e+00 1.46e+06 4.94e+07   3.2 6.14e+00   3.5 3.50e-01 9.32e-01f  1
  56r 1.5879140e+00 1.46e+06 1.04e+08   3.2 1.78e+01   3.9 1.37e-01 4.81e-01f  1
  57r 1.6072222e+00 1.46e+06 1.01e+08   3.2 1.75e+02   3.4 1.19e-03 6.01e-02f  1
  58r 1.6073125e+00 1.46e+06 1.00e+08   3.2 4.37e+01   3.9 4.58e-01 2.53e-03h  1
  59r 1.6377337e+00 1.46e+06 9.28e+07   3.2 1.76e+02   3.4 2.83e-02 1.26e-01f  1
iter    objective    inf_pr   inf_du lg(mu)  ||d||  lg(rg) alpha_du alpha_pr  ls
  60r 1.6392571e+00 1.46e+06 8.53e+07   3.2 4.88e+01   3.8 1.00e+00 8.99e-02f  1
  61r 1.6771450e+00 1.46e+06 7.72e+07   3.2 2.04e+02   3.3 1.50e-01 1.44e-01f  1
  62r 1.6809706e+00 1.46e+06 6.42e+07   3.2 5.41e+01   3.8 1.00e+00 2.10e-01f  1
  63r 1.7042456e+00 1.46e+06 5.99e+07   3.2 2.53e+02   3.3 1.96e-01 8.52e-02h  1
  64r 1.7114777e+00 1.46e+06 4.64e+07   3.2 5.87e+01   3.7 1.00e+00 3.18e-01h  1
  65r 1.7241627e+00 1.46e+06 4.57e+07   3.2 5.35e+02   3.2 7.55e-02 1.94e-02h  2
  66r 1.7365524e+00 1.46e+06 3.57e+07   3.2 6.30e+01   3.7 1.00e+00 3.48e-01h  1
  67r 1.7376875e+00 1.46e+06 2.36e+07   3.2 3.39e+01   4.1 6.05e-01 5.10e-01h  1
  68r 1.7409664e+00 1.46e+06 1.76e+07   3.2 5.25e+01   3.6 5.08e-01 3.33e-01f  1
  69r 1.7352868e+00 1.46e+06 9.16e+06   3.2 2.58e+01   4.0 2.31e-01 3.50e-01f  1
iter    objective    inf_pr   inf_du lg(mu)  ||d||  lg(rg) alpha_du alpha_pr  ls
  70r 1.7181925e+00 1.46e+06 1.45e+07   4.3 2.56e+01   3.6 7.91e-01 7.20e-01f  1
  71r 1.7272032e+00 1.46e+06 8.78e+07   4.2 4.77e+00   4.9 9.71e-01 1.00e+00f  1
  72r 1.7287772e+00 1.46e+06 2.84e+07   4.2 9.10e+00   4.4 4.63e-01 1.00e+00f  1
  73r 1.7304118e+00 1.46e+06 2.53e+07   4.2 7.62e+00   3.9 1.00e+00 2.76e-01f  1
  74r 1.7503126e+00 1.45e+06 2.76e+07   4.2 2.03e+01   3.5 6.74e-01 1.00e+00f  1
  75r 1.7895195e+00 1.45e+06 2.62e+07   4.2 8.87e+02   3.0 4.06e-02 2.79e-02f  1
  76r 1.8178916e+00 1.45e+06 1.15e+07   4.2 2.05e+01   3.4 1.00e+00 1.00e+00f  1
  77r 1.9104020e+00 1.44e+06 6.64e+06   4.2 4.18e+01   2.9 7.19e-01 1.00e+00f  1
  78r 1.9285053e+00 1.45e+06 2.19e+06   4.2 1.14e+01   3.4 8.87e-01 1.00e+00f  1
  79r 1.9611844e+00 1.44e+06 8.06e+04   3.5 3.61e+00   2.9 1.00e+00 1.00e+00f  1
iter    objective    inf_pr   inf_du lg(mu)  ||d||  lg(rg) alpha_du alpha_pr  ls
  80r 1.9685217e+00 1.44e+06 1.18e+04   2.8 1.16e+00   3.3 1.00e+00 1.00e+00f  1
  81r 1.9763604e+00 1.44e+06 4.04e+03   0.8 1.59e+00   2.8 9.98e-01 1.00e+00f  1
  82r 1.9775852e+00 1.44e+06 2.42e+03  -0.0 4.56e+00   2.4 1.00e+00 4.04e-01f  1
  83r 1.9801863e+00 1.44e+06 2.02e+03  -4.2 1.51e+01   1.9 9.85e-01 1.43e-01f  1
  84r 2.0159965e+00 1.44e+06 7.55e+03   2.2 5.55e+01   1.4 7.01e-01 8.20e-02f  1
  85r 2.0662223e+00 1.43e+06 1.19e+04   2.0 1.77e+01   1.8 4.75e-01 1.95e-01f  1
  86r 2.1771154e+00 1.42e+06 3.40e+04   2.4 5.27e+01   1.3 5.46e-01 1.26e-01f  1
  87r 1.8546173e+00 1.38e+06 4.42e+04   4.5 5.11e+02   0.9 4.78e-02 2.67e-02f  1
  88r 2.0740090e+00 1.28e+06 9.05e+04   3.1 4.29e+02   0.4 2.15e-01 1.18e-01f  1
  89r 2.5474465e+00 1.17e+06 1.43e+05   3.1 1.58e+02   0.8 5.97e-01 1.85e-01f  1
iter    objective    inf_pr   inf_du lg(mu)  ||d||  lg(rg) alpha_du alpha_pr  ls
  90r 2.9802376e+00 1.14e+06 9.58e+04   3.1 5.72e+01   1.2 8.08e-01 2.97e-01f  1
  91r 4.7124839e+00 6.94e+05 4.29e+05   2.6 2.22e+02   0.8 1.82e-01 1.98e-01f  1
  92r 5.1655188e+00 8.95e+05 5.97e+07   3.3 3.65e+01   3.9 3.36e-02 3.72e-01f  1
  93r 5.2516623e+00 9.33e+05 1.87e+10   3.7 7.84e+01   6.1 1.00e+00 1.18e-01h  1
  94r 5.3184436e+00 9.64e+05 1.60e+10   5.6 3.93e+00   7.5 1.00e+00 1.12e-01f  1
  95r 5.4680465e+00 1.04e+06 6.30e+10   5.5 3.48e+00   8.8 2.26e-01 2.91e-01h  1
  96r 5.4705368e+00 1.04e+06 6.26e+10   4.8 2.34e+00   9.2 4.65e-01 6.69e-03h  1
  97r 5.5341642e+00 1.07e+06 9.93e+10   4.9 2.39e+00   9.6 1.00e+00 1.74e-01h  1
  98r 5.5605132e+00 1.08e+06 9.61e+10   5.2 2.78e+00   9.2 1.00e+00 8.36e-02h  1
  99r 5.5881516e+00 1.09e+06 1.58e+11   5.5 2.20e+00   9.6 1.00e+00 1.00e-01h  1
iter    objective    inf_pr   inf_du lg(mu)  ||d||  lg(rg) alpha_du alpha_pr  ls
 100r 5.7664589e+00 1.17e+06 1.77e+13   7.3 3.27e+00   9.1 5.01e-01 6.97e-01f  1
 101r 5.7800763e+00 1.18e+06 1.49e+13   6.9 1.07e+01   9.5 7.31e-02 1.38e-01f  1
 102r 5.7802383e+00 1.18e+06 1.49e+13   6.2 3.36e+01   9.1 1.11e-01 7.46e-04h  1
 103r 5.7852324e+00 1.18e+06 1.38e+13   6.2 1.23e+01   9.5 2.54e-01 6.55e-02h  1
 104r 5.8222883e+00 1.19e+06 1.02e+13   6.2 3.92e+01   9.0 9.25e-02 2.11e-01f  1
 105r 5.8279943e+00 1.19e+06 1.01e+13   6.2 1.50e+02   8.5 7.27e-02 5.61e-03h  1
 106r 5.8587026e+00 1.19e+06 8.83e+12   6.2 4.58e+01   9.0 3.50e-01 1.95e-01h  1
 107r 5.8597575e+00 1.19e+06 8.65e+12   6.2 1.66e+01   9.4 9.21e-01 2.16e-02h  1
 108r 5.8689941e+00 1.19e+06 8.27e+12   6.2 5.81e+01   8.9 3.42e-01 5.76e-02h  1
 109r 5.8843564e+00 1.19e+06 8.25e+12   6.2 6.81e+02   8.4 1.13e-02 3.09e-03h  1
iter    objective    inf_pr   inf_du lg(mu)  ||d||  lg(rg) alpha_du alpha_pr  ls
 110r 5.8891220e+00 1.19e+06 8.09e+12   6.2 7.11e+01   8.9 2.86e-01 2.23e-02h  1
 111r 5.9063527e+00 1.19e+06 8.07e+12   6.2 8.39e+02   8.4 6.93e-03 2.54e-03f  3
 112r 5.9388706e+00 1.19e+06 7.61e+12   6.2 8.77e+01   8.8 1.00e+00 1.08e-01h  1
 113r 5.9436486e+00 1.20e+06 7.22e+12   6.2 2.67e+01   9.2 1.00e+00 6.22e-02h  1
 114r 5.9783751e+00 1.20e+06 7.02e+12   6.2 1.34e+02   8.8 1.06e-01 5.26e-02h  1
 115r 5.9829868e+00 1.20e+06 6.82e+12   6.2 3.47e+01   9.2 9.46e-01 3.44e-02h  1
 116r 6.0314551e+00 1.20e+06 6.79e+12   5.5 2.91e+02   8.7 4.22e-02 1.86e-02h  2
 117r 6.0734904e+00 1.20e+06 6.39e+12   6.4 5.36e+01   9.1 1.00e+00 1.52e-01h  1
 118r 6.0653403e+00 1.20e+06 1.26e+13   6.4 5.04e+01   9.6 1.61e-01 3.08e-01h  1
 119r 6.0465637e+00 1.20e+06 1.21e+13   5.7 6.61e+01   9.1 5.98e-03 4.52e-02h  1
iter    objective    inf_pr   inf_du lg(mu)  ||d||  lg(rg) alpha_du alpha_pr  ls
 120r 6.0446738e+00 1.20e+06 1.20e+13   5.7 6.53e+01   9.5 6.99e-02 7.39e-03h  1
 121r 6.0438040e+00 1.20e+06 1.19e+13   5.7 6.22e+01   9.0 2.36e-03 2.96e-03h  1
 122r 6.0393226e+00 1.20e+06 1.17e+13   5.7 5.82e+01   9.5 1.40e-05 1.92e-02f  1
 123r 6.0387551e+00 1.20e+06 1.16e+13   5.7 7.94e+01   9.0 2.87e-02 4.13e-03h  1
 124r 6.0346136e+00 1.20e+06 1.13e+13   5.7 4.63e+01   9.4 1.97e-01 2.35e-02h  1
 125r 6.0605524e+00 1.20e+06 1.01e+13   7.3 3.07e+02   8.9 3.14e-01 2.27e-02f  1
 126r 6.0749087e+00 1.20e+06 7.46e+12   6.8 3.56e+01   9.4 8.40e-02 9.02e-02h  1
 127r 6.0780288e+00 1.20e+06 7.24e+12   6.1 1.33e+01   9.8 8.06e-01 4.54e-02h  1
 128r 6.1145732e+00 1.20e+06 3.02e+13   5.4 5.31e+01   9.3 1.37e-01 3.27e-01h  1
 129r 6.1123721e+00 1.20e+06 3.02e+13   7.3 5.33e+01   8.8 1.25e-02 8.20e-04h  1
iter    objective    inf_pr   inf_du lg(mu)  ||d||  lg(rg) alpha_du alpha_pr  ls
 130r 6.1122049e+00 1.20e+06 3.02e+13   6.3 3.85e+01   9.3 1.06e-01 1.80e-04h  1
 131r 5.9064018e+00 1.20e+06 2.80e+13   6.3 5.05e+01   8.8 2.77e-02 7.42e-02f  1
 132r 5.8935447e+00 1.20e+06 2.75e+13   6.3 3.77e+01   9.2 1.93e-02 1.71e-02h  1
 133r 5.8636735e+00 1.20e+06 2.56e+13   6.3 3.77e+01   9.6 8.11e-02 6.20e-02f  1
 134r 5.8428813e+00 1.20e+06 2.43e+13   6.3 3.54e+01  10.1 2.52e-02 4.11e-02f  1
MUMPS returned INFO(1) = -9 and requires more memory, reallocating.  Attempt 1
  Increasing icntl[13] from 4000 to 8000.
 135r 5.8217796e+00 1.20e+06 2.26e+13   6.3 3.33e+01  10.5 5.39e-04 4.36e-02f  1
 136r 5.8151447e+00 1.20e+06 2.16e+13   6.3 3.32e+01  10.9 6.09e-04 2.44e-02f  1
 137r 5.8141084e+00 1.20e+06 2.14e+13   5.6 3.32e+01  11.3 8.90e-03 4.68e-03f  1
 138r 5.7508517e+00 1.21e+06 6.09e+13   7.3 3.35e+01  10.9 1.31e-03 2.97e-01f  1
 139r 5.7503602e+00 1.21e+06 5.96e+13   6.4 2.12e+01  11.3 3.55e-02 2.91e-02h  1
iter    objective    inf_pr   inf_du lg(mu)  ||d||  lg(rg) alpha_du alpha_pr  ls
 140r 5.7497444e+00 1.21e+06 5.92e+13   5.7 1.97e+01  11.7 5.42e-02 2.65e-02h  1
 141r 5.7446998e+00 1.21e+06 8.01e+14   7.3 2.03e+01  11.2 1.67e-01 1.00e+00f  1
 142r 5.7636541e+00 1.21e+06 5.16e+14   6.7 2.11e+01  10.7 2.72e-01 6.64e-01f  1
 143r 5.7600022e+00 1.21e+06 2.47e+14   6.7 5.18e+00  11.2 8.90e-01 1.00e+00f  1
 144r 5.7585423e+00 1.21e+06 9.29e+13   6.7 1.76e+00  10.7 9.95e-01 1.00e+00f  1
 145r 5.7580228e+00 1.21e+06 8.10e+13   6.7 1.53e+00  10.2 7.43e-01 1.52e-01h  1
 146r 5.7575204e+00 1.21e+06 7.85e+13   6.7 3.19e+00   9.7 1.00e+00 3.25e-02h  1
 147r 5.7505448e+00 1.21e+06 7.81e+13   6.7 5.75e+01   9.3 4.43e-02 6.86e-03f  3
 148r 5.7444159e+00 1.21e+06 6.01e+13   6.7 3.38e+00   9.7 5.25e-01 3.46e-01f  1
 149r 5.7441770e+00 1.21e+06 5.98e+13   6.7 1.06e+01   9.2 4.76e-01 4.44e-03h  1
iter    objective    inf_pr   inf_du lg(mu)  ||d||  lg(rg) alpha_du alpha_pr  ls
 150r 5.7425805e+00 1.21e+06 3.26e+13   6.7 3.16e+00   9.6 1.00e+00 5.21e-01f  1
 151r 5.7426866e+00 1.21e+06 3.21e+13   6.7 3.76e+00   9.2 6.45e-01 1.47e-02h  1
 152r 5.7426888e+00 1.21e+06 6.23e+12   6.7 1.28e+00   9.6 1.00e+00 1.00e+00f  1
 153r 5.7434208e+00 1.21e+06 8.48e+11   6.7 4.13e-01   9.1 9.90e-01 1.00e+00f  1
 154r 5.7433979e+00 1.21e+06 6.81e+09   5.2 1.64e-02   8.6 1.00e+00 1.00e+00f  1
 155r 5.7434488e+00 1.21e+06 2.83e+08   3.6 1.41e-02   8.2 1.00e+00 1.00e+00f  1
 156r 5.7434086e+00 1.21e+06 9.15e+07   2.1 1.39e-02   7.7 1.00e+00 1.00e+00f  1
 157r 5.7434519e+00 1.21e+06 3.02e+07   0.4 1.35e-02   7.2 1.00e+00 1.00e+00f  1
 158r 5.7434134e+00 1.21e+06 9.75e+06  -1.1 1.33e-02   6.7 1.00e+00 1.00e+00f  1
 159r 5.7434528e+00 1.21e+06 3.21e+06  -2.8 1.29e-02   6.3 1.00e+00 1.00e+00f  1
iter    objective    inf_pr   inf_du lg(mu)  ||d||  lg(rg) alpha_du alpha_pr  ls
 160r 5.7434171e+00 1.21e+06 1.04e+06  -4.3 1.27e-02   5.8 1.00e+00 1.00e+00f  1
 161r 5.7434267e+00 1.21e+06 7.64e+05  -5.1 1.24e-02   5.3 1.00e+00 2.64e-01f  1
 162r 5.7434272e+00 1.21e+06 7.49e+05  -4.4 2.01e-02   4.8 1.00e+00 1.92e-02f  1
 163r 5.7434295e+00 1.21e+06 6.91e+05  -6.2 5.03e-02   4.3 1.00e+00 7.77e-02f  1
 164r 5.7434300e+00 1.21e+06 6.78e+05  -5.0 1.56e-01   3.9 1.00e+00 1.76e-02f  1
 165r 5.7434318e+00 1.21e+06 6.46e+05  -6.8 4.68e-01   3.4 1.00e+00 4.79e-02f  1
 166r 5.7434319e+00 1.21e+06 6.45e+05  -7.5 1.43e+00   2.9 1.00e+00 7.94e-04f  1
 167r 5.7434350e+00 1.21e+06 6.03e+05  -7.0 5.41e-01   3.3 1.00e+00 6.56e-02f  1
 168r 5.7434496e+00 1.21e+06 6.00e+05  -3.3 1.62e+00   2.9 1.00e+00 4.97e-03f  1
 169r 5.7435794e+00 1.21e+06 5.57e+05  -5.1 6.08e-01   3.3 1.00e+00 7.16e-02f  1
iter    objective    inf_pr   inf_du lg(mu)  ||d||  lg(rg) alpha_du alpha_pr  ls
 170r 5.7437952e+00 1.21e+06 5.44e+05  -5.3 2.03e+00   2.8 1.00e+00 2.39e-02f  1
 171r 5.7439018e+00 1.21e+06 5.16e+05  -4.9 6.84e-01   3.2 1.00e+00 5.10e-02f  1
 172r 5.7440194e+00 1.21e+06 5.19e+04  -4.8 2.58e-01   3.7 1.00e+00 1.44e-01f  1
 173r 5.7441300e+00 1.21e+06 4.91e+04  -4.8 7.94e-01   3.2 1.00e+00 5.44e-02f  1
 174r 5.7441731e+00 1.21e+06 4.76e+04  -4.7 2.38e+00   2.7 1.00e+00 3.01e-02f  1
 175r 5.7441765e+00 1.21e+06 3.82e+05  -4.3 8.92e-01   3.1 1.00e+00 5.57e-02f  1
 176r 5.7441493e+00 1.21e+06 4.34e+04  -4.2 2.69e+00   2.7 1.00e+00 3.46e-02f  1
 177r 5.7441027e+00 1.21e+06 3.51e+05  -4.0 1.01e+00   3.1 1.00e+00 5.09e-02f  1
 178r 5.7440072e+00 1.21e+06 3.97e+04  -3.8 3.03e+00   2.6 1.00e+00 3.71e-02f  1
 179r 5.7439451e+00 1.21e+06 3.14e+05  -3.4 1.14e+00   3.0 1.00e+00 6.36e-02f  1
iter    objective    inf_pr   inf_du lg(mu)  ||d||  lg(rg) alpha_du alpha_pr  ls
 180r 5.7439219e+00 1.21e+06 3.56e+04  -3.2 4.42e-01   3.5 1.00e+00 1.27e-01f  1
 181r 5.7438222e+00 1.21e+06 2.57e+05  -3.1 1.33e+00   3.0 1.00e+00 5.68e-02f  1
 182r 5.7438201e+00 1.21e+06 3.56e+04  -2.7 4.99e-01   3.4 1.00e+00 9.74e-02f  1
 183r 5.7440983e+00 1.21e+06 3.40e+04  -2.5 1.49e+00   2.9 1.00e+00 4.75e-02f  1
 184r 5.7445368e+00 1.21e+06 3.09e+04  -2.1 5.60e-01   3.4 1.00e+00 9.94e-02f  1
 185r 5.7449655e+00 1.21e+06 2.57e+04  -2.0 2.16e-01   3.8 1.00e+00 1.74e-01f  1
 186r 5.7456698e+00 1.21e+06 2.42e+04  -2.1 6.75e-01   3.3 1.00e+00 6.73e-02f  1
 187r 5.7464177e+00 1.21e+06 2.07e+04  -2.0 2.45e-01   3.7 1.00e+00 1.65e-01f  1
 188r 5.7466654e+00 1.21e+06 1.77e+04  -2.1 8.85e-02   4.2 1.00e+00 1.45e-01f  1
 189r 5.7474281e+00 1.21e+06 1.59e+04  -2.1 2.70e-01   3.7 1.00e+00 1.34e-01f  1
iter    objective    inf_pr   inf_du lg(mu)  ||d||  lg(rg) alpha_du alpha_pr  ls
 190r 5.7475832e+00 1.21e+06 1.44e+04  -0.8 1.01e-01   4.1 1.00e+00 9.91e-02f  1
 191r 5.7481267e+00 1.21e+06 1.38e+04  -1.2 5.03e-01   3.6 1.00e+00 1.13e-01f  1
 192r 5.7483310e+00 1.21e+06 1.23e+04  -2.2 1.23e-01   4.1 1.00e+00 1.03e-01f  1
 193r 5.7491059e+00 1.21e+06 1.11e+04   0.7 6.68e-01   3.6 9.98e-01 1.11e-01f  1
 194r 5.7492956e+00 1.21e+06 1.05e+04  -0.7 1.38e-01   4.0 1.00e+00 5.72e-02f  1
 195r 5.7516848e+00 1.21e+06 1.33e+04  -1.3 4.72e-01   3.5 1.00e+00 2.11e-01f  1
 196r 5.7523329e+00 1.21e+06 1.04e+04  -1.8 1.54e-01   4.0 1.00e+00 2.27e-01f  1
 197r 5.7532947e+00 1.21e+06 8.72e+03  -1.5 4.49e-01   3.5 1.00e+00 1.53e-01f  1
 198r 5.7536895e+00 1.21e+06 6.43e+03  -1.0 1.66e-01   3.9 1.00e+00 2.33e-01f  1
 199r 5.7548511e+00 1.21e+06 1.34e+04   1.9 8.51e-01   3.4 7.04e-01 1.30e-01f  1
iter    objective    inf_pr   inf_du lg(mu)  ||d||  lg(rg) alpha_du alpha_pr  ls
 200r 5.7589330e+00 1.21e+06 8.47e+04   1.5 1.90e-01   3.8 8.72e-01 9.73e-01f  1
 201r 5.7591238e+00 1.21e+06 3.67e+04  -0.0 6.88e-02   4.3 1.00e+00 5.59e-01f  1
 202r 5.7596038e+00 1.21e+06 2.40e+04  -1.0 2.03e-01   3.8 1.00e+00 3.46e-01f  1
 203r 5.7597355e+00 1.21e+06 1.60e+04  -1.4 7.67e-02   4.2 1.00e+00 3.33e-01f  1
 204r 5.7601440e+00 1.21e+06 1.23e+04  -1.1 2.29e-01   3.7 1.00e+00 2.31e-01f  1
 205r 5.7609102e+00 1.21e+06 1.07e+04  -1.1 7.04e-01   3.3 1.00e+00 1.25e-01f  1
 206r 5.7613136e+00 1.21e+06 9.21e+03  -0.2 2.64e-01   3.7 1.00e+00 1.42e-01f  1
 207r 5.7615773e+00 1.21e+06 6.86e+03  -1.2 9.66e-02   4.1 1.00e+00 2.58e-01f  1
 208r 5.7626168e+00 1.21e+06 1.43e+04   0.8 3.03e-01   3.6 1.00e+00 2.46e-01f  1
 209r 5.7629899e+00 1.21e+06 1.20e+04  -0.2 1.13e-01   4.1 1.00e+00 2.02e-01f  1
iter    objective    inf_pr   inf_du lg(mu)  ||d||  lg(rg) alpha_du alpha_pr  ls
 210r 5.7644548e+00 1.21e+06 1.04e+04   0.7 3.34e-01   3.6 1.00e+00 2.25e-01f  1
 211r 5.7653376e+00 1.21e+06 6.97e+03   0.2 1.26e-01   4.0 1.00e+00 3.52e-01f  1
 212r 5.7674852e+00 1.21e+06 6.32e+03   0.2 3.78e-01   3.5 1.00e+00 2.68e-01f  1
 213r 5.7682721e+00 1.21e+06 6.81e+03   0.2 1.43e-01   4.0 1.00e+00 2.75e-01f  1
 214r 5.7703807e+00 1.21e+06 7.59e+03   0.6 4.21e-01   3.5 1.00e+00 2.22e-01f  1
 215r 5.7718025e+00 1.21e+06 8.91e+03  -0.1 1.58e-01   3.9 1.00e+00 3.99e-01f  1
 216r 5.7734181e+00 1.21e+06 1.20e+04  -0.3 4.85e-01   3.4 1.00e+00 1.51e-01f  1
 217r 5.7745097e+00 1.21e+06 9.89e+03   0.1 1.76e-01   3.9 1.00e+00 2.80e-01f  1
 218r 5.7768868e+00 1.21e+06 1.49e+04   0.4 5.31e-01   3.4 1.00e+00 1.69e-01f  1
 219r 5.7774673e+00 1.21e+06 1.22e+05  -0.0 3.72e-02   4.7 1.00e+00 9.81e-01f  1
iter    objective    inf_pr   inf_du lg(mu)  ||d||  lg(rg) alpha_du alpha_pr  ls
 220r 5.7781586e+00 1.21e+06 6.10e+04  -0.2 7.52e-02   4.2 1.00e+00 3.73e-01f  1
 221r 5.7790434e+00 1.21e+06 5.20e+04  -0.8 2.25e-01   3.8 1.00e+00 1.64e-01f  1
 222r 5.7797551e+00 1.21e+06 2.47e+04  -0.3 8.41e-02   4.2 1.00e+00 3.65e-01f  1
 223r 5.7805465e+00 1.21e+06 2.39e+04  -0.8 2.49e-01   3.7 1.00e+00 1.36e-01f  1
 224r 5.7812962e+00 1.21e+06 1.63e+04  -2.2 9.31e-02   4.1 1.00e+00 3.53e-01f  1
 225r 5.7823721e+00 1.21e+06 1.33e+04  -2.7 2.79e-01   3.7 1.00e+00 1.68e-01f  1
 226r 5.7829820e+00 1.21e+06 1.02e+04  -2.8 1.05e-01   4.1 1.00e+00 2.54e-01f  1
 227r 5.7838452e+00 1.21e+06 8.69e+03  -2.9 3.13e-01   3.6 1.00e+00 1.19e-01f  1
 228r 5.7842087e+00 1.21e+06 7.52e+03  -2.9 1.17e-01   4.0 1.00e+00 1.34e-01f  1
 229r 5.7852548e+00 1.21e+06 6.47e+03  -3.0 3.46e-01   3.6 1.00e+00 1.25e-01f  1
iter    objective    inf_pr   inf_du lg(mu)  ||d||  lg(rg) alpha_du alpha_pr  ls
 230r 5.7857775e+00 1.21e+06 5.32e+03  -3.0 1.31e-01   4.0 1.00e+00 1.65e-01f  1
 231r 5.7865856e+00 1.21e+06 6.31e+03  -3.1 3.95e-01   3.5 1.00e+00 8.84e-02f  1
 232r 5.7870995e+00 1.21e+06 5.18e+03  -3.2 1.48e-01   3.9 1.00e+00 1.49e-01f  1
 233r 5.7873951e+00 1.21e+06 3.93e+03  -3.2 5.54e-02   4.4 1.00e+00 2.29e-01f  1
 234r 5.7878002e+00 1.21e+06 3.44e+03  -2.2 1.67e-01   3.9 1.00e+00 1.01e-01f  1
 235r 5.7881531e+00 1.21e+06 2.59e+03  -0.8 6.24e-02   4.3 1.00e+00 2.24e-01f  1
 236r 5.7886264e+00 1.21e+06 2.25e+03  -0.5 1.87e-01   3.8 8.15e-01 9.86e-02f  1
 237r 5.7889814e+00 1.21e+06 1.74e+03  -0.9 7.02e-02   4.3 1.00e+00 1.98e-01f  1
 238r 5.7897705e+00 1.21e+06 1.30e+03  -0.4 2.11e-01   3.8 1.00e+00 1.48e-01f  1
 239r 5.7910983e+00 1.21e+06 5.11e+04  -0.1 1.03e+00   3.3 1.00e+00 8.18e-02f  1
iter    objective    inf_pr   inf_du lg(mu)  ||d||  lg(rg) alpha_du alpha_pr  ls
 240r 5.7928825e+00 1.21e+06 3.91e+04  -0.1 2.37e-01   3.7 1.00e+00 2.88e-01f  1
 241r 5.7952589e+00 1.21e+06 3.46e+04  -0.3 7.11e-01   3.3 1.00e+00 1.24e-01f  1
 242r 5.7978425e+00 1.21e+06 2.52e+04   0.2 2.67e-01   3.7 1.00e+00 3.54e-01f  1
 243r 5.8011420e+00 1.21e+06 2.18e+04  -0.2 8.00e-01   3.2 1.00e+00 1.44e-01f  1
 244r 5.8033384e+00 1.21e+06 1.71e+04  -0.4 3.00e-01   3.6 1.00e+00 2.53e-01f  1
 245r 5.8075770e+00 1.21e+06 1.45e+04  -0.8 8.99e-01   3.1 1.00e+00 1.61e-01f  1
 246r 5.8115178e+00 1.21e+06 9.85e+03  -2.0 3.37e-01   3.6 1.00e+00 4.04e-01f  1
 247r 5.8144901e+00 1.21e+06 8.88e+03  -2.3 1.01e+00   3.1 1.00e+00 1.02e-01f  1
 248r 5.8177946e+00 1.21e+06 6.52e+03  -2.8 3.80e-01   3.5 1.00e+00 2.98e-01f  1
 249r 5.8211399e+00 1.20e+06 5.88e+03  -2.9 1.14e+00   3.0 8.47e-01 1.02e-01f  1
iter    objective    inf_pr   inf_du lg(mu)  ||d||  lg(rg) alpha_du alpha_pr  ls
 250r 5.8280293e+00 1.20e+06 4.84e+03  -1.0 4.27e-01   3.5 1.00e+00 5.61e-01f  1
 251r 5.8305225e+00 1.20e+06 4.89e+03  -0.3 1.28e+00   3.0 1.00e+00 6.77e-02f  1
 252r 5.8362367e+00 1.20e+06 5.46e+03  -0.2 3.84e+00   2.5 8.96e-01 5.11e-02f  1
 253r 5.8411255e+00 1.20e+06 6.13e+03  -0.2 1.45e+00   2.9 8.35e-01 1.17e-01f  1
 254r 5.8548401e+00 1.20e+06 6.07e+03   0.2 4.31e+00   2.5 3.92e-01 1.07e-01f  1
 255r 5.8779989e+00 1.20e+06 5.58e+03   0.3 1.28e+01   2.0 4.91e-01 5.98e-02f  1
 256r 5.8897491e+00 1.20e+06 4.87e+03   0.3 4.84e+00   2.4 5.20e-01 7.73e-02f  1
 257r 5.9159498e+00 1.20e+06 4.49e+03   0.4 1.44e+01   1.9 5.91e-01 5.93e-02f  1
 258r 5.9802781e+00 1.20e+06 5.28e+03   0.8 4.14e+01   1.5 1.82e-01 4.96e-02f  1
 259r 6.0075538e+00 1.20e+06 6.97e+03   1.1 1.57e+01   1.9 2.21e-01 5.29e-02f  1
iter    objective    inf_pr   inf_du lg(mu)  ||d||  lg(rg) alpha_du alpha_pr  ls
 260r 6.0315966e+00 1.20e+06 7.60e+03   1.5 5.16e+01   1.4 1.08e-01 1.51e-02f  1
 261r 6.0878225e+00 1.19e+06 2.33e+04   1.2 2.03e+01   1.8 2.56e-01 8.72e-02f  1
 262r 6.1010377e+00 1.19e+06 2.32e+04   1.8 6.01e+01   1.4 7.38e-02 6.93e-03f  1
 263r 6.2058155e+00 1.19e+06 4.24e+04   1.2 2.27e+01   1.8 4.08e-01 1.34e-01f  1
 264r 6.2254380e+00 1.19e+06 1.30e+05   1.5 1.08e+00   3.1 2.76e-01 4.98e-01f  1
 265r 6.2515789e+00 1.19e+06 9.90e+04   1.2 3.19e+00   2.6 1.00e+00 2.33e-01f  1
 266r 6.3463711e+00 1.18e+06 6.63e+04   2.1 9.37e+00   2.2 7.57e-01 3.16e-01f  1
 267r 6.4120706e+00 1.18e+06 3.58e+04   1.8 3.49e+00   2.6 1.00e+00 4.40e-01f  1
 268r 6.4977978e+00 1.18e+06 2.76e+04   1.8 9.67e+00   2.1 1.00e+00 2.22e-01f  1
 269r 6.6694310e+00 1.17e+06 2.32e+04   2.1 2.91e+01   1.6 1.00e+00 1.55e-01f  1
iter    objective    inf_pr   inf_du lg(mu)  ||d||  lg(rg) alpha_du alpha_pr  ls
 270r 6.9241586e+00 1.16e+06 3.26e+05   1.9 1.11e+01   2.1 8.48e-01 5.06e-01f  1
 271r 7.1240247e+00 1.16e+06 2.68e+04   1.6 4.14e+00   2.5 1.00e+00 1.00e+00f  1
 272r 7.1364535e+00 1.16e+06 5.52e+03   0.1 1.96e-01   3.8 1.00e+00 9.81e-01f  1
 273r 7.1472818e+00 1.16e+06 3.69e+04   0.0 5.87e-01   3.3 1.00e+00 4.89e-01f  1
 274r 7.1497400e+00 1.16e+06 2.51e+04  -0.7 2.19e-01   3.8 1.00e+00 3.21e-01f  1
 275r 7.1620858e+00 1.16e+06 1.17e+04  -0.6 6.52e-01   3.3 1.00e+00 5.31e-01f  1
 276r 7.1648126e+00 1.16e+06 7.99e+03  -0.6 2.44e-01   3.7 1.00e+00 3.03e-01f  1
 277r 7.1728484e+00 1.16e+06 2.56e+04  -0.3 7.32e-01   3.2 1.00e+00 3.01e-01f  1
 278r 7.1752023e+00 1.16e+06 1.99e+04  -1.0 2.74e-01   3.7 1.00e+00 2.38e-01f  1
 279r 7.1909962e+00 1.16e+06 7.82e+04   0.1 1.01e+00   3.2 8.96e-01 5.09e-01f  1
iter    objective    inf_pr   inf_du lg(mu)  ||d||  lg(rg) alpha_du alpha_pr  ls
 280r 7.2323402e+00 1.16e+06 4.07e+04   0.9 2.48e+00   2.7 9.33e-01 4.80e-01f  1
 281r 7.2673840e+00 1.16e+06 3.74e+04   0.7 9.27e-01   3.1 8.26e-01 1.00e+00f  1
 282r 7.2728885e+00 1.16e+06 2.28e+04  -0.1 3.47e-01   3.6 1.00e+00 3.94e-01f  1
 283r 7.2890535e+00 1.15e+06 1.31e+04  -0.6 1.04e+00   3.1 1.00e+00 4.31e-01f  1
 284r 7.3215183e+00 1.15e+06 9.15e+03  -0.8 3.13e+00   2.6 1.00e+00 2.99e-01f  1
 285r 7.3757966e+00 1.15e+06 7.60e+03  -0.5 9.40e+00   2.1 1.00e+00 1.68e-01f  1
 286r 7.4385824e+00 1.15e+06 7.12e+03   1.1 2.84e+01   1.6 8.24e-01 6.27e-02f  1
 287r 7.5606801e+00 1.14e+06 4.97e+03   0.6 1.06e+01   2.1 8.09e-01 2.96e-01f  1
 288r 7.7225479e+00 1.14e+06 4.30e+03   1.2 3.16e+01   1.6 4.63e-01 1.30e-01f  1
 289r 7.9258638e+00 1.13e+06 1.19e+04   1.0 1.18e+01   2.0 8.89e-01 4.04e-01f  1
iter    objective    inf_pr   inf_du lg(mu)  ||d||  lg(rg) alpha_du alpha_pr  ls
 290r 8.1523072e+00 1.12e+06 9.51e+04   1.9 3.58e+01   1.5 2.35e-01 1.36e-01f  1
 291r 8.3273507e+00 1.12e+06 3.19e+04   1.5 1.33e+01   2.0 8.77e-01 2.39e-01f  1
 292r 8.4559382e+00 1.12e+06 3.00e+04   1.9 3.96e+01   1.5 4.35e-01 6.56e-02f  1
 293r 8.6649388e+00 1.11e+06 8.16e+04   1.4 1.48e+01   1.9 9.98e-01 2.53e-01f  1
 294r 8.9487948e+00 1.10e+06 7.20e+04   2.1 4.25e+01   1.4 4.99e-01 1.25e-01f  1
 295r 9.1076591e+00 1.10e+06 3.83e+04   1.7 1.35e+01   1.9 9.87e-01 1.49e-01f  1
 296r 9.4168055e+00 1.09e+06 2.73e+05   1.6 5.06e+00   2.3 1.83e-01 8.17e-01f  1
 297r 9.4472639e+00 1.09e+06 2.93e+05   1.6 5.40e-01   3.6 9.86e-01 1.00e+00f  1
 298r 9.4479235e+00 1.09e+06 2.81e+05   1.9 9.63e-01   4.1 1.00e+00 8.70e-02f  1
 299r 9.4500033e+00 1.09e+06 2.04e+06   1.7 7.25e-01   4.5 1.00e+00 7.43e-01f  1
iter    objective    inf_pr   inf_du lg(mu)  ||d||  lg(rg) alpha_du alpha_pr  ls
 300r 9.4544642e+00 1.09e+06 4.25e+06   1.7 1.48e+00   4.0 6.47e-01 5.57e-01f  1
 301r 9.4549468e+00 1.09e+06 4.17e+06   1.7 5.31e+00   3.5 2.49e-02 2.02e-02h  1
 302r 9.4869829e+00 1.09e+06 7.01e+06   1.7 7.39e+00   3.0 6.29e-01 4.71e-01f  1
 303r 9.4957144e+00 1.09e+06 7.04e+06   1.7 9.89e+01   2.6 1.67e-01 7.72e-03f  1
 304r 9.5121326e+00 1.09e+06 2.41e+06   1.7 4.34e+01   3.0 1.60e-03 6.70e-02f  1
 305r 9.5138287e+00 1.09e+06 2.26e+06   1.7 3.98e+00   3.4 1.00e+00 4.90e-02f  1
 306r 9.6136155e+00 1.09e+06 2.12e+07   1.7 4.09e+00   2.9 5.74e-02 9.91e-01f  1
 307r 9.5726123e+00 1.09e+06 6.52e+06   3.2 1.76e+01   3.4 2.19e-01 1.00e+00f  1
 308r 9.5585030e+00 1.09e+06 6.41e+09   3.2 1.12e+02   5.6 7.56e-04 8.45e-02f  1
 309r 9.5453102e+00 1.09e+06 1.68e+10   3.2 1.25e+01   6.9 2.17e-02 1.00e+00f  1
iter    objective    inf_pr   inf_du lg(mu)  ||d||  lg(rg) alpha_du alpha_pr  ls
 310r 9.5474065e+00 1.09e+06 8.32e+10   3.2 1.52e+02   7.4 1.19e-02 6.23e-03h  1
 311r 9.5468340e+00 1.09e+06 8.32e+10   3.2 1.92e+02   6.9 3.85e-02 2.74e-04h  1
 312r 9.5389439e+00 1.09e+06 8.38e+10   3.2 1.50e+02   7.3 6.09e-04 8.96e-03h  1
 313r 9.5389025e+00 1.09e+06 8.38e+10   3.2 1.41e+02   7.7 4.70e-05 9.57e-05h  1
 314r 9.5389025e+00 1.09e+06 8.38e+10   3.2 1.82e+02   7.3 0.00e+00 3.18e-07R  3
 315r 9.5389333e+00 1.09e+06 2.33e+06   4.7 1.18e-03   7.7 1.00e+00 1.00e+00f  1
 316r 9.5390345e+00 1.09e+06 4.48e+04   4.6 2.81e-03   7.2 1.00e+00 1.00e+00f  1
 317r 9.5391617e+00 1.09e+06 8.08e+03   3.9 1.52e-03   6.7 1.00e+00 1.00e+00f  1
 318r 9.5393014e+00 1.09e+06 2.11e+03   3.2 6.57e-04   6.2 1.00e+00 1.00e+00f  1
 319r 9.5394705e+00 1.09e+06 1.00e+03   2.5 1.69e-03   5.8 1.00e+00 1.00e+00f  1
iter    objective    inf_pr   inf_du lg(mu)  ||d||  lg(rg) alpha_du alpha_pr  ls
 320r 9.5396777e+00 1.09e+06 1.06e+03   0.4 5.39e-03   5.3 9.98e-01 1.00e+00f  1
 321r 9.5397341e+00 1.09e+06 1.01e+03  -1.5 1.53e-02   4.8 1.00e+00 1.00e+00f  1
 322r 9.5397529e+00 1.09e+06 1.00e+03  -3.3 4.58e-02   4.3 1.00e+00 1.00e+00f  1
 323r 9.5397601e+00 1.09e+06 1.00e+03  -4.8 1.37e-01   3.9 1.00e+00 1.00e+00f  1
 324r 9.5397640e+00 1.09e+06 1.00e+03  -5.8 4.12e-01   3.4 1.00e+00 1.00e+00f  1
 325r 9.5397646e+00 1.09e+06 1.00e+03  -6.5 1.23e+00   2.9 1.00e+00 1.56e-01f  1
 326r 9.5397647e+00 1.09e+06 1.00e+03  -6.5 3.71e+00   2.4 1.00e+00 5.26e-04f  1
 327r 9.5398492e+00 1.09e+06 1.00e+03  -5.5 1.26e+01   2.0 1.00e+00 1.99e-03f  1
 328r 9.5420912e+00 1.09e+06 1.06e+03  -3.8 3.93e+01   1.5 1.00e+00 5.22e-03f  1
 329r 9.5502231e+00 1.09e+06 1.15e+03  -0.6 1.50e+01   1.9 1.00e+00 1.56e-02f  1
iter    objective    inf_pr   inf_du lg(mu)  ||d||  lg(rg) alpha_du alpha_pr  ls
 330r 9.5671011e+00 1.09e+06 1.53e+03  -0.6 5.56e+00   2.3 1.00e+00 5.04e-02f  1
 331r 9.5779655e+00 1.09e+06 7.99e+03  -0.6 2.10e+00   2.8 9.38e-01 9.06e-02f  1
 332r 9.5897608e+00 1.09e+06 3.08e+04  -0.6 7.86e-01   3.2 1.00e+00 2.35e-01f  1
 333r 9.6043497e+00 1.09e+06 3.10e+04  -0.6 2.31e+00   2.7 8.98e-01 1.12e-01f  1
 334r 9.6121751e+00 1.08e+06 2.61e+04  -0.6 8.67e-01   3.1 9.70e-01 1.72e-01f  1
 335r 9.6199412e+00 1.08e+06 1.87e+04  -0.6 3.26e-01   3.6 1.00e+00 4.93e-01f  1
 336r 9.6228954e+00 1.08e+06 2.53e+04  -0.6 1.23e-01   4.0 1.00e+00 5.90e-01f  1
 337r 9.6235883e+00 1.08e+06 1.78e+04  -0.6 4.62e-02   4.4 1.00e+00 3.02e-01f  1
 338r 9.6274952e+00 1.08e+06 1.08e+04  -0.6 1.37e-01   3.9 1.00e+00 5.40e-01f  1
 339r 9.6285904e+00 1.08e+06 1.04e+04  -0.6 5.54e-01   3.5 6.13e-01 4.28e-02f  1
iter    objective    inf_pr   inf_du lg(mu)  ||d||  lg(rg) alpha_du alpha_pr  ls
 340r 9.6315011e+00 1.08e+06 6.98e+03  -0.6 1.54e-01   3.9 1.00e+00 3.44e-01f  1
 341r 9.6351607e+00 1.08e+06 5.87e+03  -0.6 4.60e-01   3.4 1.00e+00 1.43e-01f  1
 342r 9.6435958e+00 1.08e+06 4.84e+03  -0.6 1.73e-01   3.8 1.00e+00 8.79e-01f  1
 343r 9.6448749e+00 1.08e+06 3.55e+03  -0.6 6.46e-02   4.3 1.00e+00 3.50e-01f  1
 344r 9.6460078e+00 1.08e+06 3.19e+03  -0.6 1.94e-01   3.8 1.00e+00 1.03e-01f  1
 345r 9.6469483e+00 1.08e+06 2.45e+03  -0.6 7.36e-02   4.2 6.31e-01 2.29e-01f  1
 346r 9.6536463e+00 1.08e+06 1.39e+03  -0.6 2.20e-01   3.7 7.45e-02 5.44e-01f  1
 347r 9.6569635e+00 1.08e+06 6.93e+03  -0.6 8.25e-02   4.2 1.00e+00 7.22e-01f  1
 348r 9.6643886e+00 1.08e+06 3.00e+03  -0.2 2.46e-01   3.7 1.00e+00 5.37e-01f  1
 349r 9.6645205e+00 1.08e+06 2.92e+03  -0.4 7.97e-02   4.1 1.00e+00 2.51e-02f  1
iter    objective    inf_pr   inf_du lg(mu)  ||d||  lg(rg) alpha_du alpha_pr  ls
 350r 9.6726516e+00 1.08e+06 1.37e+03  -0.4 2.39e-01   3.6 1.00e+00 5.24e-01f  1
 351r 9.6916389e+00 1.08e+06 1.90e+04  -0.4 7.18e-01   3.1 7.04e-01 3.96e-01f  1
 352r 9.7001551e+00 1.08e+06 1.05e+04  -0.4 2.69e-01   3.6 1.00e+00 5.22e-01f  1
 353r 9.7028014e+00 1.08e+06 9.90e+03  -0.4 8.06e-01   3.1 9.05e-01 5.36e-02f  1
 354r 9.7103987e+00 1.08e+06 5.90e+03  -0.4 3.02e-01   3.5 1.00e+00 4.13e-01f  1
 355r 9.7322127e+00 1.08e+06 3.52e+03  -0.4 9.07e-01   3.0 9.56e-01 3.92e-01f  1
 356r 9.7602575e+00 1.08e+06 2.91e+03  -0.4 2.72e+00   2.6 1.00e+00 1.67e-01f  1
 357r 9.7940207e+00 1.08e+06 4.74e+03  -0.4 1.02e+00   3.0 1.00e+00 5.44e-01f  1
 358r 9.8247006e+00 1.08e+06 6.56e+03  -0.4 3.06e+00   2.5 6.87e-01 1.62e-01f  1
 359r 9.8250816e+00 1.08e+06 6.25e+03  -0.4 1.74e-01   3.8 1.00e+00 4.39e-02f  1
iter    objective    inf_pr   inf_du lg(mu)  ||d||  lg(rg) alpha_du alpha_pr  ls
 360r 9.8341803e+00 1.08e+06 4.10e+03  -0.4 4.30e-01   3.4 1.00e+00 3.45e-01f  1
 361r 9.8552833e+00 1.08e+06 3.18e+03  -0.4 1.29e+00   2.9 1.00e+00 2.67e-01f  1
 362r 9.8771448e+00 1.08e+06 2.89e+03  -0.4 3.87e+00   2.4 4.32e-01 9.21e-02f  1
 363r 9.9288358e+00 1.08e+06 3.61e+03  -0.4 1.45e+00   2.8 1.00e+00 5.85e-01f  1
 364r 9.9541788e+00 1.08e+06 9.26e+03  -0.4 5.44e-01   3.3 1.00e+00 7.54e-01f  1
 365r 9.9659857e+00 1.08e+06 1.19e+04  -0.4 2.70e+00   2.8 7.48e-01 1.16e-01f  1
 366r 1.0003740e+01 1.07e+06 1.69e+04  -0.4 6.12e-01   3.2 1.00e+00 1.00e+00f  1
 367r 1.0046027e+01 1.07e+06 1.12e+04  -0.4 1.84e+00   2.7 1.00e+00 3.72e-01f  1
 368r 1.0080729e+01 1.07e+06 1.29e+04  -0.4 5.51e+00   2.3 2.83e-01 1.01e-01f  1
 369r 1.0084516e+01 1.07e+06 1.29e+04  -0.4 1.65e+01   1.8 1.01e-03 3.55e-03f  1
iter    objective    inf_pr   inf_du lg(mu)  ||d||  lg(rg) alpha_du alpha_pr  ls
 370r 1.0129231e+01 1.07e+06 1.11e+04  -0.4 7.17e+00   2.2 8.58e-01 1.17e-01f  1
 371r 1.0223743e+01 1.07e+06 3.46e+04  -0.4 2.23e+01   1.7 3.56e-02 7.77e-02f  1
 372r 1.0226163e+01 1.07e+06 3.31e+04  -0.4 8.71e-01   3.1 6.77e-01 4.25e-02f  1
 373r 1.0231398e+01 1.07e+06 3.20e+04  -0.4 2.62e+00   2.6 9.39e-01 3.16e-02f  1
 374r 1.0294536e+01 1.07e+06 9.95e+04  -0.4 9.80e-01   3.0 7.25e-01 1.00e+00f  1
 375r 1.0305385e+01 1.07e+06 2.45e+04  -0.4 3.67e-01   3.4 1.00e+00 4.68e-01f  1
 376r 1.0358343e+01 1.06e+06 1.13e+05  -0.4 1.10e+00   3.0 3.80e-01 7.65e-01f  1
 377r 1.0387669e+01 1.06e+06 8.57e+04  -0.4 3.58e+00   2.5 1.00e+00 1.40e-01f  1
 378r 1.0443859e+01 1.06e+06 1.01e+05  -0.4 9.99e+00   2.0 3.67e-02 8.96e-02f  1
 379r 1.0446789e+01 1.06e+06 1.01e+05  -0.4 4.94e+01   1.5 1.48e-02 1.56e-03f  1
iter    objective    inf_pr   inf_du lg(mu)  ||d||  lg(rg) alpha_du alpha_pr  ls
 380r 1.0450688e+01 1.06e+06 6.09e+04  -0.4 1.91e+04   1.1 2.04e-05 1.63e-04f  1
 381r 1.0452705e+01 1.06e+06 6.08e+04  -0.4 3.38e+01   1.5 1.99e-01 9.25e-04f  1
 382r 1.0581902e+01 1.06e+06 6.00e+04  -0.4 1.01e+02   1.0 1.51e-03 1.68e-02f  1
 383r 1.0583620e+01 1.06e+06 5.97e+04  -0.4 4.71e+00   2.3 7.13e-01 5.55e-03f  1
 384r 1.0756262e+01 1.05e+06 5.29e+04  -0.4 1.41e+01   1.9 1.69e-01 1.88e-01f  1
 385r 1.0757131e+01 1.05e+06 4.86e+04  -0.4 2.18e-01   4.1 2.26e-01 9.00e-02f  1
 386r 1.0757977e+01 1.05e+06 7.53e+04  -0.4 1.42e-01   4.5 7.58e-02 1.44e-01f  1
 387r 1.0760024e+01 1.05e+06 1.35e+05  -0.4 1.01e-01   4.0 6.32e-01 2.18e-01f  1
 388r 1.0767215e+01 1.05e+06 9.61e+04  -0.4 2.80e-01   3.6 4.52e-02 3.40e-01f  1
 389r 1.0778550e+01 1.05e+06 2.59e+04  -0.4 8.39e-01   3.1 7.39e-01 1.99e-01f  1
iter    objective    inf_pr   inf_du lg(mu)  ||d||  lg(rg) alpha_du alpha_pr  ls
 390r 1.0790200e+01 1.05e+06 1.52e+05  -0.4 3.18e-01   3.5 4.39e-01 5.26e-01f  1
 391r 1.0809354e+01 1.05e+06 7.47e+04  -0.4 9.43e-01   3.0 1.00e+00 3.01e-01f  1
 392r 1.0901727e+01 1.05e+06 7.39e+04  -0.4 2.84e+00   2.5 1.00e+00 4.93e-01f  1
 393r 1.0903310e+01 1.05e+06 7.37e+04  -0.4 8.48e+00   2.1 3.06e-01 2.78e-03f  1
 394r 1.1123973e+01 1.04e+06 6.51e+04  -0.4 2.54e+01   1.6 3.20e-02 1.24e-01f  1
 395r 1.1330044e+01 1.04e+06 3.91e+04  -0.4 9.53e+00   2.0 3.01e-01 3.08e-01f  1
 396r 1.1413609e+01 1.04e+06 1.10e+05  -0.4 2.88e+01   1.5 2.29e-03 2.65e-02f  1
 397r 1.1417407e+01 1.04e+06 1.09e+05  -0.4 1.07e+01   2.0 7.97e-01 4.78e-03f  1
 398r 1.1618502e+01 1.03e+06 9.67e+04  -0.4 3.23e+01   1.5 1.77e-01 8.10e-02f  1
 399r 1.1781182e+01 1.03e+06 7.63e+04  -0.4 1.21e+01   1.9 1.00e+00 1.82e-01f  1
iter    objective    inf_pr   inf_du lg(mu)  ||d||  lg(rg) alpha_du alpha_pr  ls
 400r 1.1791152e+01 1.03e+06 7.61e+04  -0.4 3.62e+01   1.4 1.90e-02 3.00e-03f  1
 401r 1.2105708e+01 1.02e+06 5.17e+04  -0.4 1.36e+01   1.9 7.20e-01 2.98e-01f  1
 402r 1.2109266e+01 1.02e+06 5.12e+04  -0.4 5.09e+00   2.3 1.00e+00 8.66e-03f  1
 403r 1.2246243e+01 1.02e+06 4.40e+04  -0.4 1.53e+01   1.8 2.76e-01 1.12e-01f  1
 404r 1.2250026e+01 1.02e+06 4.36e+04  -0.4 5.74e+00   2.2 1.19e-01 8.15e-03f  1
 405r 1.2315425e+01 1.02e+06 4.16e+04  -0.4 1.72e+01   1.8 2.76e-01 4.54e-02f  1
 406r 1.2664191e+01 1.01e+06 5.14e+04  -0.4 6.45e+00   2.2 1.27e-01 6.62e-01f  1
 407r 1.2776537e+01 1.01e+06 4.82e+04  -0.4 1.93e+01   1.7 5.71e-02 6.26e-02f  1
 408r 1.2923751e+01 1.00e+06 3.58e+04  -0.4 7.24e+00   2.1 3.36e-01 2.30e-01f  1
 409r 1.3078311e+01 1.00e+06 4.43e+04  -0.4 2.22e+01   1.7 6.23e-03 4.28e-02f  1
iter    objective    inf_pr   inf_du lg(mu)  ||d||  lg(rg) alpha_du alpha_pr  ls
 410r 1.3083120e+01 1.00e+06 4.40e+04  -0.4 8.16e+00   2.1 1.90e-01 5.82e-03f  1
 411r 1.3147073e+01 1.00e+06 3.39e+04  -0.4 3.06e+00   2.5 7.15e-01 2.17e-01f  1
 412r 1.3246682e+01 1.00e+06 3.64e+04  -0.4 9.18e+00   2.0 8.21e-02 1.12e-01f  1
 413r 1.3283622e+01 1.00e+06 3.63e+04  -0.4 1.68e+02   1.6 2.44e-05 1.61e-03f  1
 414r 1.3378710e+01 9.98e+05 3.39e+04  -0.4 1.03e+01   2.0 2.08e-01 8.94e-02f  1
 415r 1.3388457e+01 9.98e+05 3.30e+04  -0.4 3.87e+00   2.4 1.02e-01 2.67e-02f  1
 416r 1.3470266e+01 9.97e+05 3.63e+04  -0.4 1.16e+01   1.9 1.07e-01 6.88e-02f  1
 417r 1.3476518e+01 9.97e+05 3.63e+04  -0.4 3.51e+01   1.5 9.75e-03 1.48e-03f  1
 418r 1.3564319e+01 9.95e+05 3.37e+04  -0.4 1.31e+01   1.9 2.01e-01 7.20e-02f  1
 419r 1.3657354e+01 9.94e+05 3.33e+04  -0.4 3.93e+01   1.4 5.16e-02 2.28e-02f  1
iter    objective    inf_pr   inf_du lg(mu)  ||d||  lg(rg) alpha_du alpha_pr  ls
 420r 1.4051499e+01 9.86e+05 5.44e+04  -0.4 1.47e+01   1.8 5.34e-01 2.89e-01f  1
 421r 1.4318734e+01 9.83e+05 7.04e+04  -0.4 4.51e+01   1.4 8.38e-03 3.78e-02f  1
 422r 1.4349206e+01 9.82e+05 6.93e+04  -0.4 1.65e+01   1.8 1.29e-01 1.69e-02f  1
 423r 1.4831898e+01 9.75e+05 5.02e+04  -0.4 6.20e+00   2.2 3.57e-01 7.12e-01f  1
 424r 1.4835749e+01 9.75e+05 4.16e+04  -0.4 1.25e-01   4.4 5.81e-01 1.67e-01f  1
 425r 1.4846374e+01 9.76e+05 5.00e+04  -0.4 1.10e-01   4.0 3.81e-01 3.79e-01f  1
 426r 1.4859294e+01 9.76e+05 2.29e+04  -0.4 3.28e-01   3.5 7.54e-01 2.77e-01f  1
 427r 1.4977864e+01 9.75e+05 2.38e+04  -0.4 9.82e-01   3.0 1.00e+00 1.00e+00f  1
 428r 1.5009353e+01 9.74e+05 1.92e+04  -0.4 3.68e-01   3.4 9.27e-01 7.28e-01f  1
 429r 1.5010655e+01 9.74e+05 9.13e+04  -0.4 6.77e-02   4.8 7.44e-02 5.68e-01f  1
iter    objective    inf_pr   inf_du lg(mu)  ||d||  lg(rg) alpha_du alpha_pr  ls
 430r 1.5012052e+01 9.74e+05 6.74e+04  -0.4 5.18e-02   4.3 1.00e+00 2.27e-01f  1
 431r 1.5030206e+01 9.74e+05 4.28e+04  -0.4 1.55e-01   3.8 1.00e+00 1.00e+00f  1
 432r 1.5084372e+01 9.73e+05 7.88e+03  -0.4 4.66e-01   3.3 1.00e+00 1.00e+00f  1
 433r 1.5160065e+01 9.72e+05 7.02e+03  -0.4 1.40e+00   2.9 1.00e+00 4.56e-01f  1
 434r 1.5160835e+01 9.72e+05 5.41e+03  -0.4 2.13e-01   4.2 7.33e-01 9.50e-02f  1
 435r 1.5162053e+01 9.72e+05 5.09e+03  -0.4 1.97e-01   3.7 8.93e-01 5.13e-02f  1
 436r 1.5171172e+01 9.72e+05 5.20e+04  -0.4 7.37e-02   4.1 1.00e+00 1.00e+00f  1
 437r 1.5185961e+01 9.72e+05 2.86e+04  -0.4 2.21e-01   3.7 1.00e+00 5.57e-01f  1
 438r 1.5189550e+01 9.72e+05 2.68e+04  -0.4 1.57e-01   4.1 1.00e+00 3.61e-01f  1
 439r 1.5206491e+01 9.72e+05 1.15e+04  -0.4 2.49e-01   3.6 6.95e-01 5.72e-01f  1
iter    objective    inf_pr   inf_du lg(mu)  ||d||  lg(rg) alpha_du alpha_pr  ls
 440r 1.5296570e+01 9.70e+05 2.99e+04  -0.4 7.47e-01   3.1 1.00e+00 1.00e+00f  1
 441r 1.5573622e+01 9.66e+05 5.58e+04  -0.4 2.24e+00   2.7 2.22e-01 1.00e+00f  1
 442r 1.5573680e+01 9.66e+05 5.29e+04  -0.4 5.22e-02   6.7 1.83e-02 1.78e-02h  1
 443r 1.5573792e+01 9.66e+05 5.29e+04  -0.4 7.67e-02   6.2 2.65e-02 3.57e-02h  1
 444r 1.5573888e+01 9.66e+05 5.09e+04  -0.4 6.40e-02   6.6 4.60e-02 3.19e-02h  1
 445r 1.5574257e+01 9.66e+05 4.78e+04  -0.4 6.24e-02   6.2 7.73e-02 1.24e-01h  1
 446r 1.5574899e+01 9.66e+05 4.13e+04  -0.4 5.96e-02   5.7 2.01e-02 2.32e-01f  1
 447r 1.5575272e+01 9.66e+05 2.32e+05  -0.4 1.20e-01   5.2 1.27e-01 1.36e-01f  1
 448r 1.5575364e+01 9.66e+05 2.21e+05  -0.4 6.18e-02   5.6 2.63e-01 4.81e-02h  1
 449r 1.5576093e+01 9.66e+05 1.89e+05  -0.4 6.12e-02   5.2 1.00e+00 3.11e-01f  1
iter    objective    inf_pr   inf_du lg(mu)  ||d||  lg(rg) alpha_du alpha_pr  ls
 450r 1.5576597e+01 9.66e+05 1.29e+05  -0.4 6.54e-02   5.6 3.08e-01 3.61e-01f  1
 451r 1.5576968e+01 9.66e+05 1.10e+05  -0.4 3.95e-01   5.1 5.46e-02 2.10e-01f  1
 452r 1.5577760e+01 9.67e+05 2.66e+05  -0.4 5.20e-02   5.5 1.00e+00 9.06e-01f  1
 453r 1.5578540e+01 9.67e+05 9.58e+04  -0.4 9.92e-02   5.1 9.17e-01 6.76e-01f  1
 454r 1.5579128e+01 9.67e+05 8.80e+04  -0.4 4.01e-02   4.6 2.82e-01 1.85e-01f  1
 455r 1.5579725e+01 9.67e+05 8.30e+04  -0.4 1.04e-01   4.1 1.00e+00 6.29e-02f  1
 456r 1.5585192e+01 9.66e+05 5.30e+04  -0.4 2.80e-01   3.6 1.00e+00 1.91e-01f  1
 457r 1.5585898e+01 9.66e+05 4.96e+04  -0.4 9.23e-02   4.0 7.93e-01 6.47e-02f  1
 458r 1.5590325e+01 9.66e+05 5.50e+04  -0.4 2.69e-01   3.6 1.00e+00 1.32e-01f  1
 459r 1.5596903e+01 9.66e+05 1.19e+04  -0.4 1.01e-01   4.0 6.93e-01 5.17e-01f  1
iter    objective    inf_pr   inf_du lg(mu)  ||d||  lg(rg) alpha_du alpha_pr  ls
 460r 1.5602160e+01 9.66e+05 1.09e+04  -0.4 3.03e-01   3.5 1.00e+00 1.37e-01f  1
 461r 1.5717571e+01 9.65e+05 5.67e+04  -0.4 9.10e-01   3.0 1.00e+00 1.00e+00f  1
 462r 1.5759024e+01 9.64e+05 5.01e+04  -0.4 2.73e+00   2.6 1.00e+00 1.15e-01f  1
 463r 1.5864683e+01 9.63e+05 4.50e+04  -0.4 8.19e+00   2.1 1.00e+00 1.04e-01f  1
 464r 1.5956716e+01 9.61e+05 4.37e+04  -0.4 2.47e+01   1.6 2.18e-01 2.83e-02f  1
 465r 1.6257074e+01 9.58e+05 4.25e+04  -0.4 7.49e+01   1.1 1.60e-03 2.57e-02f  1
 466r 1.6266765e+01 9.58e+05 4.24e+04  -0.4 2.77e+01   1.6 2.94e-01 2.57e-03f  1
 467r 1.6733202e+01 9.52e+05 4.10e+04  -0.4 8.47e+01   1.1 1.28e-03 3.10e-02f  1
 468r 1.6794649e+01 9.52e+05 4.05e+04  -0.4 3.12e+01   1.5 1.61e-02 1.24e-02f  1
 469r 1.7208262e+01 9.47e+05 1.09e+05  -0.4 1.17e+01   1.9 4.20e-01 2.46e-01f  1
iter    objective    inf_pr   inf_du lg(mu)  ||d||  lg(rg) alpha_du alpha_pr  ls
 470r 1.7213262e+01 9.46e+05 1.08e+05  -0.4 4.38e+00   2.4 7.46e-01 7.70e-03f  1
 471r 1.7886440e+01 9.38e+05 2.19e+05  -0.4 1.31e+01   1.9 2.64e-01 3.35e-01f  1
 472r 1.7899450e+01 9.38e+05 2.15e+05  -0.4 4.93e+00   2.3 1.00e+00 1.64e-02f  1
 473r 1.8258535e+01 9.34e+05 1.83e+05  -0.4 1.48e+01   1.8 8.20e-01 1.62e-01f  1
 474r 1.8285967e+01 9.34e+05 1.83e+05  -0.4 4.48e+01   1.4 8.67e-02 3.18e-03f  1
 475r 1.9193055e+01 9.22e+05 1.85e+05  -0.4 1.66e+01   1.8 1.00e+00 3.52e-01f  1
 476r 1.9453209e+01 9.20e+05 1.47e+05  -0.4 6.22e+00   2.2 1.00e+00 2.36e-01f  1
 477r 2.0589822e+01 9.07e+05 1.07e+05  -0.4 1.87e+01   1.7 2.87e-01 3.40e-01f  1
 478r 2.0609120e+01 9.07e+05 1.06e+05  -0.4 7.01e+00   2.2 2.30e-01 1.33e-02f  1
 479r 2.0981562e+01 9.04e+05 1.60e+05  -0.4 2.11e+01   1.7 7.52e-04 7.32e-02f  1
iter    objective    inf_pr   inf_du lg(mu)  ||d||  lg(rg) alpha_du alpha_pr  ls
 480r 2.0990629e+01 9.05e+05 1.54e+05  -0.4 9.86e-01   3.0 1.00e+00 3.20e-02f  1
 481r 2.1296716e+01 9.05e+05 1.02e+05  -0.4 2.96e+00   2.5 4.11e-01 4.56e-01f  1
 482r 2.1551242e+01 9.06e+05 3.80e+04  -0.4 1.11e+00   3.0 2.39e-01 9.22e-01f  1
 483r 2.1577583e+01 9.06e+05 3.65e+04  -0.4 3.32e+00   2.5 1.00e+00 3.98e-02f  1
 484r 2.2305579e+01 8.99e+05 4.87e+04  -0.4 9.97e+00   2.0 1.05e-01 3.72e-01f  1
 485r 2.2848648e+01 8.94e+05 5.07e+04  -0.4 3.00e+01   1.5 4.32e-03 7.95e-02f  1
 486r 2.3303366e+01 8.90e+05 4.68e+04  -0.4 1.12e+01   2.0 4.15e-01 1.86e-01f  1
 487r 2.3322944e+01 8.90e+05 4.70e+04  -0.4 7.89e+01   1.5 1.54e-02 1.23e-03f  1
 488r 2.4152348e+01 8.83e+05 7.28e+04  -0.4 1.26e+01   1.9 6.67e-02 2.90e-01f  1
 489r 2.4236549e+01 8.83e+05 6.77e+04  -0.4 4.73e+00   2.3 6.45e-02 7.27e-02f  1
iter    objective    inf_pr   inf_du lg(mu)  ||d||  lg(rg) alpha_du alpha_pr  ls
 490r 2.4511186e+01 8.81e+05 6.55e+04  -0.4 1.42e+01   1.8 3.28e-02 7.58e-02f  1
 491r 2.4741652e+01 8.80e+05 5.59e+04  -0.4 5.33e+00   2.3 4.08e-01 1.74e-01f  1
 492r 2.4761081e+01 8.80e+05 5.56e+04  -0.4 1.60e+01   1.8 1.91e-03 4.44e-03f  1
 493r 2.5044943e+01 8.78e+05 4.75e+04  -0.4 5.99e+00   2.2 9.63e-02 1.85e-01f  1
 494r 2.5200750e+01 8.78e+05 1.18e+05  -0.4 1.83e+01   1.7 1.66e-02 2.17e-02f  1
 495r 2.5205319e+01 8.78e+05 1.18e+05  -0.4 5.55e+01   1.3 1.55e-02 2.14e-04f  1
 496r 2.5279970e+01 8.77e+05 1.16e+05  -0.4 2.02e+01   1.7 1.65e-01 1.63e-02f  1
 497r 2.5494497e+01 8.75e+05 1.14e+05  -0.4 6.11e+01   1.2 4.44e-02 1.56e-02f  1
 498r 2.5676786e+01 8.74e+05 1.10e+05  -0.4 2.27e+01   1.6 3.33e-02 3.63e-02f  1
 499r 2.6130301e+01 8.70e+05 1.06e+05  -0.4 6.85e+01   1.2 1.32e-01 3.25e-02f  1
iter    objective    inf_pr   inf_du lg(mu)  ||d||  lg(rg) alpha_du alpha_pr  ls
 500r 2.8261696e+01 8.50e+05 9.38e+04  -0.4 2.12e+02   0.7 1.13e-02 3.75e-02f  1
 501r 2.9306386e+01 8.41e+05 8.60e+04  -0.4 7.65e+01   1.1 9.41e-02 6.28e-02f  1
 502r 3.0060641e+01 8.36e+05 8.39e+04  -0.4 2.40e+02   0.6 1.07e-02 1.16e-02f  1
 503r 3.0174897e+01 8.35e+05 8.34e+04  -0.4 8.61e+01   1.1 9.27e-02 6.38e-03f  1
 504r 3.3579623e+01 7.98e+05 7.68e+04  -0.4 2.69e+02   0.6 7.23e-04 5.26e-02f  1
 505r 3.4274462e+01 7.93e+05 7.45e+04  -0.4 9.70e+01   1.0 1.44e-01 3.06e-02f  1
 506r 3.7106990e+01 7.69e+05 7.07e+04  -0.4 3.03e+02   0.5 3.07e-03 3.58e-02f  1
 507r 3.7247823e+01 7.70e+05 6.86e+04  -0.4 1.36e+01   1.9 3.40e-02 3.01e-02f  1
 508r 3.7282487e+01 7.69e+05 9.85e+04  -0.4 1.16e+02   1.4 1.33e-04 2.51e-03f  1
 509r 3.7336307e+01 7.69e+05 9.95e+04  -0.4 1.53e+01   1.8 7.34e-02 1.37e-02f  1
iter    objective    inf_pr   inf_du lg(mu)  ||d||  lg(rg) alpha_du alpha_pr  ls
 510r 3.7610148e+01 7.72e+05 2.38e+05  -0.4 5.75e+00   2.2 1.05e-01 1.37e-01f  1
 511r 3.7719119e+01 7.77e+05 2.02e+05  -0.4 5.50e-01   3.6 1.97e-01 1.98e-01f  1
 512r 3.7938052e+01 7.88e+05 1.20e+05  -0.4 3.97e-01   4.0 3.43e-01 5.52e-01f  1
 513r 3.7940712e+01 7.88e+05 1.18e+05  -0.4 1.48e-01   5.3 1.84e-01 1.80e-02f  1
 514r 3.7983369e+01 7.90e+05 2.84e+05  -0.4 1.43e-01   5.8 2.97e-02 2.97e-01h  1
 515r 3.7988827e+01 7.91e+05 2.76e+05  -0.4 1.13e-01   6.2 1.03e-01 4.82e-02h  1
 516r 3.7996981e+01 7.91e+05 3.04e+05  -0.4 1.07e-01   6.6 2.97e-02 7.64e-02h  1
 517r 3.8001258e+01 7.91e+05 3.27e+05  -0.4 9.83e-02   7.0 8.53e-02 4.35e-02h  1
 518r 3.8024734e+01 7.93e+05 2.71e+06  -0.4 9.41e-02   6.6 2.23e-01 2.50e-01h  1
 519r 3.8038926e+01 7.93e+05 4.03e+06  -0.4 7.01e-02   7.0 1.12e-01 2.03e-01h  1
iter    objective    inf_pr   inf_du lg(mu)  ||d||  lg(rg) alpha_du alpha_pr  ls
 520r 3.8039100e+01 7.93e+05 4.02e+06  -0.4 5.58e-02   7.4 2.66e-02 3.11e-03h  1
 521r 3.8049944e+01 7.94e+05 4.63e+06  -0.4 5.51e-02   6.9 8.86e-02 1.97e-01h  1
 522r 3.8060623e+01 7.95e+05 1.30e+07  -0.4 4.48e-02   7.4 3.24e-02 2.38e-01h  1
 523r 3.8061374e+01 7.95e+05 1.27e+07  -0.4 3.43e-02   7.8 7.02e-02 2.19e-02h  1
 524r 3.8061563e+01 7.95e+05 1.27e+07  -0.4 3.36e-02   7.3 3.00e-01 5.61e-03h  1
 525r 3.8065977e+01 7.95e+05 1.77e+07  -0.4 3.34e-02   7.7 8.47e-02 1.32e-01h  1
 526r 3.8071159e+01 7.95e+05 1.49e+07  -0.4 2.89e-02   7.3 3.37e-01 1.79e-01h  1
 527r 3.8071243e+01 7.95e+05 1.48e+07  -0.4 2.68e-02   7.7 9.87e-03 3.52e-03h  1
 528r 3.8082408e+01 7.96e+05 2.17e+07  -0.4 2.67e-02   7.2 6.58e-02 4.70e-01h  1
 529r 3.8084109e+01 7.96e+05 1.93e+07  -0.4 3.45e-02   7.6 2.75e-02 1.36e-01f  1
iter    objective    inf_pr   inf_du lg(mu)  ||d||  lg(rg) alpha_du alpha_pr  ls
 530r 3.8086712e+01 7.96e+05 2.28e+07  -0.4 2.87e-02   7.1 1.29e-02 2.40e-01f  1
 531r 3.8088182e+01 7.96e+05 2.33e+07  -0.4 2.55e-02   7.6 1.64e-01 1.78e-01h  1
 532r 3.8089503e+01 7.96e+05 1.97e+07  -0.4 2.61e-02   7.1 1.90e-01 1.94e-01f  1
 533r 3.8090684e+01 7.96e+05 2.72e+07  -0.4 2.60e-02   7.5 4.91e-02 2.15e-01f  1
 534r 3.8091167e+01 7.96e+05 2.52e+07  -0.4 2.67e-02   7.0 1.63e-01 1.10e-01f  1
 535r 3.8091799e+01 7.96e+05 2.27e+07  -0.4 2.28e-02   7.5 1.65e-01 1.64e-01h  1
 536r 3.8092088e+01 7.96e+05 2.06e+07  -0.4 2.62e-02   7.0 2.14e-02 8.69e-02f  1
 537r 3.8092833e+01 7.96e+05 2.72e+07  -0.4 2.43e-02   7.4 8.15e-02 2.51e-01f  1
 538r 3.8092886e+01 7.96e+05 2.66e+07  -0.4 2.81e-02   6.9 6.21e-03 2.25e-02h  1
 539r 3.8093261e+01 7.96e+05 2.12e+07  -0.4 2.73e-02   7.4 7.46e-02 1.71e-01f  1
iter    objective    inf_pr   inf_du lg(mu)  ||d||  lg(rg) alpha_du alpha_pr  ls
 540r 3.8093576e+01 7.96e+05 2.06e+07  -0.4 2.35e-02   6.9 2.71e-01 1.62e-01f  1
 541r 3.8093767e+01 7.96e+05 1.70e+07  -0.4 2.63e-02   7.3 1.81e-02 1.23e-01f  1
 542r 3.8094002e+01 7.96e+05 1.81e+07  -0.4 2.35e-02   6.8 2.05e-01 1.59e-01f  1
 543r 3.8094057e+01 7.96e+05 1.72e+07  -0.4 2.72e-02   7.3 3.22e-03 4.56e-02f  1
 544r 3.8094349e+01 7.96e+05 1.42e+07  -0.4 2.61e-02   6.8 2.55e-01 2.30e-01f  1
 545r 3.8094545e+01 7.96e+05 1.18e+07  -0.4 2.73e-02   6.3 2.94e-01 1.49e-01f  1
 546r 3.8094610e+01 7.96e+05 1.17e+07  -0.4 2.45e-02   6.7 1.13e-01 7.09e-02f  1
 547r 3.8094804e+01 7.96e+05 9.68e+06  -0.4 2.49e-02   6.3 2.80e-01 1.66e-01f  1
 548r 3.8094846e+01 7.96e+05 9.16e+06  -0.4 2.66e-02   6.7 9.84e-03 5.54e-02f  1
 549r 3.8095061e+01 7.96e+05 8.37e+06  -0.4 2.53e-02   6.2 9.39e-02 2.01e-01f  1
iter    objective    inf_pr   inf_du lg(mu)  ||d||  lg(rg) alpha_du alpha_pr  ls
 550r 3.8095148e+01 7.96e+05 6.91e+06  -0.4 2.75e-02   6.6 9.62e-03 1.40e-01f  1
 551r 3.8095272e+01 7.96e+05 6.08e+06  -0.4 2.47e-02   6.2 1.49e-01 1.32e-01f  1
 552r 3.8095329e+01 7.96e+05 7.50e+06  -0.4 2.73e-02   6.6 1.53e-02 1.10e-01f  1
 553r 3.8095367e+01 7.96e+05 7.92e+06  -0.4 2.09e-02   6.1 6.80e-01 4.26e-02f  1
 554r 3.8095447e+01 7.96e+05 7.00e+06  -0.4 2.12e-02   6.5 2.23e-02 1.60e-01f  1
 555r 3.8095459e+01 7.96e+05 6.91e+06  -0.4 2.34e-02   6.1 8.49e-02 1.33e-02h  1
 556r 3.8095577e+01 7.96e+05 6.52e+06  -0.4 2.31e-02   6.5 1.97e-01 2.22e-01f  1
 557r 3.8095685e+01 7.96e+05 4.94e+06  -0.4 2.33e-02   6.0 9.37e-02 1.25e-01f  1
 558r 3.8095694e+01 7.96e+05 5.62e+06  -0.4 2.03e-02   6.4 3.70e-01 1.92e-02f  2
 559r 3.8095872e+01 7.96e+05 4.10e+06  -0.4 2.01e-02   6.0 8.76e-02 2.05e-01f  1
iter    objective    inf_pr   inf_du lg(mu)  ||d||  lg(rg) alpha_du alpha_pr  ls
 560r 3.8095903e+01 7.96e+05 3.84e+06  -0.4 2.41e-02   6.4 9.70e-01 6.37e-02h  1
 561r 3.8096862e+01 7.96e+05 1.47e+06  -0.4 2.27e-02   5.9 7.87e-01 1.00e+00f  1
 562r 3.8097143e+01 7.96e+05 1.27e+06  -0.4 3.64e-02   5.4 7.23e-01 1.35e-01f  1
 563r 3.8097666e+01 7.96e+05 6.60e+05  -0.4 3.22e-02   5.9 7.44e-02 7.25e-01f  1
 564r 3.8098237e+01 7.96e+05 5.01e+05  -0.4 2.37e-02   5.4 1.00e+00 2.81e-01f  1
 565r 3.8098514e+01 7.96e+05 4.03e+05  -0.4 1.86e-02   5.8 9.17e-01 3.71e-01f  1
 566r 3.8099046e+01 7.96e+05 2.09e+05  -0.4 2.08e-02   5.3 4.96e-01 3.04e-01f  1
 567r 3.8099249e+01 7.96e+05 2.03e+05  -0.4 1.60e-02   4.8 1.00e+00 3.24e-02f  1
 568r 3.8101065e+01 7.96e+05 1.69e+05  -0.4 1.50e-02   5.3 6.99e-01 9.11e-01f  1
 569r 3.8105467e+01 7.96e+05 8.62e+03  -0.4 2.55e-02   4.8 1.00e+00 7.66e-01f  1
iter    objective    inf_pr   inf_du lg(mu)  ||d||  lg(rg) alpha_du alpha_pr  ls
 570r 3.8120214e+01 7.96e+05 3.98e+04  -0.4 4.82e-02   4.3 1.00e+00 8.10e-01f  1
 571r 3.8124520e+01 7.96e+05 1.75e+04  -0.4 2.18e-02   4.7 1.00e+00 9.23e-01f  1
 572r 3.8125709e+01 7.96e+05 8.88e+04  -0.4 2.35e-02   5.2 1.78e-01 5.07e-01f  1
 573r 3.8128074e+01 7.96e+05 7.79e+04  -0.4 2.96e-02   4.7 5.93e-01 3.59e-01f  1
 574r 3.8144843e+01 7.96e+05 5.25e+04  -0.4 6.10e-02   4.2 1.00e+00 8.38e-01f  1
 575r 3.8171003e+01 7.96e+05 6.55e+03  -0.4 1.83e-01   3.7 1.00e+00 4.39e-01f  1
 576r 3.8194741e+01 7.96e+05 8.47e+04  -0.4 6.85e-02   4.2 8.27e-01 1.00e+00f  1
 577r 3.8210434e+01 7.96e+05 6.55e+04  -0.4 2.05e-01   3.7 1.00e+00 2.23e-01f  1
 578r 3.8279475e+01 7.96e+05 7.84e+06  -0.4 6.16e-01   3.2 2.61e-01 3.32e-01f  1
 579r 3.8313538e+01 7.95e+05 7.11e+06  -0.4 2.31e-01   3.6 6.74e-01 4.35e-01f  1
iter    objective    inf_pr   inf_du lg(mu)  ||d||  lg(rg) alpha_du alpha_pr  ls
 580r 3.8401111e+01 7.95e+05 6.11e+06  -0.4 6.93e-01   3.2 2.55e-01 3.77e-01f  1
 581r 3.8484851e+01 7.94e+05 2.67e+06  -0.4 2.60e-01   3.6 6.38e-01 1.00e+00f  1
 582r 3.8487077e+01 7.94e+05 1.35e+06  -0.4 4.78e-02   4.9 2.33e-01 5.18e-01f  1
 583r 3.8496327e+01 7.94e+05 3.38e+05  -0.4 3.66e-02   4.4 9.94e-01 7.63e-01f  1
 584r 3.8532480e+01 7.94e+05 7.32e+04  -0.4 1.10e-01   4.0 9.64e-01 1.00e+00f  1
 585r 3.8592325e+01 7.94e+05 3.63e+04  -0.4 3.29e-01   3.5 1.00e+00 5.56e-01f  1
 586r 3.8604651e+01 7.94e+05 3.52e+04  -0.4 9.87e-01   3.0 1.00e+00 3.88e-02f  1
 587r 3.8742309e+01 7.93e+05 3.08e+04  -0.4 2.96e+00   2.5 4.23e-01 1.48e-01f  1
 588r 3.8747190e+01 7.93e+05 4.99e+04  -0.4 1.39e-01   3.9 2.35e-01 1.08e-01f  1
 589r 3.8791914e+01 7.93e+05 2.84e+04  -0.4 4.16e-01   3.4 5.13e-01 3.31e-01f  1
iter    objective    inf_pr   inf_du lg(mu)  ||d||  lg(rg) alpha_du alpha_pr  ls
 590r 3.8818632e+01 7.93e+05 3.94e+04  -0.4 1.56e-01   3.8 1.00e+00 5.25e-01f  1
 591r 3.8926552e+01 7.92e+05 8.68e+04  -0.4 4.69e-01   3.3 4.77e-01 7.11e-01f  1
 592r 3.8984171e+01 7.92e+05 4.90e+04  -0.4 1.97e-01   3.8 4.73e-01 1.00e+00f  1
 593r 3.8997593e+01 7.92e+05 4.54e+04  -0.4 5.27e-01   3.3 8.86e-01 7.70e-02f  1
 594r 3.9052115e+01 7.91e+05 7.07e+04  -0.4 1.98e-01   3.7 1.00e+00 8.36e-01f  1
 595r 3.9052237e+01 7.91e+05 7.10e+04  -0.4 2.87e-01   5.0 5.85e-02 3.71e-02h  1
 596r 3.9053900e+01 7.91e+05 1.01e+05  -0.4 2.42e-01   4.6 8.06e-02 1.78e-01f  1
 597r 3.9079836e+01 7.91e+05 3.53e+05  -0.4 1.97e-01   4.1 6.89e-01 1.00e+00f  1
 598r 3.9086230e+01 7.91e+05 3.27e+05  -0.4 2.50e-01   3.6 1.00e+00 7.44e-02f  1
 599r 3.9166170e+01 7.91e+05 2.24e+05  -0.4 7.51e-01   3.1 1.00e+00 3.15e-01f  1
iter    objective    inf_pr   inf_du lg(mu)  ||d||  lg(rg) alpha_du alpha_pr  ls
 600r 3.9488968e+01 7.89e+05 1.21e+05  -0.4 2.25e+00   2.6 8.12e-01 4.43e-01f  1
 601r 4.0269737e+01 7.84e+05 4.67e+04  -0.4 6.75e+00   2.2 2.99e-01 3.84e-01f  1
 602r 4.0464355e+01 7.83e+05 4.54e+04  -0.4 2.03e+01   1.7 6.25e-02 3.01e-02f  1
 603r 4.2089452e+01 7.73e+05 5.64e+05  -0.4 7.60e+00   2.1 2.02e-01 6.97e-01f  1
 604r 4.2149022e+01 7.73e+05 3.34e+05  -0.4 3.56e-01   3.4 4.61e-01 4.08e-01f  1
 605r 4.2172494e+01 7.74e+05 2.05e+05  -0.4 1.33e-01   3.9 1.00e+00 3.86e-01f  1
 606r 4.2312418e+01 7.74e+05 4.19e+04  -0.4 4.01e-01   3.4 1.00e+00 1.00e+00f  1
 607r 4.2361507e+01 7.73e+05 8.83e+04  -0.4 1.67e-01   3.8 5.09e-01 1.00e+00f  1
 608r 4.2372462e+01 7.73e+05 8.22e+04  -0.4 4.51e-01   3.3 1.00e+00 7.22e-02f  1
 609r 4.2755393e+01 7.71e+05 1.34e+05  -0.4 1.35e+00   2.9 1.00e+00 8.42e-01f  1
iter    objective    inf_pr   inf_du lg(mu)  ||d||  lg(rg) alpha_du alpha_pr  ls
 610r 4.2759928e+01 7.71e+05 1.20e+05  -0.4 3.85e-01   4.2 3.28e-03 2.02e-01f  1
 611r 4.2760571e+01 7.71e+05 1.15e+05  -0.4 3.13e-01   4.6 8.81e-02 6.98e-02h  3
 612r 4.2760822e+01 7.71e+05 1.15e+05  -0.4 1.82e-01   5.1 1.15e-01 6.20e-02h  1
 613r 4.2770066e+01 7.71e+05 5.75e+05  -0.4 1.76e-01   4.6 3.15e-02 1.00e+00f  1
 614r 4.2776023e+01 7.71e+05 4.71e+05  -0.4 8.03e-02   4.1 1.00e+00 1.82e-01f  1
 615r 4.2804729e+01 7.71e+05 3.24e+05  -0.4 2.41e-01   3.6 1.00e+00 3.13e-01f  1
 616r 4.2884764e+01 7.71e+05 2.18e+05  -0.4 7.22e-01   3.1 1.00e+00 3.21e-01f  1
 617r 4.3205003e+01 7.69e+05 1.05e+05  -0.4 2.17e+00   2.7 1.00e+00 4.50e-01f  1
 618r 4.4614666e+01 7.61e+05 1.00e+05  -0.4 6.50e+00   2.2 1.00e+00 6.73e-01f  1
 619r 4.4640755e+01 7.61e+05 9.98e+04  -0.4 2.32e+01   1.7 8.89e-02 2.51e-03f  1
iter    objective    inf_pr   inf_du lg(mu)  ||d||  lg(rg) alpha_du alpha_pr  ls
 620r 4.4870588e+01 7.60e+05 9.96e+04  -0.4 7.31e+00   2.1 1.00e+00 9.18e-02f  1
 621r 4.5097147e+01 7.58e+05 9.66e+04  -0.4 2.19e+01   1.7 5.15e-01 3.97e-02f  1
 622r 4.5790276e+01 7.52e+05 9.60e+04  -0.4 6.57e+01   1.2 2.70e-01 5.00e-02f  1
 623r 4.6407956e+01 7.44e+05 9.53e+04  -0.4 1.97e+02   0.7 2.37e-01 2.46e-02f  1
 624r 5.0708486e+01 6.59e+05 3.26e+05  -0.4 5.98e+02   0.2 2.67e-02 6.91e-02f  1
 625r 5.2719439e+01 6.29e+05 3.28e+05  -0.4 2.22e+02   0.7 2.73e-01 7.76e-02f  1
 626r 5.3170399e+01 6.20e+05 3.26e+05  -0.4 6.71e+02   0.2 1.29e-01 7.84e-03f  1
 627r 5.5568945e+01 5.75e+05 3.16e+05  -0.4 2.50e+02   0.6 4.24e-01 1.01e-01f  1
 628r 5.6783795e+01 5.58e+05 4.42e+06  -0.4 9.36e+01   1.0 4.95e-04 1.08e-01f  1
 629r 5.6984388e+01 5.58e+05 4.37e+06  -0.4 3.51e+01   1.5 7.40e-02 2.08e-02f  1
iter    objective    inf_pr   inf_du lg(mu)  ||d||  lg(rg) alpha_du alpha_pr  ls
 630r 5.6987602e+01 5.58e+05 4.37e+06  -0.4 1.06e+02   1.0 4.87e-03 9.74e-05f  1
 631r 5.9417454e+01 4.99e+05 3.85e+06  -0.4 3.16e+02   0.5 2.95e-01 1.04e-01f  1
 632r 5.9452547e+01 4.98e+05 3.84e+06  -0.4 9.61e+02   0.0 1.04e-03 4.91e-04f  1
 633r 5.9464814e+01 4.98e+05 3.84e+06  -0.4 3.56e+02   0.4 6.69e-02 5.15e-04f  1
 634r 5.9581320e+01 4.97e+05 3.78e+06  -0.4 4.86e+03  -0.0 6.50e-05 4.55e-04f  1
 635r 5.9814140e+01 4.96e+05 3.78e+06  -0.4 6.91e+03  -0.5 2.89e-04 5.66e-05f  1
 636r 6.3628521e+01 3.97e+05 3.58e+06  -0.4 1.22e+03  -0.1 5.43e-02 4.29e-02f  1
 637r 6.4728804e+01 3.64e+05 3.41e+06  -0.4 4.52e+02   0.3 1.96e-01 4.28e-02f  1
 638r 6.6506899e+01 3.16e+05 2.64e+06  -0.4 1.69e+02   0.8 1.08e-02 1.74e-01f  1
 639r 6.6509356e+01 3.17e+05 2.59e+06  -0.4 3.54e-01   3.9 3.60e-02 2.72e-02f  1
iter    objective    inf_pr   inf_du lg(mu)  ||d||  lg(rg) alpha_du alpha_pr  ls
 640r 6.6509514e+01 3.17e+05 2.58e+06  -0.4 3.37e-01   5.2 9.88e-03 3.13e-03h  1
 641r 6.6512034e+01 3.18e+05 2.58e+06  -0.4 3.36e-01   4.8 5.70e-03 4.86e-02f  1
 642r 6.6512483e+01 3.18e+05 2.58e+06  -0.4 3.21e-01   6.1 8.25e-03 8.03e-03h  1
 643r 6.6517376e+01 3.20e+05 3.16e+06  -0.4 3.21e-01   5.6 6.10e-03 8.93e-02h  1
 644r 6.6518717e+01 3.20e+05 3.24e+06  -0.4 2.90e-01   6.0 3.75e-02 2.62e-02h  1
 645r 6.6520444e+01 3.21e+05 3.92e+06  -0.4 2.80e-01   6.5 1.77e-02 3.49e-02h  1
 646r 6.6521389e+01 3.21e+05 4.50e+06  -0.4 2.69e-01   6.9 5.11e-02 2.00e-02h  1
 647r 6.6526737e+01 3.23e+05 1.00e+07  -0.4 2.64e-01   6.4 4.84e-02 1.17e-01h  1
 648r 6.6527703e+01 3.24e+05 1.04e+07  -0.4 2.31e-01   6.8 3.71e-02 2.41e-02h  1
 649r 6.6529427e+01 3.24e+05 1.51e+07  -0.4 2.26e-01   7.3 6.00e-02 4.31e-02h  1
iter    objective    inf_pr   inf_du lg(mu)  ||d||  lg(rg) alpha_du alpha_pr  ls
 650r 6.6530586e+01 3.25e+05 2.09e+07  -0.4 2.15e-01   7.7 7.82e-02 3.00e-02h  1
 651r 6.6531276e+01 3.25e+05 2.65e+07  -0.4 2.09e-01   8.1 6.70e-02 1.83e-02h  1
 652r 6.6532205e+01 3.25e+05 2.88e+07  -0.4 2.06e-01   7.6 3.19e-02 2.53e-02h  1
 653r 6.6532981e+01 3.25e+05 3.43e+07  -0.4 2.00e-01   8.1 1.08e-01 2.13e-02h  1
 654r 6.6534131e+01 3.26e+05 7.29e+07  -0.4 1.95e-01   8.5 9.12e-02 3.22e-02h  1
 655r 6.6536670e+01 3.27e+05 1.46e+08  -0.4 1.89e-01   8.0 1.85e-02 7.28e-02h  1
 656r 6.6538280e+01 3.27e+05 2.33e+08  -0.4 1.74e-01   8.4 1.62e-01 4.92e-02h  1
 657r 6.6539382e+01 3.28e+05 3.55e+08  -0.4 1.66e-01   8.9 1.13e-01 3.52e-02h  1
 658r 6.6540678e+01 3.28e+05 8.57e+08  -0.4 1.60e-01   9.3 1.08e-01 4.28e-02h  1
 659r 6.6541077e+01 3.28e+05 9.85e+08  -0.4 1.53e-01   9.7 3.40e-02 1.37e-02h  1
iter    objective    inf_pr   inf_du lg(mu)  ||d||  lg(rg) alpha_du alpha_pr  ls
 660r 6.6542818e+01 3.29e+05 1.87e+09  -0.4 1.51e-01   9.2 1.61e-01 6.04e-02h  1
 661r 6.6543198e+01 3.29e+05 1.97e+09  -0.4 1.43e-01   9.7 2.92e-02 1.40e-02h  1
 662r 6.6543782e+01 3.29e+05 2.03e+09  -0.4 1.44e-01   9.2 6.21e-04 2.17e-02h  1
 663r 6.6543826e+01 3.29e+05 2.03e+09  -0.4 1.39e-01   9.6 4.25e-02 1.67e-03h  1
 664r 6.6544512e+01 3.29e+05 2.11e+09  -0.4 1.42e-01   9.1 2.68e-02 2.60e-02h  1
 665r 6.6544701e+01 3.29e+05 2.13e+09  -0.4 1.37e-01   9.6 5.92e-02 7.36e-03h  1
 666r 6.6546011e+01 3.30e+05 2.49e+09  -0.4 1.39e-01   9.1 6.59e-02 5.11e-02h  1
 667r 6.6546510e+01 3.30e+05 2.64e+09  -0.4 1.31e-01   9.5 2.00e-01 2.06e-02h  1
 668r 6.6549467e+01 3.31e+05 4.94e+09  -0.4 1.33e-01   9.0 2.24e-02 1.24e-01h  1
 669r 6.6549539e+01 3.31e+05 4.93e+09  -0.4 1.15e-01   9.5 4.69e-03 3.44e-03h  1
iter    objective    inf_pr   inf_du lg(mu)  ||d||  lg(rg) alpha_du alpha_pr  ls
 670r 6.6549544e+01 3.31e+05 4.93e+09  -0.4 1.13e-01   9.9 3.60e-02 2.57e-04h  1
 671r 6.6550769e+01 3.31e+05 5.95e+09  -0.4 1.15e-01   9.4 3.79e-03 5.89e-02h  1
 672r 6.6550828e+01 3.31e+05 5.94e+09  -0.4 1.07e-01   9.8 1.45e-02 3.03e-03h  1
 673r 6.6552726e+01 3.32e+05 8.59e+09  -0.4 1.09e-01   9.4 3.75e-04 9.75e-02h  1
 674r 6.6553002e+01 3.32e+05 8.66e+09  -0.4 9.75e-02   9.8 1.01e-01 1.55e-02h  1
 675r 6.6554286e+01 3.33e+05 9.55e+09  -0.4 9.80e-02   9.3 2.60e-03 7.36e-02h  1
 676r 6.6554318e+01 3.33e+05 9.53e+09  -0.4 8.93e-02   9.7 1.35e-02 1.97e-03h  1
 677r 6.6556975e+01 3.33e+05 1.50e+10  -0.4 9.10e-02   9.3 7.39e-02 1.64e-01h  1
 678r 6.6557812e+01 3.34e+05 1.63e+10  -0.4 7.39e-02   9.7 1.61e-01 6.18e-02h  1
 679r 6.6558452e+01 3.34e+05 1.96e+10  -0.4 6.86e-02  10.1 3.18e-01 5.03e-02h  1
iter    objective    inf_pr   inf_du lg(mu)  ||d||  lg(rg) alpha_du alpha_pr  ls
 680r 6.6559787e+01 3.34e+05 2.34e+10  -0.4 6.56e-02   9.6 1.11e-01 1.10e-01h  1
 681r 6.6559810e+01 3.34e+05 2.34e+10  -0.4 5.69e-02  10.1 1.99e-02 2.12e-03h  1
 682r 6.6561513e+01 3.35e+05 2.92e+10  -0.4 5.74e-02   9.6 1.75e-01 1.58e-01h  1
 683r 6.6561543e+01 3.35e+05 2.91e+10  -0.4 4.62e-02  10.0 6.75e-01 3.24e-03h  1
 684r 6.6563088e+01 3.35e+05 3.08e+10  -0.4 4.66e-02   9.5 3.46e-02 1.71e-01h  1
 685r 6.6563581e+01 3.36e+05 3.13e+10  -0.4 3.67e-02  10.0 1.20e-02 6.45e-02h  1
 686r 6.6564740e+01 3.36e+05 2.70e+10  -0.4 3.44e-02   9.5 7.00e-02 1.68e-01h  1
 687r 6.6565049e+01 3.36e+05 2.63e+10  -0.4 2.93e-02   9.9 3.31e-02 5.06e-02h  1
 688r 6.6565356e+01 3.36e+05 2.47e+10  -0.4 2.78e-02   9.4 3.91e-01 5.12e-02h  1
 689r 6.6565562e+01 3.36e+05 2.39e+10  -0.4 2.64e-02   9.9 3.49e-03 3.69e-02h  1
iter    objective    inf_pr   inf_du lg(mu)  ||d||  lg(rg) alpha_du alpha_pr  ls
 690r 6.6567646e+01 3.37e+05 1.31e+10  -0.4 2.47e-02   9.4 1.17e-01 3.74e-01h  1
 691r 6.6567781e+01 3.37e+05 1.26e+10   1.6 1.62e-02   9.8 7.22e-01 3.82e-02f  1
 692r 6.6568990e+01 3.37e+05 2.89e+10   2.7 1.55e-02   9.3 9.91e-01 3.33e-01f  1
 693r 6.6571190e+01 3.38e+05 1.39e+11   2.7 9.62e-03   9.8 2.56e-02 9.88e-01f  1
 694r 6.6572430e+01 3.38e+05 5.37e+10   4.4 1.65e-02   9.3 1.00e+00 6.12e-01f  1
 695r 6.6572127e+01 3.38e+05 9.63e+08   4.8 4.72e-02   8.8 9.26e-01 1.00e+00f  1
 696r 6.6571992e+01 3.38e+05 3.84e+08   4.1 9.66e-03   9.2 9.94e-01 1.00e+00f  1
 697r 6.6572118e+01 3.38e+05 1.22e+08   3.4 9.92e-03   8.7 8.35e-01 1.00e+00f  1
 698r 6.6572196e+01 3.38e+05 1.37e+07   3.4 8.36e-03   8.3 1.00e+00 1.00e+00f  1
 699r 6.6572261e+01 3.38e+05 1.10e+07   2.7 7.78e-03   7.8 8.87e-01 1.00e+00f  1
iter    objective    inf_pr   inf_du lg(mu)  ||d||  lg(rg) alpha_du alpha_pr  ls
 700r 6.6572379e+01 3.38e+05 1.98e+06   2.7 7.81e-03   7.3 1.00e+00 1.00e+00f  1
 701r 6.6572726e+01 3.38e+05 1.36e+06   2.7 7.30e-03   6.8 1.00e+00 1.00e+00f  1
 702r 6.6573134e+01 3.38e+05 2.77e+05   2.7 9.79e-03   6.4 1.00e+00 1.00e+00f  1
 703r 6.6572130e+01 3.38e+05 1.49e+05   2.0 8.30e-03   5.9 1.00e+00 1.00e+00f  1
 704r 6.6571576e+01 3.38e+05 2.12e+04   2.0 8.71e-03   5.4 1.00e+00 1.00e+00f  1
 705r 6.6568730e+01 3.38e+05 5.33e+04   2.0 1.36e-02   4.9 1.00e+00 1.00e+00f  1
 706r 6.6557996e+01 3.38e+05 3.43e+04   2.0 3.53e-02   4.5 1.00e+00 1.00e+00f  1
 707r 6.6553636e+01 3.38e+05 2.39e+04   2.0 1.33e-02   4.9 1.00e+00 1.00e+00f  1
 708r 6.6552205e+01 3.38e+05 3.57e+04   2.0 8.74e-03   5.3 1.00e+00 1.00e+00f  1
 709r 6.6547486e+01 3.38e+05 2.55e+04   2.0 1.49e-02   4.8 1.00e+00 1.00e+00f  1
iter    objective    inf_pr   inf_du lg(mu)  ||d||  lg(rg) alpha_du alpha_pr  ls
 710r 6.6545651e+01 3.38e+05 1.98e+04   2.0 8.38e-03   5.3 1.00e+00 1.00e+00f  1
 711r 6.6540197e+01 3.38e+05 1.87e+04   2.0 1.67e-02   4.8 1.00e+00 1.00e+00f  1
 712r 6.6523439e+01 3.37e+05 2.30e+04   2.0 5.02e-02   4.3 1.00e+00 1.00e+00f  1
 713r 6.6474063e+01 3.37e+05 9.88e+04   2.0 1.51e-01   3.8 1.00e+00 1.00e+00f  1
 714r 6.6455006e+01 3.37e+05 2.68e+04   2.0 5.65e-02   4.2 1.00e+00 1.00e+00f  1
 715r 6.6448411e+01 3.37e+05 1.45e+05   2.0 1.07e-01   4.7 1.00e+00 1.00e+00f  1
 716r 6.6428876e+01 3.37e+05 5.33e+04   2.0 6.35e-02   4.2 1.00e+00 1.00e+00f  1
 717r 6.6366928e+01 3.37e+05 5.04e+04   2.0 1.91e-01   3.7 1.00e+00 1.00e+00f  1
 718r 6.6343943e+01 3.36e+05 1.41e+04   2.0 1.16e-01   4.1 1.00e+00 1.00e+00f  1
 719r 6.6277885e+01 3.36e+05 7.74e+04   2.0 2.14e-01   3.7 1.00e+00 1.00e+00f  1
iter    objective    inf_pr   inf_du lg(mu)  ||d||  lg(rg) alpha_du alpha_pr  ls
 720r 6.6255578e+01 3.36e+05 7.52e+04   2.0 8.04e-02   4.1 1.00e+00 1.00e+00f  1
 721r 6.6177952e+01 3.36e+05 2.77e+04   2.0 2.41e-01   3.6 1.00e+00 1.00e+00f  1
 722r 6.5964750e+01 3.34e+05 1.37e+05   2.0 7.24e-01   3.1 1.00e+00 1.00e+00f  1
 723r 6.5954807e+01 3.34e+05 2.68e+04   2.0 4.61e-02   4.5 1.00e+00 1.00e+00f  1
 724r 6.5924889e+01 3.34e+05 1.32e+04   2.0 1.02e-01   4.0 1.00e+00 1.00e+00f  1
 725r 6.5834720e+01 3.34e+05 2.45e+04   2.0 3.05e-01   3.5 1.00e+00 1.00e+00f  1
 726r 6.5574719e+01 3.32e+05 1.71e+05   2.0 9.16e-01   3.0 1.00e+00 1.00e+00f  1
 727r 6.5480043e+01 3.31e+05 5.25e+04   2.0 3.44e-01   3.5 1.00e+00 1.00e+00f  1
 728r 6.5208257e+01 3.30e+05 1.21e+05   2.0 1.03e+00   3.0 1.00e+00 1.00e+00f  1
 729r 6.5195763e+01 3.34e+05 1.87e+04   2.0 8.81e-02   4.3 1.00e+00 1.00e+00f  1
iter    objective    inf_pr   inf_du lg(mu)  ||d||  lg(rg) alpha_du alpha_pr  ls
 730r 6.5158882e+01 3.29e+05 2.02e+04   2.0 1.45e-01   3.8 1.00e+00 1.00e+00f  1
 731r 6.5157162e+01 3.29e+05 9.76e+04   2.0 5.06e-02   5.2 1.00e+00 1.00e+00f  1
 732r 6.5152609e+01 3.29e+05 5.45e+04   2.0 7.71e-02   4.7 1.00e+00 1.00e+00f  1
 733r 6.5135361e+01 4.50e+05 9.36e+04   2.0 1.38e-01   4.2 1.00e+00 1.00e+00f  1
 734r 6.5135361e+01 7.75e+05 9.17e+04   2.0 2.80e-01   5.5 3.94e-01 3.60e-01f  2
 735r 6.5132727e+01 3.29e+05 1.17e+05   2.0 5.41e-02   5.1 1.00e+00 1.00e+00f  1
 736r 6.5132449e+01 3.29e+05 3.08e+06   2.0 6.96e-02   6.4 1.00e+00 1.00e+00h  1
 737r 6.5132497e+01 3.29e+05 2.38e+05   2.0 5.70e-02   5.9 1.00e+00 1.00e+00h  1
 738r 6.5131505e+01 3.29e+05 6.87e+04   2.0 5.99e-03   5.4 1.00e+00 1.00e+00f  1
 739r 6.5128683e+01 3.29e+05 2.57e+04   2.0 1.35e-02   5.0 1.00e+00 1.00e+00f  1
iter    objective    inf_pr   inf_du lg(mu)  ||d||  lg(rg) alpha_du alpha_pr  ls
 740r 6.5120077e+01 3.29e+05 8.66e+03   2.0 3.27e-02   4.5 1.00e+00 1.00e+00f  1
 741r 6.5094484e+01 3.29e+05 5.99e+03   2.0 9.80e-02   4.0 1.00e+00 1.00e+00f  1
 742r 6.5017745e+01 3.28e+05 7.02e+03   1.3 2.94e-01   3.5 1.00e+00 1.00e+00f  1
 743r 6.5056753e+01 3.27e+05 7.79e+04   1.3 8.82e-01   3.1 1.00e+00 1.00e+00f  1
 744r 6.5172204e+01 3.22e+05 1.16e+05   1.3 2.65e+00   2.6 1.00e+00 1.00e+00f  1
 745r 6.5325318e+01 3.15e+05 1.38e+05   1.3 7.94e+00   2.1 1.00e+00 5.23e-01f  1
 746r 6.5324100e+01 3.15e+05 2.09e+05   0.1 1.08e-01   4.3 1.00e+00 8.02e-01f  1
 747r 6.5328623e+01 3.15e+05 1.76e+05   0.6 1.39e-01   3.9 6.77e-01 1.54e-01f  1
 748r 6.5380009e+01 3.15e+05 2.36e+04   0.6 4.18e-01   3.4 1.00e+00 7.27e-01f  1
 749r 6.5536520e+01 3.13e+05 5.22e+04   0.3 1.26e+00   2.9 1.00e+00 7.28e-01f  1
iter    objective    inf_pr   inf_du lg(mu)  ||d||  lg(rg) alpha_du alpha_pr  ls
 750r 6.5614287e+01 3.12e+05 2.55e+04  -1.0 4.71e-01   3.3 1.00e+00 8.16e-01f  1
 751r 6.5645869e+01 3.12e+05 1.44e+04  -1.4 1.77e-01   3.8 1.00e+00 7.04e-01f  1
 752r 6.5687114e+01 3.12e+05 1.37e+04  -2.1 5.30e-01   3.3 1.00e+00 3.02e-01f  1
 753r 6.5739382e+01 3.12e+05 1.43e+04  -1.6 1.99e-01   3.7 1.00e+00 9.92e-01f  1
 754r 6.5755602e+01 3.12e+05 2.15e+04  -0.8 7.45e-02   4.1 1.00e+00 8.43e-01f  1
 755r 6.5762627e+01 3.11e+05 3.10e+04  -0.9 2.79e-02   4.6 7.50e-01 1.00e+00f  1
 756r 6.5767300e+01 3.11e+05 2.32e+04  -1.2 8.38e-02   4.1 1.00e+00 2.22e-01f  1
 757r 6.5829168e+01 3.11e+05 1.31e+04  -1.6 2.51e-01   3.6 1.00e+00 9.64e-01f  1
 758r 6.5850246e+01 3.11e+05 1.10e+04  -1.5 9.43e-02   4.0 1.00e+00 8.62e-01f  1
 759r 6.5857621e+01 3.11e+05 2.24e+04  -0.9 3.54e-02   4.5 1.00e+00 8.19e-01f  1
iter    objective    inf_pr   inf_du lg(mu)  ||d||  lg(rg) alpha_du alpha_pr  ls
 760r 6.5860996e+01 3.11e+05 3.66e+04  -1.1 1.33e-02   4.9 6.41e-01 1.00e+00f  1
 761r 6.5862339e+01 3.11e+05 3.16e+04  -1.1 3.98e-02   4.4 1.00e+00 1.34e-01f  1
 762r 6.5892484e+01 3.11e+05 1.60e+04  -1.4 1.19e-01   3.9 1.00e+00 1.00e+00f  1
 763r 6.5903757e+01 3.11e+05 1.99e+04  -0.6 4.48e-02   4.3 9.10e-01 1.00e+00f  1
 764r 6.5903870e+01 3.11e+05 8.92e+03  -0.7 1.49e-02   5.7 4.84e-01 2.58e-01f  1
 765r 6.5904116e+01 3.11e+05 7.26e+03  -0.7 1.92e-02   5.2 7.33e-01 1.63e-01f  1
 766r 6.5904771e+01 3.11e+05 2.73e+05   0.2 1.55e-02   5.6 1.00e+00 1.00e+00f  1
 767r 6.5904914e+01 3.11e+05 4.47e+05   0.2 1.47e-02   6.1 4.74e-01 6.99e-01f  1
 768r 6.5904979e+01 3.11e+05 3.74e+05  -1.6 6.47e-03   5.6 1.00e+00 1.65e-01f  1
 769r 6.5905718e+01 3.10e+05 1.03e+05  -1.3 7.97e-03   5.1 1.00e+00 3.87e-01f  1
iter    objective    inf_pr   inf_du lg(mu)  ||d||  lg(rg) alpha_du alpha_pr  ls
 770r 6.5906250e+01 3.10e+05 8.72e+04  -1.0 5.16e-03   5.5 1.00e+00 7.44e-01f  1
 771r 6.5908109e+01 3.10e+05 1.39e+04  -0.9 8.96e-03   5.0 1.00e+00 8.35e-01f  1
 772r 6.5910857e+01 3.10e+05 4.78e+03  -1.5 2.69e-02   4.6 1.00e+00 4.03e-01f  1
 773r 6.5931577e+01 3.10e+05 5.32e+04  -0.8 8.06e-02   4.1 4.55e-01 1.00e+00f  1
 774r 6.5931890e+01 3.10e+05 5.10e+04  -1.0 3.02e-02   4.5 1.00e+00 4.17e-02f  1
 775r 6.5932543e+01 3.10e+05 4.04e+04  -1.8 1.19e-02   4.9 5.05e-01 2.28e-01f  1
 776r 6.5937589e+01 3.10e+05 1.01e+04  -1.3 3.40e-02   4.5 1.00e+00 5.67e-01f  1
 777r 6.5944192e+01 3.10e+05 8.00e+03  -0.6 1.02e-01   4.0 1.00e+00 2.57e-01f  1
 778r 6.5952849e+01 3.10e+05 2.78e+04  -1.4 3.83e-02   4.4 1.00e+00 9.39e-01f  1
 779r 6.5977357e+01 3.10e+05 2.15e+04  -1.1 1.15e-01   3.9 1.00e+00 8.35e-01f  1
iter    objective    inf_pr   inf_du lg(mu)  ||d||  lg(rg) alpha_du alpha_pr  ls
 780r 6.5978746e+01 3.10e+05 5.82e+04  -0.8 1.19e-02   5.3 1.00e+00 1.00e+00f  1
 781r 6.5980322e+01 3.10e+05 3.27e+04  -0.8 1.61e-02   4.8 1.00e+00 4.04e-01f  1
 782r 6.5992194e+01 3.10e+05 1.58e+04  -0.8 4.84e-02   4.3 1.00e+00 1.00e+00f  1
 783r 6.6026391e+01 3.10e+05 1.48e+04  -1.3 1.45e-01   3.8 1.00e+00 9.55e-01f  1
 784r 6.6116825e+01 3.09e+05 9.96e+03  -0.9 4.36e-01   3.4 1.00e+00 8.22e-01f  1
 785r 6.6328238e+01 3.08e+05 8.28e+03  -0.9 1.31e+00   2.9 1.00e+00 6.67e-01f  1
 786r 6.6434093e+01 3.07e+05 1.58e+04  -1.7 4.90e-01   3.3 1.00e+00 8.85e-01f  1
 787r 6.6480456e+01 3.06e+05 1.13e+04  -1.9 1.84e-01   3.7 1.00e+00 1.00e+00f  1
 788r 6.6497406e+01 3.06e+05 1.54e+04  -1.5 6.90e-02   4.2 1.00e+00 9.62e-01f  1
 789r 6.6548431e+01 3.06e+05 2.40e+04  -2.2 2.07e-01   3.7 1.00e+00 1.00e+00f  1
iter    objective    inf_pr   inf_du lg(mu)  ||d||  lg(rg) alpha_du alpha_pr  ls
 790r 6.6669023e+01 3.05e+05 1.05e+04  -1.7 6.21e-01   3.2 1.00e+00 7.75e-01f  1
 791r 6.6983836e+01 3.03e+05 1.17e+04  -1.1 1.86e+00   2.7 1.00e+00 6.98e-01f  1
 792r 6.6986983e+01 3.03e+05 1.15e+04  -1.7 6.98e-01   3.2 1.00e+00 1.90e-02f  1
 793r 6.6988559e+01 3.03e+05 1.12e+04  -7.4 2.62e-01   3.6 3.87e-01 2.51e-02f  1
 794r 6.7159986e+01 3.02e+05 5.20e+05  -0.5 7.86e-01   3.1 9.68e-01 8.84e-01f  1
 795r 6.7167875e+01 3.02e+05 2.93e+04  -0.7 3.68e-02   4.4 1.00e+00 9.68e-01f  1
 796r 6.7168131e+01 3.02e+05 2.75e+04  -6.7 1.38e-02   4.9 2.77e-01 8.64e-02f  1
 797r 6.7174026e+01 3.02e+05 8.77e+04  -0.4 4.14e-02   4.4 7.66e-01 5.87e-01f  1
 798r 6.7177377e+01 3.02e+05 4.18e+04  -0.6 1.55e-02   4.8 9.70e-01 1.00e+00f  1
 799r 6.7178628e+01 3.02e+05 1.93e+04   0.0 9.61e-03   5.2 1.00e+00 1.00e+00f  1
iter    objective    inf_pr   inf_du lg(mu)  ||d||  lg(rg) alpha_du alpha_pr  ls
 800r 6.7178645e+01 3.02e+05 1.48e+04  -0.1 8.25e-03   6.6 4.51e-01 2.02e-01h  1
 801r 6.7178797e+01 3.02e+05 2.47e+05  -0.4 7.50e-03   6.1 1.00e+00 1.00e+00f  1
 802r 6.7179561e+01 3.02e+05 4.02e+04   0.5 8.23e-03   5.6 9.99e-01 1.00e+00f  1
 803r 6.7180535e+01 3.02e+05 5.35e+04   0.7 1.71e-02   5.1 9.26e-01 1.00e+00f  1
 804r 6.7182816e+01 3.02e+05 1.45e+04   0.7 2.21e-02   4.7 1.00e+00 1.00e+00f  1
 805r 6.7189912e+01 3.01e+05 1.45e+04   0.7 6.63e-02   4.2 1.00e+00 1.00e+00f  1
 806r 6.7192671e+01 3.01e+05 1.70e+04   0.7 2.49e-02   4.6 1.00e+00 1.00e+00f  1
 807r 6.7201241e+01 3.01e+05 1.68e+04   0.7 7.46e-02   4.1 1.00e+00 1.00e+00f  1
 808r 6.7226943e+01 3.01e+05 1.48e+04   0.7 2.24e-01   3.6 1.00e+00 1.00e+00f  1
 809r 6.7237078e+01 3.01e+05 1.68e+04   0.7 8.40e-02   4.1 1.00e+00 1.00e+00f  1
iter    objective    inf_pr   inf_du lg(mu)  ||d||  lg(rg) alpha_du alpha_pr  ls
 810r 6.7266657e+01 3.00e+05 1.35e+04   0.7 2.52e-01   3.6 1.00e+00 1.00e+00f  1
 811r 6.7268102e+01 3.00e+05 5.44e+04   0.7 2.27e-02   4.9 1.00e+00 1.00e+00f  1
 812r 6.7272239e+01 3.00e+05 1.63e+04   0.7 3.54e-02   4.5 1.00e+00 1.00e+00f  1
 813r 6.7284616e+01 3.00e+05 1.36e+04   0.7 1.06e-01   4.0 1.00e+00 1.00e+00f  1
 814r 6.7322028e+01 2.99e+05 1.44e+04   0.7 3.19e-01   3.5 1.00e+00 1.00e+00f  1
 815r 6.7431586e+01 2.98e+05 4.44e+04   0.7 9.56e-01   3.0 1.00e+00 1.00e+00f  1
 816r 6.7436732e+01 2.98e+05 8.93e+03   0.7 4.48e-02   4.3 1.00e+00 1.00e+00f  1
 817r 6.7452384e+01 2.98e+05 1.98e+04   0.3 1.35e-01   3.9 1.00e+00 1.00e+00f  1
 818r 6.7513382e+01 2.97e+05 3.87e+04  -0.5 4.04e-01   3.4 1.00e+00 9.37e-01f  1
 819r 6.7667140e+01 2.95e+05 1.45e+04  -1.0 1.21e+00   2.9 1.00e+00 6.58e-01f  1
iter    objective    inf_pr   inf_du lg(mu)  ||d||  lg(rg) alpha_du alpha_pr  ls
 820r 6.7735425e+01 2.95e+05 1.23e+04  -0.8 4.54e-01   3.3 1.00e+00 7.40e-01f  1
 821r 6.7809503e+01 2.94e+05 8.14e+03  -0.9 1.36e+00   2.9 1.00e+00 3.03e-01f  1
 822r 6.7829323e+01 2.94e+05 6.06e+03  -2.3 5.11e-01   3.3 8.14e-01 2.34e-01f  1
 823r 6.7894242e+01 2.93e+05 1.23e+07  -0.6 1.53e+00   2.8 1.00e+00 2.34e-01f  1
 824r 6.7992018e+01 2.92e+05 1.08e+07  -0.5 5.75e-01   3.2 7.50e-01 1.00e+00f  1
 825r 6.7992446e+01 2.92e+05 5.37e+05   0.2 1.28e-02   5.5 9.65e-01 1.00e+00f  1
 826r 6.7992509e+01 2.92e+05 3.65e+05   0.7 9.32e-03   6.8 1.00e+00 3.23e-01f  1
 827r 6.7992780e+01 2.92e+05 3.67e+05   0.9 6.40e-03   6.3 1.00e+00 1.00e+00f  1
 828r 6.7992893e+01 2.92e+05 6.78e+04   0.8 7.51e-03   5.8 9.28e-01 1.00e+00f  1
 829r 6.7993304e+01 2.92e+05 5.69e+04   0.8 6.61e-03   5.4 1.00e+00 1.00e+00f  1
iter    objective    inf_pr   inf_du lg(mu)  ||d||  lg(rg) alpha_du alpha_pr  ls
 830r 6.7994177e+01 2.92e+05 2.43e+04   0.8 1.28e-02   4.9 1.00e+00 1.00e+00f  1
 831r 6.7996800e+01 2.92e+05 1.89e+04   0.8 3.83e-02   4.4 1.00e+00 1.00e+00f  1
 832r 6.8004936e+01 2.92e+05 4.10e+04   0.8 1.15e-01   3.9 1.00e+00 1.00e+00f  1
 833r 6.8008226e+01 2.92e+05 2.05e+04   0.8 4.31e-02   4.4 1.00e+00 1.00e+00f  1
 834r 6.8017865e+01 2.92e+05 1.35e+04   0.8 1.29e-01   3.9 1.00e+00 1.00e+00f  1
 835r 6.8046767e+01 2.91e+05 1.25e+04   0.8 3.88e-01   3.4 1.00e+00 1.00e+00f  1
 836r 6.8057631e+01 2.91e+05 1.82e+04   0.8 1.46e-01   3.8 1.00e+00 1.00e+00f  1
 837r 6.8089193e+01 2.90e+05 1.00e+05   0.8 4.37e-01   3.4 1.00e+00 9.79e-01f  1
 838r 6.8102115e+01 2.90e+05 7.35e+05   0.8 1.64e-01   3.8 1.00e+00 1.00e+00f  1
 839r 6.8106824e+01 2.90e+05 6.88e+04   0.8 6.14e-02   4.2 1.00e+00 1.00e+00f  1
iter    objective    inf_pr   inf_du lg(mu)  ||d||  lg(rg) alpha_du alpha_pr  ls
 840r 6.8120756e+01 2.89e+05 5.39e+04   0.8 1.84e-01   3.7 1.00e+00 1.00e+00f  1
 841r 6.8162237e+01 2.88e+05 8.74e+04   0.8 5.53e-01   3.3 1.00e+00 1.00e+00f  1
 842r 6.8216957e+01 2.87e+05 1.36e+05   0.8 1.66e+00   2.8 7.38e-01 4.32e-01f  1
 843r 6.8563372e+01 2.79e+05 4.00e+05   0.7 4.98e+00   2.3 1.00e+00 1.00e+00f  1
 844r 6.8578383e+01 2.78e+05 5.61e+04  -0.8 2.33e-01   3.6 1.00e+00 8.53e-01f  1
 845r 6.8656956e+01 2.77e+05 8.09e+04  -0.3 7.00e-01   3.2 1.00e+00 7.13e-01f  1
 846r 6.8661632e+01 2.77e+05 1.92e+04  -0.6 3.28e-02   4.5 1.00e+00 1.00e+00f  1
 847r 6.8668349e+01 2.77e+05 6.47e+03  -1.8 9.84e-02   4.0 1.00e+00 4.55e-01f  1
 848r 6.8691461e+01 2.77e+05 1.92e+04  -1.3 2.95e-01   3.5 1.00e+00 4.59e-01f  1
 849r 6.8700448e+01 2.77e+05 1.79e+04  -1.2 1.11e-01   4.0 1.00e+00 4.96e-01f  1
iter    objective    inf_pr   inf_du lg(mu)  ||d||  lg(rg) alpha_du alpha_pr  ls
 850r 6.8732909e+01 2.77e+05 1.62e+04  -0.9 3.32e-01   3.5 1.00e+00 5.89e-01f  1
 851r 6.8752528e+01 2.76e+05 1.30e+04  -1.5 1.25e-01   3.9 1.00e+00 9.96e-01f  1
 852r 6.8775241e+01 2.76e+05 8.56e+03  -1.1 3.74e-01   3.4 1.00e+00 3.57e-01f  1
 853r 6.8797979e+01 2.76e+05 3.81e+04  -1.7 1.40e-01   3.9 1.00e+00 9.91e-01f  1
 854r 6.8830594e+01 2.76e+05 1.85e+04  -1.1 4.20e-01   3.4 1.00e+00 4.51e-01f  1
 855r 6.8856501e+01 2.75e+05 4.06e+04  -0.5 1.58e-01   3.8 5.64e-01 1.00e+00f  1
 856r 6.8856582e+01 2.75e+05 3.80e+04  -0.7 1.66e-02   5.1 8.70e-01 6.32e-02f  1
 857r 6.8857770e+01 2.75e+05 2.52e+05   0.8 1.76e-02   5.6 2.95e-01 1.00e+00f  1
 858r 6.8857752e+01 2.75e+05 9.43e+06   0.7 9.60e-03   7.8 4.19e-01 9.05e-01h  1
 859r 6.8857793e+01 2.75e+05 4.10e+06   0.7 7.11e-03   7.3 1.00e-01 1.00e+00f  1
iter    objective    inf_pr   inf_du lg(mu)  ||d||  lg(rg) alpha_du alpha_pr  ls
 860r 6.8857789e+01 2.75e+05 6.21e+05   0.7 6.76e-03   6.8 1.00e+00 6.45e-01h  1
 861r 6.8857828e+01 2.75e+05 1.48e+05   0.7 4.35e-03   6.4 1.00e+00 1.00e+00f  1
 862r 6.8857872e+01 2.75e+05 7.86e+04   0.7 7.04e-03   5.9 1.00e+00 1.00e+00f  1
 863r 6.8858161e+01 2.75e+05 4.62e+04   0.7 6.86e-03   5.4 1.00e+00 1.00e+00f  1
 864r 6.8859021e+01 2.75e+05 1.03e+04   0.7 1.18e-02   4.9 1.00e+00 1.00e+00f  1
 865r 6.8859394e+01 2.75e+05 4.80e+04   0.7 6.80e-03   5.4 1.00e+00 1.00e+00f  1
 866r 6.8860428e+01 2.75e+05 1.11e+04   0.7 1.33e-02   4.9 1.00e+00 1.00e+00f  1
 867r 6.8860864e+01 2.75e+05 4.61e+04   0.7 6.90e-03   5.3 1.00e+00 1.00e+00f  1
 868r 6.8862062e+01 2.75e+05 1.19e+04   0.7 1.50e-02   4.8 1.00e+00 1.00e+00f  1
 869r 6.8865852e+01 2.75e+05 1.72e+04   0.7 4.49e-02   4.3 1.00e+00 1.00e+00f  1
iter    objective    inf_pr   inf_du lg(mu)  ||d||  lg(rg) alpha_du alpha_pr  ls
 870r 6.8877482e+01 2.75e+05 1.16e+04   0.7 1.35e-01   3.9 1.00e+00 1.00e+00f  1
 871r 6.8913132e+01 2.74e+05 1.26e+04   0.7 4.04e-01   3.4 1.00e+00 1.00e+00f  1
 872r 6.9020943e+01 2.72e+05 7.85e+04   0.7 1.21e+00   2.9 1.00e+00 1.00e+00f  1
 873r 6.9310517e+01 2.66e+05 7.50e+05   0.7 3.64e+00   2.4 1.00e+00 9.63e-01f  1
 874r 6.9511879e+01 2.61e+05 9.40e+05   0.7 1.09e+01   2.0 1.00e+00 2.68e-01f  1
 875r 6.9589834e+01 2.59e+05 9.17e+05   1.0 3.28e+01   1.5 1.00e+00 3.43e-02f  1
 876r 6.9589031e+01 2.59e+05 5.75e+05   0.4 1.92e-01   3.7 8.38e-01 2.31e-01f  1
 877r 6.9599833e+01 2.59e+05 4.08e+05  -0.2 5.76e-01   3.2 1.00e+00 2.30e-01f  1
 878r 6.9755852e+01 2.57e+05 9.70e+04  -0.5 1.73e+00   2.8 1.00e+00 7.50e-01f  1
 879r 7.0098948e+01 2.52e+05 3.70e+04  -0.4 5.18e+00   2.3 1.00e+00 5.05e-01f  1
iter    objective    inf_pr   inf_du lg(mu)  ||d||  lg(rg) alpha_du alpha_pr  ls
 880r 7.0130445e+01 2.52e+05 3.56e+04  -0.8 2.43e-01   3.6 1.00e+00 1.00e+00f  1
 881r 7.0210093e+01 2.51e+05 1.93e+04  -1.3 7.29e-01   3.1 1.00e+00 7.79e-01f  1
 882r 7.0210745e+01 2.51e+05 9.69e+04  -0.5 1.26e-02   5.4 8.32e-01 1.00e+00f  1
 883r 7.0210835e+01 2.51e+05 3.14e+04  -0.6 1.05e-02   5.8 6.31e-01 5.58e-01f  1
 884r 7.0211569e+01 2.51e+05 4.52e+04   0.0 7.82e-03   5.3 1.00e+00 1.00e+00f  1
 885r 7.0211790e+01 2.51e+05 9.38e+04  -0.1 6.58e-03   5.7 1.00e+00 1.00e+00f  1
 886r 7.0212065e+01 2.51e+05 5.52e+04  -0.1 7.04e-03   5.3 1.00e+00 4.59e-01f  1
 887r 7.0213037e+01 2.51e+05 1.50e+04  -1.7 1.62e-02   4.8 1.00e+00 5.65e-01f  1
 888r 7.0217635e+01 2.51e+05 1.28e+04  -2.1 4.86e-02   4.3 1.00e+00 6.11e-01f  1
 889r 7.0227217e+01 2.51e+05 7.84e+03  -1.2 1.46e-01   3.8 1.00e+00 4.18e-01f  1
iter    objective    inf_pr   inf_du lg(mu)  ||d||  lg(rg) alpha_du alpha_pr  ls
 890r 7.0290389e+01 2.50e+05 2.05e+04  -1.8 4.38e-01   3.4 1.00e+00 9.83e-01f  1
 891r 7.0313553e+01 2.50e+05 1.86e+04  -1.8 1.64e-01   3.8 1.00e+00 9.10e-01f  1
 892r 7.0314288e+01 2.50e+05 1.62e+04  -0.3 9.37e-02   4.2 1.76e-01 7.10e-02f  1
 893r 7.0314309e+01 2.50e+05 1.53e+04  -1.3 1.68e-02   5.5 1.10e-01 6.02e-02h  1
 894r 7.0314371e+01 2.50e+05 1.46e+04  -0.9 1.72e-02   5.1 7.59e-01 4.82e-02f  1
 895r 7.0314874e+01 2.50e+05 2.73e+05  -0.4 1.43e-02   5.5 3.32e-01 1.00e+00f  1
 896r 7.0314871e+01 2.50e+05 6.73e+05  -0.6 1.29e-02   6.8 8.68e-02 4.23e-01f  1
 897r 7.0314932e+01 2.50e+05 9.47e+05  -0.1 1.14e-02   6.3 2.64e-01 5.12e-01f  1
 898r 7.0315052e+01 2.50e+05 3.15e+05   0.3 5.85e-03   5.9 1.00e+00 4.61e-01f  1
 899r 7.0315277e+01 2.50e+05 1.41e+05  -1.2 6.64e-03   5.4 1.00e+00 7.34e-01f  1
iter    objective    inf_pr   inf_du lg(mu)  ||d||  lg(rg) alpha_du alpha_pr  ls
 900r 7.0316405e+01 2.49e+05 2.48e+04  -1.3 1.23e-02   4.9 1.00e+00 6.28e-01f  1
 901r 7.0319859e+01 2.49e+05 2.31e+04  -2.4 3.70e-02   4.4 1.00e+00 6.23e-01f  1
 902r 7.0334834e+01 2.49e+05 1.26e+04  -1.2 1.11e-01   4.0 1.00e+00 8.49e-01f  1
 903r 7.0378303e+01 2.49e+05 9.48e+03  -1.2 3.33e-01   3.5 1.00e+00 8.76e-01f  1
 904r 7.0466470e+01 2.48e+05 6.72e+03  -1.7 9.98e-01   3.0 1.00e+00 5.93e-01f  1
 905r 7.0524726e+01 2.47e+05 1.81e+04  -1.5 3.74e-01   3.4 1.00e+00 1.00e+00f  1
 906r 7.0654406e+01 2.46e+05 1.34e+04  -1.0 1.12e+00   2.9 1.00e+00 7.54e-01f  1
 907r 7.0655475e+01 2.46e+05 1.36e+05  -0.8 1.65e-02   5.2 3.61e-01 1.00e+00f  1
 908r 7.0655473e+01 2.46e+05 1.31e+05  -0.9 9.94e-03   7.4 2.98e-02 3.89e-02f  1
 909r 7.0655495e+01 2.46e+05 1.36e+06   0.1 1.06e-02   6.9 1.00e+00 9.16e-01f  1
iter    objective    inf_pr   inf_du lg(mu)  ||d||  lg(rg) alpha_du alpha_pr  ls
 910r 7.0655810e+01 2.46e+05 5.81e+05   1.2 7.19e-03   6.5 1.00e+00 1.00e+00f  1
 911r 7.0655826e+01 2.46e+05 8.11e+05   1.2 7.29e-03   6.9 8.12e-01 1.00e+00f  1
 912r 7.0655939e+01 2.46e+05 4.04e+05   1.2 6.72e-03   6.4 9.00e-01 1.00e+00f  1
 913r 7.0656013e+01 2.46e+05 7.51e+04   1.2 7.00e-03   5.9 1.00e+00 1.00e+00f  1
 914r 7.0656077e+01 2.46e+05 5.17e+04   1.2 6.55e-03   5.5 1.00e+00 1.00e+00f  1
 915r 7.0655765e+01 2.46e+05 7.67e+03   1.2 1.05e-02   5.0 1.00e+00 1.00e+00f  1
 916r 7.0654555e+01 2.46e+05 1.42e+04   1.2 3.16e-02   4.5 1.00e+00 1.00e+00f  1
 917r 7.0654266e+01 2.46e+05 2.09e+04   1.2 1.19e-02   4.9 1.00e+00 1.00e+00f  1
 918r 7.0653209e+01 2.45e+05 1.65e+04   1.2 3.56e-02   4.4 1.00e+00 1.00e+00f  1
 919r 7.0649891e+01 2.45e+05 1.08e+04   1.2 1.07e-01   4.0 1.00e+00 1.00e+00f  1
iter    objective    inf_pr   inf_du lg(mu)  ||d||  lg(rg) alpha_du alpha_pr  ls
 920r 7.0648995e+01 2.45e+05 1.45e+04   1.2 4.00e-02   4.4 1.00e+00 1.00e+00f  1
 921r 7.0645912e+01 2.45e+05 7.94e+03   1.2 1.20e-01   3.9 1.00e+00 1.00e+00f  1
 922r 7.0637745e+01 2.44e+05 1.10e+04   1.2 3.60e-01   3.4 1.00e+00 1.00e+00f  1
 923r 7.0617462e+01 2.43e+05 9.76e+04   1.2 1.08e+00   3.0 1.00e+00 1.00e+00f  1
 924r 7.0616504e+01 2.42e+05 1.87e+04   1.2 5.06e-02   4.3 1.00e+00 1.00e+00f  1
 925r 7.0613665e+01 2.42e+05 2.39e+04   1.2 1.52e-01   3.8 1.00e+00 1.00e+00f  1
 926r 7.0605442e+01 2.41e+05 2.24e+04   1.2 4.56e-01   3.3 1.00e+00 1.00e+00f  1
 927r 7.0582994e+01 2.39e+05 1.18e+05   1.2 1.37e+00   2.9 1.00e+00 1.00e+00f  1
 928r 7.0574996e+01 2.38e+05 1.59e+04   1.2 5.13e-01   3.3 1.00e+00 1.00e+00f  1
 929r 7.0553934e+01 2.36e+05 1.11e+05   1.2 1.54e+00   2.8 1.00e+00 1.00e+00f  1
iter    objective    inf_pr   inf_du lg(mu)  ||d||  lg(rg) alpha_du alpha_pr  ls
 930r 7.0501618e+01 2.28e+05 1.28e+06   1.2 4.62e+00   2.3 1.00e+00 1.00e+00f  1
 931r 7.0475415e+01 2.25e+05 1.63e+07   0.4 1.73e+00   2.8 1.00e+00 9.93e-01f  1
 932r 7.0510029e+01 2.24e+05 1.20e+07   0.9 6.49e-01   3.2 1.00e+00 4.51e-01f  1
 933r 7.0557131e+01 2.23e+05 9.89e+06   1.6 1.95e+00   2.7 6.34e-01 2.61e-01f  1
 934r 7.0556917e+01 2.23e+05 8.92e+06  -4.8 3.53e-02   4.9 5.91e-01 9.82e-02f  1
 935r 7.0561053e+01 2.23e+05 2.92e+06  -0.2 3.72e-02   4.5 1.00e+00 6.84e-01f  1
 936r 7.0561213e+01 2.23e+05 2.60e+06  -5.6 1.95e-02   4.9 6.28e-01 1.08e-01f  1
 937r 7.0564512e+01 2.23e+05 1.28e+06  -0.2 3.85e-02   4.4 1.00e+00 4.97e-01f  1
 938r 7.0569003e+01 2.23e+05 8.88e+05  -0.3 1.16e-01   3.9 1.00e+00 3.06e-01f  1
 939r 7.0600605e+01 2.23e+05 2.48e+05  -1.1 3.47e-01   3.5 1.00e+00 7.12e-01f  1
iter    objective    inf_pr   inf_du lg(mu)  ||d||  lg(rg) alpha_du alpha_pr  ls
 940r 7.0621280e+01 2.22e+05 4.67e+04  -0.1 1.30e-01   3.9 1.00e+00 1.00e+00f  1
 941r 7.0621458e+01 2.22e+05 4.03e+04  -0.2 1.52e-01   5.2 1.34e-01 1.35e-01f  1
 942r 7.0621492e+01 2.22e+05 3.57e+04  -0.2 1.74e-02   5.6 4.93e-01 1.12e-01f  1
 943r 7.0622339e+01 2.22e+05 5.72e+04  -0.2 4.42e-02   5.2 1.00e+00 1.00e+00f  1
 944r 7.0622473e+01 2.22e+05 4.54e+04  -0.2 5.85e-02   5.6 1.72e-01 2.66e-01h  1
 945r 7.0622734e+01 2.22e+05 4.03e+04  -0.2 4.19e-02   5.1 1.00e+00 2.45e-01f  1
 946r 7.0622937e+01 2.22e+05 8.57e+04  -0.2 3.10e-02   5.5 3.13e-01 4.81e-01h  1
 947r 7.0624046e+01 2.22e+05 1.32e+05  -0.2 2.02e-02   5.1 1.00e+00 1.00e+00f  1
 948r 7.0625260e+01 2.22e+05 8.56e+04  -0.2 2.60e-02   4.6 1.00e+00 3.44e-01f  1
 949r 7.0635629e+01 2.22e+05 1.60e+04  -0.2 7.81e-02   4.1 1.00e+00 1.00e+00f  1
iter    objective    inf_pr   inf_du lg(mu)  ||d||  lg(rg) alpha_du alpha_pr  ls
 950r 7.0635926e+01 2.22e+05 9.27e+04  -0.2 1.66e-02   5.4 7.63e-01 6.98e-01f  1
 951r 7.0636030e+01 2.22e+05 8.63e+04  -0.2 1.10e-02   5.0 1.00e+00 6.89e-02f  1
 952r 7.0640470e+01 2.22e+05 2.15e+04  -0.2 3.29e-02   4.5 1.00e+00 1.00e+00f  1
 953r 7.0652926e+01 2.22e+05 1.81e+04  -1.0 9.88e-02   4.0 1.00e+00 9.73e-01f  1
 954r 7.0658852e+01 2.22e+05 2.98e+04  -0.7 5.28e-02   4.4 1.00e+00 1.00e+00f  1
 955r 7.0666089e+01 2.22e+05 2.05e+04  -0.8 1.11e-01   4.0 1.00e+00 4.31e-01f  1
 956r 7.0667062e+01 2.22e+05 5.36e+05   0.4 5.79e-02   5.3 3.09e-01 1.00e+00f  1
 957r 7.0667064e+01 2.22e+05 1.86e+05   0.3 4.03e-03   6.6 7.14e-01 1.00e+00f  1
 958r 7.0667096e+01 2.22e+05 6.69e+04   0.3 1.36e-02   6.1 3.81e-01 3.72e-01f  1
 959r 7.0667172e+01 2.22e+05 1.88e+05  -0.5 1.12e-02   5.7 1.00e+00 8.26e-01f  1
iter    objective    inf_pr   inf_du lg(mu)  ||d||  lg(rg) alpha_du alpha_pr  ls
 960r 7.0667386e+01 2.22e+05 1.36e+05  -2.3 1.13e-02   5.2 1.00e+00 2.65e-01f  1
 961r 7.0668194e+01 2.22e+05 2.86e+04  -2.0 1.98e-02   4.7 1.00e+00 2.44e-01f  1
 962r 7.0675831e+01 2.22e+05 2.74e+04  -1.2 5.93e-02   4.2 1.00e+00 7.72e-01f  1
 963r 7.0681877e+01 2.22e+05 2.20e+04  -1.8 1.78e-01   3.7 1.00e+00 2.14e-01f  1
 964r 7.0690757e+01 2.22e+05 1.60e+04  -1.7 6.68e-02   4.2 1.00e+00 7.99e-01f  1
 965r 7.0717059e+01 2.21e+05 1.01e+04  -1.2 2.00e-01   3.7 1.00e+00 7.94e-01f  1
 966r 7.0776619e+01 2.21e+05 1.15e+04  -1.2 6.01e-01   3.2 1.00e+00 6.30e-01f  1
 967r 7.0799413e+01 2.20e+05 7.28e+03  -0.9 2.25e-01   3.6 1.00e+00 6.45e-01f  1
 968r 7.0884504e+01 2.19e+05 1.87e+04  -0.7 6.76e-01   3.2 1.00e+00 8.30e-01f  1
 969r 7.0920249e+01 2.19e+05 1.25e+04  -1.4 2.53e-01   3.6 1.00e+00 9.55e-01f  1
iter    objective    inf_pr   inf_du lg(mu)  ||d||  lg(rg) alpha_du alpha_pr  ls
 970r 7.0972088e+01 2.18e+05 1.08e+04  -2.2 7.61e-01   3.1 1.00e+00 4.26e-01f  1
 971r 7.1041387e+01 2.18e+05 8.67e+03  -0.7 2.28e+00   2.6 1.00e+00 1.86e-01f  1
 972r 7.1163521e+01 2.16e+05 1.42e+04  -1.1 8.56e-01   3.1 8.71e-01 1.00e+00f  1
 973r 7.1232988e+01 2.15e+05 1.28e+04  -0.8 2.57e+00   2.6 1.00e+00 1.78e-01f  1
 974r 7.1369415e+01 2.14e+05 1.57e+04  -0.6 7.70e+00   2.1 1.00e+00 1.19e-01f  1
 975r 7.1609770e+01 2.11e+05 1.44e+04  -1.4 2.89e+00   2.5 1.00e+00 5.97e-01f  1
 976r 7.1780344e+01 2.09e+05 2.05e+04  -0.7 1.08e+00   3.0 1.00e+00 1.00e+00f  1
 977r 7.2109984e+01 2.05e+05 2.43e+04  -0.9 3.25e+00   2.5 1.00e+00 6.87e-01f  1
 978r 7.2538867e+01 2.01e+05 1.54e+05   0.1 9.75e+00   2.0 7.64e-01 2.52e-01f  1
 979r 7.2885634e+01 1.96e+05 5.45e+05  -0.7 3.65e+00   2.4 1.00e+00 7.93e-01f  1
iter    objective    inf_pr   inf_du lg(mu)  ||d||  lg(rg) alpha_du alpha_pr  ls
 980r 7.2892628e+01 1.96e+05 5.43e+05   0.1 1.10e+01   2.0 7.96e-01 4.08e-03f  1
 981r 7.2898445e+01 1.96e+05 5.35e+05  -1.0 4.11e+00   2.4 1.00e+00 1.51e-02f  1
 982r 7.3548752e+01 1.88e+05 4.47e+05  -0.0 1.23e+01   1.9 9.31e-01 3.80e-01f  1
 983r 7.3557310e+01 1.87e+05 4.46e+05   0.2 3.70e+01   1.4 6.27e-01 2.40e-03f  1
 984r 7.4019114e+01 1.81e+05 4.38e+05   1.5 1.11e+02   1.0 5.04e-02 3.34e-02f  1
 985r 7.3298643e+01 1.67e+05 3.98e+05  -5.7 4.16e+01   1.4 9.41e-02 2.01e-01f  1
 986r 7.3302258e+01 1.67e+05 3.46e+05  -1.5 2.44e-01   3.6 8.78e-01 1.28e-01f  1
 987r 7.3302526e+01 1.67e+05 3.39e+05  -0.7 1.23e-01   4.0 1.00e+00 1.92e-02f  1
 988r 7.3314479e+01 1.66e+05 2.26e+05  -0.5 2.74e-01   3.6 1.00e+00 2.74e-01f  1
 989r 7.3372494e+01 1.66e+05 1.37e+05  -0.9 8.23e-01   3.1 1.00e+00 5.27e-01f  1
iter    objective    inf_pr   inf_du lg(mu)  ||d||  lg(rg) alpha_du alpha_pr  ls
 990r 7.3461851e+01 1.65e+05 1.11e+05  -1.7 2.47e+00   2.6 1.00e+00 2.51e-01f  1
 991r 7.3899583e+01 1.60e+05 9.76e+04  -1.2 7.41e+00   2.1 1.00e+00 3.84e-01f  1
 992r 7.3993069e+01 1.59e+05 9.50e+04  -1.3 2.22e+01   1.7 9.64e-01 2.95e-02f  1
 993r 7.4119008e+01 1.57e+05 9.37e+04  -1.3 6.67e+01   1.2 9.30e-01 1.49e-02f  1
 994r 7.6489765e+01 1.27e+05 9.17e+05  -0.4 2.50e+01   1.6 1.00e+00 6.74e-01f  1
 995r 7.7075033e+01 1.19e+05 1.08e+06  -0.4 9.38e+00   2.0 1.00e+00 5.24e-01f  1
 996r 7.7507854e+01 1.13e+05 4.71e+05  -0.6 3.52e+00   2.5 1.00e+00 1.00e+00f  1
 997r 7.8020045e+01 1.07e+05 4.28e+05  -0.9 1.05e+01   2.0 1.00e+00 3.56e-01f  1
 998r 7.8153505e+01 1.05e+05 3.27e+05  -0.4 3.96e+00   2.4 1.00e+00 2.32e-01f  1
 999r 7.8495934e+01 1.02e+05 2.62e+05  -6.5 1.19e+01   1.9 8.85e-02 1.69e-01f  1
iter    objective    inf_pr   inf_du lg(mu)  ||d||  lg(rg) alpha_du alpha_pr  ls
1000r 7.8504016e+01 1.02e+05 2.60e+05  -6.6 4.45e+00   2.4 4.63e-01 9.98e-03f  1

Number of Iterations....: 1000

                                   (scaled)                 (unscaled)
Objective...............:   7.8504016434019988e+01    7.8504016434019988e+01
Dual infeasibility......:   2.5977424229779944e+05    2.5977424229779944e+05
Constraint violation....:   2.3127578052433804e+04    1.0150697199856886e+05
Complementarity.........:   2.0215117422698048e-01    2.0215117422698048e-01
Overall NLP error.......:   1.1732986424113055e+05    2.5977424229779944e+05


Number of objective function evaluations             = 1030
Number of objective gradient evaluations             = 15
Number of equality constraint evaluations            = 1031
Number of inequality constraint evaluations          = 1031
Number of equality constraint Jacobian evaluations   = 1003
Number of inequality constraint Jacobian evaluations = 1003
Number of Lagrangian Hessian evaluations             = 1000
Total CPU secs in IPOPT (w/o function evaluations)   =    177.296
Total CPU secs in NLP function evaluations           =    119.147

EXIT: Maximum Number of Iterations Exceeded.
