
List of options:

                                    Name   Value                # times used
                        file_print_level = 6                         1
                                max_iter = 1500                      1
                             mu_strategy = adaptive                  2
                             output_file = result.out                1
                             print_level = 5                         2
                                     tol = 1e-06                     2

******************************************************************************
This program contains Ipopt, a library for large-scale nonlinear optimization.
 Ipopt is released as open source code under the Eclipse Public License (EPL).
         For more information visit http://projects.coin-or.org/Ipopt
******************************************************************************

This is Ipopt version 3.12.3, running with linear solver mumps.
NOTE: Other linear solvers might be more efficient (see Ipopt documentation).

Number of nonzeros in equality constraint Jacobian...:     6816
Number of nonzeros in inequality constraint Jacobian.:        0
Number of nonzeros in Lagrangian Hessian.............:    10718

Scaling parameter for objective function = 1.000000e+00
objective scaling factor = 1
No x scaling provided
No c scaling provided
No d scaling provided
Moved initial values of x sufficiently inside the bounds.
Initial values of s sufficiently inside the bounds.
MUMPS used permuting_scaling 5 and pivot_order 6.
           scaling will be 77.
Number of doubles for MUMPS to hold factorization (INFO(9)) = 47812
Number of integers for MUMPS to hold factorization (INFO(10)) = 56608
Factorization successful.
Least square estimates max(y_c) = 2.053794e+01, max(y_d) = 0.000000e+00
Total number of variables............................:     1912
                     variables with only lower bounds:        3
                variables with lower and upper bounds:      100
                     variables with only upper bounds:        0
Total number of equality constraints.................:     1810
Total number of inequality constraints...............:        0
        inequality constraints with only lower bounds:        0
   inequality constraints with lower and upper bounds:        0
        inequality constraints with only upper bounds:        0


**************************************************
*** Update HessianMatrix for Iteration 0:
**************************************************



**************************************************
*** Summary of Iteration: 0:
**************************************************

iter    objective    inf_pr   inf_du lg(mu)  ||d||  lg(rg) alpha_du alpha_pr  ls
   0 -9.0000000e-01 1.00e-01 1.35e-02   0.0 0.00e+00    -  0.00e+00 0.00e+00   0 y

**************************************************
*** Beginning Iteration 0 from the following point:
**************************************************

Current barrier parameter mu = 1.0000000000000000e+00
Current fraction-to-the-boundary parameter tau = 0.0000000000000000e+00

||curr_x||_inf   = 1.0000000000000000e+00
||curr_s||_inf   = 0.0000000000000000e+00
||curr_y_c||_inf = 2.0537935003609618e+01
||curr_y_d||_inf = 0.0000000000000000e+00
||curr_z_L||_inf = 1.0000000000000000e+00
||curr_z_U||_inf = 1.0000000000000000e+00
||curr_v_L||_inf = 0.0000000000000000e+00
||curr_v_U||_inf = 0.0000000000000000e+00


***Current NLP Values for Iteration 0:

                                   (scaled)                 (unscaled)
Objective...............:  -9.0000000000000002e-01   -9.0000000000000002e-01
Dual infeasibility......:   1.3513760686424424e-02    1.3513760686424424e-02
Constraint violation....:   9.9999999999999978e-02    9.9999999999999978e-02
Complementarity.........:   7.9200001980000001e-01    7.9200001980000001e-01
Overall NLP error.......:   7.9200001980000001e-01    7.9200001980000001e-01




**************************************************
*** Update Barrier Parameter for Iteration 0:
**************************************************

Setting mu_max to 3.948276e+02.
Staying in free mu mode.
The current filter has 1 entries.
Solving the Primal Dual System for the affine step
Number of doubles for MUMPS to hold factorization (INFO(9)) = 47947
Number of integers for MUMPS to hold factorization (INFO(10)) = 56660
Factorization successful.
Number of trial factorizations performed: 1
Perturbation parameters: delta_x=0.000000e+00 delta_s=0.000000e+00
                         delta_c=0.000000e+00 delta_d=0.000000e+00
Solving the Primal Dual System for the centering step
Factorization successful.
Sigma = 1.000000e-06
Barrier parameter mu computed by oracle is 3.948276e-07
Barrier parameter mu after safeguards is 3.948276e-07
Barrier Parameter: 3.948276e-07

**************************************************
*** Solving the Primal Dual System for Iteration 0:
**************************************************

residual_ratio = 2.487729e-07
Factorization successful.
residual_ratio = 9.396794e-15

**************************************************
*** Finding Acceptable Trial Point for Iteration 0:
**************************************************

--> Starting line search in iteration 0 <--
Mu has changed in line search - resetting watchdog counters.
The current filter has 0 entries.
minimal step size ALPHA_MIN = 5.000000E-07
Starting checks for alpha (primal) = 9.66e-01
trial_max is initialized to 1.254331e+05
trial_min is initialized to 1.254331e-03
Checking acceptability for trial step size alpha_primal_test= 9.661059e-01:
  New values of barrier function     = -6.9107084900332205e-01  (reference -8.9979660931944627e-01):
  New values of constraint violation =  3.2923317261690714e+00  (reference  1.2543312774166120e+01):
Checking sufficient reduction...
Succeeded...
Checking filter acceptability...
Succeeded...

**************************************************
*** Update HessianMatrix for Iteration 1:
**************************************************



**************************************************
*** Summary of Iteration: 1:
**************************************************

iter    objective    inf_pr   inf_du lg(mu)  ||d||  lg(rg) alpha_du alpha_pr  ls
   1 -6.9127632e-01 3.21e-02 1.98e+00  -6.4 3.58e-01    -  9.89e-01 9.66e-01h  1  sigma=1.00e-06 qf=13

**************************************************
*** Beginning Iteration 1 from the following point:
**************************************************

Current barrier parameter mu = 3.9482759620689654e-07
Current fraction-to-the-boundary parameter tau = 9.8999999999999999e-01

||curr_x||_inf   = 1.0096610593741537e+00
||curr_s||_inf   = 0.0000000000000000e+00
||curr_y_c||_inf = 4.9313266144371177e+01
||curr_y_d||_inf = 0.0000000000000000e+00
||curr_z_L||_inf = 1.0244787381998279e+00
||curr_z_U||_inf = 1.1654509403142499e-02
||curr_v_L||_inf = 0.0000000000000000e+00
||curr_v_U||_inf = 0.0000000000000000e+00


***Current NLP Values for Iteration 1:

                                   (scaled)                 (unscaled)
Objective...............:  -6.9127631539100376e-01   -6.9127631539100376e-01
Dual infeasibility......:   1.9819150042854341e+00    1.9819150042854341e+00
Constraint violation....:   3.2086425966655133e-02    3.2086425966655133e-02
Complementarity.........:   1.2886927945739984e-02    1.2886927945739984e-02
Overall NLP error.......:   1.9819150042854341e+00    1.9819150042854341e+00




**************************************************
*** Update Barrier Parameter for Iteration 1:
**************************************************

Staying in free mu mode.
The current filter has 2 entries.
Solving the Primal Dual System for the affine step
Number of doubles for MUMPS to hold factorization (INFO(9)) = 48811
Number of integers for MUMPS to hold factorization (INFO(10)) = 56972
Factorization successful.
Number of trial factorizations performed: 1
Perturbation parameters: delta_x=0.000000e+00 delta_s=0.000000e+00
                         delta_c=0.000000e+00 delta_d=0.000000e+00
Solving the Primal Dual System for the centering step
Factorization successful.
Sigma = 7.014556e+00
Barrier parameter mu computed by oracle is 2.982032e-02
Barrier parameter mu after safeguards is 2.982032e-02
Barrier Parameter: 2.982032e-02

**************************************************
*** Solving the Primal Dual System for Iteration 1:
**************************************************

residual_ratio = 1.270661e-08
Factorization successful.
residual_ratio = 8.497057e-16

**************************************************
*** Finding Acceptable Trial Point for Iteration 1:
**************************************************

--> Starting line search in iteration 1 <--
Mu has changed in line search - resetting watchdog counters.
The current filter has 0 entries.
minimal step size ALPHA_MIN = 1.623157E-12
Starting checks for alpha (primal) = 2.68e-01
Checking acceptability for trial step size alpha_primal_test= 2.684523e-01:
  New values of barrier function     =  9.7228432788148105e+00  (reference  1.4827074058126140e+01):
  New values of constraint violation =  8.8199154567294507e+00  (reference  3.2923317261690714e+00):
Checking sufficient reduction...
Succeeded...
Checking filter acceptability...
Succeeded...

**************************************************
*** Update HessianMatrix for Iteration 2:
**************************************************



**************************************************
*** Summary of Iteration: 2:
**************************************************

iter    objective    inf_pr   inf_du lg(mu)  ||d||  lg(rg) alpha_du alpha_pr  ls
   2 -7.0797026e-01 4.33e-02 1.12e+00  -1.5 2.92e+00    -  5.19e-01 2.68e-01f  1 Nhj  sigma=7.01e+00 qf=12

**************************************************
*** Beginning Iteration 2 from the following point:
**************************************************

Current barrier parameter mu = 2.9820317786305946e-02
Current fraction-to-the-boundary parameter tau = 9.8999999999999999e-01

||curr_x||_inf   = 1.0097520487635521e+00
||curr_s||_inf   = 0.0000000000000000e+00
||curr_y_c||_inf = 4.7114908351419366e+01
||curr_y_d||_inf = 0.0000000000000000e+00
||curr_z_L||_inf = 8.9394731807425520e-01
||curr_z_U||_inf = 4.4572238127973479e-02
||curr_v_L||_inf = 0.0000000000000000e+00
||curr_v_U||_inf = 0.0000000000000000e+00


***Current NLP Values for Iteration 2:

                                   (scaled)                 (unscaled)
Objective...............:  -7.0797025984516992e-01   -7.0797025984516992e-01
Dual infeasibility......:   1.1159383060450869e+00    1.1159383060450869e+00
Constraint violation....:   4.3267762255211409e-02    4.3267762255211409e-02
Complementarity.........:   3.5304781413084962e-02    3.5304781413084962e-02
Overall NLP error.......:   1.1159383060450869e+00    1.1159383060450869e+00




**************************************************
*** Update Barrier Parameter for Iteration 2:
**************************************************

Staying in free mu mode.
The current filter has 3 entries.
Solving the Primal Dual System for the affine step
Number of doubles for MUMPS to hold factorization (INFO(9)) = 48077
Number of integers for MUMPS to hold factorization (INFO(10)) = 56712
Factorization successful.
Number of trial factorizations performed: 1
Perturbation parameters: delta_x=0.000000e+00 delta_s=0.000000e+00
                         delta_c=0.000000e+00 delta_d=0.000000e+00
Solving the Primal Dual System for the centering step
Factorization successful.
Sigma = 2.597562e-01
Barrier parameter mu computed by oracle is 4.504350e-03
Barrier parameter mu after safeguards is 4.504350e-03
Barrier Parameter: 4.504350e-03

**************************************************
*** Solving the Primal Dual System for Iteration 2:
**************************************************

residual_ratio = 2.652032e-08
Factorization successful.
residual_ratio = 2.323823e-16

**************************************************
*** Finding Acceptable Trial Point for Iteration 2:
**************************************************

--> Starting line search in iteration 2 <--
Mu has changed in line search - resetting watchdog counters.
The current filter has 0 entries.
minimal step size ALPHA_MIN = 4.055580E-09
Starting checks for alpha (primal) = 1.00e+00
Checking acceptability for trial step size alpha_primal_test= 1.000000e+00:
  New values of barrier function     =  4.7186341387546238e-01  (reference  8.6760111969853437e-01):
  New values of constraint violation =  1.0010092175843510e+00  (reference  8.8199154567294507e+00):
Checking sufficient reduction...
Succeeded...
Checking filter acceptability...
Succeeded...

**************************************************
*** Update HessianMatrix for Iteration 3:
**************************************************



**************************************************
*** Summary of Iteration: 3:
**************************************************

iter    objective    inf_pr   inf_du lg(mu)  ||d||  lg(rg) alpha_du alpha_pr  ls
   3 -6.4022996e-01 1.98e-02 1.01e-01  -2.3 9.84e-02    -  9.68e-01 1.00e+00h  1  sigma=2.60e-01 qf=12

**************************************************
*** Beginning Iteration 3 from the following point:
**************************************************

Current barrier parameter mu = 4.5043504093773340e-03
Current fraction-to-the-boundary parameter tau = 9.8999999999999999e-01

||curr_x||_inf   = 1.0100000000000000e+00
||curr_s||_inf   = 0.0000000000000000e+00
||curr_y_c||_inf = 5.6779351035195425e+01
||curr_y_d||_inf = 0.0000000000000000e+00
||curr_z_L||_inf = 7.8671801027536098e-02
||curr_z_U||_inf = 1.2361031873489227e-02
||curr_v_L||_inf = 0.0000000000000000e+00
||curr_v_U||_inf = 0.0000000000000000e+00


***Current NLP Values for Iteration 3:

                                   (scaled)                 (unscaled)
Objective...............:  -6.4022996340402172e-01   -6.4022996340402172e-01
Dual infeasibility......:   1.0149329769937282e-01    1.0149329769937282e-01
Constraint violation....:   1.9807556792743986e-02    1.9807556792743986e-02
Complementarity.........:   8.5350163504111544e-03    8.5350163504111544e-03
Overall NLP error.......:   1.0149329769937282e-01    1.0149329769937282e-01




**************************************************
*** Update Barrier Parameter for Iteration 3:
**************************************************

Staying in free mu mode.
The current filter has 4 entries.
Solving the Primal Dual System for the affine step
Number of doubles for MUMPS to hold factorization (INFO(9)) = 47937
Number of integers for MUMPS to hold factorization (INFO(10)) = 56656
In MumpsSolverInterface::Factorization: negevals_ = 1811, but numberOfNegEVals = 1810
Factorization failed with retval = 2
Number of doubles for MUMPS to hold factorization (INFO(9)) = 47937
Number of integers for MUMPS to hold factorization (INFO(10)) = 56656
In MumpsSolverInterface::Factorization: negevals_ = 1811, but numberOfNegEVals = 1810
Factorization failed with retval = 2
Number of doubles for MUMPS to hold factorization (INFO(9)) = 47937
Number of integers for MUMPS to hold factorization (INFO(10)) = 56656
Factorization successful.
Number of trial factorizations performed: 3
Perturbation parameters: delta_x=1.000000e-02 delta_s=1.000000e-02
                         delta_c=0.000000e+00 delta_d=0.000000e+00
Solving the Primal Dual System for the centering step
Factorization successful.
Sigma = 1.302505e-02
Barrier parameter mu computed by oracle is 6.374820e-05
Barrier parameter mu after safeguards is 6.374820e-05
Barrier Parameter: 6.374820e-05

**************************************************
*** Solving the Primal Dual System for Iteration 3:
**************************************************

residual_ratio = 5.001586e-08
Factorization successful.
residual_ratio = 1.106679e-14

**************************************************
*** Finding Acceptable Trial Point for Iteration 3:
**************************************************

--> Starting line search in iteration 3 <--
Mu has changed in line search - resetting watchdog counters.
The current filter has 0 entries.
minimal step size ALPHA_MIN = 5.000000E-07
Starting checks for alpha (primal) = 1.00e+00
Checking acceptability for trial step size alpha_primal_test= 1.000000e+00:
  New values of barrier function     = -6.1560214190957319e-01  (reference -6.2449096886857125e-01):
  New values of constraint violation =  1.7543514049397846e-01  (reference  1.0010092175843510e+00):
Checking sufficient reduction...
Succeeded...
Checking filter acceptability...
Succeeded...

**************************************************
*** Update HessianMatrix for Iteration 4:
**************************************************



**************************************************
*** Summary of Iteration: 4:
**************************************************

iter    objective    inf_pr   inf_du lg(mu)  ||d||  lg(rg) alpha_du alpha_pr  ls
   4 -6.3119661e-01 4.94e-03 6.09e-02  -4.2 1.55e-02  -2.0 1.00e+00 1.00e+00h  1  sigma=1.30e-02 qf=13

**************************************************
*** Beginning Iteration 4 from the following point:
**************************************************

Current barrier parameter mu = 6.3748195904530947e-05
Current fraction-to-the-boundary parameter tau = 9.8999999999999999e-01

||curr_x||_inf   = 1.0100006234977223e+00
||curr_s||_inf   = 0.0000000000000000e+00
||curr_y_c||_inf = 5.5727409446176978e+01
||curr_y_d||_inf = 0.0000000000000000e+00
||curr_z_L||_inf = 1.7901101427359040e-03
||curr_z_U||_inf = 1.6402434328121468e-04
||curr_v_L||_inf = 0.0000000000000000e+00
||curr_v_U||_inf = 0.0000000000000000e+00


***Current NLP Values for Iteration 4:

                                   (scaled)                 (unscaled)
Objective...............:  -6.3119660806057831e-01   -6.3119660806057831e-01
Dual infeasibility......:   6.0887929457946667e-02    6.0887929457946667e-02
Constraint violation....:   4.9430965738856136e-03    4.9430965738856136e-03
Complementarity.........:   1.8274573534933386e-04    1.8274573534933386e-04
Overall NLP error.......:   6.0887929457946667e-02    6.0887929457946667e-02




**************************************************
*** Update Barrier Parameter for Iteration 4:
**************************************************

Staying in free mu mode.
The current filter has 5 entries.
Solving the Primal Dual System for the affine step
Number of doubles for MUMPS to hold factorization (INFO(9)) = 47606
Number of integers for MUMPS to hold factorization (INFO(10)) = 56526
Factorization successful.
Number of trial factorizations performed: 1
Perturbation parameters: delta_x=0.000000e+00 delta_s=0.000000e+00
                         delta_c=0.000000e+00 delta_d=0.000000e+00
Solving the Primal Dual System for the centering step
Factorization successful.
Sigma = 3.440496e-01
Barrier parameter mu computed by oracle is 2.208931e-05
Barrier parameter mu after safeguards is 2.208931e-05
Barrier Parameter: 2.208931e-05

**************************************************
*** Solving the Primal Dual System for Iteration 4:
**************************************************

residual_ratio = 3.875797e-09
Factorization successful.
residual_ratio = 1.549693e-16

**************************************************
*** Finding Acceptable Trial Point for Iteration 4:
**************************************************

--> Starting line search in iteration 4 <--
Mu has changed in line search - resetting watchdog counters.
The current filter has 0 entries.
minimal step size ALPHA_MIN = 3.583399E-08
Starting checks for alpha (primal) = 1.00e+00
Checking acceptability for trial step size alpha_primal_test= 1.000000e+00:
  New values of barrier function     = -6.2761883942934449e-01  (reference -6.2579298823582885e-01):
  New values of constraint violation =  1.4890357164456149e+00  (reference  1.7543514049397846e-01):
Checking sufficient reduction...
Succeeded...
Checking filter acceptability...
Succeeded...

**************************************************
*** Update HessianMatrix for Iteration 5:
**************************************************



**************************************************
*** Summary of Iteration: 5:
**************************************************

iter    objective    inf_pr   inf_du lg(mu)  ||d||  lg(rg) alpha_du alpha_pr  ls
   5 -6.3211036e-01 9.57e-03 1.19e-02  -4.7 1.53e-01    -  1.00e+00 1.00e+00h  1  sigma=3.44e-01 qf=12

**************************************************
*** Beginning Iteration 5 from the following point:
**************************************************

Current barrier parameter mu = 2.2089311159877942e-05
Current fraction-to-the-boundary parameter tau = 9.8999999999999999e-01

||curr_x||_inf   = 1.0100000000000000e+00
||curr_s||_inf   = 0.0000000000000000e+00
||curr_y_c||_inf = 5.4580963860404239e+01
||curr_y_d||_inf = 0.0000000000000000e+00
||curr_z_L||_inf = 8.0313438305535875e-04
||curr_z_U||_inf = 7.2004013021705727e-05
||curr_v_L||_inf = 0.0000000000000000e+00
||curr_v_U||_inf = 0.0000000000000000e+00


***Current NLP Values for Iteration 5:

                                   (scaled)                 (unscaled)
Objective...............:  -6.3211035873882215e-01   -6.3211035873882215e-01
Dual infeasibility......:   1.1894319912687280e-02    1.1894319912687280e-02
Constraint violation....:   9.5674690926508543e-03    9.5674690926508543e-03
Complementarity.........:   3.6117263333425154e-05    3.6117263333425154e-05
Overall NLP error.......:   1.1894319912687280e-02    1.1894319912687280e-02




**************************************************
*** Update Barrier Parameter for Iteration 5:
**************************************************

Switching to fixed mu mode with mu =   1.5920890117157990e-05 and tau =   9.9998407910988285e-01.
Barrier Parameter: 1.592089e-05

**************************************************
*** Solving the Primal Dual System for Iteration 5:
**************************************************

Number of doubles for MUMPS to hold factorization (INFO(9)) = 47506
Number of integers for MUMPS to hold factorization (INFO(10)) = 56486
In MumpsSolverInterface::Factorization: negevals_ = 1811, but numberOfNegEVals = 1810
Factorization failed with retval = 2
Number of doubles for MUMPS to hold factorization (INFO(9)) = 47566
Number of integers for MUMPS to hold factorization (INFO(10)) = 56510
Factorization successful.
Number of trial factorizations performed: 2
Perturbation parameters: delta_x=3.333333e-03 delta_s=3.333333e-03
                         delta_c=0.000000e+00 delta_d=0.000000e+00
residual_ratio = 1.764107e-09
Factorization successful.
residual_ratio = 2.350419e-16

**************************************************
*** Finding Acceptable Trial Point for Iteration 5:
**************************************************

--> Starting line search in iteration 5 <--
Mu has changed in line search - resetting watchdog counters.
The current filter has 0 entries.
minimal step size ALPHA_MIN = 5.000000E-07
Starting checks for alpha (primal) = 1.00e+00
Checking acceptability for trial step size alpha_primal_test= 1.000000e+00:
  New values of barrier function     = -6.2925547995354292e-01  (reference -6.2887309231309618e-01):
  New values of constraint violation =  3.1438729681696566e-02  (reference  1.4890357164456149e+00):
Checking sufficient reduction...
Succeeded...
Checking filter acceptability...
Succeeded...

**************************************************
*** Update HessianMatrix for Iteration 6:
**************************************************



**************************************************
*** Summary of Iteration: 6:
**************************************************

iter    objective    inf_pr   inf_du lg(mu)  ||d||  lg(rg) alpha_du alpha_pr  ls
   6 -6.3244834e-01 8.20e-04 6.04e-03  -4.8 2.25e-02  -2.5 1.00e+00 1.00e+00h  1 F

**************************************************
*** Beginning Iteration 6 from the following point:
**************************************************

Current barrier parameter mu = 1.5920890117157990e-05
Current fraction-to-the-boundary parameter tau = 9.9998407910988285e-01

||curr_x||_inf   = 1.0100000000000000e+00
||curr_s||_inf   = 0.0000000000000000e+00
||curr_y_c||_inf = 5.3848604566004944e+01
||curr_y_d||_inf = 0.0000000000000000e+00
||curr_z_L||_inf = 5.7192466298747072e-04
||curr_z_U||_inf = 3.5002845921601655e-05
||curr_v_L||_inf = 0.0000000000000000e+00
||curr_v_U||_inf = 0.0000000000000000e+00


***Current NLP Values for Iteration 6:

                                   (scaled)                 (unscaled)
Objective...............:  -6.3244833970110215e-01   -6.3244833970110215e-01
Dual infeasibility......:   6.0428904965484790e-03    6.0428904965484790e-03
Constraint violation....:   8.1963572663634743e-04    8.1963572663634743e-04
Complementarity.........:   1.7095140605769085e-05    1.7095140605769085e-05
Overall NLP error.......:   6.0428904965484790e-03    6.0428904965484790e-03




**************************************************
*** Update Barrier Parameter for Iteration 6:
**************************************************

Switching back to free mu mode.
The current filter has 5 entries.
Solving the Primal Dual System for the affine step
Number of doubles for MUMPS to hold factorization (INFO(9)) = 47516
Number of integers for MUMPS to hold factorization (INFO(10)) = 56490
Factorization successful.
Number of trial factorizations performed: 1
Perturbation parameters: delta_x=0.000000e+00 delta_s=0.000000e+00
                         delta_c=0.000000e+00 delta_d=0.000000e+00
Solving the Primal Dual System for the centering step
Factorization successful.
Sigma = 1.000000e-06
Barrier parameter mu computed by oracle is 1.657451e-11
Barrier parameter mu after safeguards is 1.657451e-11
Barrier Parameter: 1.657451e-11

**************************************************
*** Solving the Primal Dual System for Iteration 6:
**************************************************

residual_ratio = 6.379728e-10
Factorization successful.
residual_ratio = 2.778229e-16

**************************************************
*** Finding Acceptable Trial Point for Iteration 6:
**************************************************

--> Starting line search in iteration 6 <--
Mu has changed in line search - resetting watchdog counters.
The current filter has 0 entries.
minimal step size ALPHA_MIN = 1.181736E-09
Starting checks for alpha (primal) = 2.10e-01
Checking acceptability for trial step size alpha_primal_test= 2.103512e-01:
  New values of barrier function     = -6.3524641146624805e-01  (reference -6.3244833637716269e-01):
  New values of constraint violation =  1.1948105717770236e+01  (reference  3.1438729681696566e-02):
Checking sufficient reduction...
Succeeded...
Checking filter acceptability...
Succeeded...

**************************************************
*** Update HessianMatrix for Iteration 7:
**************************************************



**************************************************
*** Summary of Iteration: 7:
**************************************************

iter    objective    inf_pr   inf_du lg(mu)  ||d||  lg(rg) alpha_du alpha_pr  ls
   7 -6.3524642e-01 1.04e-01 2.07e-01 -10.8 2.27e+00    -  1.21e-01 2.10e-01h  1  sigma=1.00e-06 qf=13

**************************************************
*** Beginning Iteration 7 from the following point:
**************************************************

Current barrier parameter mu = 1.6574506338110150e-11
Current fraction-to-the-boundary parameter tau = 9.9395710950345151e-01

||curr_x||_inf   = 1.0100000000000000e+00
||curr_s||_inf   = 0.0000000000000000e+00
||curr_y_c||_inf = 5.0317914277539167e+01
||curr_y_d||_inf = 0.0000000000000000e+00
||curr_z_L||_inf = 4.5870192422003237e-04
||curr_z_U||_inf = 5.0640794425823210e-05
||curr_v_L||_inf = 0.0000000000000000e+00
||curr_v_U||_inf = 0.0000000000000000e+00


***Current NLP Values for Iteration 7:

                                   (scaled)                 (unscaled)
Objective...............:  -6.3524641640544433e-01   -6.3524641640544433e-01
Dual infeasibility......:   2.0711446552020857e-01    2.0711446552020857e-01
Constraint violation....:   1.0369244729505900e-01    1.0369244729505900e-01
Complementarity.........:   1.4901952644855545e-05    1.4901952644855545e-05
Overall NLP error.......:   2.0711446552020857e-01    2.0711446552020857e-01




**************************************************
*** Update Barrier Parameter for Iteration 7:
**************************************************

Switching to fixed mu mode with mu =   5.7468678209962629e-06 and tau =   9.9999425313217905e-01.
Barrier Parameter: 5.746868e-06

**************************************************
*** Solving the Primal Dual System for Iteration 7:
**************************************************

Number of doubles for MUMPS to hold factorization (INFO(9)) = 47456
Number of integers for MUMPS to hold factorization (INFO(10)) = 56466
Factorization successful.
Number of trial factorizations performed: 1
Perturbation parameters: delta_x=0.000000e+00 delta_s=0.000000e+00
                         delta_c=0.000000e+00 delta_d=0.000000e+00
residual_ratio = 1.995203e-10
Factorization successful.
residual_ratio = 2.581595e-16

**************************************************
*** Finding Acceptable Trial Point for Iteration 7:
**************************************************

--> Starting line search in iteration 7 <--
Mu has changed in line search - resetting watchdog counters.
The current filter has 0 entries.
minimal step size ALPHA_MIN = 5.000000E-07
Starting checks for alpha (primal) = 2.91e-01
Checking acceptability for trial step size alpha_primal_test= 2.908797e-01:
  New values of barrier function     = -6.3357160328768769e-01  (reference -6.3353385206939627e-01):
  New values of constraint violation =  8.8094238660359956e+00  (reference  1.1948105717770236e+01):
Checking sufficient reduction...
Succeeded...
Checking filter acceptability...
Succeeded...

**************************************************
*** Update HessianMatrix for Iteration 8:
**************************************************



**************************************************
*** Summary of Iteration: 8:
**************************************************

iter    objective    inf_pr   inf_du lg(mu)  ||d||  lg(rg) alpha_du alpha_pr  ls
   8 -6.3531753e-01 7.56e-02 1.47e-01  -5.2 1.63e+00    -  1.35e-01 2.91e-01h  1 F

**************************************************
*** Beginning Iteration 8 from the following point:
**************************************************

Current barrier parameter mu = 5.7468678209962629e-06
Current fraction-to-the-boundary parameter tau = 9.9999425313217905e-01

||curr_x||_inf   = 1.0100000000000000e+00
||curr_s||_inf   = 0.0000000000000000e+00
||curr_y_c||_inf = 4.9573367086966570e+01
||curr_y_d||_inf = 0.0000000000000000e+00
||curr_z_L||_inf = 4.3741919802027729e-04
||curr_z_U||_inf = 4.7656703363853887e-05
||curr_v_L||_inf = 0.0000000000000000e+00
||curr_v_U||_inf = 0.0000000000000000e+00


***Current NLP Values for Iteration 8:

                                   (scaled)                 (unscaled)
Objective...............:  -6.3531753421163850e-01   -6.3531753421163850e-01
Dual infeasibility......:   1.4707268714258476e-01    1.4707268714258476e-01
Constraint violation....:   7.5561936460888740e-02    7.5561936460888740e-02
Complementarity.........:   1.4708788709784515e-05    1.4708788709784515e-05
Overall NLP error.......:   1.4707268714258476e-01    1.4707268714258476e-01




**************************************************
*** Update Barrier Parameter for Iteration 8:
**************************************************

Remaining in fixed mu mode.
Barrier Parameter: 5.746868e-06

**************************************************
*** Solving the Primal Dual System for Iteration 8:
**************************************************

Number of doubles for MUMPS to hold factorization (INFO(9)) = 47466
Number of integers for MUMPS to hold factorization (INFO(10)) = 56470
Factorization successful.
Number of trial factorizations performed: 1
Perturbation parameters: delta_x=0.000000e+00 delta_s=0.000000e+00
                         delta_c=0.000000e+00 delta_d=0.000000e+00
residual_ratio = 5.165524e-10
Factorization successful.
residual_ratio = 1.782551e-16

**************************************************
*** Finding Acceptable Trial Point for Iteration 8:
**************************************************

--> Starting line search in iteration 8 <--
The current filter has 1 entries.
minimal step size ALPHA_MIN = 1.415985E-08
Starting checks for alpha (primal) = 1.00e+00
Checking acceptability for trial step size alpha_primal_test= 1.000000e+00:
  New values of barrier function     = -6.3436068335955398e-01  (reference -6.3357160328768769e-01):
  New values of constraint violation =  1.1929062323267414e+00  (reference  8.8094238660359956e+00):
Checking sufficient reduction...
Succeeded...
Checking filter acceptability...
Succeeded...

**************************************************
*** Update HessianMatrix for Iteration 9:
**************************************************



**************************************************
*** Summary of Iteration: 9:
**************************************************

iter    objective    inf_pr   inf_du lg(mu)  ||d||  lg(rg) alpha_du alpha_pr  ls
   9 -6.3563526e-01 8.81e-03 3.26e-02  -5.2 1.37e-01    -  9.96e-01 1.00e+00h  1 F

**************************************************
*** Beginning Iteration 9 from the following point:
**************************************************

Current barrier parameter mu = 5.7468678209962629e-06
Current fraction-to-the-boundary parameter tau = 9.9999425313217905e-01

||curr_x||_inf   = 1.0100000000000000e+00
||curr_s||_inf   = 0.0000000000000000e+00
||curr_y_c||_inf = 5.1406759397790758e+01
||curr_y_d||_inf = 0.0000000000000000e+00
||curr_z_L||_inf = 1.5389537617833856e-04
||curr_z_U||_inf = 2.7464920171749784e-05
||curr_v_L||_inf = 0.0000000000000000e+00
||curr_v_U||_inf = 0.0000000000000000e+00


***Current NLP Values for Iteration 9:

                                   (scaled)                 (unscaled)
Objective...............:  -6.3563526103145152e-01   -6.3563526103145152e-01
Dual infeasibility......:   3.2611456727795439e-02    3.2611456727795439e-02
Constraint violation....:   8.8122587857030477e-03    8.8122587857030477e-03
Complementarity.........:   7.1024746255976427e-06    7.1024746255976427e-06
Overall NLP error.......:   3.2611456727795439e-02    3.2611456727795439e-02




**************************************************
*** Update Barrier Parameter for Iteration 9:
**************************************************

Remaining in fixed mu mode.
Barrier Parameter: 5.746868e-06

**************************************************
*** Solving the Primal Dual System for Iteration 9:
**************************************************

Number of doubles for MUMPS to hold factorization (INFO(9)) = 47476
Number of integers for MUMPS to hold factorization (INFO(10)) = 56474
Factorization successful.
Number of trial factorizations performed: 1
Perturbation parameters: delta_x=0.000000e+00 delta_s=0.000000e+00
                         delta_c=0.000000e+00 delta_d=0.000000e+00
residual_ratio = 1.715576e-09
Factorization successful.
residual_ratio = 2.573254e-16

**************************************************
*** Finding Acceptable Trial Point for Iteration 9:
**************************************************

--> Starting line search in iteration 9 <--
The current filter has 1 entries.
minimal step size ALPHA_MIN = 5.000000E-07
Starting checks for alpha (primal) = 1.00e+00
Checking acceptability for trial step size alpha_primal_test= 1.000000e+00:
  New values of barrier function     = -6.3301231828691529e-01  (reference -6.3436068335955398e-01):
  New values of constraint violation =  3.6048502319646264e-01  (reference  1.1929062323267414e+00):
Checking sufficient reduction...
Succeeded...
Checking filter acceptability...
Succeeded...

**************************************************
*** Update HessianMatrix for Iteration 10:
**************************************************



**************************************************
*** Summary of Iteration: 10:
**************************************************

iter    objective    inf_pr   inf_du lg(mu)  ||d||  lg(rg) alpha_du alpha_pr  ls
  10 -6.3419755e-01 5.04e-03 3.87e-03  -5.2 2.37e-01    -  1.00e+00 1.00e+00h  1 F

**************************************************
*** Beginning Iteration 10 from the following point:
**************************************************

Current barrier parameter mu = 5.7468678209962629e-06
Current fraction-to-the-boundary parameter tau = 9.9999425313217905e-01

||curr_x||_inf   = 1.0100000000000000e+00
||curr_s||_inf   = 0.0000000000000000e+00
||curr_y_c||_inf = 5.0777032226625927e+01
||curr_y_d||_inf = 0.0000000000000000e+00
||curr_z_L||_inf = 2.2842941839695650e-04
||curr_z_U||_inf = 3.4590900937055061e-05
||curr_v_L||_inf = 0.0000000000000000e+00
||curr_v_U||_inf = 0.0000000000000000e+00


***Current NLP Values for Iteration 10:

                                   (scaled)                 (unscaled)
Objective...............:  -6.3419755153230994e-01   -6.3419755153230994e-01
Dual infeasibility......:   3.8732686114285042e-03    3.8732686114285042e-03
Constraint violation....:   5.0409094485536488e-03    5.0409094485536488e-03
Complementarity.........:   1.3850233970501803e-05    1.3850233970501803e-05
Overall NLP error.......:   5.0409094485536488e-03    5.0409094485536488e-03




**************************************************
*** Update Barrier Parameter for Iteration 10:
**************************************************

Switching back to free mu mode.
The current filter has 6 entries.
Solving the Primal Dual System for the affine step
Number of doubles for MUMPS to hold factorization (INFO(9)) = 47491
Number of integers for MUMPS to hold factorization (INFO(10)) = 56480
Factorization successful.
Number of trial factorizations performed: 1
Perturbation parameters: delta_x=0.000000e+00 delta_s=0.000000e+00
                         delta_c=0.000000e+00 delta_d=0.000000e+00
Solving the Primal Dual System for the centering step
Factorization successful.
Sigma = 1.314165e-01
Barrier parameter mu computed by oracle is 7.751994e-07
Barrier parameter mu after safeguards is 7.751994e-07
Barrier Parameter: 7.751994e-07

**************************************************
*** Solving the Primal Dual System for Iteration 10:
**************************************************

residual_ratio = 8.286663e-10
Factorization successful.
residual_ratio = 3.201654e-16

**************************************************
*** Finding Acceptable Trial Point for Iteration 10:
**************************************************

--> Starting line search in iteration 10 <--
Mu has changed in line search - resetting watchdog counters.
The current filter has 0 entries.
minimal step size ALPHA_MIN = 5.000000E-07
Starting checks for alpha (primal) = 1.00e+00
Checking acceptability for trial step size alpha_primal_test= 1.000000e+00:
  New values of barrier function     = -6.3397609874217276e-01  (reference -6.3403767450710180e-01):
  New values of constraint violation =  9.3522997661243824e-03  (reference  3.6048502319646264e-01):
Checking sufficient reduction...
Succeeded...
Checking filter acceptability...
Succeeded...

**************************************************
*** Update HessianMatrix for Iteration 11:
**************************************************



**************************************************
*** Summary of Iteration: 11:
**************************************************

iter    objective    inf_pr   inf_du lg(mu)  ||d||  lg(rg) alpha_du alpha_pr  ls
  11 -6.3413802e-01 9.81e-05 8.20e-04  -6.1 6.14e-02    -  1.00e+00 1.00e+00h  1  sigma=1.31e-01 qf=12

**************************************************
*** Beginning Iteration 11 from the following point:
**************************************************

Current barrier parameter mu = 7.7519942598252999e-07
Current fraction-to-the-boundary parameter tau = 9.9495909055144638e-01

||curr_x||_inf   = 1.0100000000000000e+00
||curr_s||_inf   = 0.0000000000000000e+00
||curr_y_c||_inf = 5.0884269515315275e+01
||curr_y_d||_inf = 0.0000000000000000e+00
||curr_z_L||_inf = 3.6800845507413649e-05
||curr_z_U||_inf = 7.4033165150847683e-06
||curr_v_L||_inf = 0.0000000000000000e+00
||curr_v_U||_inf = 0.0000000000000000e+00


***Current NLP Values for Iteration 11:

                                   (scaled)                 (unscaled)
Objective...............:  -6.3413802448346845e-01   -6.3413802448346845e-01
Dual infeasibility......:   8.2015057857008351e-04    8.2015057857008351e-04
Constraint violation....:   9.8090493011827873e-05    9.8090493011827873e-05
Complementarity.........:   2.4508266022258686e-06    2.4508266022258686e-06
Overall NLP error.......:   8.2015057857008351e-04    8.2015057857008351e-04




**************************************************
*** Update Barrier Parameter for Iteration 11:
**************************************************

Staying in free mu mode.
The current filter has 6 entries.
Solving the Primal Dual System for the affine step
Number of doubles for MUMPS to hold factorization (INFO(9)) = 47491
Number of integers for MUMPS to hold factorization (INFO(10)) = 56480
Factorization successful.
Number of trial factorizations performed: 1
Perturbation parameters: delta_x=0.000000e+00 delta_s=0.000000e+00
                         delta_c=0.000000e+00 delta_d=0.000000e+00
Solving the Primal Dual System for the centering step
Factorization successful.
Sigma = 1.023025e-01
Barrier parameter mu computed by oracle is 9.020651e-08
Barrier parameter mu after safeguards is 9.020651e-08
Barrier Parameter: 9.020651e-08

**************************************************
*** Solving the Primal Dual System for Iteration 11:
**************************************************

residual_ratio = 9.129336e-10
Factorization successful.
residual_ratio = 2.192616e-16

**************************************************
*** Finding Acceptable Trial Point for Iteration 11:
**************************************************

--> Starting line search in iteration 11 <--
Mu has changed in line search - resetting watchdog counters.
The current filter has 0 entries.
minimal step size ALPHA_MIN = 5.000000E-07
Starting checks for alpha (primal) = 1.00e+00
Checking acceptability for trial step size alpha_primal_test= 1.000000e+00:
  New values of barrier function     = -6.3411717031199222e-01  (reference -6.3411918190403116e-01):
  New values of constraint violation =  1.2182120023934711e-02  (reference  9.3522997661243824e-03):
Checking sufficient reduction...
Failed...
Trying second order correction number 1
Factorization successful.
Checking acceptability for trial step size alpha_primal_test= 1.000000e+00:
  New values of barrier function     = -6.3411468365246892e-01  (reference -6.3411918190403116e-01):
  New values of constraint violation =  9.3502862388516593e-04  (reference  9.3522997661243824e-03):
Checking sufficient reduction...
Succeeded...
Checking filter acceptability...
Succeeded...
Second order correction step accepted with 1 corrections.

**************************************************
*** Update HessianMatrix for Iteration 12:
**************************************************



**************************************************
*** Summary of Iteration: 12:
**************************************************

iter    objective    inf_pr   inf_du lg(mu)  ||d||  lg(rg) alpha_du alpha_pr  ls
  12 -6.3413372e-01 3.86e-05 5.39e-04  -7.0 6.59e-02    -  1.00e+00 1.00e+00H  1  sigma=1.02e-01 qf=12

**************************************************
*** Beginning Iteration 12 from the following point:
**************************************************

Current barrier parameter mu = 9.0206514707964304e-08
Current fraction-to-the-boundary parameter tau = 9.9917984942142990e-01

||curr_x||_inf   = 1.0100000000000000e+00
||curr_s||_inf   = 0.0000000000000000e+00
||curr_y_c||_inf = 5.0916341988739767e+01
||curr_y_d||_inf = 0.0000000000000000e+00
||curr_z_L||_inf = 4.1258781327499651e-06
||curr_z_U||_inf = 1.5680892179123540e-06
||curr_v_L||_inf = 0.0000000000000000e+00
||curr_v_U||_inf = 0.0000000000000000e+00


***Current NLP Values for Iteration 12:

                                   (scaled)                 (unscaled)
Objective...............:  -6.3413371734833990e-01   -6.3413371734833990e-01
Dual infeasibility......:   5.3891128927130438e-04    5.3891128927130438e-04
Constraint violation....:   3.8622894447087885e-05    3.8622894447087885e-05
Complementarity.........:   3.7313311640232840e-07    3.7313311640232840e-07
Overall NLP error.......:   5.3891128927130438e-04    5.3891128927130438e-04




**************************************************
*** Update Barrier Parameter for Iteration 12:
**************************************************

Staying in free mu mode.
The current filter has 7 entries.
Solving the Primal Dual System for the affine step
Number of doubles for MUMPS to hold factorization (INFO(9)) = 47631
Number of integers for MUMPS to hold factorization (INFO(10)) = 56536
Factorization successful.
Number of trial factorizations performed: 1
Perturbation parameters: delta_x=0.000000e+00 delta_s=0.000000e+00
                         delta_c=0.000000e+00 delta_d=0.000000e+00
Solving the Primal Dual System for the centering step
Factorization successful.
Sigma = 1.445138e-01
Barrier parameter mu computed by oracle is 1.651432e-08
Barrier parameter mu after safeguards is 1.651432e-08
Barrier Parameter: 1.651432e-08

**************************************************
*** Solving the Primal Dual System for Iteration 12:
**************************************************

residual_ratio = 6.433682e-10
Factorization successful.
residual_ratio = 1.629906e-16

**************************************************
*** Finding Acceptable Trial Point for Iteration 12:
**************************************************

--> Starting line search in iteration 12 <--
Mu has changed in line search - resetting watchdog counters.
The current filter has 0 entries.
minimal step size ALPHA_MIN = 5.000000E-07
Starting checks for alpha (primal) = 1.00e+00
Checking acceptability for trial step size alpha_primal_test= 1.000000e+00:
  New values of barrier function     = -6.3413108984172839e-01  (reference -6.3413023280372205e-01):
  New values of constraint violation =  5.6386325692652220e-03  (reference  9.3502862388516593e-04):
Checking sufficient reduction...
Succeeded...
Checking filter acceptability...
Succeeded...

**************************************************
*** Update HessianMatrix for Iteration 13:
**************************************************



**************************************************
*** Summary of Iteration: 13:
**************************************************

iter    objective    inf_pr   inf_du lg(mu)  ||d||  lg(rg) alpha_du alpha_pr  ls
  13 -6.3413462e-01 3.36e-04 3.65e-04  -7.8 2.07e-01    -  1.00e+00 1.00e+00h  1  sigma=1.45e-01 qf=12

**************************************************
*** Beginning Iteration 13 from the following point:
**************************************************

Current barrier parameter mu = 1.6514324251644551e-08
Current fraction-to-the-boundary parameter tau = 9.9946108871072870e-01

||curr_x||_inf   = 1.0100000000000000e+00
||curr_s||_inf   = 0.0000000000000000e+00
||curr_y_c||_inf = 5.0926557117656060e+01
||curr_y_d||_inf = 0.0000000000000000e+00
||curr_z_L||_inf = 7.2308629322331563e-07
||curr_z_U||_inf = 4.4393457135729199e-07
||curr_v_L||_inf = 0.0000000000000000e+00
||curr_v_U||_inf = 0.0000000000000000e+00


***Current NLP Values for Iteration 13:

                                   (scaled)                 (unscaled)
Objective...............:  -6.3413461805803639e-01   -6.3413461805803639e-01
Dual infeasibility......:   3.6482890082623065e-04    3.6482890082623065e-04
Constraint violation....:   3.3591863098347829e-04    3.3591863098347829e-04
Complementarity.........:   6.3199935025465370e-08    6.3199935025465370e-08
Overall NLP error.......:   3.6482890082623065e-04    3.6482890082623065e-04




**************************************************
*** Update Barrier Parameter for Iteration 13:
**************************************************

Staying in free mu mode.
The current filter has 8 entries.
Solving the Primal Dual System for the affine step
Number of doubles for MUMPS to hold factorization (INFO(9)) = 47932
Number of integers for MUMPS to hold factorization (INFO(10)) = 56654
Factorization successful.
Number of trial factorizations performed: 1
Perturbation parameters: delta_x=0.000000e+00 delta_s=0.000000e+00
                         delta_c=0.000000e+00 delta_d=0.000000e+00
Solving the Primal Dual System for the centering step
Factorization successful.
Sigma = 5.564328e-02
Barrier parameter mu computed by oracle is 1.112075e-09
Barrier parameter mu after safeguards is 1.112075e-09
Barrier Parameter: 1.112075e-09

**************************************************
*** Solving the Primal Dual System for Iteration 13:
**************************************************

residual_ratio = 4.207867e-13
Factorization successful.
residual_ratio = 2.367206e-16

**************************************************
*** Finding Acceptable Trial Point for Iteration 13:
**************************************************

--> Starting line search in iteration 13 <--
Mu has changed in line search - resetting watchdog counters.
The current filter has 0 entries.
minimal step size ALPHA_MIN = 5.000000E-07
Starting checks for alpha (primal) = 1.00e+00
Checking acceptability for trial step size alpha_primal_test= 1.000000e+00:
  New values of barrier function     = -6.3413409178925018e-01  (reference -6.3413438046782311e-01):
  New values of constraint violation =  1.6282848521809049e-04  (reference  5.6386325692652220e-03):
Checking sufficient reduction...
Succeeded...
Checking filter acceptability...
Succeeded...

**************************************************
*** Update HessianMatrix for Iteration 14:
**************************************************



**************************************************
*** Summary of Iteration: 14:
**************************************************

iter    objective    inf_pr   inf_du lg(mu)  ||d||  lg(rg) alpha_du alpha_pr  ls
  14 -6.3413433e-01 6.31e-06 1.37e-05  -9.0 3.60e-02    -  1.00e+00 1.00e+00h  1  sigma=5.56e-02 qf=12

**************************************************
*** Beginning Iteration 14 from the following point:
**************************************************

Current barrier parameter mu = 1.1120751899821269e-09
Current fraction-to-the-boundary parameter tau = 9.9963517109917377e-01

||curr_x||_inf   = 1.0100000000000000e+00
||curr_s||_inf   = 0.0000000000000000e+00
||curr_y_c||_inf = 5.0927947148588451e+01
||curr_y_d||_inf = 0.0000000000000000e+00
||curr_z_L||_inf = 4.8744887756229895e-08
||curr_z_U||_inf = 1.5756570316708339e-07
||curr_v_L||_inf = 0.0000000000000000e+00
||curr_v_U||_inf = 0.0000000000000000e+00


***Current NLP Values for Iteration 14:

                                   (scaled)                 (unscaled)
Objective...............:  -6.3413433064050639e-01   -6.3413433064050639e-01
Dual infeasibility......:   1.3727095908522280e-05    1.3727095908522280e-05
Constraint violation....:   6.3066739439954222e-06    6.3066739439954222e-06
Complementarity.........:   1.1898402606302540e-08    1.1898402606302540e-08
Overall NLP error.......:   1.3727095908522280e-05    1.3727095908522280e-05




**************************************************
*** Update Barrier Parameter for Iteration 14:
**************************************************

Staying in free mu mode.
The current filter has 8 entries.
Solving the Primal Dual System for the affine step
Number of doubles for MUMPS to hold factorization (INFO(9)) = 47932
Number of integers for MUMPS to hold factorization (INFO(10)) = 56654
Factorization successful.
Number of trial factorizations performed: 1
Perturbation parameters: delta_x=0.000000e+00 delta_s=0.000000e+00
                         delta_c=0.000000e+00 delta_d=0.000000e+00
Solving the Primal Dual System for the centering step
Factorization successful.
Sigma = 1.635455e-01
Barrier parameter mu computed by oracle is 2.261181e-10
Barrier parameter mu after safeguards is 2.261181e-10
Barrier Parameter: 2.261181e-10

**************************************************
*** Solving the Primal Dual System for Iteration 14:
**************************************************

residual_ratio = 3.675218e-13
Factorization successful.
residual_ratio = 1.235342e-16

**************************************************
*** Finding Acceptable Trial Point for Iteration 14:
**************************************************

--> Starting line search in iteration 14 <--
Mu has changed in line search - resetting watchdog counters.
The current filter has 0 entries.
minimal step size ALPHA_MIN = 5.000000E-07
Starting checks for alpha (primal) = 1.00e+00
Checking acceptability for trial step size alpha_primal_test= 1.000000e+00:
  New values of barrier function     = -6.3413427876857964e-01  (reference -6.3413428207491462e-01):
  New values of constraint violation =  1.9012123124174458e-04  (reference  1.6282848521809049e-04):
Checking sufficient reduction...
Failed...
Trying second order correction number 1
Factorization successful.
Checking acceptability for trial step size alpha_primal_test= 1.000000e+00:
  New values of barrier function     = -6.3413427552425594e-01  (reference -6.3413428207491462e-01):
  New values of constraint violation =  7.2138842981964880e-06  (reference  1.6282848521809049e-04):
Checking sufficient reduction...
Succeeded...
Checking filter acceptability...
Succeeded...
Second order correction step accepted with 1 corrections.

**************************************************
*** Update HessianMatrix for Iteration 15:
**************************************************



**************************************************
*** Summary of Iteration: 15:
**************************************************

iter    objective    inf_pr   inf_du lg(mu)  ||d||  lg(rg) alpha_du alpha_pr  ls
  15 -6.3413432e-01 1.06e-06 6.83e-06  -9.6 4.29e-02    -  1.00e+00 1.00e+00H  1  sigma=1.64e-01 qf=12

**************************************************
*** Beginning Iteration 15 from the following point:
**************************************************

Current barrier parameter mu = 2.2611808916282476e-10
Current fraction-to-the-boundary parameter tau = 9.9998627290409148e-01

||curr_x||_inf   = 1.0100000000000000e+00
||curr_s||_inf   = 0.0000000000000000e+00
||curr_y_c||_inf = 5.0928007615338139e+01
||curr_y_d||_inf = 0.0000000000000000e+00
||curr_z_L||_inf = 9.5932804147680148e-09
||curr_z_U||_inf = 1.1844609202897850e-07
||curr_v_L||_inf = 0.0000000000000000e+00
||curr_v_U||_inf = 0.0000000000000000e+00


***Current NLP Values for Iteration 15:

                                   (scaled)                 (unscaled)
Objective...............:  -6.3413432451516205e-01   -6.3413432451516205e-01
Dual infeasibility......:   6.8309351276552022e-06    6.8309351276552022e-06
Constraint violation....:   1.0644984534124990e-06    1.0644984534124990e-06
Complementarity.........:   3.0347518741975424e-09    3.0347518741975424e-09
Overall NLP error.......:   6.8309351276552022e-06    6.8309351276552022e-06




**************************************************
*** Update Barrier Parameter for Iteration 15:
**************************************************

Staying in free mu mode.
The current filter has 9 entries.
Solving the Primal Dual System for the affine step
Number of doubles for MUMPS to hold factorization (INFO(9)) = 47932
Number of integers for MUMPS to hold factorization (INFO(10)) = 56654
Factorization successful.
Number of trial factorizations performed: 1
Perturbation parameters: delta_x=0.000000e+00 delta_s=0.000000e+00
                         delta_c=0.000000e+00 delta_d=0.000000e+00
Solving the Primal Dual System for the centering step
Factorization successful.
Sigma = 4.299487e-01
Barrier parameter mu computed by oracle is 1.115867e-10
Barrier parameter mu after safeguards is 1.115867e-10
Barrier Parameter: 1.115867e-10

**************************************************
*** Solving the Primal Dual System for Iteration 15:
**************************************************

residual_ratio = 1.256111e-14
Factorization successful.
residual_ratio = 6.478581e-17

**************************************************
*** Finding Acceptable Trial Point for Iteration 15:
**************************************************

--> Starting line search in iteration 15 <--
Mu has changed in line search - resetting watchdog counters.
The current filter has 0 entries.
minimal step size ALPHA_MIN = 5.000000E-07
Starting checks for alpha (primal) = 1.00e+00
Checking acceptability for trial step size alpha_primal_test= 1.000000e+00:
  New values of barrier function     = -6.3413430337604682e-01  (reference -6.3413430033870899e-01):
  New values of constraint violation =  1.1297513854336041e-04  (reference  7.2138842981964880e-06):
Checking sufficient reduction...
Succeeded...
Checking filter acceptability...
Succeeded...

**************************************************
*** Update HessianMatrix for Iteration 16:
**************************************************



**************************************************
*** Summary of Iteration: 16:
**************************************************

iter    objective    inf_pr   inf_du lg(mu)  ||d||  lg(rg) alpha_du alpha_pr  ls
  16 -6.3413433e-01 9.75e-06 7.00e-07 -10.0 4.25e-02    -  1.00e+00 1.00e+00h  1  sigma=4.30e-01 qf=12

**************************************************
*** Beginning Iteration 16 from the following point:
**************************************************

Current barrier parameter mu = 1.1158669660968595e-10
Current fraction-to-the-boundary parameter tau = 9.9999316906487234e-01

||curr_x||_inf   = 1.0100000000000000e+00
||curr_s||_inf   = 0.0000000000000000e+00
||curr_y_c||_inf = 5.0928060793382009e+01
||curr_y_d||_inf = 0.0000000000000000e+00
||curr_z_L||_inf = 4.7256727769841655e-09
||curr_z_U||_inf = 1.0418412810729952e-07
||curr_v_L||_inf = 0.0000000000000000e+00
||curr_v_U||_inf = 0.0000000000000000e+00


***Current NLP Values for Iteration 16:

                                   (scaled)                 (unscaled)
Objective...............:  -6.3413432783109080e-01   -6.3413432783109080e-01
Dual infeasibility......:   6.9960423310089226e-07    6.9960423310089226e-07
Constraint violation....:   9.7501381219888827e-06    9.7501381219888827e-06
Complementarity.........:   8.0644287347507377e-10    8.0644287347507377e-10
Overall NLP error.......:   9.7501381219888827e-06    9.7501381219888827e-06




**************************************************
*** Update Barrier Parameter for Iteration 16:
**************************************************

Staying in free mu mode.
The current filter has 10 entries.
Solving the Primal Dual System for the affine step
Number of doubles for MUMPS to hold factorization (INFO(9)) = 47932
Number of integers for MUMPS to hold factorization (INFO(10)) = 56654
Factorization successful.
Number of trial factorizations performed: 1
Perturbation parameters: delta_x=0.000000e+00 delta_s=0.000000e+00
                         delta_c=0.000000e+00 delta_d=0.000000e+00
Solving the Primal Dual System for the centering step
Factorization successful.
Sigma = 8.562576e-02
Barrier parameter mu computed by oracle is 1.000000e-11
Barrier parameter mu after safeguards is 1.000000e-11
Barrier Parameter: 1.000000e-11

**************************************************
*** Solving the Primal Dual System for Iteration 16:
**************************************************

residual_ratio = 5.673717e-15
Factorization successful.
residual_ratio = 5.114822e-17

**************************************************
*** Finding Acceptable Trial Point for Iteration 16:
**************************************************

--> Starting line search in iteration 16 <--
Mu has changed in line search - resetting watchdog counters.
The current filter has 0 entries.
minimal step size ALPHA_MIN = 5.000000E-07
Starting checks for alpha (primal) = 1.00e+00
Checking acceptability for trial step size alpha_primal_test= 1.000000e+00:
  New values of barrier function     = -6.3413432597955521e-01  (reference -6.3413432563951733e-01):
  New values of constraint violation =  1.3756046647577306e-05  (reference  1.1297513854336041e-04):
Checking sufficient reduction...
Succeeded...
Checking filter acceptability...
Succeeded...

**************************************************
*** Update HessianMatrix for Iteration 17:
**************************************************



**************************************************
*** Summary of Iteration: 17:
**************************************************

iter    objective    inf_pr   inf_du lg(mu)  ||d||  lg(rg) alpha_du alpha_pr  ls
  17 -6.3413433e-01 1.17e-06 8.55e-08 -11.0 1.93e-02    -  1.00e+00 1.00e+00h  1  sigma=8.56e-02 qf=13

**************************************************
*** Beginning Iteration 17 from the following point:
**************************************************

Current barrier parameter mu = 9.9999999999999994e-12
Current fraction-to-the-boundary parameter tau = 9.9999024986187801e-01

||curr_x||_inf   = 1.0100000000000000e+00
||curr_s||_inf   = 0.0000000000000000e+00
||curr_y_c||_inf = 5.0928066506511826e+01
||curr_y_d||_inf = 0.0000000000000000e+00
||curr_z_L||_inf = 4.2322954868152979e-10
||curr_z_U||_inf = 9.9184348109242569e-08
||curr_v_L||_inf = 0.0000000000000000e+00
||curr_v_U||_inf = 0.0000000000000000e+00


***Current NLP Values for Iteration 17:

                                   (scaled)                 (unscaled)
Objective...............:  -6.3413432820912630e-01   -6.3413432820912630e-01
Dual infeasibility......:   8.5492754209326449e-08    8.5492754209326449e-08
Constraint violation....:   1.1726852921778441e-06    1.1726852921778441e-06
Complementarity.........:   1.5831744417539393e-10    1.5831744417539393e-10
Overall NLP error.......:   1.1726852921778441e-06    1.1726852921778441e-06




**************************************************
*** Update Barrier Parameter for Iteration 17:
**************************************************

Staying in free mu mode.
The current filter has 10 entries.
Solving the Primal Dual System for the affine step
Number of doubles for MUMPS to hold factorization (INFO(9)) = 47932
Number of integers for MUMPS to hold factorization (INFO(10)) = 56654
Factorization successful.
Number of trial factorizations performed: 1
Perturbation parameters: delta_x=0.000000e+00 delta_s=0.000000e+00
                         delta_c=0.000000e+00 delta_d=0.000000e+00
Solving the Primal Dual System for the centering step
Factorization successful.
Sigma = 9.234988e-01
Barrier parameter mu computed by oracle is 1.000000e-11
Barrier parameter mu after safeguards is 1.000000e-11
Barrier Parameter: 1.000000e-11

**************************************************
*** Solving the Primal Dual System for Iteration 17:
**************************************************

residual_ratio = 1.861973e-15
Factorization successful.
residual_ratio = 2.498491e-17

**************************************************
*** Finding Acceptable Trial Point for Iteration 17:
**************************************************

--> Starting line search in iteration 17 <--
The current filter has 0 entries.
minimal step size ALPHA_MIN = 5.000000E-07
Starting checks for alpha (primal) = 1.00e+00
Checking acceptability for trial step size alpha_primal_test= 1.000000e+00:
  New values of barrier function     = -6.3413432601867559e-01  (reference -6.3413432597955521e-01):
  New values of constraint violation =  5.2917240940732218e-07  (reference  1.3756046647577306e-05):
Checking sufficient reduction...
Succeeded...
Checking filter acceptability...
Succeeded...


**************************************************
*** Summary of Iteration: 18:
**************************************************

iter    objective    inf_pr   inf_du lg(mu)  ||d||  lg(rg) alpha_du alpha_pr  ls
  18 -6.3413433e-01 6.91e-08 2.21e-09 -11.0 6.54e-03    -  1.00e+00 1.00e+00h  1  sigma=9.23e-01 qf=10

**************************************************
*** Beginning Iteration 18 from the following point:
**************************************************

Current barrier parameter mu = 9.9999999999999994e-12
Current fraction-to-the-boundary parameter tau = 9.9999882731470779e-01

||curr_x||_inf   = 1.0100000000000000e+00
||curr_s||_inf   = 0.0000000000000000e+00
||curr_y_c||_inf = 5.0928066963196940e+01
||curr_y_d||_inf = 0.0000000000000000e+00
||curr_z_L||_inf = 4.2373650272199130e-10
||curr_z_U||_inf = 9.8380483686888203e-08
||curr_v_L||_inf = 0.0000000000000000e+00
||curr_v_U||_inf = 0.0000000000000000e+00


***Current NLP Values for Iteration 18:

                                   (scaled)                 (unscaled)
Objective...............:  -6.3413432827819538e-01   -6.3413432827819538e-01
Dual infeasibility......:   2.2101972474430909e-09    2.2101972474430909e-09
Constraint violation....:   6.9139083971880844e-08    6.9139083971880844e-08
Complementarity.........:   1.6266105527636834e-11    1.6266105527636834e-11
Overall NLP error.......:   6.9139083971880844e-08    6.9139083971880844e-08




Number of Iterations....: 18

                                   (scaled)                 (unscaled)
Objective...............:  -6.3413432827819538e-01   -6.3413432827819538e-01
Dual infeasibility......:   2.2101972474430909e-09    2.2101972474430909e-09
Constraint violation....:   6.9139083971880844e-08    6.9139083971880844e-08
Complementarity.........:   1.6266105527636834e-11    1.6266105527636834e-11
Overall NLP error.......:   6.9139083971880844e-08    6.9139083971880844e-08


Number of objective function evaluations             = 21
Number of objective gradient evaluations             = 19
Number of equality constraint evaluations            = 21
Number of inequality constraint evaluations          = 0
Number of equality constraint Jacobian evaluations   = 19
Number of inequality constraint Jacobian evaluations = 0
Number of Lagrangian Hessian evaluations             = 18
Total CPU secs in IPOPT (w/o function evaluations)   =      0.271
Total CPU secs in NLP function evaluations           =      0.315

EXIT: Optimal Solution Found.
