
******************************************************************************
This program contains Ipopt, a library for large-scale nonlinear optimization.
 Ipopt is released as open source code under the Eclipse Public License (EPL).
         For more information visit http://projects.coin-or.org/Ipopt
******************************************************************************

Total number of variables............................:     1760
                     variables with only lower bounds:        5
                variables with lower and upper bounds:      225
                     variables with only upper bounds:        0
Total number of equality constraints.................:     1611
Total number of inequality constraints...............:        0
        inequality constraints with only lower bounds:        0
   inequality constraints with lower and upper bounds:        0
        inequality constraints with only upper bounds:        0


Number of Iterations....: 492

                                   (scaled)                 (unscaled)
Objective...............:   5.1996801687587810e+00    5.1996801687587810e+00
Dual infeasibility......:   1.0000000303601464e+00    1.0000000303601464e+00
Constraint violation....:   6.4802702351254848e-02    6.4802702351254848e-02
Complementarity.........:   5.0000000109614321e-15    5.0000000109614321e-15
Overall NLP error.......:   1.0000000303601464e+00    1.0000000303601464e+00


Number of objective function evaluations             = 1182
Number of objective gradient evaluations             = 229
Number of equality constraint evaluations            = 1198
Number of inequality constraint evaluations          = 0
Number of equality constraint Jacobian evaluations   = 507
Number of inequality constraint Jacobian evaluations = 0
Number of Lagrangian Hessian evaluations             = 493
Total CPU secs in IPOPT (w/o function evaluations)   =    172.497
Total CPU secs in NLP function evaluations           =     18.844

EXIT: Converged to a point of local infeasibility. Problem may be infeasible.
