
******************************************************************************
This program contains Ipopt, a library for large-scale nonlinear optimization.
 Ipopt is released as open source code under the Eclipse Public License (EPL).
         For more information visit http://projects.coin-or.org/Ipopt
******************************************************************************

This is Ipopt version 3.11.8, running with linear solver mumps.
NOTE: Other linear solvers might be more efficient (see Ipopt documentation).

Number of nonzeros in equality constraint Jacobian...:    27613
Number of nonzeros in inequality constraint Jacobian.:        0
Number of nonzeros in Lagrangian Hessian.............:    52407

Total number of variables............................:     5407
                     variables with only lower bounds:      201
                variables with lower and upper bounds:     1200
                     variables with only upper bounds:        0
Total number of equality constraints.................:     4213
Total number of inequality constraints...............:        0
        inequality constraints with only lower bounds:        0
   inequality constraints with lower and upper bounds:        0
        inequality constraints with only upper bounds:        0

iter    objective    inf_pr   inf_du lg(mu)  ||d||  lg(rg) alpha_du alpha_pr  ls
   0  9.9999900e-03 2.19e+03 2.78e-03   0.0 0.00e+00    -  0.00e+00 0.00e+00   0
   1  8.3184949e-03 1.72e+03 8.64e-01  -9.0 5.48e+01  -4.0 1.66e-01 2.00e-01h  1
   2  1.0701613e-02 1.72e+03 8.62e-01  -9.1 1.30e+02  -4.5 1.11e-02 3.26e-03h  1
   3  7.1730719e-02 1.59e+03 1.20e+00  -3.4 9.22e+02  -5.0 1.87e-01 6.54e-02h  1
   4  8.4423904e-02 1.53e+03 1.32e+00  -3.4 8.43e+02  -5.4 1.17e-01 3.79e-02h  1
   5  1.3848793e-01 1.42e+03 3.00e+00  -2.6 8.47e+02  -5.0 1.00e+00 6.48e-02h  1
   6  1.6676343e-01 1.36e+03 2.77e+00  -8.6 1.17e+03  -5.5 1.03e-01 3.61e-02h  1
   7  2.1755196e-01 1.25e+03 2.53e+00  -3.5 9.66e+02  -5.1 5.50e-02 8.29e-02h  1
   8  2.4100340e-01 1.23e+03 2.58e+00  -2.0 7.21e+02  -4.6 7.27e-02 1.55e-02h  1
   9  2.7863340e-01 1.10e+03 3.61e+00  -2.7 8.55e+02  -5.1 8.65e-02 1.03e-01h  1
iter    objective    inf_pr   inf_du lg(mu)  ||d||  lg(rg) alpha_du alpha_pr  ls
  10  3.0519592e-01 1.05e+03 3.82e+00  -4.2 6.25e+02  -4.7 1.75e-01 3.81e-02h  1
  11  3.3009036e-01 1.02e+03 4.46e+00  -2.7 8.03e+02  -4.3 3.62e-03 3.53e-02h  1
  12  3.3551078e-01 1.01e+03 4.90e+00  -3.7 7.12e+02  -3.8 2.54e-02 6.67e-03h  1
  13  3.4759526e-01 9.90e+02 9.29e+01  -1.6 6.13e+02  -3.4 1.00e+00 1.80e-02h  1
  14  3.6786140e-01 9.59e+02 4.03e+01  -0.8 6.49e+02  -3.9 1.00e+00 3.06e-02h  1
  15  4.3658813e-01 8.22e+02 6.20e+01  -0.4 7.98e+02  -4.4 4.53e-01 1.34e-01f  1
  16  5.1347810e-01 6.08e+02 1.07e+02  -0.4 7.92e+02  -3.9 6.51e-01 2.40e-01f  1
  17  5.4216672e-01 5.62e+02 2.38e+02  -0.1 4.88e+02  -3.5 6.63e-01 7.59e-02f  1
  18  5.6015163e-01 5.12e+02 2.14e+02  -0.0 4.91e+02  -3.1 7.99e-02 8.80e-02f  1
  19  5.6158687e-01 3.98e+02 2.48e+02  -0.8 4.92e+02  -3.6 1.56e-01 2.21e-01h  1
iter    objective    inf_pr   inf_du lg(mu)  ||d||  lg(rg) alpha_du alpha_pr  ls
  20  5.6847237e-01 3.16e+02 2.08e+02  -0.0 2.88e+02  -3.1 1.94e-01 1.95e-01f  1
  21  5.8530007e-01 2.85e+02 2.98e+02  -0.0 1.32e+02  -2.7 4.07e-01 9.67e-02f  1
  22  6.3447595e-01 1.88e+02 2.18e+02  -0.0 2.32e+02  -3.2 3.05e-01 3.27e-01f  1
  23  6.6391894e-01 1.65e+02 4.21e+02  -0.2 1.01e+02  -2.8 5.10e-01 1.23e-01f  1
  24  7.0392069e-01 1.07e+02 7.45e+02  -0.0 1.51e+02  -2.3 7.81e-01 3.46e-01f  1
  25  7.4617571e-01 9.31e+01 1.33e+03  -0.0 1.58e+02  -2.8 5.46e-01 1.32e-01f  1
  26  7.6582261e-01 7.77e+01 1.67e+03  -0.1 7.29e+01  -1.5 5.46e-01 1.65e-01h  1
  27  8.8246660e-01 2.93e+01 6.32e+02  -0.1 8.10e+01  -2.0 7.07e-01 9.90e-01f  1
  28  1.0007840e+00 2.24e+01 7.60e+03  -0.1 4.90e+00  -1.5 9.49e-01 9.92e-01f  1
  29  1.1553687e+00 3.98e+01 1.03e+07  -0.0 3.79e+01  -2.0 9.50e-01 4.96e-01f  1
iter    objective    inf_pr   inf_du lg(mu)  ||d||  lg(rg) alpha_du alpha_pr  ls
  30  1.3337577e+00 1.15e+02 1.46e+05  -0.1 2.32e+01  -2.5 8.22e-01 8.88e-01f  1
  31  1.5425274e+00 4.09e+02 1.06e+07  -0.1 3.89e+01  -3.0 3.77e-01 7.39e-01f  1
  32  1.7267168e+00 4.36e+02 1.24e+07  -0.1 1.64e+01  -1.6 5.19e-02 2.54e-01h  1
  33  1.6384770e+00 2.44e+02 8.26e+06  -0.1 1.18e+01  -2.1 6.14e-01 1.00e+00f  1
  34  1.6906443e+00 7.60e+00 1.74e+01  -0.1 5.31e+00  -1.7 1.00e+00 1.00e+00h  1
  35  1.7565693e+00 1.40e+00 5.12e+06  -0.8 5.07e+00  -2.2 9.12e-01 1.00e+00h  1
  36  1.7256504e+00 2.11e-01 3.56e-01  -1.8 5.55e-01  -2.6 1.00e+00 1.00e+00h  1
  37  1.5532279e+00 2.88e+00 5.23e+05  -3.5 2.29e+00  -3.1 6.73e-01 1.00e+00h  1
  38  1.0854366e+00 3.40e+01 2.70e-01  -2.8 7.19e+00  -3.6 1.00e+00 1.00e+00h  1
  39  1.5479275e-01 2.15e+02 1.47e+04  -2.9 1.54e+01  -4.1 5.28e-01 1.00e+00h  1
iter    objective    inf_pr   inf_du lg(mu)  ||d||  lg(rg) alpha_du alpha_pr  ls
  40  5.0075249e-01 7.33e+00 8.13e-02  -2.9 9.45e+00  -4.5 1.00e+00 1.00e+00h  1
  41  5.4428211e-01 1.48e+02 2.25e-01  -2.4 2.84e+01  -5.0 1.00e+00 1.00e+00h  1
  42  6.1498407e-01 2.42e+00 3.97e-02  -2.5 4.90e+00  -4.6 1.00e+00 1.00e+00h  1
  43  6.4644867e-01 5.32e-01 1.44e+05  -8.5 3.05e+01  -5.1 5.73e-01 1.00e+00H  1
  44  5.3011312e-01 6.20e+00 1.29e-01  -2.9 4.30e+01  -5.6 1.00e+00 1.00e+00h  1
  45  3.6908766e-01 2.13e+01 1.20e+03  -2.9 7.77e+01  -6.0 8.50e-01 1.00e+00h  1
  46  4.0896743e-01 1.60e+00 8.95e-02  -2.6 1.37e+02  -6.5 1.00e+00 1.00e+00h  1
  47  3.0963856e-01 1.19e+01 5.27e+03  -3.0 5.09e+01  -6.1 9.59e-01 1.00e+00h  1
  48  2.1333598e-01 2.31e+00 5.02e-02  -3.0 8.06e+01  -6.6 1.00e+00 1.00e+00h  1
  49  8.9438498e-02 4.46e+00 3.43e+03  -3.4 1.26e+02  -7.0 9.35e-01 1.00e+00h  1
iter    objective    inf_pr   inf_du lg(mu)  ||d||  lg(rg) alpha_du alpha_pr  ls
  50  4.3794588e-02 6.30e+00 2.74e-02  -3.7 1.41e+02  -7.5 1.00e+00 1.00e+00h  1
  51  1.7717315e-02 4.00e+01 1.73e+02  -4.1 2.20e+02  -8.0 9.87e-01 1.00e+00h  1
  52  9.4268274e-03 9.24e+00 2.56e-03  -4.6 9.82e+01  -7.6 1.00e+00 1.00e+00h  1
  53  7.9551890e-03 3.36e+00 3.45e+01  -5.2 5.67e+01  -7.1 9.84e-01 1.00e+00h  1
  54  7.0313932e-03 4.10e+00 4.67e+01  -5.2 1.68e+02  -7.6 9.97e-01 2.77e-01h  1
  55  3.7640951e-04 1.08e+02 3.84e+01  -5.3 5.17e+02  -8.1 6.18e-01 9.36e-01h  1
  56  2.3707972e-03 7.29e+00 1.27e+01  -5.3 1.31e+02  -7.7 5.28e-01 1.00e+00h  1
  57  4.0040206e-03 1.53e+00 1.87e-04  -4.8 3.95e+00  -6.3 1.00e+00 1.00e+00h  1
  58  4.1262469e-03 4.56e-01 3.49e+01  -6.5 3.44e+00  -5.9 9.78e-01 1.00e+00h  1
  59  4.0271879e-03 2.33e-01 8.99e-05  -7.8 5.70e+00  -6.4 1.00e+00 1.00e+00h  1
iter    objective    inf_pr   inf_du lg(mu)  ||d||  lg(rg) alpha_du alpha_pr  ls
  60  3.9592537e-03 1.46e-01 1.56e-04  -9.6 9.63e+00  -6.9 1.00e+00 1.00e+00h  1
  61  3.8984887e-03 1.99e-01 2.10e-04 -11.0 1.71e+01  -7.3 1.00e+00 1.00e+00h  1
  62  3.7882914e-03 1.18e+00 2.08e-04 -10.5 4.39e+01  -7.8 1.00e+00 1.00e+00h  1
  63  3.6096363e-03 6.45e+00 1.36e-03 -11.0 1.00e+02  -8.3 1.00e+00 1.00e+00h  1
  64  3.3692246e-03 3.08e+01 6.77e-03 -11.0 2.06e+02  -8.8 1.00e+00 1.00e+00h  1
  65  3.3217728e-03 7.79e+00 5.26e-04 -11.0 7.34e+01  -8.3 1.00e+00 1.00e+00h  1
  66  3.1391342e-03 2.77e+01 5.45e-03 -11.0 1.65e+02  -8.8 1.00e+00 1.00e+00h  1
  67  3.0425515e-03 2.94e+01 1.51e-03 -11.0 6.44e+01  -8.4 1.00e+00 1.00e+00h  1
  68  3.0472412e-03 1.17e+01 1.00e-03 -11.0 2.36e+01  -8.0 1.00e+00 5.00e-01h  2
  69  2.9475272e-03 4.08e+01 3.24e-03 -11.0 6.81e+01  -8.4 1.00e+00 1.00e+00h  1
iter    objective    inf_pr   inf_du lg(mu)  ||d||  lg(rg) alpha_du alpha_pr  ls
  70  2.9356506e-03 1.90e+01 9.42e-04 -11.0 2.89e+01  -8.0 1.00e+00 1.00e+00h  1
  71  2.9288028e-03 1.00e+01 9.38e-04 -11.0 9.52e+00  -7.6 1.00e+00 1.00e+00h  1
  72  2.9030754e-03 5.27e+00 3.74e-04 -11.0 2.85e+01  -8.1 1.00e+00 1.00e+00h  1
  73  2.8162325e-03 7.72e+00 5.78e-04 -11.0 8.51e+01  -8.6 1.00e+00 1.00e+00h  1
  74  2.7717177e-03 5.87e+00 1.76e-04 -11.0 3.13e+01  -8.1 1.00e+00 1.00e+00h  1
  75  2.6513284e-03 1.15e+01 7.06e-04 -11.0 9.27e+01  -8.6 1.00e+00 1.00e+00h  1
  76  2.2215403e-03 1.23e+02 4.65e-03 -11.0 2.87e+02  -9.1 1.00e+00 1.00e+00h  1
  77  1.3323135e-04 6.17e+01 1.02e-02 -11.0 2.50e+02  -9.6 1.00e+00 1.00e+00h  1
  78  5.3810267e-04 7.91e+01 9.66e-03 -10.7 9.59e+02 -10.0 1.00e+00 2.50e-01h  3
  79  1.7653303e-03 4.20e+02 1.65e-02 -10.4 7.67e+02  -9.6 1.00e+00 1.00e+00h  1
iter    objective    inf_pr   inf_du lg(mu)  ||d||  lg(rg) alpha_du alpha_pr  ls
  80  1.6314504e-03 7.93e+01 6.49e-02 -11.0 4.95e+01  -7.4 1.00e+00 1.00e+00h  1
  81  1.7444217e-03 2.50e+00 9.64e-03 -11.0 3.30e+01  -7.9 1.00e+00 1.00e+00h  1
  82  1.8362230e-03 9.31e-01 3.51e-04 -11.0 3.49e+01  -8.3 1.00e+00 1.00e+00h  1
  83  1.8269251e-03 2.51e+00 1.36e-04 -11.0 2.81e+01  -8.4 1.00e+00 1.00e+00h  1
  84  1.7355837e-03 1.43e+00 3.25e-05 -11.0 2.19e+00  -7.1 1.00e+00 1.00e+00h  1
  85  1.7488322e-03 1.36e+00 3.16e-05 -11.0 1.12e+01  -7.5 1.00e+00 6.25e-02h  5
  86  1.7798677e-03 9.20e-01 1.49e-05 -11.0 2.04e+00  -7.1 1.00e+00 5.00e-01h  2
  87  1.8048847e-03 1.77e-02 1.90e-06 -11.0 5.28e-01  -6.7 1.00e+00 1.00e+00h  1
  88  1.8081556e-03 3.93e-03 1.59e-06 -11.0 1.57e+00  -7.2 1.00e+00 1.00e+00H  1
  89  1.7980388e-03 5.07e-01 7.40e-06 -11.0 4.54e+00  -7.6 1.00e+00 1.00e+00h  1
iter    objective    inf_pr   inf_du lg(mu)  ||d||  lg(rg) alpha_du alpha_pr  ls
  90  1.7691247e-03 3.99e+00 1.21e-04 -11.0 1.23e+01  -8.1 1.00e+00 1.00e+00h  1
  91  1.7609846e-03 8.67e-01 4.23e-05 -11.0 4.51e+00  -7.7 1.00e+00 1.00e+00h  1
  92  1.7813276e-03 2.40e-01 1.04e-05 -11.0 1.64e+00  -7.3 1.00e+00 1.00e+00h  1
  93  1.7791305e-03 1.31e+00 3.07e-05 -11.0 4.70e+00  -7.7 1.00e+00 1.00e+00h  1
  94  1.7793056e-03 5.08e-02 1.00e-06 -11.0 1.73e+00  -7.3 1.00e+00 1.00e+00h  1
  95  1.7784026e-03 1.13e-02 2.69e-06 -11.0 4.97e+00  -7.8 1.00e+00 1.00e+00h  1
  96  1.7763147e-03 8.38e-02 1.21e-05 -11.0 1.33e+01  -8.3 1.00e+00 1.00e+00h  1
  97  1.7722560e-03 5.20e-01 1.79e-05 -11.0 3.03e+01  -8.7 1.00e+00 1.00e+00h  1
  98  1.7671273e-03 1.46e+00 1.05e-04 -11.0 4.95e+01  -9.2 1.00e+00 1.00e+00h  1
  99  1.7646585e-03 1.18e+00 9.14e-05 -11.0 4.53e+01  -9.7 1.00e+00 1.00e+00h  1
iter    objective    inf_pr   inf_du lg(mu)  ||d||  lg(rg) alpha_du alpha_pr  ls
 100  1.6871801e-03 4.07e+03 4.04e-03 -11.0 3.32e+03    -  1.00e+00 1.00e+00h  1
 101  6.5914876e-04 6.52e+03 7.98e+00 -11.0 8.15e+02  -6.6 7.76e-01 7.73e-01h  1
 102  3.4311435e-04 6.51e+03 7.96e+00 -11.0 9.65e+02  -6.1 1.80e-02 1.57e-03h  1
 103  2.6491555e-03 6.46e+03 7.90e+00 -11.0 7.33e+02  -5.7 3.18e-04 7.77e-03h  1
 104  2.6920766e-03 6.46e+03 7.90e+00 -11.0 9.94e+02  -6.2 8.67e-03 2.49e-04h  1
 105  1.0864010e-02 6.28e+03 7.65e+00 -11.0 7.30e+02  -5.8 8.67e-03 2.74e-02h  1
 106  1.3868233e-02 6.19e+03 1.06e+01 -11.0 1.18e+03  -6.2 2.50e-02 1.52e-02h  1
 107  1.5252381e-02 6.17e+03 1.03e+01 -11.0 7.13e+02  -5.8 3.90e-02 3.88e-03h  1
 108  1.9577804e-02 5.93e+03 9.89e+00 -11.0 1.74e+03  -6.3 4.48e-02 3.91e-02h  1
 109  2.8023298e-02 5.76e+03 7.89e+00 -11.0 7.09e+02  -5.9 2.71e-01 3.01e-02h  1
iter    objective    inf_pr   inf_du lg(mu)  ||d||  lg(rg) alpha_du alpha_pr  ls
 110  2.6823838e-02 5.61e+03 7.70e+00 -11.0 7.33e+03  -6.3 1.90e-02 2.43e-02h  1
 111  4.9635127e-02 5.16e+03 7.26e+00 -11.0 8.26e+02  -5.9 3.02e-09 8.25e-02h  1
 112  7.5631415e-02 4.87e+03 7.29e+00 -11.0 6.70e+02  -5.5 4.94e-09 5.55e-02h  1
 113  8.5537118e-02 4.53e+03 7.28e+00 -11.0 1.66e+03  -6.0 8.98e-05 1.11e-01h  1
 114  8.5743811e-02 4.52e+03 7.28e+00 -11.0 9.58e+02  -5.5 2.26e-10 7.93e-04h  1
 115  8.5826807e-02 4.52e+03 7.23e+00 -11.0 4.08e+02  -5.1 1.04e-02 1.04e-03h  1
In iteration 115, 1 Slack too small, adjusting variable bound
 116  7.7718981e-02 4.50e+03 7.21e+00 -11.0 1.68e+03  -5.6 2.39e-04 5.04e-03h  1
In iteration 116, 1 Slack too small, adjusting variable bound
 117  7.8034316e-02 4.49e+03 7.05e+00 -11.0 3.76e+02  -5.2 3.05e-02 1.51e-03h  1
 118  7.9816167e-02 4.46e+03 7.04e+00 -11.0 3.23e+02  -4.7 8.52e-12 6.36e-03h  1
In iteration 118, 1 Slack too small, adjusting variable bound
 119  7.1377904e-02 4.46e+03 7.12e+00 -11.0 5.42e+03  -5.2 5.01e-03 8.27e-04h  1
iter    objective    inf_pr   inf_du lg(mu)  ||d||  lg(rg) alpha_du alpha_pr  ls
 120  6.1810263e-02 4.45e+03 7.11e+00 -11.0 6.51e+03  -4.8 7.25e-04 1.00e-03h  1
 121r 6.1810263e-02 4.45e+03 9.99e+02   1.6 0.00e+00  -4.4 0.00e+00 1.16e-10R  2
 122r 6.3544872e-02 4.45e+03 9.99e+02  -4.6 2.23e+04    -  1.80e-07 6.02e-06f  1
 123r 6.7863387e-02 4.37e+03 9.99e+02   0.8 2.69e+04  -2.0 2.66e-04 6.14e-05f  1
 124r 2.5664626e-01 4.15e+03 9.98e+02   1.7 2.24e+04    -  6.64e-04 9.12e-04f  1
 125r 2.7138735e-01 3.96e+03 1.03e+03   1.1 7.37e+03    -  2.65e-03 2.59e-03f  1
 126r 2.7413878e-01 3.92e+03 1.01e+03   0.8 1.21e+01   2.0 8.45e-02 1.29e-02f  1
 127r 3.3799077e-01 3.73e+03 1.01e+03   1.5 3.68e+01   1.6 8.28e-02 3.01e-02f  1
 128  3.1445123e-01 3.61e+03 9.68e-01 -11.0 3.13e+02  -4.8 1.68e-02 3.23e-02h  1
 129  2.1273176e-01 3.01e+03 8.08e-01 -11.0 3.91e+02  -5.3 8.69e-02 1.65e-01h  1
iter    objective    inf_pr   inf_du lg(mu)  ||d||  lg(rg) alpha_du alpha_pr  ls
 130  2.1382654e-01 3.01e+03 8.06e-01 -11.0 2.08e+02  -3.1 7.57e-10 2.09e-03h  1
 131  2.1384681e-01 3.01e+03 8.06e-01 -11.0 2.20e+02  -3.6 1.67e-03 2.44e-05h  1
In iteration 131, 1 Slack too small, adjusting variable bound
 132  2.1332347e-01 3.00e+03 8.04e-01 -11.0 2.15e+02  -4.0 1.07e-02 2.47e-03h  1
 133  2.1365785e-01 2.99e+03 8.03e-01 -11.0 1.73e+02  -3.6 3.46e-04 2.10e-03h  2
 134  2.1440479e-01 2.99e+03 8.01e-01 -11.0 2.27e+02  -4.1 2.24e-02 2.11e-03h  3
 135  2.1373175e-01 2.89e+03 7.76e-01 -11.0 2.24e+02  -4.6 1.17e-02 3.06e-02H  1
 136  2.0143905e-01 2.60e+03 1.25e+00 -11.0 2.64e+02  -5.0 7.37e-09 9.14e-02h  1
 137  1.8977338e-01 2.33e+03 1.00e+00 -11.0 2.63e+02  -5.5 7.46e-02 9.72e-02h  1
 138  1.7916784e-01 1.90e+03 1.17e+00 -11.0 3.96e+02  -6.0 5.47e-02 1.63e-01h  1
 139  1.6386262e-01 1.06e+03 4.79e+00 -11.0 4.62e+02  -6.5 3.03e-02 3.77e-01h  1
iter    objective    inf_pr   inf_du lg(mu)  ||d||  lg(rg) alpha_du alpha_pr  ls
 140  9.2713722e-02 1.85e+02 2.01e+00 -11.0 6.44e+02  -7.0 7.53e-09 8.11e-01h  1
 141  9.5839132e-02 1.55e+02 1.70e+00 -11.0 1.72e+02  -6.5 4.20e-09 1.59e-01h  1
 142  9.7854234e-02 1.28e+02 1.40e+00 -11.0 2.32e+02  -7.0 2.02e-01 1.76e-01h  1
 143  7.8768343e-02 8.22e+01 9.28e-01 -11.0 5.68e+01  -6.6 1.95e-01 3.58e-01h  1
 144  7.0670589e-02 7.30e+01 8.20e-01 -11.0 2.66e+02  -7.1 3.57e-01 1.18e-01h  1
 145  6.7782171e-02 6.78e+01 7.59e-01 -11.0 1.46e+02  -6.6 1.49e-01 7.33e-02h  1
 146  6.1027664e-02 5.74e+01 6.39e-01 -11.0 2.39e+02  -7.1 1.39e-01 1.60e-01h  1
 147  5.4117393e-02 5.20e+01 5.80e-01 -11.0 1.48e+02  -6.7 2.84e-01 9.26e-02h  1
 148  5.2821069e-02 5.06e+01 5.65e-01 -11.0 2.08e+02  -7.2 8.83e-02 2.68e-02h  1
 149  3.7380312e-02 3.51e+01 3.92e-01 -11.0 1.24e+02  -6.7 1.38e-01 3.11e-01h  1
iter    objective    inf_pr   inf_du lg(mu)  ||d||  lg(rg) alpha_du alpha_pr  ls
 150  3.6164227e-02 3.39e+01 3.78e-01 -11.0 1.20e+02  -7.2 1.75e-01 3.47e-02h  1
 151  2.9093189e-02 3.04e+01 3.37e-01 -11.0 1.08e+02  -6.8 2.37e-01 1.08e-01h  1
 152  2.0671674e-03 1.69e+01 1.60e-01 -11.0 1.62e+02  -7.3 1.53e-01 4.67e-01h  1
 153  1.9135283e-03 1.19e+01 1.09e-01 -11.0 1.29e+02  -7.7 4.53e-01 6.23e-01h  1
 154  1.5749134e-04 1.12e+01 1.94e-01 -11.0 1.16e+02  -8.2 2.73e-04 4.34e-01h  1
 155  1.9354290e-04 6.57e+00 2.08e-01 -11.0 5.19e+01  -6.9 1.66e-02 4.26e-01h  1
 156  2.4456956e-04 2.73e+00 3.96e+00  -6.6 2.68e+01  -6.5 7.90e-03 9.91e-01h  1
 157  2.9501997e-03 1.18e+00 1.00e+02  -4.9 1.03e+02  -6.0 1.56e-02 1.00e+00h  1
 158  9.4903021e-03 4.80e-02 1.03e+02  -5.8 1.01e+00  -3.8 2.80e-01 1.00e+00h  1
 159  9.3686061e-03 2.05e-02 7.47e-01  -5.8 9.08e-01  -4.3 9.93e-01 1.00e+00h  1
iter    objective    inf_pr   inf_du lg(mu)  ||d||  lg(rg) alpha_du alpha_pr  ls
 160  8.9017453e-03 4.85e-02 1.15e-03  -7.0 2.70e+00  -4.8 1.00e+00 1.00e+00h  1
 161  8.0325519e-03 2.07e-02 4.19e-04  -8.5 7.48e+00  -5.2 1.00e+00 1.00e+00h  1
 162  6.1596333e-03 4.61e-02 7.82e-04  -8.5 1.83e+01  -5.7 1.00e+00 1.00e+00h  1
 163  3.6853910e-03 1.16e-01 1.37e-03  -8.5 3.30e+01  -6.2 1.00e+00 1.00e+00h  1
 164  2.4493428e-03 1.06e-01 2.57e-03  -8.5 3.35e+01  -6.7 1.00e+00 1.00e+00h  1
 165  2.3980631e-03 2.02e-01 4.53e-03  -8.5 1.84e+01  -7.1 1.00e+00 1.00e+00h  1
 166  2.2971705e-03 4.12e-01 2.65e-03  -8.5 2.39e+01  -7.6 1.00e+00 1.00e+00h  1
 167  2.1320907e-03 2.47e+00 1.91e-03  -8.5 8.14e+01  -8.6 1.00e+00 1.00e+00h  1
 168  2.1737346e-03 3.46e-01 1.06e-04  -8.5 3.01e+01  -8.1 1.00e+00 1.00e+00h  1
 169  1.9659256e-03 1.87e+02 2.10e-02  -8.5 8.06e+02    -  1.00e+00 1.00e+00h  1
iter    objective    inf_pr   inf_du lg(mu)  ||d||  lg(rg) alpha_du alpha_pr  ls
 170  2.0837233e-03 7.01e+00 1.70e-03  -8.5 4.77e+01  -9.1 1.00e+00 1.00e+00h  1
 171  2.0501227e-03 1.96e+02 3.01e-02  -8.5 4.96e+02    -  1.00e+00 1.00e+00h  1
 172  2.0317105e-03 8.14e+00 9.24e-04  -8.5 9.24e+01  -9.6 1.00e+00 1.00e+00h  1
 173  2.0352077e-03 6.68e+00 8.22e-04  -8.5 3.60e+02    -  1.00e+00 1.25e-01h  4
 174  2.0383145e-03 5.45e+00 7.35e-04  -8.5 3.67e+02    -  1.00e+00 1.25e-01h  4
 175  2.0396934e-03 5.02e+00 6.93e-04  -8.5 3.89e+02    -  1.00e+00 6.25e-02h  5
 176  2.0409825e-03 4.62e+00 6.53e-04  -8.5 4.17e+02    -  1.00e+00 6.25e-02h  5
 177  2.0412818e-03 4.55e+00 6.43e-04  -8.5 5.16e+02    -  1.00e+00 1.56e-02h  7
 178  2.0415712e-03 4.47e+00 6.33e-04  -8.5 6.33e+02    -  1.00e+00 1.56e-02h  7
 179  2.0415783e-03 4.47e+00 6.33e-04  -8.5 2.09e+03    -  1.00e+00 4.88e-04h 12
iter    objective    inf_pr   inf_du lg(mu)  ||d||  lg(rg) alpha_du alpha_pr  ls
 180  2.0415785e-03 4.47e+00 6.33e-04  -8.5 6.59e+03    -  1.00e+00 6.10e-05h 15
 181r 2.0415785e-03 4.47e+00 9.99e+02  -0.8 0.00e+00    -  0.00e+00 4.77e-07R 22
 182r 2.0495157e-03 2.23e+00 2.75e+02  -6.9 1.65e+02    -  1.00e+00 9.90e-04f  1
 183  1.8767133e-03 2.85e+01 1.00e+00  -8.5 1.62e+04 -10.1 2.96e-04 3.07e-04h  1
 184  9.7445609e-05 2.85e+01 9.99e-01  -8.5 1.90e+03  -9.6 3.61e-06 2.75e-04h  1
 185  5.7322142e-05 2.84e+01 1.83e+01  -6.7 8.25e+03 -10.1 1.00e+00 1.08e-03f  1
 186  1.3934129e-05 1.01e+02 5.66e+01  -5.9 2.00e+02 -10.6 5.18e-01 1.00e+00h  1
 187  1.9086987e-06 8.73e+01 3.21e+01  -5.0 6.34e+01  -7.4 1.54e-01 1.35e-01h  1
 188  4.8763599e-05 7.65e+01 5.09e+02  -5.0 5.64e+01  -7.9 9.52e-02 7.56e-01h  1
 189  8.8161950e-05 7.60e+01 5.05e+02  -5.6 7.66e+00  -3.9 8.31e-03 6.75e-03h  1
iter    objective    inf_pr   inf_du lg(mu)  ||d||  lg(rg) alpha_du alpha_pr  ls
 190  5.4388879e-04 7.45e+01 4.95e+02  -5.6 1.78e+01  -4.4 1.21e-02 1.95e-02h  1
 191  1.2775510e-02 5.10e+01 2.66e+02  -5.6 1.93e+01  -4.8 2.63e-02 4.45e-01h  1
 192  3.6992033e-02 6.18e+01 1.93e+01  -5.6 1.34e+01  -5.3 2.29e-03 1.00e+00h  1
 193  2.4311780e-02 5.57e+01 1.59e+01  -5.6 2.03e+01  -5.8 1.76e-01 1.00e+00h  1
 194  1.1784789e-02 5.53e+01 2.24e+00  -5.6 3.25e+01  -6.3 8.59e-01 9.76e-01h  1
 195  3.7209795e-03 2.77e+01 2.06e-02  -5.6 4.15e+01  -6.7 1.00e+00 1.00e+00h  1
 196  2.0868173e-03 2.65e+00 3.11e-03  -5.6 5.39e+01  -7.2 1.00e+00 9.84e-01h  1
 197 -4.3474864e-09 2.14e+01 2.23e+00  -5.6 4.43e+02  -7.7 5.23e-02 7.29e-01h  1
 198  5.7454949e-06 2.66e+02 2.62e+01  -7.6 2.90e+03  -8.2 1.60e-01 2.58e-01h  1
 199  1.1189019e-05 1.86e+02 2.14e+01  -5.8 2.21e+02  -7.8 2.73e-01 3.20e-01h  1
iter    objective    inf_pr   inf_du lg(mu)  ||d||  lg(rg) alpha_du alpha_pr  ls
 200  2.0647949e-05 1.45e+02 2.69e+01  -6.9 1.34e+02  -7.3 3.58e-01 4.34e-01h  1
 201  1.4802648e-04 8.20e+01 3.07e+01  -6.1 1.04e+02  -7.8 1.73e-01 4.95e-01h  1
 202  2.9866768e-04 4.74e+01 1.95e+01  -6.0 1.72e+02  -8.3 3.22e-01 1.00e+00h  1
 203  1.8692341e-04 6.71e+00 1.21e+00  -6.0 9.19e+01  -8.8 9.38e-01 1.00e+00h  1
 204  1.7442607e-04 1.90e+00 1.11e-03  -6.1 7.18e+01  -9.2 1.00e+00 1.00e+00h  1
 205  3.0975769e-04 2.24e+01 3.87e-03  -5.9 1.58e+02  -9.7 1.00e+00 1.00e+00h  1
 206  2.9310708e-04 3.35e+00 1.93e-03  -6.0 4.83e+01  -8.9 1.00e+00 1.00e+00h  1
 207  5.3784324e-04 7.03e+00 1.80e+02  -5.5 1.12e+02  -9.3 2.62e-01 1.00e+00h  1
 208  5.6009768e-03 2.21e-01 5.19e+01  -5.9 4.25e-01  -1.5 2.14e-02 1.00e+00h  1
 209  5.9339516e-03 1.57e-03 5.66e-01  -5.9 5.49e-02  -2.0 9.89e-01 1.00e+00h  1
iter    objective    inf_pr   inf_du lg(mu)  ||d||  lg(rg) alpha_du alpha_pr  ls
 210  9.1113263e-04 5.87e+02 2.40e+01  -6.0 4.04e+03    -  1.00e+00 4.41e-01h  1
 211  6.3255807e-03 2.14e+02 5.37e+00  -6.1 1.85e+00  -2.4 9.83e-02 6.74e-01h  1
 212r 6.3255807e-03 2.14e+02 9.99e+02   1.1 0.00e+00  -2.9 0.00e+00 3.39e-07R  4
 213r 6.9520645e-03 3.16e+02 9.99e+02  -1.1 5.20e+04    -  4.42e-04 3.71e-04f  1
 214  7.3447632e-04 6.85e+04 9.88e-01  -6.1 5.72e+06    -  3.16e-02 1.19e-02h  1
 215 -9.4733416e-09 6.81e+04 9.81e-01  -6.1 2.31e+05    -  4.03e-02 5.63e-03h  1
 216  1.8145021e-06 6.78e+04 1.15e+00  -6.1 4.86e+02  -3.4 5.33e-06 4.65e-03h  1
 217r 1.8145021e-06 6.78e+04 9.99e+02   3.1 0.00e+00  -3.9 0.00e+00 1.97e-09R  2
 218r 6.9204644e-01 6.79e+04 9.99e+02   0.9 1.62e+05    -  7.49e-09 2.57e-05f  1
 219r 6.6892053e-01 6.78e+04 1.95e+03  -3.0 1.17e+01   2.0 9.82e-01 1.26e-01f  1
iter    objective    inf_pr   inf_du lg(mu)  ||d||  lg(rg) alpha_du alpha_pr  ls
 220r 6.6552048e-01 6.79e+04 6.80e+03   0.8 1.14e+00   3.3 8.41e-01 7.97e-01f  1
 221r 7.2080745e-01 6.79e+04 4.77e+03   1.8 1.85e+00   2.9 9.84e-01 6.27e-01f  1
 222r 7.1577187e-01 6.79e+04 4.66e+03   1.8 4.72e+00   2.4 9.25e-01 1.33e-01f  1
 223r 6.5653054e-01 6.79e+04 1.88e+04   1.4 1.77e+00   2.8 9.81e-01 7.47e-01f  1
 224r 6.4735991e-01 6.79e+04 1.24e+04   1.7 6.61e-01   3.2 6.79e-01 8.74e-01f  1
 225r 3.2482960e+00 6.79e+04 1.63e+05   3.6 2.01e+01   2.7 6.02e-02 1.78e-01f  1
 226r 3.2477189e+00 6.79e+04 3.02e+05   2.8 6.69e-01   5.0 1.00e+00 1.00e+00f  1
 227r 3.2480169e+00 6.79e+04 1.06e+06   2.8 5.28e-01   5.4 6.35e-01 1.00e+00f  1
 228r 3.2480309e+00 6.79e+04 1.40e+07   2.8 8.68e-01   6.7 9.62e-01 1.00e+00h  1
 229r 3.2480339e+00 6.79e+04 1.63e+08   2.8 1.05e+00   7.2 6.01e-01 5.75e-01h  1
iter    objective    inf_pr   inf_du lg(mu)  ||d||  lg(rg) alpha_du alpha_pr  ls
 230r 3.2480340e+00 6.79e+04 1.50e+09   2.8 6.93e-01   8.5 1.00e+00 5.00e-01f  2
 231r 3.2480348e+00 6.79e+04 4.89e+08   2.8 3.35e-01   8.0 1.00e+00 1.00e+00h  1
 232r 3.2480370e+00 6.79e+04 7.98e+07   2.8 1.79e-01   7.5 1.00e+00 1.00e+00f  1
 233r 3.2480308e+00 6.79e+04 1.14e+06   1.6 5.25e-02   7.1 1.00e+00 1.00e+00f  1
 234r 3.2480255e+00 6.79e+04 2.54e+03  -0.1 6.59e-04   6.6 1.00e+00 1.00e+00f  1
 235r 3.2480232e+00 6.79e+04 1.00e+03  -1.9 7.84e-04   6.1 1.00e+00 1.00e+00f  1
 236r 3.2480224e+00 6.79e+04 1.00e+03  -3.8 2.35e-03   5.6 1.00e+00 1.00e+00f  1
 237r 3.2480221e+00 6.79e+04 1.00e+03  -5.6 7.05e-03   5.2 1.00e+00 1.00e+00f  1
 238r 3.2480221e+00 6.79e+04 1.00e+03  -7.6 2.11e-02   4.7 1.00e+00 7.07e-01f  1
 239r 3.2480221e+00 6.79e+04 1.00e+03  -9.1 6.34e-02   4.2 1.00e+00 2.42e-03f  1
iter    objective    inf_pr   inf_du lg(mu)  ||d||  lg(rg) alpha_du alpha_pr  ls
 240r 3.2480221e+00 6.79e+04 1.00e+03  -9.8 1.93e-01   3.7 1.00e+00 2.72e-02f  1
 241r 3.2480221e+00 6.79e+04 1.00e+03 -10.3 5.78e-01   3.2 1.00e+00 2.62e-01f  1
 242r 3.2480221e+00 6.79e+04 1.00e+03 -10.3 1.77e+00   2.8 1.00e+00 8.51e-04f  1
 243r 3.2480221e+00 6.79e+04 1.00e+03 -10.1 5.58e+00   2.3 1.00e+00 2.28e-05f  1
 244r 3.2480221e+00 6.79e+04 1.01e+03 -10.3 2.18e+00   2.7 1.00e+00 6.27e-02f  1
 245r 3.2480221e+00 6.79e+04 1.01e+03  -9.1 6.48e+00   2.2 1.00e+00 2.14e-04f  1
 246r 3.2480221e+00 6.79e+04 1.01e+03  -7.7 2.61e+00   2.7 1.00e+00 1.91e-02f  1
 247r 3.2480220e+00 6.79e+04 1.01e+03  -6.8 7.65e+00   2.2 1.00e+00 5.13e-03f  1
 248r 3.2480218e+00 6.79e+04 1.01e+03  -5.2 3.93e+01   1.7 1.00e+00 4.26e-03f  1
 249r 3.2480175e+00 6.79e+04 1.16e+03  -3.9 9.09e+00   2.1 1.00e+00 1.13e-02f  1
iter    objective    inf_pr   inf_du lg(mu)  ||d||  lg(rg) alpha_du alpha_pr  ls
 250r 3.2474403e+00 6.79e+04 1.13e+03  -1.4 2.85e+01   1.7 1.00e+00 7.15e-03f  1
 251r 3.2296817e+00 6.79e+04 1.18e+03  -0.9 1.05e+01   2.1 1.00e+00 1.12e-02f  1
 252r 3.1017260e+00 6.79e+04 1.17e+03   1.7 2.80e+01   1.6 1.00e+00 1.77e-02f  1
 253r 3.5213013e+00 6.79e+04 1.05e+03   2.6 9.34e+01   1.1 3.27e-01 5.68e-02f  1
 254r 3.3227743e+00 6.80e+04 1.99e+03  -3.9 2.85e+01   1.6 1.28e-01 1.21e-01f  1
 255r 3.2644661e+00 6.80e+04 2.24e+03   1.7 2.18e+00   2.9 3.97e-01 3.34e-01f  1
 256r 3.1998905e+00 6.80e+04 2.77e+03   1.7 5.37e-01   3.3 8.69e-01 7.41e-01f  1
 257r 3.1963396e+00 6.80e+04 1.98e+04   1.5 2.05e-01   4.6 7.38e-01 9.53e-01f  1
 258r 3.1918172e+00 6.80e+04 3.89e+04   1.2 3.71e-01   4.2 9.95e-01 3.19e-01f  1
 259r 3.1899249e+00 6.80e+04 1.52e+04   0.5 8.96e-02   4.6 1.00e+00 4.58e-01f  1
iter    objective    inf_pr   inf_du lg(mu)  ||d||  lg(rg) alpha_du alpha_pr  ls
 260r 3.1749982e+00 6.80e+04 1.58e+03   0.8 7.96e-02   4.1 1.00e+00 7.23e-01f  1
 261r 3.1680690e+00 6.80e+04 1.09e+03  -0.6 2.94e-02   4.5 1.00e+00 5.07e-01f  1
 262r 3.1638938e+00 6.80e+04 1.02e+03  -0.6 1.10e-02   5.0 1.00e+00 7.03e-01f  1
 263r 3.1563053e+00 6.80e+04 1.02e+03  -1.0 3.32e-02   4.5 1.00e+00 3.88e-01f  1
 264r 3.1536179e+00 6.80e+04 1.02e+03  -2.3 1.24e-02   4.9 1.00e+00 3.65e-01f  1
 265r 3.1486224e+00 6.80e+04 1.02e+03  -2.5 3.74e-02   4.4 1.00e+00 2.23e-01f  1
 266r 3.1463515e+00 6.80e+04 1.02e+03  -2.8 1.40e-02   4.9 1.00e+00 2.71e-01f  1
 267r 3.1416529e+00 6.80e+04 1.02e+03  -2.9 4.20e-02   4.4 1.00e+00 1.88e-01f  1
 268r 3.1339165e+00 6.80e+04 2.74e+04  -1.0 1.18e+00   3.9 1.22e-01 1.19e-01f  1
 269r 3.1347068e+00 6.80e+04 1.90e+04  -0.2 2.56e-02   5.2 7.48e-01 3.86e-01f  1
iter    objective    inf_pr   inf_du lg(mu)  ||d||  lg(rg) alpha_du alpha_pr  ls
 270r 3.1306407e+00 6.80e+04 1.05e+04   0.1 1.45e-01   4.8 6.49e-01 5.44e-01f  1
 271r 3.1300450e+00 6.80e+04 7.08e+03  -0.1 6.91e-02   5.2 6.73e-01 2.25e-01f  1
 272r 3.1260387e+00 6.80e+04 3.48e+03  -0.1 4.04e-02   4.7 1.00e+00 5.10e-01f  1
 273r 3.1184761e+00 6.80e+04 2.01e+03  -0.7 6.35e-02   4.2 1.00e+00 3.28e-01f  1
 274r 3.1036629e+00 6.80e+04 1.43e+03  -1.5 1.88e-01   3.8 1.00e+00 2.22e-01f  1
 275r 3.0912982e+00 6.80e+04 1.30e+03  -1.6 6.07e-01   3.3 1.00e+00 6.73e-02f  1
 276r 3.0627050e+00 6.80e+04 1.23e+03  -1.6 2.23e+00   2.8 1.00e+00 6.40e-02f  1
 277r 3.0219070e+00 6.80e+04 1.58e+03  -1.1 6.60e+00   2.3 1.00e+00 3.64e-02f  1
 278r 2.9889877e+00 6.80e+04 1.56e+03  -1.1 1.82e+00   2.7 1.00e+00 9.21e-02f  1
 279r 2.9640877e+00 6.80e+04 1.48e+03  -6.5 5.67e+00   2.3 8.93e-02 5.68e-02f  1
iter    objective    inf_pr   inf_du lg(mu)  ||d||  lg(rg) alpha_du alpha_pr  ls
 280r 2.9601004e+00 6.80e+04 1.48e+03  -1.6 2.04e+00   2.7 1.00e+00 3.06e-02f  1
 281r 2.9535256e+00 6.80e+04 1.10e+03  -2.1 7.65e-01   3.1 1.00e+00 2.06e-01f  1
 282r 2.9526359e+00 6.80e+04 1.15e+03  -0.4 2.29e+00   2.6 1.00e+00 9.25e-02f  1
 283r 2.9500216e+00 6.80e+04 1.02e+03  -1.0 8.60e-01   3.1 1.00e+00 1.81e-01f  1
 284r 2.9495266e+00 6.80e+04 1.10e+03  -0.3 2.58e+00   2.6 1.00e+00 8.54e-02f  1
 285r 2.9481678e+00 6.80e+04 1.02e+03  -0.9 9.67e-01   3.0 1.00e+00 1.48e-01f  1
 286r 2.9484274e+00 6.80e+04 1.02e+03  -0.3 2.90e+00   2.5 1.00e+00 9.17e-02f  1
 287r 2.9478964e+00 6.80e+04 1.02e+03  -1.0 1.09e+00   3.0 1.00e+00 1.62e-01f  1
 288r 2.9486696e+00 6.80e+04 1.02e+03  -0.4 3.26e+00   2.5 1.00e+00 9.36e-02f  1
 289r 2.9483990e+00 6.80e+04 1.02e+03  -0.5 1.22e+00   2.9 1.00e+00 1.69e-01f  1
iter    objective    inf_pr   inf_du lg(mu)  ||d||  lg(rg) alpha_du alpha_pr  ls
 290r 2.9466110e+00 6.80e+04 1.02e+03   0.1 3.66e+00   2.4 1.00e+00 9.31e-02f  1
 291r 2.9462663e+00 6.80e+04 1.02e+03  -0.3 1.38e+00   2.9 1.00e+00 1.70e-01f  1
 292r 2.9436835e+00 6.80e+04 1.03e+03   0.2 4.14e+00   2.4 1.00e+00 9.58e-02f  1
 293r 2.9432193e+00 6.80e+04 1.01e+03  -0.3 1.55e+00   2.8 1.00e+00 1.79e-01f  1
 294r 2.9418821e+00 6.80e+04 1.01e+03   0.2 4.70e+00   2.3 1.00e+00 1.03e-01f  1
 295r 2.9417368e+00 6.79e+04 1.01e+03  -0.5 1.74e+00   2.8 1.00e+00 1.89e-01f  1
 296r 2.9436896e+00 6.79e+04 1.01e+03  -0.5 5.20e+00   2.3 1.00e+00 1.06e-01f  1
 297r 2.9454484e+00 6.79e+04 1.01e+03  -0.7 1.95e+00   2.7 1.00e+00 1.80e-01f  1
 298r 2.9481884e+00 6.79e+04 1.01e+03  -0.6 5.86e+00   2.2 1.00e+00 1.03e-01f  1
 299r 2.9391026e+00 6.79e+04 1.83e+03   1.1 6.64e+01   1.8 8.30e-02 2.10e-02f  1
iter    objective    inf_pr   inf_du lg(mu)  ||d||  lg(rg) alpha_du alpha_pr  ls
 300r 2.9373128e+00 6.79e+04 1.30e+03  -0.1 8.24e-01   3.1 1.00e+00 3.14e-01f  1
 301r 2.9376620e+00 6.79e+04 1.01e+03  -1.3 3.09e-01   3.5 1.00e+00 4.07e-01f  1
 302r 2.9432402e+00 6.79e+04 1.01e+03  -2.0 9.27e-01   3.0 1.00e+00 4.63e-01f  1
 303r 2.9442534e+00 6.79e+04 1.01e+03  -1.4 2.78e+00   2.6 1.00e+00 3.01e-02f  1
 304r 2.9473852e+00 6.79e+04 1.27e+03  -2.3 8.30e+00   2.1 2.18e-01 5.13e-02f  1
 305r 2.9485354e+00 6.79e+04 1.23e+03  -1.7 3.12e+00   2.5 1.00e+00 3.59e-02f  1
 306r 2.9470103e+00 6.79e+04 1.01e+03  -0.0 9.36e+00   2.0 5.50e-01 6.10e-02f  1
 307r 2.9473531e+00 6.79e+04 1.01e+03  -0.5 3.51e+00   2.5 1.00e+00 4.75e-02f  1
 308r 2.9397618e+00 6.79e+04 1.14e+03   0.8 1.05e+01   2.0 2.35e-01 5.80e-02f  1
 309r 2.9342540e+00 6.79e+04 1.11e+03  -6.1 3.65e+01   1.5 1.04e-02 2.47e-02f  1
iter    objective    inf_pr   inf_du lg(mu)  ||d||  lg(rg) alpha_du alpha_pr  ls
 310r 2.9346092e+00 6.79e+04 1.01e+03   0.2 1.18e+01   1.9 5.42e-01 1.26e-02f  1
 311r 2.9339953e+00 6.79e+04 1.01e+03   1.3 3.65e+01   1.5 1.28e-01 3.83e-02f  1
 312r 2.9273880e+00 6.79e+04 2.46e+03   1.5 4.40e+02   1.0 7.86e-04 9.67e-03f  1
 313r 2.9265390e+00 6.79e+04 8.69e+03   1.6 7.54e-01   4.1 7.47e-02 5.22e-01f  1
 314r 2.9264785e+00 6.79e+04 9.04e+03   1.2 5.67e-01   4.5 1.22e-01 1.52e-01f  1
 315r 2.9263452e+00 6.79e+04 8.92e+03   1.2 9.10e-01   4.1 1.36e-01 2.41e-01f  1
 316r 2.9263143e+00 6.79e+04 9.54e+03   1.2 1.10e+00   4.5 1.31e-01 1.50e-01f  1
 317r 2.9260562e+00 6.79e+04 2.64e+04   1.2 1.40e+00   4.0 4.69e-01 4.18e-01f  1
 318r 2.9255628e+00 6.79e+04 1.69e+04   1.2 9.20e-01   3.5 4.41e-01 2.74e-01f  1
 319r 2.9246718e+00 6.79e+04 1.40e+04   1.2 1.07e+00   3.1 1.00e+00 1.69e-01f  1
iter    objective    inf_pr   inf_du lg(mu)  ||d||  lg(rg) alpha_du alpha_pr  ls
 320r 2.9262924e+00 6.79e+04 8.29e+03   1.7 6.74e-01   3.5 8.76e-01 9.31e-01f  1
 321r 2.9197652e+00 6.79e+04 5.44e+03   0.4 1.00e+00   3.0 9.93e-01 3.36e-01f  1
 322r 2.9163983e+00 6.79e+04 3.84e+03  -0.1 3.01e+00   2.5 9.91e-01 2.80e-01f  1
 323r 2.9172318e+00 6.79e+04 3.46e+03   1.0 9.05e+00   2.0 9.89e-01 9.46e-02f  1
 324r 2.9040167e+00 6.79e+04 3.20e+04   0.6 2.88e+01   1.6 1.64e-02 7.52e-02f  1
 325r 2.9058168e+00 6.79e+04 2.47e+04   1.6 4.76e+00   2.9 2.58e-01 1.76e-01f  1
 326r 2.9052089e+00 6.79e+04 2.29e+04  -4.6 3.34e+00   3.3 2.10e-01 7.09e-02f  1
 327r 2.9090571e+00 6.79e+04 2.25e+04   1.6 3.36e+00   2.9 5.52e-01 2.16e-01f  1
 328r 3.1809878e+00 6.79e+04 5.77e+04   3.3 7.46e+01   2.4 5.00e-02 1.14e-01f  1
 329r 3.1800124e+00 6.79e+04 6.23e+04   2.2 2.98e+00   3.7 1.89e-02 5.94e-02f  1
iter    objective    inf_pr   inf_du lg(mu)  ||d||  lg(rg) alpha_du alpha_pr  ls
 330r 3.1800160e+00 6.79e+04 6.20e+04   2.2 3.23e+00   4.1 1.97e-01 4.76e-03h  1
 331r 3.1801157e+00 6.79e+04 5.99e+04   2.2 4.80e+00   3.7 4.49e-01 4.32e-02f  1
 332r 3.1804331e+00 6.79e+04 5.39e+05   2.2 2.91e+00   4.1 2.17e-01 3.65e-01f  1
 333r 3.1804581e+00 6.79e+04 5.49e+05   2.2 5.66e+00   4.5 1.33e-02 7.66e-02f  1
 334r 3.1811685e+00 6.79e+04 4.40e+05   2.2 1.33e+00   4.0 3.76e-02 7.27e-01f  1
 335r 3.1813971e+00 6.79e+04 3.03e+05   2.2 9.24e-01   4.5 9.10e-02 6.24e-01f  1
 336r 3.1815321e+00 6.79e+04 7.27e+05   2.2 4.76e-01   4.9 5.96e-01 9.81e-01f  1
 337r 3.1819442e+00 6.79e+04 2.67e+05   2.2 3.25e-01   4.4 6.61e-01 1.00e+00f  1
 338r 3.1820986e+00 6.79e+04 2.02e+05   2.2 1.68e-01   4.8 1.00e+00 1.00e+00f  1
 339r 3.1825615e+00 6.79e+04 2.63e+04   2.2 1.72e-01   4.3 1.00e+00 1.00e+00f  1
iter    objective    inf_pr   inf_du lg(mu)  ||d||  lg(rg) alpha_du alpha_pr  ls
 340r 3.1827350e+00 6.79e+04 6.06e+03   2.2 5.86e-02   4.8 1.00e+00 1.00e+00f  1
 341r 3.1812118e+00 6.79e+04 1.05e+03   1.5 5.29e-02   4.3 1.00e+00 1.00e+00f  1
 342r 3.1788920e+00 6.79e+04 1.00e+03  -0.0 1.52e-01   3.8 1.00e+00 8.65e-01f  1
 343r 3.1787829e+00 6.79e+04 1.00e+03   0.9 4.78e-01   3.3 1.00e+00 3.33e-01f  1
 344r 3.1772368e+00 6.79e+04 1.01e+03   1.0 1.38e+00   2.9 6.42e-01 2.02e-01f  1
 345r 3.1751181e+00 6.79e+04 1.01e+03   1.3 4.12e+00   2.4 9.42e-01 1.47e-01f  1
 346r 3.1691654e+00 6.79e+04 1.01e+03   1.4 1.23e+01   1.9 6.79e-01 9.63e-02f  1
 347r 3.1783335e+00 6.79e+04 1.55e+03   1.8 3.71e+01   1.4 6.77e-01 8.09e-02f  1
 348r 3.1823286e+00 6.79e+04 1.98e+03   1.9 1.14e+02   1.0 1.58e-01 6.68e-02f  1
 349r 3.2226948e+00 6.79e+04 3.46e+03   2.2 3.71e+02   0.5 1.25e-01 3.24e-02f  1
iter    objective    inf_pr   inf_du lg(mu)  ||d||  lg(rg) alpha_du alpha_pr  ls
 350r 3.1745327e+00 6.79e+04 6.68e+03   1.2 1.55e+01   1.8 4.23e-01 1.13e-01f  1
 351r 3.1668673e+00 6.79e+04 1.21e+04   1.3 5.82e+00   2.2 9.84e-01 2.42e-01f  1
 352r 3.1588581e+00 6.79e+04 6.65e+03   1.4 2.19e+00   2.7 9.69e-01 5.08e-01f  1
 353r 3.1545035e+00 6.79e+04 2.02e+03   1.3 8.22e-01   3.1 8.26e-01 6.71e-01f  1
 354r 3.1520798e+00 6.79e+04 3.11e+03   1.1 6.54e-01   3.5 4.29e-01 7.83e-01f  1
 355r 3.1482099e+00 6.79e+04 5.12e+03   0.5 9.21e-01   3.0 9.82e-01 4.19e-01f  1
 356r 3.1489993e+00 6.79e+04 4.56e+03   1.4 8.86e+00   2.6 1.08e-01 1.09e-01f  1
 357r 3.1476191e+00 6.79e+04 1.41e+03   0.9 1.87e-01   3.9 1.00e+00 8.02e-01f  1
 358r 3.1467968e+00 6.79e+04 3.08e+03   0.7 3.89e-01   3.4 9.99e-01 3.07e-01f  1
 359r 3.1445826e+00 6.79e+04 2.95e+03  -0.4 1.17e+00   2.9 9.95e-01 3.32e-01f  1
iter    objective    inf_pr   inf_du lg(mu)  ||d||  lg(rg) alpha_du alpha_pr  ls
 360r 3.1448072e+00 6.79e+04 8.17e+03  -0.1 3.50e+00   2.5 1.00e+00 1.14e-01f  1
 361r 3.1443766e+00 6.79e+04 1.80e+04   1.0 1.06e+01   2.0 1.00e+00 8.79e-02f  1
 362r 3.1619835e+00 6.79e+04 1.87e+04   1.7 4.26e+01   1.5 2.39e-01 7.34e-02f  1
 363r 3.1578022e+00 6.79e+04 1.59e+04   1.4 1.58e+00   2.8 3.89e-01 2.10e-01f  1
 364r 3.1430180e+00 6.79e+04 1.16e+04  -4.8 4.46e+00   2.4 5.16e-02 2.24e-01f  1
 365r 3.1460972e+00 6.78e+04 1.90e+04   0.9 1.39e+01   1.9 7.26e-01 8.15e-02f  1
 366r 3.1456996e+00 6.78e+04 2.24e+04   0.7 4.98e+00   2.3 8.52e-01 1.35e-02f  1
 367r 3.1280871e+00 6.78e+04 1.80e+04   0.5 1.51e+01   1.8 1.00e+00 2.41e-01f  1
 368r 3.1198595e+00 6.78e+04 3.10e+04   0.8 4.55e+01   1.3 1.00e+00 6.24e-02f  1
 369r 3.0787880e+00 6.78e+04 3.02e+04   0.6 1.41e+02   0.9 1.10e-01 6.06e-02f  1
iter    objective    inf_pr   inf_du lg(mu)  ||d||  lg(rg) alpha_du alpha_pr  ls
 370r 3.0783958e+00 6.78e+04 4.16e+04   0.4 7.87e-01   3.1 1.00e+00 1.15e-01f  1
 371r 3.0768041e+00 6.78e+04 3.48e+04  -0.0 2.36e+00   2.6 1.00e+00 2.02e-01f  1
 372r 3.0762773e+00 6.78e+04 3.26e+04  -0.2 7.09e+00   2.2 1.00e+00 9.02e-02f  1
 373r 3.0762360e+00 6.78e+04 3.05e+04  -0.2 2.13e+01   1.7 1.00e+00 7.31e-02f  1
 374r 3.0705797e+00 6.78e+04 2.95e+04   0.2 6.41e+01   1.2 1.00e+00 4.04e-02f  1
 375r 3.0629319e+00 6.78e+04 2.74e+04   0.3 2.40e+01   1.6 1.00e+00 9.69e-02f  1
 376r 3.0831402e+00 6.78e+04 4.21e+04   1.4 7.20e+01   1.1 6.68e-01 6.05e-02f  1
 377r 3.0605135e+00 6.78e+04 4.20e+04   1.4 2.16e+02   0.7 1.23e-01 3.43e-02f  1
 378r 3.0446376e+00 6.78e+04 4.15e+04   1.3 6.67e+02   0.2 2.68e-02 1.52e-02f  1
 379r 3.0430460e+00 6.78e+04 4.18e+04   1.0 3.78e+00   2.4 7.69e-01 3.94e-02f  1
iter    objective    inf_pr   inf_du lg(mu)  ||d||  lg(rg) alpha_du alpha_pr  ls
 380r 3.0390779e+00 6.78e+04 4.08e+04   1.3 1.13e+01   1.9 6.31e-01 1.15e-01f  1
 381r 3.0155590e+00 6.78e+04 2.04e+04   0.9 4.25e+00   2.4 1.00e+00 5.52e-01f  1
 382r 3.0286646e+00 6.78e+04 1.20e+04   1.5 1.27e+01   1.9 8.41e-01 5.24e-01f  1
 383r 3.0310803e+00 6.78e+04 1.16e+04   1.7 3.82e+01   1.4 7.22e-01 5.37e-02f  1
 384r 3.0277682e+00 6.78e+04 1.10e+04   1.8 1.14e+02   0.9 3.92e-01 6.98e-02f  1
 385r 2.9731854e+00 6.78e+04 5.04e+03   0.8 5.37e+00   2.3 1.00e+00 4.89e-01f  1
 386r 3.3457814e+00 6.78e+04 2.77e+04   3.1 3.71e+01   1.8 3.04e-03 5.53e-02f  1
 387r 3.3122528e+00 6.78e+04 1.93e+04   1.8 9.77e-01   3.1 8.37e-01 4.23e-01f  1
 388r 3.3049069e+00 6.78e+04 1.30e+04   1.8 2.27e+00   2.6 1.00e+00 4.39e-01f  1
 389r 3.2966259e+00 6.78e+04 2.21e+04   1.8 6.80e+00   2.2 7.94e-01 1.77e-01f  1
iter    objective    inf_pr   inf_du lg(mu)  ||d||  lg(rg) alpha_du alpha_pr  ls
 390r 3.2600939e+00 6.78e+04 3.08e+04   1.8 2.04e+01   1.7 8.21e-01 3.07e-01f  1
 391r 3.2121246e+00 6.78e+04 3.82e+03   1.8 7.65e+00   2.1 8.42e-01 1.00e+00f  1
 392r 3.2108025e+00 6.78e+04 3.48e+03   1.8 6.18e+00   2.5 6.77e-02 7.63e-02f  1
 393r 3.2095657e+00 6.78e+04 1.98e+04   1.1 1.08e+00   3.0 3.87e-01 5.61e-02f  1
 394r 3.2084995e+00 6.78e+04 1.23e+04   1.1 3.23e+00   2.5 2.18e-01 4.71e-02f  1
 395r 3.2014035e+00 6.78e+04 1.55e+04   1.1 1.21e+00   2.9 2.90e-01 8.24e-01f  1
 396r 3.2011247e+00 6.78e+04 4.79e+04  -4.7 6.62e-01   3.3 1.26e-01 5.79e-02f  1
 397r 3.2041054e+00 6.78e+04 2.96e+04   1.2 1.37e+00   2.9 9.98e-01 3.82e-01f  1
 398r 3.2025266e+00 6.78e+04 2.86e+04   1.2 4.08e+00   2.4 6.40e-01 4.68e-02f  1
 399r 3.1564269e+00 6.78e+04 1.82e+04   0.4 1.23e+01   1.9 7.03e-01 3.63e-01f  1
iter    objective    inf_pr   inf_du lg(mu)  ||d||  lg(rg) alpha_du alpha_pr  ls
 400r 3.1394697e+00 6.78e+04 1.43e+04   0.7 3.67e+01   1.4 1.00e+00 2.14e-01f  1
 401r 3.4001032e+00 6.78e+04 1.22e+04   2.2 1.10e+02   1.0 2.72e-01 7.06e-02f  1
 402r 3.2964918e+00 6.78e+04 1.14e+04   1.4 4.13e+01   1.4 4.91e-01 1.17e-01f  1
 403r 3.2775938e+00 6.78e+04 1.49e+04   1.4 2.38e+02   0.9 5.99e-02 3.84e-02f  1
 404r 3.2512155e+00 6.78e+04 2.92e+04   1.4 4.65e+01   1.3 1.00e+00 9.83e-02f  1
 405r 3.2384174e+00 6.78e+04 2.89e+04   1.4 3.19e+02   0.9 2.50e-02 2.29e-02f  1
 406r 3.2185882e+00 6.78e+04 2.90e+04   1.4 4.18e+02   0.4 3.34e-02 2.37e-02f  1
 407r 3.1251255e+00 6.78e+04 2.53e+04   1.4 1.57e+02   0.8 1.91e-01 1.62e-01f  1
 408r 3.3994610e+00 6.78e+04 2.56e+04   1.9 5.88e+01   1.2 5.14e-01 6.31e-01f  1
 409r 3.1708453e+00 6.78e+04 7.08e+03   1.7 2.21e+01   1.7 6.28e-01 8.09e-01f  1
iter    objective    inf_pr   inf_du lg(mu)  ||d||  lg(rg) alpha_du alpha_pr  ls
 410r 3.1211204e+00 6.78e+04 1.26e+03   1.7 8.28e+00   2.1 9.50e-01 1.00e+00f  1
 411r 2.7968624e+00 6.78e+04 1.75e+04  -4.3 2.48e+01   1.6 5.99e-01 8.01e-01f  1
 412r 2.8079861e+00 6.78e+04 9.59e+03   0.7 9.31e+00   2.0 1.00e+00 3.60e-01f  1
 413r 2.8038613e+00 6.78e+04 3.04e+04   1.2 2.79e+01   1.6 1.00e+00 2.88e-01f  1
 414r 2.7915097e+00 6.78e+04 2.97e+04   1.0 1.74e+02   1.1 1.13e-01 2.94e-02f  1
 415r 2.7868645e+00 6.78e+04 2.95e+04  -4.9 3.14e+01   1.5 4.71e-01 2.17e-02f  1
 416r 2.7769499e+00 6.78e+04 4.42e+04  -5.0 9.43e+01   1.0 4.00e-03 1.54e-01f  1
 417r 2.7924937e+00 6.78e+04 4.33e+04   0.7 3.54e+01   1.5 1.00e+00 2.06e-01f  1
 418r 2.7796736e+00 6.78e+04 1.94e+04   1.1 1.33e+01   1.9 1.00e+00 1.00e+00f  1
 419r 2.7816327e+00 6.78e+04 4.31e+04   1.5 5.13e+01   1.4 6.01e-01 1.92e-01f  1
iter    objective    inf_pr   inf_du lg(mu)  ||d||  lg(rg) alpha_du alpha_pr  ls
 420r 2.7676047e+00 6.78e+04 3.90e+04   0.9 1.49e+01   1.8 9.34e-01 8.97e-02f  1
 421r 2.8748802e+00 6.78e+04 5.17e+04   2.5 3.10e+02   1.3 6.74e-03 2.71e-02f  1
 422r 2.5630442e+00 6.78e+04 5.01e+04   1.2 1.74e+01   1.8 4.61e-01 5.48e-01f  1
 423r 2.6013075e+00 6.78e+04 5.00e+04   1.8 6.50e+01   1.3 2.61e-01 6.51e-02f  1
 424r 2.5978426e+00 6.78e+04 4.42e+04   1.3 2.39e+00   2.6 6.97e-01 1.13e-01f  1
 425r 2.5665382e+00 6.78e+04 2.53e+04   0.9 7.08e+00   2.1 9.99e-01 6.20e-01f  1
 426r 2.5143090e+00 6.78e+04 2.21e+04   0.8 2.12e+01   1.7 1.00e+00 6.30e-01f  1
 427r 2.7520008e+00 6.78e+04 6.99e+04   1.6 6.72e+01   1.2 9.05e-01 3.99e-01f  1
 428r 2.6295419e+00 6.78e+04 9.93e+04   1.3 2.05e+02   0.7 3.25e-02 2.17e-01f  1
 429r 2.6344782e+00 6.78e+04 9.38e+04   1.8 9.03e+00   2.0 7.06e-01 5.50e-02f  1
iter    objective    inf_pr   inf_du lg(mu)  ||d||  lg(rg) alpha_du alpha_pr  ls
 430r 2.6102967e+00 6.78e+04 7.80e+04   1.5 2.64e+01   1.6 6.22e-01 1.60e-01f  1
 431r 2.6047312e+00 6.78e+04 6.32e+04   1.5 9.95e+00   2.0 9.98e-01 1.80e-01f  1
 432r 2.6212020e+00 6.78e+04 5.36e+04   1.7 2.97e+01   1.5 9.83e-01 1.46e-01f  1
 433r 2.4328775e+00 6.78e+04 2.43e+04   1.3 8.91e+01   1.0 4.60e-01 4.38e-01f  1
 434r 2.4401602e+00 6.78e+04 2.26e+04   1.4 2.72e+02   0.6 6.45e-01 1.17e-01f  1
 435r 2.8584027e+00 6.78e+04 2.36e+04   2.5 7.99e+02   0.1 2.66e-01 4.13e-02f  1
 436r 2.8341789e+00 6.78e+04 2.31e+04   1.6 2.85e+02  -0.4 1.62e-01 1.95e-02f  1
 437r 2.7798415e+00 6.78e+04 1.55e+04   1.6 1.19e+02   0.0 3.41e-01 3.08e-01f  1
 438r 2.7526041e+00 6.78e+04 1.32e+04   1.6 4.49e+01   0.5 3.08e-01 1.96e-01f  1
 439r 2.6524380e+00 6.78e+04 1.99e+05   1.6 2.96e+01   0.9 9.00e-01 1.00e+00f  1
iter    objective    inf_pr   inf_du lg(mu)  ||d||  lg(rg) alpha_du alpha_pr  ls
 440r 2.6264540e+00 6.78e+04 1.63e+05   1.4 1.00e+02   1.3 3.34e-01 1.30e-01f  1
 441r 2.6239491e+00 6.78e+04 1.59e+05   1.2 5.74e+00   1.7 1.00e+00 2.27e-02f  1
 442r 3.0646683e+00 6.79e+04 1.21e+05   2.5 3.50e+00   2.2 5.37e-01 6.26e-01f  1
 443r 3.0646638e+00 6.79e+04 4.52e+04   2.2 4.86e-01   4.4 4.82e-01 4.97e-01f  1
 444r 3.0647353e+00 6.79e+04 5.21e+04   2.2 2.86e-01   4.8 9.90e-01 3.24e-01f  1
 445r 3.0648180e+00 6.79e+04 2.37e+05   2.2 1.95e-01   5.3 1.00e+00 1.00e+00f  1
 446r 3.0650661e+00 6.79e+04 3.47e+05   2.2 2.41e-01   4.8 1.00e+00 1.00e+00f  1
 447r 3.0651592e+00 6.79e+04 2.60e+04   2.2 4.26e-02   5.2 5.30e-01 1.00e+00f  1
 448r 3.0644242e+00 6.79e+04 1.04e+03   0.3 1.97e-02   4.7 9.96e-01 1.00e+00f  1
 449r 3.0641702e+00 6.79e+04 1.03e+03  -1.0 5.84e-02   4.2 1.00e+00 1.00e+00f  1
iter    objective    inf_pr   inf_du lg(mu)  ||d||  lg(rg) alpha_du alpha_pr  ls
 450r 3.0641333e+00 6.79e+04 1.01e+03  -1.7 1.91e-01   3.8 1.00e+00 2.24e-01f  1
 451r 3.0641090e+00 6.79e+04 2.09e+03  -1.3 4.81e-01   3.3 1.00e+00 1.20e-01f  1
 452r 3.0746241e+00 6.79e+04 2.34e+04   2.2 4.22e+00   2.8 6.12e-01 1.49e-01f  1
 453r 3.0682617e+00 6.79e+04 2.09e+04   1.9 2.30e+00   2.3 4.29e-01 1.56e-01f  1
 454r 3.0680959e+00 6.73e+04 2.09e+04   1.9 1.61e+05    -  9.90e-03 3.64e-03f  1
 455r 3.0673600e+00 6.51e+04 2.05e+04   1.9 1.32e+05    -  7.17e-03 1.62e-02f  1
 456r 3.0665574e+00 6.51e+04 1.15e+05   1.9 3.70e+00   2.8 3.95e-01 5.96e-01f  1
 457r 3.0663139e+00 6.51e+04 1.08e+05   1.9 1.73e+00   2.3 8.45e-01 6.70e-02f  1
 458r 3.0571692e+00 6.51e+04 1.85e+04   1.9 4.34e+00   1.8 7.31e-02 1.00e+00f  1
 459r 3.0423127e+00 6.51e+04 1.37e+03   1.9 5.23e+00   1.3 7.75e-01 1.00e+00f  1
iter    objective    inf_pr   inf_du lg(mu)  ||d||  lg(rg) alpha_du alpha_pr  ls
 460r 2.3468660e+00 6.51e+04 2.36e+03   1.2 1.57e+01   0.9 8.21e-01 7.93e-01f  1
 461r 2.1463076e+00 6.51e+04 2.92e+03   0.7 4.79e+01   0.4 6.66e-01 3.75e-01f  1
 462r 2.0530119e+00 6.51e+04 3.08e+03  -4.7 1.44e+02  -0.1 3.19e-01 1.47e-01f  1
 463r 2.3636501e+00 6.51e+04 1.01e+04   1.1 5.47e+01   0.3 7.69e-01 2.81e-01f  1
 464r 1.7005733e+00 6.51e+04 6.44e+03   0.9 1.61e+02  -0.2 2.50e-01 6.89e-01f  1
 465r 1.8520318e+00 6.51e+04 6.42e+03   3.0 4.39e+03   1.2 3.25e-04 4.60e-03f  1
 466r 1.5432182e+00 6.51e+04 4.86e+03   1.1 1.92e+01   0.7 1.06e-01 2.30e-01f  1
 467r 1.5535446e+00 6.51e+04 6.42e+03   1.1 1.31e+01   2.0 6.72e-01 5.02e-01f  1
 468r 1.5565509e+00 6.51e+04 5.26e+03   1.1 7.45e+00   2.5 1.84e-02 3.77e-01h  1
 469r 1.5585540e+00 6.51e+04 3.83e+03   1.1 3.79e+00   2.9 2.09e-01 6.64e-01h  1
iter    objective    inf_pr   inf_du lg(mu)  ||d||  lg(rg) alpha_du alpha_pr  ls
 470r 1.5581770e+00 6.51e+04 2.57e+03   0.6 1.48e+00   3.3 4.13e-01 3.44e-01f  1
 471r 1.5564145e+00 6.51e+04 1.90e+03  -0.9 1.57e+00   2.8 2.23e-01 4.56e-01f  1
 472r 1.5566296e+00 6.51e+04 1.51e+03  -0.4 7.43e-01   3.3 9.98e-01 6.93e-01f  1
 473r 1.5575815e+00 6.51e+04 1.84e+03   0.7 1.65e+00   2.8 9.94e-01 2.25e-01f  1
 474r 1.5569216e+00 6.51e+04 9.11e+02  -0.0 4.24e-01   3.2 1.00e+00 6.57e-01f  1
 475r 1.5588782e+00 6.51e+04 6.97e+02  -0.7 9.61e-01   2.7 1.00e+00 5.58e-01f  1
 476r 1.5611298e+00 6.51e+04 6.13e+02  -2.1 3.62e-01   3.2 1.00e+00 4.91e-01f  1
 477r 1.5705252e+00 6.51e+04 5.53e+02  -2.6 1.07e+00   2.7 7.85e-01 4.97e-01f  1
 478r 1.5732279e+00 6.51e+04 5.32e+02  -3.0 4.05e-01   3.1 1.00e+00 3.21e-01f  1
 479r 1.5738720e+00 6.51e+04 6.23e+02  -1.4 1.26e+00   2.6 1.00e+00 9.97e-02f  1
iter    objective    inf_pr   inf_du lg(mu)  ||d||  lg(rg) alpha_du alpha_pr  ls
 480r 1.5748663e+00 6.51e+04 5.04e+02  -2.3 4.65e-01   3.1 1.00e+00 4.41e-01f  1
 481r 1.5736680e+00 6.51e+04 8.03e+02  -2.8 1.47e+00   2.6 1.00e+00 1.56e-01f  1
 482r 1.5732124e+00 6.51e+04 5.16e+02  -1.5 5.41e-01   3.0 1.00e+00 3.00e-01f  1
 483r 1.5727638e+00 6.51e+04 1.01e+03  -0.8 1.78e+00   2.5 4.62e-01 7.13e-02f  1
 484r 1.5717690e+00 6.51e+04 5.92e+02  -1.3 6.36e-01   2.9 5.34e-01 3.47e-01f  1
 485r 1.5727563e+00 6.51e+04 8.18e+02   0.6 2.49e+00   2.5 4.92e-02 6.74e-03f  1
 486r 1.5713583e+00 6.51e+04 6.68e+02  -1.0 9.07e-01   2.9 2.06e-02 2.13e-01f  1
 487r 1.5710287e+00 6.51e+04 1.08e+03  -1.0 2.75e-01   3.3 1.02e-01 4.02e-01f  1
 488r 1.5716467e+00 6.51e+04 1.19e+03   0.2 1.50e+00   2.8 2.05e-01 5.84e-02f  1
 489r 1.5711480e+00 6.51e+04 7.76e+02  -0.7 3.66e-01   3.3 1.00e+00 3.28e-01f  1
iter    objective    inf_pr   inf_du lg(mu)  ||d||  lg(rg) alpha_du alpha_pr  ls
 490r 1.5710967e+00 6.51e+04 6.43e+02  -0.7 4.26e-01   2.8 1.00e+00 1.28e-02f  1
 491r 1.5706212e+00 6.51e+04 3.64e+02  -0.7 1.83e-01   3.2 1.00e+00 5.59e-01f  1
 492r 1.5696373e+00 6.51e+04 4.57e+02  -0.8 4.61e-01   2.7 1.00e+00 1.60e-01f  1
 493r 1.5695530e+00 6.51e+04 7.95e+02  -2.1 1.46e-01   3.2 1.00e+00 2.45e-02f  1
 494r 1.5647090e+00 6.51e+04 3.44e+02  -2.1 5.09e-01   2.7 1.00e+00 3.98e-01f  1
 495r 1.5715673e+00 6.51e+04 6.27e+02   0.4 5.04e+00   2.2 1.44e-01 3.51e-02f  1
 496r 1.5672375e+00 6.51e+04 8.17e+02  -0.7 5.86e-01   2.6 1.00e+00 3.10e-01f  1
 497r 1.5589015e+00 6.51e+04 5.19e+02  -0.7 2.17e+00   2.2 1.00e+00 2.54e-01f  1
 498r 1.5501863e+00 6.51e+04 1.92e+02  -0.7 4.78e-01   2.6 1.00e+00 7.22e-01f  1
 499r 1.5496990e+00 6.51e+04 8.76e+02  -0.7 1.30e+01   2.1 1.00e-01 2.42e-02f  1
iter    objective    inf_pr   inf_du lg(mu)  ||d||  lg(rg) alpha_du alpha_pr  ls
 500r 1.5463378e+00 6.51e+04 5.62e+02  -0.7 6.21e-01   2.5 5.77e-01 2.46e-01f  1
 501r 1.5441836e+00 6.51e+04 5.09e+02  -0.7 2.36e-01   3.0 1.00e+00 4.21e-01f  1
 502r 1.5408811e+00 6.51e+04 3.99e+02  -0.7 6.45e-01   2.5 4.28e-01 2.12e-01f  1
 503r 1.5386200e+00 6.51e+04 3.63e+02  -0.7 1.41e-01   2.9 8.68e-01 3.87e-01f  1
 504r 1.5343412e+00 6.51e+04 2.84e+02  -0.7 4.80e-01   2.4 1.31e-01 2.41e-01f  1
 505r 1.5327068e+00 6.51e+04 2.54e+02  -0.9 1.58e-01   2.9 1.00e+00 2.03e-01f  1
 506r 1.5302322e+00 6.51e+04 2.73e+02  -0.4 4.75e-01   2.4 1.00e+00 2.53e-01f  1
 507r 1.5272894e+00 6.51e+04 2.68e+02  -0.6 4.28e+00   1.9 3.55e-03 5.00e-02f  1
 508r 1.5220278e+00 6.51e+04 1.93e+02  -0.6 5.34e-01   2.3 1.00e+00 2.33e-01f  1
 509r 1.5179408e+00 6.51e+04 3.39e+02  -0.6 1.60e+00   1.9 1.00e+00 6.03e-02f  1
iter    objective    inf_pr   inf_du lg(mu)  ||d||  lg(rg) alpha_du alpha_pr  ls
 510r 1.5173867e+00 6.51e+04 1.29e+03   0.2 4.85e+00   1.4 1.00e+00 2.53e-02f  1
 511r 1.4727592e+00 6.51e+04 6.04e+02  -0.3 1.79e+00   1.8 7.91e-01 5.65e-01f  1
 512r 1.4119205e+00 6.51e+04 4.22e+02  -0.3 5.39e+00   1.3 4.56e-01 3.30e-01f  1
 513r 1.3452464e+00 6.51e+04 3.29e+02  -0.3 1.61e+01   0.9 4.94e-02 1.73e-01f  1
 514r 1.3416133e+00 6.51e+04 1.27e+04  -0.7 6.02e+00   1.3 1.00e+00 1.69e-02f  1
 515r 1.3316712e+00 6.51e+04 1.61e+04  -0.0 1.58e+01   0.8 1.00e+00 6.69e-02f  1
 516r 1.2795576e+00 6.51e+04 1.41e+04  -0.4 5.32e+00   1.2 1.00e+00 3.94e-01f  1
 517r 1.2577542e+00 6.51e+04 1.17e+04  -0.8 1.60e+01   0.8 1.00e+00 1.75e-01f  1
 518r 1.2840351e+00 6.51e+04 1.08e+04   0.6 4.80e+01   0.3 1.00e+00 6.18e-02f  1
 519r 1.2646171e+00 6.50e+04 3.93e+03   0.1 1.43e+02  -0.2 5.12e-01 6.31e-01f  1
iter    objective    inf_pr   inf_du lg(mu)  ||d||  lg(rg) alpha_du alpha_pr  ls
 520r 1.3324357e+00 6.50e+04 3.77e+03   1.2 4.30e+02  -0.7 2.28e-01 4.22e-02f  1
 521r 1.3975368e+00 6.50e+04 3.86e+03   0.9 1.23e+03  -1.2 3.16e-01 1.18e-01f  1
 522r 1.4300000e+00 6.50e+04 6.19e+03   1.2 3.58e+03  -1.6 3.05e-01 3.28e-02f  1
 523r 1.4971170e+00 6.50e+04 7.81e+03   1.1 1.37e+03  -1.2 4.16e-01 9.97e-02f  1
 524r 1.6470724e+00 6.49e+04 8.56e+03   1.7 3.81e+03  -1.7 1.47e-01 4.77e-02f  1
 525r 1.7929731e+00 6.49e+04 1.06e+04   1.8 1.38e+03  -1.3 3.58e-01 6.30e-02f  1
 526r 1.8634409e+00 6.49e+04 1.24e+04   2.1 3.04e+03  -1.7 2.87e-01 2.85e-02f  1
 527r 1.9606397e+00 6.45e+04 1.05e+04   1.7 8.06e+03  -2.2 1.10e-01 1.42e-01f  1
 528r 1.9309608e+00 6.44e+04 1.00e+04  -4.6 4.47e+03  -1.8 1.54e-02 3.61e-02f  1
 529r 2.2700783e+00 6.44e+04 1.37e+04   1.7 1.77e+02  -0.5 6.29e-01 1.55e-01f  1
iter    objective    inf_pr   inf_du lg(mu)  ||d||  lg(rg) alpha_du alpha_pr  ls
 530r 1.9633836e+00 6.44e+04 5.35e+03   1.4 5.02e+02  -0.9 4.53e-01 6.08e-01f  1
 531r 1.9217474e+00 6.42e+04 4.77e+03   1.2 1.51e+03  -1.4 1.97e-01 4.03e-01f  1
 532r 1.9304275e+00 6.42e+04 4.68e+03   1.4 5.74e+02  -1.0 9.06e-01 1.94e-02f  1
 533r 2.1467416e+00 6.41e+04 6.52e+03   1.8 1.69e+03  -1.5 2.18e-01 8.64e-02f  1
 534r 2.1241583e+00 6.41e+04 6.19e+03   1.3 4.59e+03  -1.9 2.07e-01 4.17e-02f  1
 535r 2.4149917e+00 6.40e+04 6.23e+03   2.4 1.33e+04  -2.4 2.15e-01 3.06e-02f  1
 536r 2.3046109e+00 5.80e+04 2.26e+04   1.5 5.22e+04    -  1.77e-02 1.13e-01f  1
 537r 2.4522919e+00 5.78e+04 2.08e+04   1.9 5.02e+03  -2.0 2.92e-01 1.19e-01f  1
 538r 2.4892992e+00 5.72e+04 2.07e+04   2.4 7.72e+04    -  6.81e-02 8.72e-03f  1
 539r 2.3497117e+00 5.36e+04 1.67e+04  -0.4 3.88e+04    -  2.61e-02 9.15e-02f  1
iter    objective    inf_pr   inf_du lg(mu)  ||d||  lg(rg) alpha_du alpha_pr  ls
 540r 2.9292861e+00 5.35e+04 1.45e+04   1.9 5.53e+02  -1.6 8.64e-01 1.87e-01f  1
 541r 2.6720340e+00 4.53e+04 1.66e+04  -4.3 7.55e+04    -  2.60e-03 1.08e-01f  1
 542r 4.5862325e+00 4.51e+04 1.49e+04   2.0 1.71e+03  -2.0 2.06e-01 1.30e-01f  1
 543r 4.1428510e+00 3.59e+04 1.32e+04   1.6 6.67e+04    -  6.01e-02 1.37e-01f  1
 544r 3.8758225e+00 3.56e+04 2.31e+04  -4.3 3.79e+03  -2.5 1.16e-02 7.70e-02f  1
 545r 4.0529863e+00 3.56e+04 1.33e+04   1.1 7.84e+00   0.6 7.66e-01 5.95e-01f  1
 546r 5.9670485e+00 2.43e+04 1.66e+04   2.6 2.28e+05    -  1.45e-01 9.00e-02f  1
 547r 5.6996949e+00 2.43e+04 1.21e+04   1.5 2.65e+00   1.9 6.19e-01 2.70e-01f  1
 548r 5.1586062e+00 1.95e+04 1.10e+04   0.4 1.15e+05    -  8.23e-02 1.29e-01f  1
 549r 5.0353223e+00 1.94e+04 2.59e+03   1.2 1.66e+00   1.5 1.00e+00 7.85e-01f  1
iter    objective    inf_pr   inf_du lg(mu)  ||d||  lg(rg) alpha_du alpha_pr  ls
 550r 4.7971229e+00 1.94e+04 3.67e+02   0.7 5.15e-01   1.9 9.84e-01 9.46e-01f  1
 551r 4.7737973e+00 1.94e+04 1.51e+03  -0.2 2.28e-01   2.3 8.63e-01 3.06e-01f  1
 552r 4.6034516e+00 1.94e+04 6.70e+02  -0.3 1.01e+00   1.8 1.00e+00 9.00e-01f  1
 553r 4.5196971e+00 1.94e+04 1.08e+02  -0.9 3.81e-01   2.3 1.00e+00 8.14e-01f  1
 554r 4.4233949e+00 1.94e+04 5.97e+02  -0.9 1.18e+00   1.8 1.00e+00 4.20e-01f  1
 555r 4.3550416e+00 1.94e+04 1.44e+02  -1.5 4.48e-01   2.2 1.00e+00 7.45e-01f  1
 556r 4.3350917e+00 1.94e+04 1.18e+03  -1.5 1.24e+00   1.7 1.00e+00 9.59e-02f  1
 557r 4.3287620e+00 1.94e+04 1.37e+03  -2.0 4.28e-01   2.2 1.00e+00 7.72e-02f  1
 558r 4.2205246e+00 1.94e+04 7.96e+02  -1.9 1.25e+00   1.7 1.00e+00 5.02e-01f  1
 559r 4.1917986e+00 1.94e+04 4.59e+02  -2.1 4.72e-01   2.1 1.00e+00 3.69e-01f  1
iter    objective    inf_pr   inf_du lg(mu)  ||d||  lg(rg) alpha_du alpha_pr  ls
 560r 4.1748123e+00 1.94e+04 2.07e+03  -2.2 1.35e+00   1.6 1.00e+00 8.18e-02f  1
 561r 4.1489587e+00 1.94e+04 5.32e+02  -2.7 5.21e-01   2.1 1.00e+00 3.27e-01f  1
 562r 4.1403144e+00 1.94e+04 2.81e+03  -2.6 1.07e+00   1.6 1.00e+00 3.93e-02f  1
 563r 4.1146546e+00 1.94e+04 8.43e+02  -2.9 2.93e-01   2.0 1.00e+00 3.07e-01f  1
 564r 4.0856942e+00 1.94e+04 3.30e+03  -2.8 1.12e+00   1.5 1.00e+00 1.21e-01f  1
 565r 4.0657604e+00 1.94e+04 9.76e+02  -2.9 3.61e-01   2.0 1.00e+00 2.22e-01f  1
 566r 4.0416192e+00 1.94e+04 4.73e+03  -2.9 1.46e+00   1.5 1.00e+00 9.29e-02f  1
 567r 4.0243594e+00 1.94e+04 1.34e+03  -3.1 4.44e-01   1.9 1.00e+00 1.77e-01f  1
 568r 4.0019924e+00 1.94e+04 6.80e+03  -3.1 1.94e+00   1.4 1.00e+00 7.88e-02f  1
 569r 4.0004066e+00 1.94e+04 2.29e+03  -0.5 5.45e-01   1.9 9.20e-01 2.05e-02f  1
iter    objective    inf_pr   inf_du lg(mu)  ||d||  lg(rg) alpha_du alpha_pr  ls
 570r 3.8232635e+00 1.94e+04 2.79e+03  -1.1 2.51e+00   1.4 6.99e-01 4.82e-01f  1
 571r 3.8048701e+00 1.94e+04 3.92e+03  -1.1 9.29e-01   1.8 9.66e-01 1.53e-01f  1
 572r 3.7221793e+00 1.94e+04 3.35e+03  -1.1 6.27e+00   1.3 5.82e-03 2.37e-01f  1
 573r 3.7141941e+00 1.94e+04 3.35e+03  -1.1 2.57e+00   1.8 1.03e-02 6.04e-02f  1
 574r 3.6601915e+00 1.94e+04 2.90e+03  -1.1 3.13e+00   1.3 2.34e-01 1.40e-01f  1
 575r 3.6639028e+00 1.93e+04 1.12e+03  -0.2 1.80e-01   3.5 4.51e-01 3.91e-01f  1
 576r 3.6630552e+00 1.93e+04 4.17e+02  -0.5 4.82e-02   3.9 8.79e-01 1.00e+00f  1
 577r 3.6622716e+00 1.93e+04 4.82e+03  -0.6 2.51e-01   3.5 1.00e+00 3.78e-01f  1
 578r 3.6612225e+00 1.93e+04 6.30e+02  -2.0 8.41e-02   3.9 1.00e+00 8.57e-01f  1
 579r 3.6583799e+00 1.93e+04 2.61e+03  -1.6 3.44e-01   3.4 1.00e+00 5.53e-01f  1
iter    objective    inf_pr   inf_du lg(mu)  ||d||  lg(rg) alpha_du alpha_pr  ls
 580r 3.6587019e+00 1.92e+04 8.81e+03  -0.6 3.45e+00   2.9 2.94e-01 1.07e-01f  1
 581r 3.6586335e+00 1.92e+04 7.53e+03  -1.2 4.19e-01   3.4 1.00e+00 1.27e-02f  1
 582r 3.6586436e+00 1.92e+04 3.42e+03  -0.5 1.89e+00   2.9 1.00e+00 6.82e-02f  1
 583r 3.6562170e+00 1.91e+04 4.13e+03  -0.9 4.54e-01   3.3 2.39e-01 4.39e-01f  1
 584r 3.6461877e+00 1.72e+04 5.15e+04  -0.5 1.72e+00   2.8 1.00e+00 1.00e+00f  1
 585r 3.6446888e+00 1.77e+04 2.87e+04   0.0 5.16e+00   2.4 7.71e-01 4.51e-01f  1
 586r 3.6341505e+00 1.82e+04 2.09e+04   0.1 1.67e+00   2.8 1.00e+00 1.00e+00f  1
 587r 3.6132182e+00 1.40e+04 4.60e+05   0.4 6.94e+00   2.3 1.00e+00 1.00e+00f  1
 588r 3.5873968e+00 1.35e+04 3.46e+05   0.8 2.18e+01   1.8 7.39e-01 4.72e-01f  1
 589r 3.5863978e+00 1.35e+04 3.39e+05   0.5 6.72e+00   2.2 1.00e+00 1.81e-02f  1
iter    objective    inf_pr   inf_du lg(mu)  ||d||  lg(rg) alpha_du alpha_pr  ls
 590r 3.5060263e+00 1.80e+04 1.67e+05   0.9 2.30e+01   1.8 1.00e+00 1.00e+00f  1
 591r 3.5033440e+00 1.33e+04 1.11e+06   0.8 4.60e+00   3.1 2.15e-01 3.81e-01f  1
 592r 3.4810759e+00 1.41e+04 2.69e+05   0.0 2.56e+00   2.6 1.00e+00 9.51e-01f  1
 593r 3.4787182e+00 1.29e+04 1.04e+05   0.9 7.20e+00   2.1 1.00e+00 5.42e-01f  1
 594r 3.2589763e+00 4.49e+03 2.53e+05   0.6 2.09e+01   1.7 1.00e+00 1.00e+00f  1
 595r 3.1673202e+00 1.83e+03 1.80e+05   0.5 6.88e+01   1.2 1.00e+00 1.71e-01f  1
 596r 3.1682154e+00 1.83e+03 1.80e+05   2.6 1.55e+06    -  8.60e-06 1.13e-05f  1
 597r 3.1667074e+00 1.84e+03 1.79e+05   0.5 2.36e+04    -  8.87e-03 4.81e-04f  1
 598r 3.1949199e+00 1.84e+03 1.79e+05   2.2 1.93e+05    -  2.64e-02 7.70e-04f  1
 599r 3.0897687e+00 2.55e+03 1.71e+05   0.6 1.67e+04    -  7.95e-02 3.51e-02f  1
iter    objective    inf_pr   inf_du lg(mu)  ||d||  lg(rg) alpha_du alpha_pr  ls
 600r 3.2290175e+00 2.52e+03 1.69e+05   1.9 3.30e+04    -  2.71e-01 1.20e-02f  1
 601r 3.1335002e+00 2.42e+03 1.62e+05   0.9 1.22e+04    -  9.22e-02 4.07e-02h  3
 602r 2.9490569e+00 2.14e+03 1.44e+05   0.9 1.36e+04    -  2.72e-01 1.28e-01f  1
 603r 2.5861418e+00 1.57e+03 1.11e+05   0.9 1.14e+04    -  3.55e-01 2.86e-01f  1
 604r 2.6022409e+00 1.45e+03 7.45e+04   1.3 7.66e+03    -  1.00e+00 4.20e-01f  1
 605r 1.6371127e+00 3.39e+03 7.16e+04   1.1 8.27e+03    -  2.86e-01 1.00e+00h  1
 606r 1.7209788e+00 2.18e+03 3.84e+04   1.1 7.87e+03    -  3.35e-01 4.98e-01f  1
 607r 1.7889021e+00 8.27e+02 1.79e+04   1.1 3.86e+03    -  9.21e-01 7.20e-01f  1
 608r 1.8205861e+00 3.54e+02 3.67e+03   1.1 8.78e+02    -  1.00e+00 1.00e+00f  1
 609r 1.0696002e+00 3.48e+02 4.11e+02   0.2 8.00e+01    -  1.00e+00 8.81e-01f  1
iter    objective    inf_pr   inf_du lg(mu)  ||d||  lg(rg) alpha_du alpha_pr  ls
 610r 9.5895991e-01 3.45e+02 3.69e+02  -0.7 2.08e+00   0.7 9.85e-01 4.31e-01f  1
 611r 8.7992337e-01 3.43e+02 5.04e+02  -1.2 6.85e+00   0.2 1.00e+00 2.57e-01f  1
 612r 8.7949672e-01 3.42e+02 4.38e+02  -6.0 4.14e+01  -0.2 7.78e-02 1.26e-01f  1
 613r 8.1241040e-01 3.41e+02 2.13e+02  -1.5 2.21e+00   1.1 1.00e+00 7.16e-01f  1
 614r 7.8646653e-01 3.41e+02 1.74e+02  -1.2 9.05e-01   1.5 1.00e+00 5.52e-01f  1
 615  7.8604818e-01 3.41e+02 1.00e+00  -6.1 1.30e+06    -  1.16e-03 9.67e-06h  8
 616  7.8590218e-01 3.41e+02 1.00e+00  -6.1 1.48e+06    -  2.29e-03 4.05e-06h 10
 617  7.8576742e-01 3.41e+02 1.00e+00  -6.1 1.58e+06    -  4.62e-03 4.27e-06h 11
 618  7.8539486e-01 3.41e+02 1.00e+00  -6.1 1.50e+06    -  5.83e-03 1.44e-05h 10
 619  7.8528309e-01 3.41e+02 1.00e+00  -6.1 1.33e+06    -  9.19e-03 5.39e-06h 12
iter    objective    inf_pr   inf_du lg(mu)  ||d||  lg(rg) alpha_du alpha_pr  ls
 620  4.9783960e-01 1.87e+04 9.83e-01  -6.1 1.13e+06    -  1.64e-02 1.72e-02h  1
 621  4.9797755e-01 1.87e+04 9.82e-01  -6.1 2.35e+03  -4.4 9.16e-07 1.73e-04h  1
 622r 4.9797755e-01 1.87e+04 9.99e+02   3.3 0.00e+00  -4.8 0.00e+00 1.10e-07R 10
 623r 4.9803669e-01 1.87e+04 9.98e+02  -2.8 7.98e+04    -  3.88e-04 6.40e-04f  1
 624r 4.9807323e-01 1.87e+04 1.00e+03  -2.8 1.13e+01   2.0 9.95e-01 2.24e-03f  1
 625r 5.0336870e-01 1.87e+04 5.67e+03   1.0 6.52e+00   2.4 4.05e-01 6.57e-02f  1
 626r 5.3644197e-01 1.87e+04 1.68e+03   1.1 2.71e+00   2.9 6.52e-01 8.71e-01f  1
 627r 5.3741615e-01 1.87e+04 5.94e+03   1.4 3.86e-01   4.2 8.24e-01 3.04e-01f  1
 628r 5.3800209e-01 1.87e+04 3.00e+04   1.1 2.76e-01   4.6 1.00e+00 1.00e+00f  1
 629r 5.3805010e-01 1.87e+04 2.02e+04   0.1 1.30e-01   5.0 1.00e+00 1.00e+00f  1
iter    objective    inf_pr   inf_du lg(mu)  ||d||  lg(rg) alpha_du alpha_pr  ls
 630r 5.3807181e-01 1.87e+04 5.68e+04  -0.4 1.74e-01   5.5 1.00e+00 1.00e+00f  1
 631r 5.3806798e-01 1.87e+04 1.73e+04  -1.4 6.02e-02   5.0 1.00e+00 7.90e-01f  1
 632r 5.3806724e-01 1.87e+04 2.61e+03  -3.3 4.43e-02   4.5 1.00e+00 9.23e-01f  1
 633r 5.3806717e-01 1.87e+04 1.44e+03  -4.7 1.05e-01   4.0 1.00e+00 5.84e-01f  1
 634r 5.3806717e-01 1.87e+04 1.43e+03  -5.9 3.17e-01   3.6 1.00e+00 2.48e-03f  1
 635r 5.3806716e-01 1.87e+04 1.37e+03  -6.3 9.72e-01   3.1 1.00e+00 1.55e-01f  1
 636r 5.3806707e-01 1.87e+04 1.37e+03  -6.3 2.91e+00   2.6 1.00e+00 6.16e-04f  1
 637r 5.3807285e-01 1.87e+04 1.30e+03  -1.9 1.09e+00   3.0 1.00e+00 1.35e-01f  1
 638r 5.3807021e-01 1.87e+04 1.28e+03  -1.7 5.39e+00   2.5 1.00e+00 3.27e-03f  1
 639r 5.3807328e-01 1.87e+04 1.15e+03  -1.8 1.23e+00   3.0 1.00e+00 5.71e-02f  1
iter    objective    inf_pr   inf_du lg(mu)  ||d||  lg(rg) alpha_du alpha_pr  ls
 640r 5.3803610e-01 1.87e+04 1.22e+03  -2.0 7.29e+00   2.5 4.30e-01 3.39e-02f  1
 641r 5.3808314e-01 1.87e+04 2.85e+03  -0.2 1.40e+00   2.9 1.00e+00 2.89e-02f  1
 642r 5.4059901e-01 1.87e+04 2.00e+04   0.8 4.77e+00   2.4 1.00e+00 6.36e-02f  1
 643r 5.4456612e-01 1.87e+04 1.46e+04   1.1 1.55e+00   2.9 1.00e+00 1.17e-01f  1
 644r 1.2992141e+00 1.87e+04 1.60e+04   2.8 6.25e+00   2.4 5.23e-01 1.78e-01f  1
 645r 1.5516136e+00 1.87e+04 1.09e+04   2.6 1.76e+00   2.8 1.00e+00 1.00e+00f  1
 646r 1.5533367e+00 1.87e+04 4.41e+04   1.9 6.74e-01   4.1 1.00e-01 6.76e-01f  1
 647r 1.5542622e+00 1.87e+04 2.13e+06   1.9 9.45e-01   4.6 5.19e-01 6.72e-01f  1
 648r 1.5542765e+00 1.87e+04 3.67e+05   1.9 2.21e-01   5.9 1.98e-01 7.41e-01f  1
 649r 1.5545009e+00 1.87e+04 5.75e+05   1.9 9.79e-02   5.4 9.32e-01 1.00e+00f  1
iter    objective    inf_pr   inf_du lg(mu)  ||d||  lg(rg) alpha_du alpha_pr  ls
 650r 1.5550299e+00 1.87e+04 2.32e+05   1.9 1.11e-01   4.9 1.00e+00 9.03e-01f  1
 651r 1.5565617e+00 1.87e+04 5.52e+04   1.9 1.11e-01   4.5 1.00e+00 1.00e+00f  1
 652r 1.5557397e+00 1.87e+04 1.21e+03   0.2 1.04e-01   4.0 9.98e-01 1.00e+00f  1
 653r 1.5556277e+00 1.87e+04 1.03e+03  -1.0 3.21e-01   3.5 1.00e+00 3.49e-01f  1
 654r 1.5558293e+00 1.87e+04 1.04e+03  -0.6 1.03e+00   3.0 1.00e+00 1.70e-01f  1
 655r 1.8223419e+00 1.87e+04 2.07e+03   2.8 5.30e+00   2.6 2.42e-01 2.59e-01f  1
 656r 1.8372717e+00 1.87e+04 1.80e+03   2.4 5.07e+00   3.0 2.16e-01 1.61e-01f  1
 657r 1.8349290e+00 1.86e+04 5.36e+03   1.7 4.02e+00   2.5 3.82e-01 4.12e-01f  1
 658r 1.8410071e+00 1.86e+04 3.10e+03   1.7 1.27e+00   2.9 6.57e-01 4.47e-01f  1
 659r 1.8446002e+00 1.86e+04 3.40e+03   1.7 1.03e+00   3.4 4.41e-01 4.96e-01f  1
iter    objective    inf_pr   inf_du lg(mu)  ||d||  lg(rg) alpha_du alpha_pr  ls
 660r 1.8489659e+00 1.86e+04 2.68e+04   1.9 2.47e+00   3.8 6.36e-01 7.22e-01f  1
 661r 1.8531304e+00 1.86e+04 9.85e+04   2.3 1.06e+00   4.2 3.53e-01 6.89e-01f  1
 662r 1.8528336e+00 1.86e+04 2.44e+04   0.7 7.88e-02   4.6 1.00e+00 1.00e+00f  1
 663r 1.8527932e+00 1.86e+04 1.99e+03  -0.7 9.61e-02   4.2 1.00e+00 8.41e-01f  1
 664r 1.8537919e+00 1.86e+04 1.35e+03   0.9 2.51e-01   3.7 1.00e+00 3.02e-01f  1
 665r 1.8657525e+00 1.86e+04 1.07e+03   0.7 7.53e-01   3.2 9.99e-01 2.42e-01f  1
 666r 1.8867024e+00 1.86e+04 2.08e+03   0.6 2.17e+00   2.7 1.00e+00 1.48e-01f  1
 667r 1.8779549e+00 1.86e+04 8.45e+03   1.6 7.09e+00   2.3 5.87e-01 1.46e-01f  1
 668r 1.8935573e+00 1.86e+04 1.19e+04   1.1 2.22e+00   2.7 7.64e-01 1.68e-01f  1
 669r 1.9159440e+00 1.86e+04 7.48e+03   0.5 8.34e-01   3.1 1.00e+00 3.97e-01f  1
iter    objective    inf_pr   inf_du lg(mu)  ||d||  lg(rg) alpha_du alpha_pr  ls
 670r 1.9016483e+00 1.86e+04 8.58e+03   1.7 2.49e+00   2.6 9.00e-01 2.31e-01f  1
 671r 2.0301795e+00 1.86e+04 7.14e+03   1.8 7.42e+00   2.2 6.18e-01 1.71e-01f  1
 672r 3.2743140e-01 1.86e+04 7.36e+03   3.5 4.98e+01   1.7 1.99e-02 6.04e-02f  1
 673r 3.8672491e-01 1.86e+04 1.20e+04   2.2 5.91e-01   3.9 8.17e-01 1.00e+00f  1
 674r 5.0075372e-01 1.86e+04 9.80e+03   2.2 3.93e-01   3.4 1.00e+00 1.00e+00f  1
 675r 7.2618355e-01 1.86e+04 2.31e+03   2.2 1.18e+00   3.0 1.00e+00 1.00e+00f  1
 676r 7.7291022e-01 1.86e+04 1.51e+03   1.5 3.52e+00   2.5 8.24e-01 3.28e-01f  1
 677r 8.0422860e-01 1.86e+04 1.31e+03   0.8 1.32e+00   2.9 9.83e-01 4.28e-01f  1
 678r 8.7796539e-01 1.85e+04 1.49e+03   0.6 3.96e+00   2.4 1.00e+00 2.58e-01f  1
 679r 9.2404732e-01 1.85e+04 1.06e+03  -0.1 1.49e+00   2.9 1.00e+00 3.33e-01f  1
iter    objective    inf_pr   inf_du lg(mu)  ||d||  lg(rg) alpha_du alpha_pr  ls
 680r 1.0049163e+00 1.85e+04 4.68e+03  -0.1 4.44e+00   2.4 1.00e+00 1.94e-01f  1
 681r 1.0795249e+00 1.85e+04 1.75e+04   2.2 1.33e+01   1.9 3.77e-01 1.15e-01f  1
 682r 1.1174432e+00 1.85e+04 3.64e+04   1.5 4.98e+00   2.3 9.23e-01 1.43e-01f  1
 683r 1.1751858e+00 1.85e+04 2.26e+04   1.3 1.87e+00   2.7 9.93e-01 3.95e-01f  1
 684r 1.2103312e+00 1.85e+04 8.97e+03   1.2 7.02e-01   3.2 9.93e-01 5.26e-01f  1
 685r 1.2796066e+00 1.85e+04 1.18e+04   0.9 2.10e+00   2.7 9.93e-01 3.51e-01f  1
 686r 1.3068173e+00 1.85e+04 1.36e+04   0.3 7.88e-01   3.1 1.00e+00 2.99e-01f  1
 687r 1.3568854e+00 1.85e+04 1.65e+04   0.1 2.36e+00   2.6 1.00e+00 1.99e-01f  1
 688r 1.4175868e+00 1.85e+04 1.89e+04   0.3 7.05e+00   2.2 9.89e-01 1.03e-01f  1
 689r 1.5012514e+00 1.85e+04 1.98e+04  -0.2 2.09e+01   1.7 2.70e-01 6.38e-02f  1
iter    objective    inf_pr   inf_du lg(mu)  ||d||  lg(rg) alpha_du alpha_pr  ls
 690r 1.5410152e+00 1.85e+04 1.91e+04  -0.1 7.92e+00   2.1 2.63e-01 7.00e-02f  1
 691r 1.5767898e+00 1.85e+04 1.35e+04  -0.1 2.98e+00   2.5 1.00e+00 1.45e-01f  1
 692r 1.6276443e+00 1.85e+04 2.28e+04   1.3 8.89e+00   2.1 1.00e+00 1.16e-01f  1
 693r 1.6862123e+00 1.84e+04 2.11e+04   1.9 2.63e+01   1.6 3.63e-01 7.51e-02f  1
 694r 1.7239802e+00 1.84e+04 1.71e+04   1.6 9.99e+00   2.0 9.32e-01 1.15e-01f  1
 695r 1.7778924e+00 1.84e+04 1.13e+04   1.2 3.76e+00   2.4 9.97e-01 3.24e-01f  1
 696r 1.8564610e+00 1.84e+04 9.71e+03   1.5 1.12e+01   2.0 1.00e+00 1.92e-01f  1
 697r 1.7494312e+00 1.84e+04 8.34e+03   2.9 5.02e+00   2.4 1.42e-01 2.21e-01f  1
 698r 1.7600462e+00 1.84e+04 2.32e+03   2.2 3.25e-01   3.7 1.00e+00 1.00e+00f  1
 699r 1.7703353e+00 1.84e+04 1.85e+03   1.5 5.93e-01   3.2 1.00e+00 8.20e-01f  1
iter    objective    inf_pr   inf_du lg(mu)  ||d||  lg(rg) alpha_du alpha_pr  ls
 700r 1.8078537e+00 1.84e+04 6.83e+03   1.2 1.78e+00   2.8 9.65e-01 3.81e-01f  1
 701r 1.8743739e+00 1.84e+04 1.28e+04   1.4 5.31e+00   2.3 9.68e-01 2.02e-01f  1
 702r 1.9557026e+00 1.84e+04 1.27e+04   1.4 1.58e+01   1.8 9.92e-01 1.23e-01f  1
 703r 1.7730275e+00 1.84e+04 1.47e+04   3.6 2.43e+01   2.2 4.02e-02 7.25e-02f  1
 704r 1.7883379e+00 1.83e+04 2.49e+03   2.3 4.89e-01   3.6 1.00e+00 1.00e+00f  1
 705r 1.8099397e+00 1.83e+04 1.87e+03   1.6 8.42e-01   3.1 1.00e+00 8.22e-01f  1
 706r 1.8858549e+00 1.83e+04 4.03e+03   0.9 2.53e+00   2.6 8.54e-01 4.63e-01f  1
 707r 1.9756605e+00 1.83e+04 9.17e+03   1.8 7.50e+00   2.1 6.92e-01 1.72e-01f  1
 708r 2.1391436e+00 1.83e+04 9.94e+03   2.2 2.22e+01   1.7 6.27e-01 1.81e-01f  1
 709r 2.2754072e+00 1.83e+04 1.11e+04   2.3 6.63e+01   1.2 2.22e-01 9.03e-02f  1
iter    objective    inf_pr   inf_du lg(mu)  ||d||  lg(rg) alpha_du alpha_pr  ls
 710r 2.2813031e+00 1.82e+04 1.08e+04  -4.0 2.48e+01   1.6 2.67e-01 1.00e-01f  1
 711r 2.3771456e+00 1.82e+04 1.26e+04   1.5 9.31e+00   2.0 9.86e-01 2.25e-01f  1
 712r 2.4556233e+00 1.82e+04 7.12e+03   1.2 3.49e+00   2.5 9.91e-01 4.06e-01f  1
 713r 2.5805525e+00 1.82e+04 7.13e+03   1.0 1.05e+01   2.0 9.96e-01 2.31e-01f  1
 714r 2.7908998e+00 1.82e+04 6.85e+03   1.8 3.13e+01   1.5 1.00e+00 2.34e-01f  1
 715r 2.7936729e+00 1.81e+04 6.81e+03  -4.3 1.92e+05    -  6.13e-04 3.42e-04f  1
 716r 2.8813207e+00 1.81e+04 1.06e+04   2.4 9.30e+01   1.0 3.57e-01 2.06e-02f  1
 717r 2.8827519e+00 1.77e+04 1.05e+04   1.3 9.03e+04    -  3.56e-03 4.68e-03f  1
 718r 2.8899235e+00 1.66e+04 1.03e+04  -4.2 2.93e+05    -  7.17e-04 3.62e-03f  1
 719r 2.8942483e+00 1.66e+04 1.62e+04  -0.3 2.68e+02   0.6 1.40e-01 3.05e-03f  1
iter    objective    inf_pr   inf_du lg(mu)  ||d||  lg(rg) alpha_du alpha_pr  ls
 720r 3.3349616e+00 1.66e+04 1.68e+04   2.7 7.26e+02   0.1 5.27e-02 2.67e-02f  1
 721r 3.3585841e+00 1.60e+04 1.69e+04   2.7 6.32e+04    -  1.74e-02 9.77e-03f  1
 722r 3.3451688e+00 1.54e+04 1.68e+04  -4.1 6.56e+04    -  1.15e-02 9.24e-03f  1
 723r 3.3689339e+00 1.54e+04 1.66e+04  -4.1 1.01e+03  -0.4 1.68e-02 1.51e-02f  1
 724r 3.4243234e+00 1.54e+04 1.57e+04   1.6 1.79e+03  -0.9 8.95e-03 2.37e-02f  1
 725r 3.4291699e+00 1.48e+04 1.58e+04   2.2 2.27e+05    -  6.55e-03 2.55e-03f  1
 726r 3.4236497e+00 1.40e+04 1.56e+04  -4.1 1.56e+05    -  1.31e-03 4.90e-03f  1
 727r 3.4366836e+00 1.40e+04 1.67e+04   1.0 4.74e+03  -1.4 4.21e-02 7.87e-03f  1
 728r 3.4460441e+00 7.01e+03 1.61e+04  -4.1 6.28e+05    -  1.28e-03 1.11e-02f  1
 729r 3.4906718e+00 6.92e+03 1.83e+04   1.9 1.11e+04  -1.8 7.83e-02 1.11e-02f  1
iter    objective    inf_pr   inf_du lg(mu)  ||d||  lg(rg) alpha_du alpha_pr  ls
 730r 3.5309054e+00 6.92e+03 2.98e+04   1.9 8.57e+00   1.3 7.02e-01 1.47e-01f  1
 731r 3.3152954e+00 6.90e+03 1.20e+04  -4.1 2.35e+01   0.8 3.85e-01 5.38e-01f  1
 732r 3.5576496e+00 6.89e+03 8.37e+03  -4.4 1.58e+01   1.2 1.96e-01 2.73e-01f  1
 733r 3.5644488e+00 6.89e+03 4.56e+03   1.1 7.34e-01   3.5 4.53e-01 4.40e-01f  1
 734r 3.5863125e+00 6.89e+03 6.35e+03   1.1 7.88e-01   3.0 9.82e-01 5.92e-01f  1
 735r 3.6046642e+00 6.89e+03 2.42e+03   0.2 2.57e-01   3.4 1.00e+00 7.72e-01f  1
 736r 3.6102544e+00 6.89e+03 2.61e+04   1.2 1.08e+00   3.0 1.00e+00 2.59e-01f  1
 737r 3.6262945e+00 6.89e+03 1.32e+04  -5.0 9.08e+00   2.5 2.26e-02 1.17e-01f  1
 738r 3.6836695e+00 6.89e+03 2.70e+03   0.9 1.18e+00   2.9 9.01e-01 8.36e-01f  1
 739r 3.7768045e+00 6.82e+03 3.51e+04   0.3 6.59e+00   2.4 4.56e-02 5.85e-01f  1
iter    objective    inf_pr   inf_du lg(mu)  ||d||  lg(rg) alpha_du alpha_pr  ls
 740r 3.8131523e+00 6.86e+03 3.31e+04   0.6 1.58e+00   2.9 1.00e+00 5.99e-01f  1
 741r 3.8869280e+00 6.80e+03 1.75e+04   0.2 9.42e+00   2.4 4.59e-01 4.49e-01f  1
 742r 3.8060485e+00 6.80e+03 2.61e+04   2.2 1.93e+01   1.9 9.36e-02 2.51e-02f  1
 743r 3.8022885e+00 6.80e+03 2.61e+04   0.9 6.48e+00   2.3 1.32e-01 1.09e-01f  1
 744r 3.8500140e+00 6.82e+03 4.53e+04   0.9 1.80e+00   2.7 4.66e-01 1.00e+00f  1
 745r 3.9623563e+00 6.71e+03 1.17e+04   0.8 5.59e+00   2.3 9.96e-01 1.00e+00f  1
 746r 3.9978920e+00 6.70e+03 1.08e+04   0.7 1.71e+01   1.8 8.37e-03 1.40e-01f  1
 747r 4.0208120e+00 6.69e+03 1.04e+04  -5.2 5.22e+01   1.3 6.56e-03 3.48e-02f  1
 748r 4.0224197e+00 6.70e+03 9.23e+03  -0.4 2.85e-01   3.5 8.82e-01 1.13e-01f  1
 749r 4.0238667e+00 6.70e+03 1.34e+04   0.9 8.62e-01   3.1 1.00e+00 8.99e-02f  1
iter    objective    inf_pr   inf_du lg(mu)  ||d||  lg(rg) alpha_du alpha_pr  ls
 750r 4.0804921e+00 6.70e+03 1.09e+03   0.6 2.56e+00   2.6 1.00e+00 1.00e+00f  1
 751r 4.2060844e+00 6.64e+03 3.81e+03   0.2 7.64e+00   2.1 9.90e-01 6.88e-01f  1
 752r 4.3496653e+00 6.56e+03 7.01e+03   0.2 2.30e+01   1.6 1.00e+00 3.43e-01f  1
 753r 4.3506673e+00 6.47e+03 8.76e+03   1.1 6.92e+01   1.2 8.14e-01 1.13e-01f  1
 754r 4.3358517e+00 6.13e+03 9.18e+03   1.3 2.09e+02   0.7 2.27e-01 1.11e-01f  1
 755r 4.2017361e+00 5.59e+03 7.54e+03   1.2 7.73e+01   1.1 1.00e+00 6.00e-01f  1
 756r 4.1957480e+00 5.20e+03 1.30e+04   1.6 2.32e+02   0.6 9.05e-01 1.69e-01f  1
 757r 4.1927616e+00 5.25e+03 2.44e+04   1.8 1.36e+00   2.9 8.56e-01 1.79e-01f  1
 758r 4.1764949e+00 5.29e+03 3.10e+03   0.9 4.08e+00   2.4 9.97e-01 1.96e-01f  1
 759r 4.1791400e+00 5.40e+03 2.37e+03   0.4 1.53e+00   2.8 9.99e-01 6.65e-01f  1
iter    objective    inf_pr   inf_du lg(mu)  ||d||  lg(rg) alpha_du alpha_pr  ls
 760r 4.1905806e+00 5.47e+03 1.00e+03   0.4 5.73e-01   3.2 1.00e+00 9.97e-01f  1
 761r 4.2370912e+00 5.45e+03 3.62e+03   0.4 1.72e+00   2.8 5.98e-01 9.78e-01f  1
 762r 4.3082677e+00 5.42e+03 3.02e+03   0.2 5.16e+00   2.3 9.98e-01 6.69e-01f  1
 763r 4.3793527e+00 5.38e+03 5.39e+03  -0.2 1.55e+01   1.8 1.00e+00 2.88e-01f  1
 764r 4.4813533e+00 5.33e+03 2.52e+03  -0.9 5.80e+00   2.2 1.00e+00 8.54e-01f  1
 765r 4.5612686e+00 5.28e+03 2.70e+03  -0.8 1.74e+01   1.8 1.00e+00 3.50e-01f  1
 766r 4.5699899e+00 5.25e+03 2.43e+03  -1.6 6.53e+00   2.2 1.00e+00 3.93e-01f  1
 767r 4.5522697e+00 5.21e+03 6.55e+03  -1.5 1.96e+01   1.7 1.00e+00 2.02e-01f  1
 768r 4.5350036e+00 5.18e+03 3.56e+03  -1.8 7.34e+00   2.1 1.00e+00 4.82e-01f  1
 769r 4.5046530e+00 5.12e+03 2.77e+03  -1.7 2.20e+01   1.7 1.00e+00 2.79e-01f  1
iter    objective    inf_pr   inf_du lg(mu)  ||d||  lg(rg) alpha_du alpha_pr  ls
 770r 4.4919438e+00 5.10e+03 1.90e+03  -2.1 8.26e+00   2.1 1.00e+00 3.03e-01f  1
 771r 4.4679043e+00 5.05e+03 1.66e+03  -1.6 2.48e+01   1.6 1.00e+00 2.10e-01f  1
 772r 4.4513896e+00 5.02e+03 1.15e+03  -2.0 9.30e+00   2.0 1.00e+00 3.60e-01f  1
 773r 4.4284246e+00 4.97e+03 5.17e+03  -1.8 2.79e+01   1.6 1.00e+00 1.86e-01f  1
 774r 4.4119346e+00 4.94e+03 3.94e+03  -2.1 1.05e+01   2.0 1.00e+00 3.41e-01f  1
 775r 4.4115448e+00 4.93e+03 1.75e+04  -0.1 3.14e+01   1.5 4.79e-01 2.46e-02f  1
 776r 4.3547582e+00 4.83e+03 4.77e+03  -1.0 1.18e+01   1.9 6.12e-01 9.24e-01f  1
 777r 4.3487264e+00 4.80e+03 1.80e+03  -0.5 4.41e+00   2.4 7.58e-01 7.23e-01f  1
 778r 4.3381043e+00 4.78e+03 2.96e+03  -1.2 1.32e+01   1.9 1.00e+00 1.60e-01f  1
 779r 4.3322633e+00 4.77e+03 1.20e+04  -1.3 3.97e+01   1.4 1.00e+00 2.89e-02f  1
iter    objective    inf_pr   inf_du lg(mu)  ||d||  lg(rg) alpha_du alpha_pr  ls
 780r 4.2661018e+00 4.62e+03 2.29e+04  -0.4 1.19e+02   0.9 9.37e-01 1.30e-01f  1
 781r 4.1531221e+00 4.42e+03 1.14e+04  -0.8 4.47e+01   1.3 1.00e+00 4.79e-01f  1
 782r 4.1070497e+00 4.32e+03 1.39e+04  -0.5 1.34e+02   0.9 1.00e+00 7.85e-02f  1
 783r 4.0266529e+00 4.17e+03 1.01e+04  -0.8 5.03e+01   1.3 1.00e+00 3.14e-01f  1
 784r 3.9856145e+00 4.03e+03 8.91e+03   0.1 1.51e+02   0.8 1.00e+00 9.83e-02f  1
 785r 3.9286055e+00 3.89e+03 6.31e+03   0.0 5.65e+01   1.2 1.00e+00 2.84e-01f  1
 786r 3.8604864e+00 3.69e+03 1.00e+03   0.1 2.12e+01   1.7 1.00e+00 1.00e+00f  1
 787r 3.8911187e+00 3.61e+03 7.72e+03   0.7 6.36e+01   1.2 5.62e-01 1.32e-01f  1
 788r 3.9137075e+00 3.17e+03 1.95e+03   0.9 1.91e+02   0.7 5.16e-01 2.30e-01f  1
 789r 3.9123213e+00 3.16e+03 1.76e+03   0.4 7.16e+01   1.1 1.00e+00 6.49e-03f  1
iter    objective    inf_pr   inf_du lg(mu)  ||d||  lg(rg) alpha_du alpha_pr  ls
 790r 3.9085171e+00 3.15e+03 2.83e+03  -0.4 2.68e+01   1.6 1.00e+00 6.14e-02f  1
 791r 3.9008224e+00 3.11e+03 1.00e+03  -0.9 1.01e+01   2.0 1.00e+00 8.06e-01f  1
 792r 3.7959656e+00 2.91e+03 1.00e+03  -0.5 3.02e+01   1.5 1.00e+00 7.27e-01f  1
 793r 3.7602449e+00 2.83e+03 3.85e+03  -0.8 9.06e+01   1.0 1.00e+00 9.16e-02f  1
 794r 3.8041158e+00 2.70e+03 5.91e+03   0.6 2.72e+02   0.6 7.46e-01 5.23e-02f  1
 795r 3.6423933e+00 1.98e+03 1.91e+03  -0.1 1.02e+02   1.0 8.77e-01 7.15e-01f  1
 796r 3.6298020e+00 1.91e+03 1.65e+03  -0.7 3.82e+01   1.4 1.00e+00 2.06e-01f  1
 797r 3.6890665e+00 1.77e+03 5.14e+03   0.7 1.15e+02   0.9 6.59e-01 1.35e-01f  1
 798r 3.6800488e+00 1.74e+03 2.18e+03  -0.1 4.30e+01   1.4 1.00e+00 1.02e-01f  1
 799r 3.6552547e+00 1.62e+03 1.00e+03  -0.5 1.61e+01   1.8 1.00e+00 9.49e-01f  1
iter    objective    inf_pr   inf_du lg(mu)  ||d||  lg(rg) alpha_du alpha_pr  ls
 800r 3.6710878e+00 1.58e+03 6.91e+03   0.3 4.84e+01   1.3 5.50e-01 9.51e-02f  1
 801r 3.6659755e+00 1.50e+03 1.38e+03   0.1 1.81e+01   1.7 1.00e+00 4.68e-01f  1
 802r 3.6657772e+00 1.48e+03 9.33e+03  -0.5 6.80e+00   2.2 9.77e-01 2.41e-01f  1
 803r 3.6656072e+00 1.47e+03 2.64e+03  -0.7 2.55e+00   2.6 1.00e+00 7.58e-01f  1
 804r 3.6658710e+00 1.46e+03 2.07e+04   0.7 1.39e-01   3.9 1.98e-01 4.20e-01f  1
 805r 3.6654525e+00 1.46e+03 1.25e+03   0.8 5.43e-02   4.3 1.00e+00 1.00e+00f  1
 806r 3.6652581e+00 1.46e+03 1.61e+04   0.3 1.34e-01   3.9 9.98e-01 1.66e-01f  1
 807r 3.6650499e+00 1.46e+03 5.49e+03  -0.1 5.04e-02   4.3 1.00e+00 7.62e-01f  1
 808r 3.6647532e+00 1.46e+03 2.94e+03  -1.1 1.51e-01   3.8 1.00e+00 5.34e-01f  1
 809r 3.6649258e+00 1.46e+03 1.00e+03   0.1 4.54e-01   3.3 1.00e+00 1.00e+00f  1
iter    objective    inf_pr   inf_du lg(mu)  ||d||  lg(rg) alpha_du alpha_pr  ls
 810r 3.6617687e+00 1.45e+03 1.00e+03  -0.0 1.36e+00   2.9 1.00e+00 1.00e+00f  1
 811r 3.6543703e+00 1.41e+03 1.00e+03  -0.0 4.08e+00   2.4 1.00e+00 1.00e+00f  1
 812r 3.6557055e+00 1.41e+03 1.37e+03   1.3 1.53e+00   2.8 2.29e-01 2.05e-01f  1
 813r 3.6235338e+00 1.37e+03 1.23e+03   0.6 4.59e+00   2.3 1.00e+00 8.89e-01f  1
 814r 3.6222687e+00 1.35e+03 1.00e+03   0.6 1.72e+00   2.8 1.00e+00 1.00e+00f  1
 815r 3.6222088e+00 1.35e+03 1.00e+03   0.6 8.08e-02   4.1 1.00e+00 1.00e+00f  1
 816r 3.6220364e+00 1.35e+03 1.00e+03   0.6 2.42e-01   3.6 1.00e+00 1.00e+00f  1
 817r 3.6219747e+00 1.35e+03 1.00e+03   0.6 9.09e-02   4.0 1.00e+00 1.00e+00f  1
 818r 3.6218446e+00 1.34e+03 1.00e+03   0.6 2.73e-01   3.6 1.00e+00 1.00e+00f  1
 819r 3.6218138e+00 1.34e+03 1.00e+03   0.6 1.02e-01   4.0 1.00e+00 1.00e+00f  1
iter    objective    inf_pr   inf_du lg(mu)  ||d||  lg(rg) alpha_du alpha_pr  ls
 820r 3.6217217e+00 1.34e+03 1.00e+03   0.6 3.07e-01   3.5 1.00e+00 1.00e+00f  1
 821r 3.6216711e+00 1.34e+03 1.00e+03   0.6 9.20e-01   3.0 1.73e-01 2.53e-01f  1
 822r 3.6213712e+00 1.34e+03 1.57e+03   0.6 3.45e-01   3.5 1.00e+00 1.00e+00f  1
 823r 3.6206257e+00 1.33e+03 1.00e+03   0.6 1.04e+00   3.0 1.00e+00 1.00e+00f  1
 824r 3.6197830e+00 1.31e+03 1.00e+03   0.6 3.11e+00   2.5 1.00e+00 6.80e-01f  1
 825r 3.6192351e+00 1.30e+03 1.00e+03   0.6 1.16e+00   2.9 1.00e+00 1.00e+00f  1
 826r 3.6190984e+00 1.29e+03 1.00e+03   0.6 4.37e-01   3.4 1.00e+00 1.00e+00f  1
 827r 3.6188018e+00 1.28e+03 1.00e+03   0.6 1.31e+00   2.9 9.13e-01 1.00e+00f  1
 828r 3.6190711e+00 1.28e+03 1.00e+03   0.6 4.91e-01   3.3 1.00e+00 8.04e-01f  1
 829r 3.6190090e+00 1.26e+03 1.00e+03   0.6 1.47e+00   2.8 1.00e+00 1.00e+00f  1
iter    objective    inf_pr   inf_du lg(mu)  ||d||  lg(rg) alpha_du alpha_pr  ls
 830r 3.6193771e+00 1.26e+03 1.20e+03   0.6 4.42e+00   2.4 3.18e-01 7.83e-02f  1
 831r 3.6196292e+00 1.26e+03 1.00e+03   0.6 2.07e-01   3.7 1.00e+00 1.00e+00f  1
 832r 3.6196814e+00 1.25e+03 1.00e+03   0.6 6.22e-01   3.2 1.00e+00 1.00e+00f  1
 833r 3.6227834e+00 1.24e+03 1.00e+03  -0.5 1.87e+00   2.7 9.99e-01 8.36e-01f  1
 834r 3.6460824e+00 1.20e+03 1.00e+03  -1.0 5.60e+00   2.3 1.00e+00 6.47e-01f  1
 835r 3.6382754e+00 1.12e+03 1.56e+03  -1.0 1.68e+01   1.8 1.00e+00 5.45e-01f  1
 836r 3.6271456e+00 1.05e+03 3.18e+03  -0.7 5.04e+01   1.3 1.00e+00 1.33e-01f  1
 837r 3.6178143e+00 7.71e+02 4.37e+03  -0.7 1.51e+02   0.8 1.00e+00 1.96e-01f  1
 838r 3.6180860e+00 3.16e+02 5.57e+03  -0.4 4.53e+02   0.3 1.00e+00 1.07e-01f  1
 839r 3.6181699e+00 3.16e+02 5.42e+03  -6.5 1.36e+03  -0.1 1.45e-02 2.53e-02f  1
iter    objective    inf_pr   inf_du lg(mu)  ||d||  lg(rg) alpha_du alpha_pr  ls
 840r 3.6182090e+00 3.16e+02 5.45e+03  -0.1 4.79e+02   0.3 1.00e+00 7.18e-04f  1
 841r 3.6238015e+00 3.16e+02 5.77e+03  -0.0 5.44e+01  -0.2 1.00e+00 8.34e-02f  1
 842r 3.6528049e+00 3.15e+02 5.05e+03   0.7 1.61e+02  -0.7 3.04e-01 1.26e-01f  1
 843r 3.6435133e+00 2.99e+02 5.04e+03  -0.0 3.24e+04    -  2.65e-02 9.31e-03f  1
 844r 3.6815574e+00 2.98e+02 4.86e+03   1.1 3.72e+02  -1.1 2.03e-01 4.65e-02f  1
 845r 3.6569293e+00 2.81e+02 4.85e+03   0.2 2.37e+04    -  6.36e-02 2.31e-02f  1
 846r 3.6790692e+00 2.75e+02 4.76e+03   0.8 7.90e+02  -1.6 2.42e-01 5.16e-02f  1
 847r 3.7521603e+00 2.58e+02 4.96e+03   1.8 2.72e+04    -  9.41e-02 1.51e-02f  1
 848r 3.7178696e+00 2.58e+02 5.46e+03   0.5 1.12e+00   1.5 6.43e-01 1.43e-01f  1
 849r 3.7373791e+00 2.00e+02 5.68e+03   1.7 3.01e+04    -  1.06e-01 1.80e-02f  1
iter    objective    inf_pr   inf_du lg(mu)  ||d||  lg(rg) alpha_du alpha_pr  ls
 850r 3.6600103e+00 2.00e+02 4.58e+03   0.6 3.05e+00   1.0 2.68e-01 2.02e-01f  1
 851r 3.6630656e+00 2.00e+02 8.45e+01   0.6 3.60e-01   2.4 1.00e+00 1.00e+00f  1
 852  3.6387817e+00 2.00e+02 1.03e+00  -6.1 4.80e+06    -  2.05e-04 4.15e-05f  4
 853  3.6380441e+00 2.00e+02 1.03e+00  -6.1 1.95e+03  -5.3 2.56e-04 2.30e-04h  2
 854  3.6360531e+00 2.00e+02 1.03e+00  -6.1 1.84e+03  -5.8 2.31e-03 2.04e-04h  1
 855  3.6336326e+00 2.00e+02 1.03e+00  -6.1 2.44e+03  -6.3 5.58e-04 1.52e-04h  1
 856  3.6296969e+00 2.00e+02 1.03e+00  -6.1 3.60e+03  -6.7 3.70e-04 1.71e-04h  1
 857  3.6285805e+00 2.00e+02 1.03e+00  -6.1 4.84e+03  -7.2 2.98e-04 3.14e-05h  7
 858  3.6285271e+00 2.00e+02 1.03e+00  -6.1 8.18e+04  -7.7 7.64e-05 9.23e-07h  6
 859  3.6276239e+00 2.00e+02 1.03e+00  -6.1 5.57e+03  -7.3 5.08e-04 2.43e-05h  7
iter    objective    inf_pr   inf_du lg(mu)  ||d||  lg(rg) alpha_du alpha_pr  ls
 860  3.6272978e+00 2.00e+02 1.03e+00  -6.1 4.17e+03  -6.8 7.98e-04 1.28e-05h  8
 861  3.6265644e+00 2.00e+02 1.02e+00  -6.1 4.75e+03  -7.3 3.17e-04 1.88e-05h  7
 862  3.5752031e+00 2.00e+02 1.02e+00  -6.1 4.01e+03  -6.9 3.25e-03 1.88e-03h  1
 863  3.5653947e+00 1.99e+02 1.02e+00  -6.1 1.82e+04  -6.5 1.20e-05 7.27e-04h  1
 864  3.5635797e+00 1.99e+02 1.02e+00  -6.1 2.07e+04  -6.9 3.90e-05 8.53e-05h  1
 865  3.5303264e+00 1.99e+02 1.02e+00  -6.1 2.14e+04  -7.4 1.68e-03 7.57e-04f  1
 866r 3.5303264e+00 1.99e+02 9.99e+02   1.5 0.00e+00  -5.2 0.00e+00 2.71e-07R  7
 867r 3.5303266e+00 1.99e+02 9.98e+02  -0.7 4.73e+04    -  3.26e-03 2.24e-07f  1
 868r 3.5329694e+00 2.05e+02 9.98e+02   1.8 3.16e+04    -  1.47e-02 4.53e-04f  1
 869r 3.5899086e+00 1.98e+02 9.80e+02   1.4 1.95e+03    -  1.09e-01 1.79e-02f  1
iter    objective    inf_pr   inf_du lg(mu)  ||d||  lg(rg) alpha_du alpha_pr  ls
 870r 3.6478844e+00 1.68e+02 9.22e+02   0.9 2.06e+03    -  1.89e-01 5.85e-02f  1
 871r 3.6579380e+00 1.68e+02 8.65e+03   1.8 7.45e+00   2.0 4.57e-01 5.39e-02f  1
 872r 3.8515955e+00 1.28e+02 4.98e+03   1.4 1.21e+03    -  4.39e-01 1.72e-01f  1
 873r 4.6452440e+00 1.51e+02 7.22e+03   3.5 5.46e+01   1.5 2.13e-02 2.95e-02f  1
 874r 4.6517212e+00 1.45e+02 8.95e+03   2.0 1.29e+00   2.9 3.01e-01 1.00e+00f  1
 875r 4.7292030e+00 1.44e+02 3.64e+03   2.0 1.44e+00   2.4 6.63e-01 1.00e+00f  1
 876r 4.7628446e+00 1.35e+02 2.87e+03   1.3 3.66e+00   1.9 1.85e-01 8.23e-01f  1
 877r 4.7434523e+00 6.90e+01 1.22e+03  -4.4 2.09e+03    -  5.70e-01 1.92e-01f  1
 878  4.7125226e+00 6.90e+01 1.02e+00  -6.1 5.70e+06    -  1.22e-04 4.60e-05f  1
 879  4.6924135e+00 6.90e+01 1.02e+00  -6.1 4.45e+06    -  1.23e-04 2.66e-05f  1
iter    objective    inf_pr   inf_du lg(mu)  ||d||  lg(rg) alpha_du alpha_pr  ls
 880  4.6676746e+00 6.90e+01 1.02e+00  -6.1 5.68e+06    -  9.22e-05 2.96e-05f  1
 881  4.6487186e+00 6.90e+01 1.02e+00  -6.1 5.42e+06    -  1.97e-04 2.77e-05f  3
 882  4.6364224e+00 6.90e+01 1.02e+00  -6.1 5.80e+06    -  1.66e-04 1.79e-05h  5
 883  4.6339020e+00 6.90e+01 1.02e+00  -6.1 5.93e+06    -  2.53e-04 3.73e-06h  8
 884  4.6322875e+00 6.90e+01 1.02e+00  -6.1 6.85e+06    -  1.96e-04 2.11e-06h  9
 885  4.6307065e+00 6.90e+01 1.02e+00  -6.1 7.18e+06    -  1.71e-04 2.00e-06h  9
 886  4.2389793e+00 1.19e+03 1.02e+00  -6.1 7.20e+06    -  1.97e-04 4.99e-04f  1
 887  4.2391392e+00 1.19e+03 1.02e+00  -6.1 4.62e+03  -5.7 1.68e-03 3.57e-05h  6
 888  4.2371873e+00 1.21e+03 1.02e+00  -6.1 5.29e+03  -6.1 4.68e-04 1.39e-03h  1
 889  4.2122255e+00 1.21e+03 1.02e+00  -6.1 1.87e+04  -6.6 1.08e-03 1.75e-03h  1
iter    objective    inf_pr   inf_du lg(mu)  ||d||  lg(rg) alpha_du alpha_pr  ls
 890  4.2105776e+00 1.21e+03 1.01e+00  -6.1 1.93e+04  -7.1 7.73e-04 5.99e-05h  1
 891  4.2006351e+00 1.21e+03 1.01e+00  -6.1 2.33e+04  -7.6 1.10e-03 1.99e-04h  1
 892  4.1514012e+00 1.21e+03 1.01e+00  -6.1 2.77e+04  -7.1 4.18e-03 1.61e-03h  1
 893  3.9761745e+00 1.21e+03 1.01e+00  -6.1 2.68e+04  -7.6 2.11e-03 3.86e-03h  1
 894  3.9322912e+00 1.21e+03 9.90e-01  -6.1 2.71e+04  -7.2 1.69e-02 1.67e-03h  1
 895  3.6182508e+00 1.20e+03 9.89e-01  -6.1 2.56e+04  -7.7 1.29e-03 8.10e-03h  1
 896  2.8613219e+00 1.17e+03 9.83e-01  -6.1 4.65e+04  -8.2 5.77e-03 1.77e-02h  1
 897  2.8106194e+00 1.17e+03 9.68e-01  -6.1 2.65e+04  -7.7 1.50e-02 3.08e-03h  1
 898  2.7796155e+00 1.17e+03 9.57e-01  -6.1 2.10e+04  -7.3 1.12e-02 4.25e-03h  1
 899  2.6816424e+00 1.16e+03 9.49e-01  -6.1 3.40e+04  -7.8 1.27e-02 7.32e-03h  1
iter    objective    inf_pr   inf_du lg(mu)  ||d||  lg(rg) alpha_du alpha_pr  ls
 900  2.6255418e+00 1.15e+03 9.45e-01  -6.1 3.03e+04  -7.4 5.46e-02 4.24e-03h  1
 901  2.6103259e+00 1.15e+03 9.41e-01  -6.1 1.97e+04  -6.9 8.21e-03 4.89e-03h  1
 902  2.5793926e+00 1.15e+03 9.40e-01  -6.1 2.24e+05  -7.4 2.12e-04 9.84e-04h  1
 903  2.5630478e+00 1.14e+03 9.33e-01  -6.1 1.96e+04  -7.0 6.78e-02 6.62e-03h  1
 904  2.4868910e+00 1.13e+03 9.28e-01  -6.1 8.00e+04  -7.5 2.24e-03 5.55e-03h  1
 905  2.1815022e+00 1.07e+03 1.04e+00  -6.1 2.66e+04  -7.0 1.36e-02 5.44e-02h  1
 906  2.1047280e+00 1.06e+03 8.75e-01  -6.1 6.21e+04  -7.5 6.62e-03 5.85e-03h  1
 907  2.0052723e+00 1.04e+03 8.53e-01  -6.1 7.58e+03  -7.1 5.38e-02 2.25e-02h  1
 908  1.5917287e+00 9.64e+02 7.90e-01  -6.1 8.31e+03  -7.6 4.69e-03 7.39e-02h  1
 909  7.6279208e-01 7.84e+02 7.67e-01  -6.1 1.43e+04  -8.0 3.22e-04 2.35e-01h  1
iter    objective    inf_pr   inf_du lg(mu)  ||d||  lg(rg) alpha_du alpha_pr  ls
 910  1.1060556e-01 4.02e+03 7.35e-01  -6.1 1.01e+04  -8.5 5.35e-02 5.11e-01h  1
 911  6.9308962e-08 4.53e+03 7.24e-01  -6.1 3.67e+03  -8.1 3.03e-02 4.86e-01h  1
 912  8.4840555e-04 3.12e+03 7.37e-01  -6.1 3.42e+03  -7.7 2.99e-04 2.93e-01h  1
 913  2.4149343e-01 2.29e+03 1.37e+00  -6.1 1.82e+03  -7.2 1.68e-04 8.78e-01h  1
 914  2.6888091e-01 2.07e+02 1.83e+00  -6.1 3.45e+02  -6.8 4.57e-05 1.00e+00h  1
 915  1.9755888e-01 2.10e+01 5.38e+01  -6.1 4.26e+02  -7.3 2.49e-01 1.00e+00h  1
 916  1.1371731e-01 7.98e+01 4.80e+01  -6.1 6.64e+02  -7.8 1.08e-01 1.00e+00h  1
 917  3.4063647e-02 6.70e+02 3.46e+01  -6.1 1.39e+03  -8.2 2.79e-01 1.00e+00h  1
 918  1.7031831e-02 6.71e+02 3.01e+01  -6.1 1.88e+03    -  1.31e-01 4.24e-01h  2
 919  2.2125645e-09 3.13e+02 1.57e+01  -6.1 3.78e+02    -  4.77e-01 5.18e-01h  1
iter    objective    inf_pr   inf_du lg(mu)  ||d||  lg(rg) alpha_du alpha_pr  ls
 920  5.3865401e-03 6.06e+01 3.66e+01  -6.7 3.16e+02    -  8.09e-03 1.00e+00h  1
 921  9.6817971e-03 1.19e+00 8.02e+02  -4.7 2.26e+01  -6.0 6.08e-01 1.00e+00h  1
 922  7.0565833e-03 2.71e-01 1.19e+02  -4.7 2.52e+01  -6.5 8.52e-01 1.00e+00h  1
 923  4.3019952e-03 1.95e-01 1.64e-03  -4.7 4.71e+01  -7.0 1.00e+00 1.00e+00h  1
 924  4.5867788e-03 2.16e-02 2.44e-04  -4.7 1.29e+01  -6.5 1.00e+00 1.00e+00h  1
 925  4.4848518e-03 6.24e-02 6.48e-04  -4.7 2.68e+01  -7.0 9.76e-01 1.00e+00h  1
 926  4.5793014e-03 1.09e-01 1.56e-04  -4.7 3.65e+01  -7.5 1.00e+00 1.00e+00h  1
 927  4.5994997e-03 6.25e-02 3.94e-05  -4.7 3.15e+01  -8.0 1.00e+00 1.00e+00h  1
 928  4.5458572e-03 7.00e+00 2.77e-04  -4.7 9.71e+01  -8.9 1.00e+00 1.00e+00h  1
 929  4.5160996e-03 6.56e+01 2.91e-04  -4.7 2.99e+02  -9.4 1.00e+00 1.00e+00h  1
iter    objective    inf_pr   inf_du lg(mu)  ||d||  lg(rg) alpha_du alpha_pr  ls
 930  4.4096622e-03 2.81e+02 9.94e-04  -4.7 6.28e+02  -9.9 1.00e+00 1.00e+00h  1
 931  4.3705571e-03 1.29e+02 9.85e-04  -4.7 3.48e+02 -10.4 1.00e+00 1.00e+00h  1
 932  4.3674548e-03 4.31e+01 2.08e-04  -4.7 2.41e+02  -9.9 1.00e+00 1.00e+00h  1
 933  4.3384255e-03 1.14e+02 6.56e-04  -4.7 3.71e+02 -10.4 1.00e+00 1.00e+00h  1
 934  4.3110355e-03 3.23e+02 1.16e-03  -4.7 4.93e+02 -10.9 1.00e+00 1.00e+00h  1
 935  4.3085335e-03 7.17e+01 8.86e-04  -4.7 2.88e+02    -  1.00e+00 1.00e+00h  1
 936  4.2445974e-03 2.16e+03 1.08e-02  -4.7 2.94e+03    -  1.00e+00 1.00e+00h  1
 937  3.3787816e-03 2.46e+03 1.31e-02  -4.7 1.73e+03    -  2.01e-01 7.17e-01h  1
 938  3.5317309e-03 2.37e+03 1.33e-02  -4.7 1.64e+02  -5.9 1.37e-01 3.84e-02h  1
 939  4.0608185e-03 2.33e+03 1.25e-02  -4.7 6.20e+02  -6.4 1.13e-02 1.70e-02h  2
iter    objective    inf_pr   inf_du lg(mu)  ||d||  lg(rg) alpha_du alpha_pr  ls
 940  4.1385117e-03 2.32e+03 1.56e-01  -4.7 1.09e+03  -6.9 7.17e-02 3.19e-03h  4
 941  4.1711242e-03 2.32e+03 2.49e-01  -4.7 7.39e+02  -6.5 5.64e-02 5.05e-04h  6
 942  4.1824598e-03 2.32e+03 3.42e-01  -4.7 1.20e+03  -6.9 5.09e-02 9.03e-05h 11
 943  9.5393641e-03 2.26e+03 3.31e-01  -4.7 6.06e+02  -6.5 3.20e-02 3.20e-02s 17
 944  1.3385985e-02 2.10e+03 3.08e-01  -4.7 2.23e+03  -7.0 6.84e-02 6.84e-02s 17
 945  1.5483433e-02 1.74e+03 2.55e-01  -4.7 1.90e+03  -7.5 1.74e-01 1.74e-01s 17
 946  7.9931888e-04 1.01e+03 1.47e-01  -4.7 1.87e+03  -8.0 4.25e-01 4.25e-01s 17
 947  5.3263333e-03 6.87e+02 9.95e-02  -4.7 1.30e+03    -  3.21e-01 3.21e-01s 17
 948  3.7994130e-03 2.31e+02 1.60e-01  -4.7 7.77e+02    -  6.65e-01 0.00e+00S 17
 949  4.1716886e-03 2.09e+00 1.14e-01  -4.7 2.92e+02    -  2.00e-01 1.00e+00h  1
iter    objective    inf_pr   inf_du lg(mu)  ||d||  lg(rg) alpha_du alpha_pr  ls
 950  4.0411658e-03 3.64e+00 2.95e-03  -4.7 1.79e+02    -  1.00e+00 1.00e+00h  1
 951  3.8987002e-03 3.77e+00 6.40e-04  -4.7 1.42e+02    -  1.00e+00 1.00e+00h  1
 952  4.0469491e-03 3.71e+00 3.22e-04  -4.7 7.71e+01    -  1.00e+00 1.00e+00h  1
 953  4.2463905e-03 4.47e+00 1.56e-04  -4.7 8.61e+01    -  1.00e+00 1.00e+00h  1
 954  4.4040350e-03 1.43e+00 4.00e-05  -4.7 5.20e+01    -  1.00e+00 1.00e+00h  1
 955  4.4805443e-03 2.43e-01 4.18e-05  -4.7 3.56e+01    -  1.00e+00 1.00e+00h  1
 956  4.5283019e-03 1.04e-01 1.78e-05  -4.7 1.78e+01    -  1.00e+00 1.00e+00h  1
 957  4.5495960e-03 1.92e-02 2.40e-06  -4.7 5.04e+00    -  1.00e+00 1.00e+00h  1
 958  3.1774045e-03 6.26e+00 1.40e+01  -4.9 9.42e+01    -  1.00e+00 9.83e-01h  1
 959  3.2174664e-03 6.38e+00 2.32e+02  -5.0 2.73e+02    -  1.00e+00 1.25e-01h  4
iter    objective    inf_pr   inf_du lg(mu)  ||d||  lg(rg) alpha_du alpha_pr  ls
 960  3.7782530e-03 6.46e+00 3.46e-04  -5.0 2.10e+02    -  1.00e+00 1.00e+00H  1
 961  3.5684230e-03 3.76e-01 3.73e-05  -5.0 2.55e+01    -  1.00e+00 1.00e+00h  1
 962  3.6437442e-03 4.05e-02 1.09e-05  -5.0 6.82e+00    -  1.00e+00 1.00e+00h  1
 963  3.5332964e-03 6.82e+01 2.97e+01 -11.0 3.14e+02    -  9.71e-01 1.00e+00h  1
 964  3.5925429e-03 4.93e+00 1.35e+00  -6.6 8.30e+01    -  5.85e-01 1.00e+00h  1
 965  3.6179465e-03 2.00e-02 4.67e-07  -6.6 6.06e+00    -  1.00e+00 1.00e+00h  1
 966  3.6179609e-03 1.67e-02 1.05e-01 -11.0 4.36e+00    -  9.96e-01 1.00e+00h  1
 967  3.6179663e-03 7.32e-07 7.87e-13 -10.6 3.14e-02    -  1.00e+00 1.00e+00h  1
 968  3.6179663e-03 5.84e-10 3.12e-16 -11.0 2.24e-04    -  1.00e+00 1.00e+00h  1

Number of Iterations....: 968

                                   (scaled)                 (unscaled)
Objective...............:   3.6179663461892923e-03    3.6179663461892923e-03
Dual infeasibility......:   3.1157256972531231e-16    3.1157256972531231e-16
Constraint violation....:   7.3006041688608600e-12    5.8389559853821993e-10
Complementarity.........:   1.0000003158764833e-11    1.0000003158764833e-11
Overall NLP error.......:   1.0000003158764833e-11    5.8389559853821993e-10


Number of objective function evaluations             = 1284
Number of objective gradient evaluations             = 330
Number of equality constraint evaluations            = 1284
Number of inequality constraint evaluations          = 0
Number of equality constraint Jacobian evaluations   = 975
Number of inequality constraint Jacobian evaluations = 0
Number of Lagrangian Hessian evaluations             = 968
Total CPU secs in IPOPT (w/o function evaluations)   =     47.144
Total CPU secs in NLP function evaluations           =    131.082

EXIT: Optimal Solution Found.
