
******************************************************************************
This program contains Ipopt, a library for large-scale nonlinear optimization.
 Ipopt is released as open source code under the Eclipse Public License (EPL).
         For more information visit http://projects.coin-or.org/Ipopt
******************************************************************************

This is Ipopt version 3.12.3, running with linear solver mumps.
NOTE: Other linear solvers might be more efficient (see Ipopt documentation).

Number of nonzeros in equality constraint Jacobian...:    27612
Number of nonzeros in inequality constraint Jacobian.:     4800
Number of nonzeros in Lagrangian Hessian.............:    54207

Total number of variables............................:     4807
                     variables with only lower bounds:        0
                variables with lower and upper bounds:     1201
                     variables with only upper bounds:        0
Total number of equality constraints.................:     3612
Total number of inequality constraints...............:      800
        inequality constraints with only lower bounds:        0
   inequality constraints with lower and upper bounds:        0
        inequality constraints with only upper bounds:      800

iter    objective    inf_pr   inf_du lg(mu)  ||d||  lg(rg) alpha_du alpha_pr  ls
   0  1.7029430e+00 2.32e+00 5.15e-01   0.0 0.00e+00    -  0.00e+00 0.00e+00   0
   1  1.0977339e+00 5.07e+00 2.42e+03  -5.8 2.02e+01   0.0 4.58e-01 8.42e-01h  1
   2  1.3114550e+00 1.84e+00 8.83e+02   0.2 6.46e+00  -0.5 1.00e+00 1.00e+00f  1
   3  1.1330077e+00 3.18e-01 3.30e+02  -0.7 2.34e+00  -1.0 9.94e-01 1.00e+00h  1
   4  1.1447155e+00 5.89e-03 1.22e+00  -2.1 2.99e-01    -  1.00e+00 1.00e+00h  1
   5  1.0348555e+00 2.61e-01 1.43e-01  -3.0 3.45e+00    -  9.97e-01 1.00e+00h  1
   6  8.7050445e-01 7.65e-01 1.41e-01  -4.0 5.24e+00    -  9.99e-01 1.00e+00h  1
   7  6.7811277e-01 1.75e+00 9.79e-02  -4.4 5.89e+00    -  1.00e+00 1.00e+00h  1
   8  6.9297754e-01 8.60e-02 5.62e-03  -4.1 3.09e+00    -  1.00e+00 1.00e+00h  1
   9  6.7343603e-01 6.73e-02 1.42e-03  -4.9 2.15e+00    -  9.46e-01 1.00e+00h  1
iter    objective    inf_pr   inf_du lg(mu)  ||d||  lg(rg) alpha_du alpha_pr  ls
  10  6.6790456e-01 4.94e-02 8.46e-05  -5.3 5.88e+00    -  1.00e+00 1.00e+00h  1
  11  6.6781846e-01 6.15e-04 1.23e-05  -5.5 4.73e+00    -  1.00e+00 1.00e+00h  1
  12  6.6687503e-01 6.45e-03 5.88e-06  -6.2 2.72e+00    -  1.00e+00 1.00e+00h  1
  13  6.6677090e-01 4.45e-03 4.04e-07  -6.6 1.14e+00    -  1.00e+00 1.00e+00h  1
  14  6.6667517e-01 1.32e-03 1.36e-07  -7.4 6.08e-01    -  1.00e+00 1.00e+00h  1
  15  6.6666078e-01 1.63e-03 1.34e-07  -8.6 5.18e-01    -  1.00e+00 1.00e+00h  1
  16  6.6665997e-01 1.25e-04 2.22e-08  -9.4 1.47e-01    -  1.00e+00 1.00e+00h  1
  17  6.6665984e-01 4.22e-06 1.53e-08 -10.2 4.21e-02    -  1.00e+00 1.00e+00h  1
  18  6.6665983e-01 1.06e-06 3.77e-09 -10.8 1.73e-02    -  1.00e+00 1.00e+00h  1
  19  6.6665983e-01 8.78e-12 1.85e-10 -11.0 2.55e-03    -  1.00e+00 1.00e+00h  1
iter    objective    inf_pr   inf_du lg(mu)  ||d||  lg(rg) alpha_du alpha_pr  ls
  20  6.6665983e-01 7.11e-15 4.24e-13 -11.0 1.19e-04    -  1.00e+00 1.00e+00h  1

Number of Iterations....: 20

                                   (scaled)                 (unscaled)
Objective...............:   6.6665982517909939e-01    6.6665982517909939e-01
Dual infeasibility......:   4.2439516206774373e-13    4.2439516206774373e-13
Constraint violation....:   7.1054273576010019e-15    7.1054273576010019e-15
Complementarity.........:   1.0002488883095679e-11    1.0002488883095679e-11
Overall NLP error.......:   1.0002488883095679e-11    1.0002488883095679e-11


Number of objective function evaluations             = 21
Number of objective gradient evaluations             = 21
Number of equality constraint evaluations            = 21
Number of inequality constraint evaluations          = 21
Number of equality constraint Jacobian evaluations   = 21
Number of inequality constraint Jacobian evaluations = 21
Number of Lagrangian Hessian evaluations             = 20
Total CPU secs in IPOPT (w/o function evaluations)   =      7.835
Total CPU secs in NLP function evaluations           =      3.353

EXIT: Optimal Solution Found.
