# ** Batch optimization parameters **
# Index of the varying constant : 0
# Starting value of this constant : 1
# Ending value of this constant : 20
# Number of steps in this interval (number of optimizations) : 20

# ** Optimization results **
#  n   | constant value  |  final objective  |  constraint viol. |  nb iter. | status |
1        1                  -3.9326             2.22045e-15         15         0        
2        2                  -8.13007            6.66134e-15         18         0        
3        3                  -11.4079            8.88178e-15         32         0        
4        4                  -14.5783            7.10543e-15         16         0        
5        5                  -17.2691            9.76996e-15         33         0        
6        6                  -19.5858            1.5099e-14          43         1        
7        7                  -21.5656            1.95399e-14         31         1        
8        8                  -23.1584            2.06085e-14         41         1        
9        9                  -24.4165            1.95399e-14         48         1        
10       10                 -25.3241            2.4869e-14          35         1        
11       11                 -25.8953            2.13163e-14         31         1        
12       12                 -26.1379            3.10862e-14         33         1        
13       13                 -26.0551            2.30926e-14         36         1        
14       14                 -25.6549            2.57572e-14         39         1        
15       15                 -24.9426            2.79776e-14         40         1        
16       16                 -23.924             3.82611e-14         34         1        
17       17                 -22.6038            3.30846e-14         37         1        
18       18                 -20.9869            5.14588e-14         40         1        
19       19                 -19.0779            3.19744e-14         46         1        
20       20                 -16.881             3.06699e-14         47         1        

# Successful optimizations : 20/20
