
******************************************************************************
This program contains Ipopt, a library for large-scale nonlinear optimization.
 Ipopt is released as open source code under the Eclipse Public License (EPL).
         For more information visit http://projects.coin-or.org/Ipopt
******************************************************************************

This is Ipopt version 3.12.8, running with linear solver mumps.
NOTE: Other linear solvers might be more efficient (see Ipopt documentation).

Number of nonzeros in equality constraint Jacobian...:    19469
Number of nonzeros in inequality constraint Jacobian.:        0
Number of nonzeros in Lagrangian Hessian.............:    13965

Total number of variables............................:     3990
                     variables with only lower bounds:        5
                variables with lower and upper bounds:      450
                     variables with only upper bounds:        0
Total number of equality constraints.................:     3691
Total number of inequality constraints...............:        0
        inequality constraints with only lower bounds:        0
   inequality constraints with lower and upper bounds:        0
        inequality constraints with only upper bounds:        0

iter    objective    inf_pr   inf_du lg(mu)  ||d||  lg(rg) alpha_du alpha_pr  ls
   0  1.5000000e+00 3.38e+02 2.51e-03   0.0 0.00e+00    -  0.00e+00 0.00e+00   0
   1  1.4964714e+00 3.37e+02 5.12e+00  -6.0 2.83e+03  -2.5 6.01e-03 2.77e-03h  1
   2  1.4744065e+00 3.32e+02 3.03e+01  -0.7 2.92e+03  -3.0 1.33e-01 1.52e-02h  1
   3  1.4578496e+00 3.28e+02 6.59e+02   0.8 2.86e+03  -2.5 6.54e-02 1.15e-02h  1
   4  1.4574957e+00 3.28e+02 2.07e+05   1.2 2.80e+03  -0.3 1.71e-01 2.49e-04h  1
   5  1.4290165e+00 3.21e+02 2.29e+05   1.5 2.81e+03  -0.8 1.13e-01 1.99e-02h  1
   6  1.4125107e+00 3.17e+02 1.36e+06   1.9 2.75e+03  -0.3 1.00e+00 1.17e-02h  1
   7  1.3259969e+00 1.28e+03 1.56e+06   3.0 2.74e+03   0.1 1.89e-01 6.23e-02h  1
   8  1.3182786e+00 1.27e+03 1.64e+06   3.0 2.60e+03   2.3 5.56e-03 6.05e-03h  1
   9  1.3181875e+00 1.27e+03 1.92e+06   3.0 2.63e+03   4.5 5.55e-05 7.13e-05h  1
iter    objective    inf_pr   inf_du lg(mu)  ||d||  lg(rg) alpha_du alpha_pr  ls
  10  1.3180775e+00 1.27e+03 6.74e+06   3.0 2.61e+03   5.0 2.68e-05 8.65e-05h  1
  11  1.3180220e+00 1.27e+03 2.36e+07   3.0 2.61e+03   5.4 1.34e-04 4.37e-05h  1
  12  1.3179815e+00 1.27e+03 1.91e+08   3.0 2.61e+03   5.8 2.17e-04 3.19e-05h  1
  13  1.3178379e+00 1.27e+03 3.77e+09   3.0 2.63e+03   5.3 9.60e-03 1.13e-04h  1
  14  1.3164360e+00 1.27e+03 3.69e+09   3.0 2.60e+03   4.9 3.30e-04 1.10e-03h  1
  15  1.3152047e+00 1.27e+03 4.06e+09   3.0 2.61e+03   4.4 1.54e-02 9.69e-04h  1
  16  1.3115351e+00 1.27e+03 4.04e+09   3.0 2.60e+03   4.8 2.75e-03 2.89e-03h  1
  17  1.3078716e+00 1.26e+03 4.30e+09   3.0 2.59e+03   4.3 3.06e-02 2.91e-03h  1
  18  1.3064617e+00 1.26e+03 4.30e+09   3.0 2.58e+03   4.8 1.26e-03 1.12e-03h  1
  19  1.3064279e+00 1.26e+03 4.27e+09   3.0 8.89e+03   4.3 5.24e-03 2.72e-05h  1
iter    objective    inf_pr   inf_du lg(mu)  ||d||  lg(rg) alpha_du alpha_pr  ls
  20  1.3031664e+00 1.26e+03 4.33e+09   3.0 2.59e+03   4.7 8.25e-03 2.59e-03h  1
  21  1.3013595e+00 1.26e+03 4.47e+09  -3.4 2.58e+03   5.1 4.96e-03 1.44e-03h  1
  22  1.3002776e+00 1.26e+03 4.37e+09   3.0 2.58e+03   5.6 1.07e-05 8.61e-04h  1
  23  1.2992511e+00 1.26e+03 4.35e+09   3.0 2.55e+03   5.1 1.82e-06 8.23e-04h  1
  24  1.2964452e+00 1.25e+03 5.64e+09   3.0 2.60e+03   4.6 6.39e-04 2.24e-03h  1
  25  1.2954810e+00 1.25e+03 6.57e+09   3.0 3.53e+03   5.0 5.90e-03 7.69e-04h  1
  26  1.2900660e+00 1.25e+03 3.72e+10   3.0 7.56e+03   4.6 3.72e-04 4.36e-03f  1
  27  1.2895554e+00 1.25e+03 3.77e+10   3.0 1.09e+04   5.0 1.68e-03 4.15e-04h  1
  28  1.2883340e+00 1.25e+03 4.56e+10   3.0 8.05e+03   5.4 1.41e-03 9.86e-04h  1
  29  1.2876134e+00 1.25e+03 4.60e+10   3.0 1.34e+04   4.9 2.37e-02 5.96e-04h  1
iter    objective    inf_pr   inf_du lg(mu)  ||d||  lg(rg) alpha_du alpha_pr  ls
  30  1.2845407e+00 1.24e+03 9.40e+10   3.0 1.01e+04   5.4 2.50e-04 2.51e-03h  1
  31  1.2842295e+00 1.24e+03 9.51e+10   3.0 9.41e+03   5.8 1.82e-05 2.54e-04h  1
  32  1.2841395e+00 1.24e+03 9.37e+10   3.0 6.48e+04   5.3 3.65e-05 7.19e-05h  1
  33  1.2838381e+00 1.24e+03 9.43e+10   3.0 9.17e+03   5.7 5.16e-03 2.46e-04h  1
  34  1.2820862e+00 1.24e+03 2.12e+11   3.0 7.48e+03   6.2 1.36e-03 1.42e-03h  1
  35  1.2818926e+00 1.24e+03 2.16e+11   3.0 6.42e+03   6.6 1.97e-04 1.57e-04h  1
  36r 1.2818926e+00 1.24e+03 1.00e+03   3.0 0.00e+00   6.1 0.00e+00 3.02e-07R  4
  37r 1.2676513e+00 9.83e+02 1.28e+03  -3.0 3.55e+03    -  2.28e-02 1.93e-02f  1
  38r 7.6414626e-01 3.24e+03 3.85e+03  -3.0 9.35e+04  -4.0 5.03e-03 1.39e-02f  1
  39r 7.6624038e-01 3.19e+03 3.76e+03  -3.1 3.32e+02   0.0 8.99e-03 1.65e-02f  1
iter    objective    inf_pr   inf_du lg(mu)  ||d||  lg(rg) alpha_du alpha_pr  ls
  40r 6.5432461e-01 3.18e+03 4.19e+03   3.2 2.52e+05    -  1.76e-02 4.58e-03f  1
  41r 6.7101495e-01 2.98e+03 4.51e+03   2.3 1.35e+03    -  2.71e-02 6.64e-02f  1
  42r 6.5196670e-01 2.91e+03 4.27e+03  -3.1 2.86e+03    -  1.02e-01 2.29e-02f  1
  43r 6.6606897e-01 2.62e+03 3.77e+03  -3.1 2.64e+01   1.4 6.42e-02 1.02e-01f  1
  44r 6.9785746e-01 2.03e+03 2.95e+05   1.7 5.10e+01   0.9 2.21e-01 2.38e-01f  1
  45r 7.0730729e-01 1.84e+03 2.17e+06   3.6 5.74e+00   4.9 2.09e-01 9.38e-02f  1
  46r 7.1620391e-01 1.68e+03 3.66e+06   4.2 2.22e+01   4.5 8.29e-01 9.34e-02f  1
  47r 7.8889311e-01 4.88e+02 3.09e+07   3.3 1.96e+01   4.0 1.99e-01 8.77e-01f  1
  48r 7.8960408e-01 5.42e+02 1.33e+07   4.4 2.22e+01   4.4 4.50e-01 6.33e-01f  1
  49  6.6441295e-01 5.22e+02 7.75e+00  -0.1 2.89e+03    -  7.65e-01 1.12e-01h  2
iter    objective    inf_pr   inf_du lg(mu)  ||d||  lg(rg) alpha_du alpha_pr  ls
  50  6.3140991e-01 5.79e+02 2.80e+10  -6.1 2.41e+03   5.6 3.73e-02 3.91e-02h  1
  51  6.2901353e-01 5.78e+02 2.80e+10   1.8 2.50e+03   6.1 1.00e+00 3.12e-03h  1
  52  6.2897533e-01 5.77e+02 2.80e+10   3.0 2.51e+03   6.5 4.93e-01 4.99e-05h  1
  53  6.2842843e-01 5.77e+02 2.80e+10   3.0 2.51e+03   6.9 1.14e-01 7.15e-04h  1
  54  6.2580065e-01 5.75e+02 2.79e+10   3.0 2.51e+03   6.4 4.76e-02 3.44e-03h  1
  55  6.2383366e-01 5.74e+02 4.09e+10   3.0 2.52e+03   6.9 1.72e-01 2.59e-03h  1
MUMPS returned INFO(1) = -9 and requires more memory, reallocating.  Attempt 1
  Increasing icntl[13] from 1000 to 2000.
  56  5.9993438e-01 5.76e+02 2.46e+11   3.0 2.53e+03   7.3 4.75e-02 3.15e-02h  1
  57  5.9895871e-01 5.75e+02 2.47e+11   3.0 2.63e+03   7.7 6.61e-02 1.36e-03h  1
  58  5.9872947e-01 5.75e+02 2.46e+11   3.0 2.64e+03   7.2 8.29e-02 3.20e-04h  1
  59  5.7557184e-01 5.64e+02 5.86e+11   3.0 2.64e+03   7.7 1.71e-01 3.24e-02h  1
MUMPS returned INFO(1) = -9 and requires more memory, reallocating.  Attempt 1
  Increasing icntl[13] from 2000 to 4000.
iter    objective    inf_pr   inf_du lg(mu)  ||d||  lg(rg) alpha_du alpha_pr  ls
  60  5.6439809e-01 5.55e+02 7.43e+11   3.0 2.77e+03   8.1 7.02e-04 1.65e-02h  1
  61  5.6415005e-01 5.55e+02 7.43e+11   3.0 3.57e+03   7.6 7.37e-03 3.74e-04h  1
  62  5.6406415e-01 5.55e+02 7.43e+11   3.0 2.84e+03   8.0 1.59e-02 1.30e-04h  1
  63  5.5979041e-01 5.51e+02 8.31e+11   3.0 2.84e+03   8.5 2.66e-02 6.46e-03h  1
  64  4.9336070e-01 5.68e+02 1.24e+13   3.0 2.87e+03   8.0 9.04e-02 1.01e-01h  1
  65  4.8712692e-01 5.62e+02 1.29e+13   3.0 3.52e+03   8.4 4.67e-02 1.14e-02h  1
  66  4.8707988e-01 5.62e+02 1.29e+13   3.0 3.61e+03   8.8 7.02e-02 8.76e-05h  1
MUMPS returned INFO(1) = -9 and requires more memory, reallocating.  Attempt 1
  Increasing icntl[13] from 4000 to 8000.
  67  4.8688533e-01 5.62e+02 1.29e+13   3.0 3.61e+03   9.3 8.70e-02 3.62e-04h  1
  68  4.4389512e-01 5.20e+02 1.01e+14   3.0 3.61e+03   8.8 1.30e-01 8.01e-02h  1
  69  4.4224380e-01 5.18e+02 1.01e+14   3.0 4.40e+03   9.2 9.42e-02 3.44e-03h  1
